[2.532s] Invoking command in '/home/shorouk/ros2_ws/src/py_srvcli': PYTHONPATH=/home/shorouk/ros2_ws/install/py_srvcli/lib/python3.6/site-packages:${PYTHONPATH} /usr/bin/python3 setup.py egg_info --egg-base ../../build/py_srvcli build --build-base /home/shorouk/ros2_ws/build/py_srvcli/build install --prefix /home/shorouk/ros2_ws/install/py_srvcli --record /home/shorouk/ros2_ws/build/py_srvcli/install.log --single-version-externally-managed
[4.548s] running egg_info
[4.563s] writing ../../build/py_srvcli/py_srvcli.egg-info/PKG-INFO
[4.564s] writing dependency_links to ../../build/py_srvcli/py_srvcli.egg-info/dependency_links.txt
[4.566s] writing entry points to ../../build/py_srvcli/py_srvcli.egg-info/entry_points.txt
[4.567s] writing requirements to ../../build/py_srvcli/py_srvcli.egg-info/requires.txt
[4.568s] writing top-level names to ../../build/py_srvcli/py_srvcli.egg-info/top_level.txt
[4.863s] reading manifest file '../../build/py_srvcli/py_srvcli.egg-info/SOURCES.txt'
[4.873s] writing manifest file '../../build/py_srvcli/py_srvcli.egg-info/SOURCES.txt'
[4.874s] running build
[4.876s] running build_py
[4.877s] copying py_srvcli/client_member_function.py -> /home/shorouk/ros2_ws/build/py_srvcli/build/lib/py_srvcli
[4.883s] running install
[4.885s] running install_lib
[4.891s] copying /home/shorouk/ros2_ws/build/py_srvcli/build/lib/py_srvcli/client_member_function.py -> /home/shorouk/ros2_ws/install/py_srvcli/lib/python3.6/site-packages/py_srvcli
[4.893s] byte-compiling /home/shorouk/ros2_ws/install/py_srvcli/lib/python3.6/site-packages/py_srvcli/client_member_function.py to client_member_function.cpython-36.pyc
[4.896s] running install_data
[4.901s] running install_egg_info
[4.914s] removing '/home/shorouk/ros2_ws/install/py_srvcli/lib/python3.6/site-packages/py_srvcli-0.0.0-py3.6.egg-info' (and everything under it)
[4.916s] Copying ../../build/py_srvcli/py_srvcli.egg-info to /home/shorouk/ros2_ws/install/py_srvcli/lib/python3.6/site-packages/py_srvcli-0.0.0-py3.6.egg-info
[4.923s] running install_scripts
[5.065s] Installing client script to /home/shorouk/ros2_ws/install/py_srvcli/lib/py_srvcli
[5.066s] Installing service script to /home/shorouk/ros2_ws/install/py_srvcli/lib/py_srvcli
[5.068s] writing list of installed files to '/home/shorouk/ros2_ws/build/py_srvcli/install.log'
[5.194s] Invoked command in '/home/shorouk/ros2_ws/src/py_srvcli' returned '0': PYTHONPATH=/home/shorouk/ros2_ws/install/py_srvcli/lib/python3.6/site-packages:${PYTHONPATH} /usr/bin/python3 setup.py egg_info --egg-base ../../build/py_srvcli build --build-base /home/shorouk/ros2_ws/build/py_srvcli/build install --prefix /home/shorouk/ros2_ws/install/py_srvcli --record /home/shorouk/ros2_ws/build/py_srvcli/install.log --single-version-externally-managed
