Determining if the pthread_create exist failed with the following output:
Change Dir: /home/shorouk/ros2_ws/build/my_cpp_py_pkg/CMakeFiles/CMakeTmp

Run Build Command:"/usr/bin/make" "cmTC_1be3a/fast"
/usr/bin/make -f CMakeFiles/cmTC_1be3a.dir/build.make CMakeFiles/cmTC_1be3a.dir/build
make[1]: Entering directory '/home/shorouk/ros2_ws/build/my_cpp_py_pkg/CMakeFiles/CMakeTmp'
Building C object CMakeFiles/cmTC_1be3a.dir/CheckSymbolExists.c.o
/usr/bin/cc    -o CMakeFiles/cmTC_1be3a.dir/CheckSymbolExists.c.o   -c /home/shorouk/ros2_ws/build/my_cpp_py_pkg/CMakeFiles/CMakeTmp/CheckSymbolExists.c
Linking C executable cmTC_1be3a
/usr/bin/cmake -E cmake_link_script CMakeFiles/cmTC_1be3a.dir/link.txt --verbose=1
/usr/bin/cc      CMakeFiles/cmTC_1be3a.dir/CheckSymbolExists.c.o  -o cmTC_1be3a 
CMakeFiles/cmTC_1be3a.dir/CheckSymbolExists.c.o: In function `main':
CheckSymbolExists.c:(.text+0x1b): undefined reference to `pthread_create'
collect2: error: ld returned 1 exit status
CMakeFiles/cmTC_1be3a.dir/build.make:97: recipe for target 'cmTC_1be3a' failed
make[1]: *** [cmTC_1be3a] Error 1
make[1]: Leaving directory '/home/shorouk/ros2_ws/build/my_cpp_py_pkg/CMakeFiles/CMakeTmp'
Makefile:126: recipe for target 'cmTC_1be3a/fast' failed
make: *** [cmTC_1be3a/fast] Error 2

File /home/shorouk/ros2_ws/build/my_cpp_py_pkg/CMakeFiles/CMakeTmp/CheckSymbolExists.c:
/* */
#include <pthread.h>

int main(int argc, char** argv)
{
  (void)argv;
#ifndef pthread_create
  return ((int*)(&pthread_create))[argc];
#else
  (void)argc;
  return 0;
#endif
}

Determining if the function pthread_create exists in the pthreads failed with the following output:
Change Dir: /home/shorouk/ros2_ws/build/my_cpp_py_pkg/CMakeFiles/CMakeTmp

Run Build Command:"/usr/bin/make" "cmTC_dc53d/fast"
/usr/bin/make -f CMakeFiles/cmTC_dc53d.dir/build.make CMakeFiles/cmTC_dc53d.dir/build
make[1]: Entering directory '/home/shorouk/ros2_ws/build/my_cpp_py_pkg/CMakeFiles/CMakeTmp'
Building C object CMakeFiles/cmTC_dc53d.dir/CheckFunctionExists.c.o
/usr/bin/cc   -DCHECK_FUNCTION_EXISTS=pthread_create   -o CMakeFiles/cmTC_dc53d.dir/CheckFunctionExists.c.o   -c /usr/share/cmake-3.10/Modules/CheckFunctionExists.c
Linking C executable cmTC_dc53d
/usr/bin/cmake -E cmake_link_script CMakeFiles/cmTC_dc53d.dir/link.txt --verbose=1
/usr/bin/cc  -DCHECK_FUNCTION_EXISTS=pthread_create    CMakeFiles/cmTC_dc53d.dir/CheckFunctionExists.c.o  -o cmTC_dc53d -lpthreads 
/usr/bin/ld: cannot find -lpthreads
collect2: error: ld returned 1 exit status
CMakeFiles/cmTC_dc53d.dir/build.make:97: recipe for target 'cmTC_dc53d' failed
make[1]: *** [cmTC_dc53d] Error 1
make[1]: Leaving directory '/home/shorouk/ros2_ws/build/my_cpp_py_pkg/CMakeFiles/CMakeTmp'
Makefile:126: recipe for target 'cmTC_dc53d/fast' failed
make: *** [cmTC_dc53d/fast] Error 2


