[1.668s] Invoking command in '/home/shorouk/ros2_ws/src/py_pubsub': PYTHONPATH=/home/shorouk/ros2_ws/install/py_pubsub/lib/python3.6/site-packages:${PYTHONPATH} /usr/bin/python3 setup.py egg_info --egg-base ../../build/py_pubsub build --build-base /home/shorouk/ros2_ws/build/py_pubsub/build install --prefix /home/shorouk/ros2_ws/install/py_pubsub --record /home/shorouk/ros2_ws/build/py_pubsub/install.log --single-version-externally-managed
[3.163s] running egg_info
[3.166s] writing ../../build/py_pubsub/py_pubsub.egg-info/PKG-INFO
[3.180s] writing dependency_links to ../../build/py_pubsub/py_pubsub.egg-info/dependency_links.txt
[3.182s] writing entry points to ../../build/py_pubsub/py_pubsub.egg-info/entry_points.txt
[3.183s] writing requirements to ../../build/py_pubsub/py_pubsub.egg-info/requires.txt
[3.184s] writing top-level names to ../../build/py_pubsub/py_pubsub.egg-info/top_level.txt
[3.600s] reading manifest file '../../build/py_pubsub/py_pubsub.egg-info/SOURCES.txt'
[3.611s] writing manifest file '../../build/py_pubsub/py_pubsub.egg-info/SOURCES.txt'
[3.614s] running build
[3.615s] running build_py
[3.616s] copying py_pubsub/publisher_member_function.py -> /home/shorouk/ros2_ws/build/py_pubsub/build/lib/py_pubsub
[3.619s] running install
[3.621s] running install_lib
[3.649s] copying /home/shorouk/ros2_ws/build/py_pubsub/build/lib/py_pubsub/publisher_member_function.py -> /home/shorouk/ros2_ws/install/py_pubsub/lib/python3.6/site-packages/py_pubsub
[3.652s] byte-compiling /home/shorouk/ros2_ws/install/py_pubsub/lib/python3.6/site-packages/py_pubsub/publisher_member_function.py to publisher_member_function.cpython-36.pyc
[3.670s] running install_data
[3.687s] running install_egg_info
[3.728s] removing '/home/shorouk/ros2_ws/install/py_pubsub/lib/python3.6/site-packages/py_pubsub-0.0.0-py3.6.egg-info' (and everything under it)
[3.749s] Copying ../../build/py_pubsub/py_pubsub.egg-info to /home/shorouk/ros2_ws/install/py_pubsub/lib/python3.6/site-packages/py_pubsub-0.0.0-py3.6.egg-info
[3.766s] running install_scripts
[3.957s] Installing listener script to /home/shorouk/ros2_ws/install/py_pubsub/lib/py_pubsub
[3.958s] Installing talker script to /home/shorouk/ros2_ws/install/py_pubsub/lib/py_pubsub
[3.961s] writing list of installed files to '/home/shorouk/ros2_ws/build/py_pubsub/install.log'
[4.048s] Invoked command in '/home/shorouk/ros2_ws/src/py_pubsub' returned '0': PYTHONPATH=/home/shorouk/ros2_ws/install/py_pubsub/lib/python3.6/site-packages:${PYTHONPATH} /usr/bin/python3 setup.py egg_info --egg-base ../../build/py_pubsub build --build-base /home/shorouk/ros2_ws/build/py_pubsub/build install --prefix /home/shorouk/ros2_ws/install/py_pubsub --record /home/shorouk/ros2_ws/build/py_pubsub/install.log --single-version-externally-managed
