[1.218s] Invoking command in '/home/shorouk/ros2_ws/src/my_python_pkg': PYTHONPATH=/home/shorouk/ros2_ws/install/my_python_pkg/lib/python3.6/site-packages:${PYTHONPATH} /usr/bin/python3 setup.py egg_info --egg-base ../../build/my_python_pkg build --build-base /home/shorouk/ros2_ws/build/my_python_pkg/build install --prefix /home/shorouk/ros2_ws/install/my_python_pkg --record /home/shorouk/ros2_ws/build/my_python_pkg/install.log --single-version-externally-managed
[2.294s] running egg_info
[2.297s] writing ../../build/my_python_pkg/my_python_pkg.egg-info/PKG-INFO
[2.298s] writing dependency_links to ../../build/my_python_pkg/my_python_pkg.egg-info/dependency_links.txt
[2.299s] writing entry points to ../../build/my_python_pkg/my_python_pkg.egg-info/entry_points.txt
[2.301s] writing requirements to ../../build/my_python_pkg/my_python_pkg.egg-info/requires.txt
[2.302s] writing top-level names to ../../build/my_python_pkg/my_python_pkg.egg-info/top_level.txt
[2.475s] reading manifest file '../../build/my_python_pkg/my_python_pkg.egg-info/SOURCES.txt'
[2.481s] writing manifest file '../../build/my_python_pkg/my_python_pkg.egg-info/SOURCES.txt'
[2.482s] running build
[2.483s] running build_py
[2.485s] running install
[2.487s] running install_lib
[2.491s] running install_data
[2.493s] copying package.xml -> /home/shorouk/ros2_ws/install/my_python_pkg/share/my_python_pkg
[2.494s] running install_egg_info
[2.501s] removing '/home/shorouk/ros2_ws/install/my_python_pkg/lib/python3.6/site-packages/my_python_pkg-0.0.0-py3.6.egg-info' (and everything under it)
[2.502s] Copying ../../build/my_python_pkg/my_python_pkg.egg-info to /home/shorouk/ros2_ws/install/my_python_pkg/lib/python3.6/site-packages/my_python_pkg-0.0.0-py3.6.egg-info
[2.507s] running install_scripts
[2.591s] Installing talker = my_python_pkg.node1sub:mainlistener script to /home/shorouk/ros2_ws/install/my_python_pkg/lib/my_python_pkg
[2.592s] writing list of installed files to '/home/shorouk/ros2_ws/build/my_python_pkg/install.log'
[2.666s] Invoked command in '/home/shorouk/ros2_ws/src/my_python_pkg' returned '0': PYTHONPATH=/home/shorouk/ros2_ws/install/my_python_pkg/lib/python3.6/site-packages:${PYTHONPATH} /usr/bin/python3 setup.py egg_info --egg-base ../../build/my_python_pkg build --build-base /home/shorouk/ros2_ws/build/my_python_pkg/build install --prefix /home/shorouk/ros2_ws/install/my_python_pkg --record /home/shorouk/ros2_ws/build/my_python_pkg/install.log --single-version-externally-managed
