[1.340s] Invoking command in '/home/shorouk/ros2_ws/src/py_srvcli': PYTHONPATH=/home/shorouk/ros2_ws/install/py_srvcli/lib/python3.6/site-packages:${PYTHONPATH} /usr/bin/python3 setup.py egg_info --egg-base ../../build/py_srvcli build --build-base /home/shorouk/ros2_ws/build/py_srvcli/build install --prefix /home/shorouk/ros2_ws/install/py_srvcli --record /home/shorouk/ros2_ws/build/py_srvcli/install.log --single-version-externally-managed
[2.425s] running egg_info
[2.428s] writing ../../build/py_srvcli/py_srvcli.egg-info/PKG-INFO
[2.429s] writing dependency_links to ../../build/py_srvcli/py_srvcli.egg-info/dependency_links.txt
[2.430s] writing entry points to ../../build/py_srvcli/py_srvcli.egg-info/entry_points.txt
[2.431s] writing requirements to ../../build/py_srvcli/py_srvcli.egg-info/requires.txt
[2.432s] writing top-level names to ../../build/py_srvcli/py_srvcli.egg-info/top_level.txt
[2.631s] reading manifest file '../../build/py_srvcli/py_srvcli.egg-info/SOURCES.txt'
[2.640s] writing manifest file '../../build/py_srvcli/py_srvcli.egg-info/SOURCES.txt'
[2.641s] running build
[2.641s] running build_py
[2.643s] running install
[2.646s] running install_lib
[2.653s] running install_data
[2.656s] running install_egg_info
[2.663s] removing '/home/shorouk/ros2_ws/install/py_srvcli/lib/python3.6/site-packages/py_srvcli-0.0.0-py3.6.egg-info' (and everything under it)
[2.665s] Copying ../../build/py_srvcli/py_srvcli.egg-info to /home/shorouk/ros2_ws/install/py_srvcli/lib/python3.6/site-packages/py_srvcli-0.0.0-py3.6.egg-info
[2.670s] running install_scripts
[2.756s] Installing client script to /home/shorouk/ros2_ws/install/py_srvcli/lib/py_srvcli
[2.757s] Installing service script to /home/shorouk/ros2_ws/install/py_srvcli/lib/py_srvcli
[2.759s] writing list of installed files to '/home/shorouk/ros2_ws/build/py_srvcli/install.log'
[2.843s] Invoked command in '/home/shorouk/ros2_ws/src/py_srvcli' returned '0': PYTHONPATH=/home/shorouk/ros2_ws/install/py_srvcli/lib/python3.6/site-packages:${PYTHONPATH} /usr/bin/python3 setup.py egg_info --egg-base ../../build/py_srvcli build --build-base /home/shorouk/ros2_ws/build/py_srvcli/build install --prefix /home/shorouk/ros2_ws/install/py_srvcli --record /home/shorouk/ros2_ws/build/py_srvcli/install.log --single-version-externally-managed
