[4.087s] DEBUG:colcon:Command line arguments: ['/home/shorouk/.local/bin/colcon', 'build', '--packages-select', 'py_srvcli']
[4.088s] DEBUG:colcon:Parsed command line arguments: Namespace(ament_cmake_args=None, base_paths=['.'], build_base='build', catkin_cmake_args=None, catkin_skip_building_tests=False, cmake_args=None, cmake_clean_cache=False, cmake_clean_first=False, cmake_force_configure=False, cmake_target=None, cmake_target_skip_unavailable=False, continue_on_error=False, event_handlers=None, executor='parallel', ignore_user_meta=False, install_base='install', log_base=None, log_level=None, main=<bound method BuildVerb.main of <colcon_core.verb.build.BuildVerb object at 0x7efdbaef9c18>>, merge_install=False, metas=['./colcon.meta'], packages_above=None, packages_above_and_dependencies=None, packages_above_depth=None, packages_end=None, packages_ignore=None, packages_ignore_regex=None, packages_select=['py_srvcli'], packages_select_build_failed=False, packages_select_by_dep=None, packages_select_regex=None, packages_select_test_failures=False, packages_skip=None, packages_skip_build_finished=False, packages_skip_by_dep=None, packages_skip_regex=None, packages_skip_test_passed=False, packages_skip_up_to=None, packages_start=None, packages_up_to=None, packages_up_to_regex=None, parallel_workers=4, paths=None, symlink_install=False, test_result_base=None, verb_extension=<colcon_core.verb.build.BuildVerb object at 0x7efdbaef9c18>, verb_name='build', verb_parser=<colcon_defaults.argument_parser.defaults.DefaultArgumentsDecorator object at 0x7efdbaef9f60>)
[4.256s] Level 1:colcon.colcon_core.package_discovery:discover_packages(colcon_meta) check parameters
[4.256s] Level 1:colcon.colcon_core.package_discovery:discover_packages(recursive) check parameters
[4.257s] Level 1:colcon.colcon_core.package_discovery:discover_packages(ignore) check parameters
[4.257s] Level 1:colcon.colcon_core.package_discovery:discover_packages(path) check parameters
[4.257s] Level 1:colcon.colcon_core.package_discovery:discover_packages(colcon_meta) discover
[4.258s] Level 1:colcon.colcon_core.package_discovery:discover_packages(recursive) discover
[4.259s] INFO:colcon.colcon_core.package_discovery:Crawling recursively for packages in '/home/shorouk/ros2_ws/src/py_srvcli/py_srvcli'
[4.259s] Level 1:colcon.colcon_core.package_identification:_identify(.) by extensions ['ignore', 'ignore_ament_install']
[4.260s] Level 1:colcon.colcon_core.package_identification:_identify(.) by extension 'ignore'
[4.260s] Level 1:colcon.colcon_core.package_identification:_identify(.) by extension 'ignore_ament_install'
[4.261s] Level 1:colcon.colcon_core.package_identification:_identify(.) by extensions ['colcon_pkg']
[4.261s] Level 1:colcon.colcon_core.package_identification:_identify(.) by extension 'colcon_pkg'
[4.261s] Level 1:colcon.colcon_core.package_identification:_identify(.) by extensions ['colcon_meta']
[4.261s] Level 1:colcon.colcon_core.package_identification:_identify(.) by extension 'colcon_meta'
[4.262s] Level 1:colcon.colcon_core.package_identification:_identify(.) by extensions ['ros']
[4.262s] Level 1:colcon.colcon_core.package_identification:_identify(.) by extension 'ros'
[4.337s] Level 1:colcon.colcon_core.package_identification:_identify(.) by extensions ['cmake', 'python']
[4.337s] Level 1:colcon.colcon_core.package_identification:_identify(.) by extension 'cmake'
[4.337s] Level 1:colcon.colcon_core.package_identification:_identify(.) by extension 'python'
[4.338s] Level 1:colcon.colcon_core.package_identification:_identify(.) by extensions ['python_setup_py']
[4.338s] Level 1:colcon.colcon_core.package_identification:_identify(.) by extension 'python_setup_py'
[4.339s] Level 1:colcon.colcon_core.package_identification:_identify(build) by extensions ['ignore', 'ignore_ament_install']
[4.339s] Level 1:colcon.colcon_core.package_identification:_identify(build) by extension 'ignore'
[4.339s] Level 1:colcon.colcon_core.package_identification:_identify(build) ignored
[4.341s] Level 1:colcon.colcon_core.package_identification:_identify(install) by extensions ['ignore', 'ignore_ament_install']
[4.342s] Level 1:colcon.colcon_core.package_identification:_identify(install) by extension 'ignore'
[4.342s] Level 1:colcon.colcon_core.package_identification:_identify(install) ignored
[4.342s] Level 1:colcon.colcon_core.package_identification:_identify(log) by extensions ['ignore', 'ignore_ament_install']
[4.343s] Level 1:colcon.colcon_core.package_identification:_identify(log) by extension 'ignore'
[4.343s] Level 1:colcon.colcon_core.package_identification:_identify(log) ignored
[4.343s] Level 1:colcon.colcon_core.package_discovery:discover_packages(recursive) using defaults
[4.344s] Level 1:colcon.colcon_core.package_discovery:discover_packages(ignore) discover
[4.344s] Level 1:colcon.colcon_core.package_discovery:discover_packages(ignore) using defaults
[4.345s] Level 1:colcon.colcon_core.package_discovery:discover_packages(path) discover
[4.345s] Level 1:colcon.colcon_core.package_discovery:discover_packages(path) using defaults
[4.388s] WARNING:colcon.colcon_core.package_selection:ignoring unknown package 'py_srvcli' in --packages-select
[4.641s] INFO:colcon.colcon_core.executor:Executing jobs using 'parallel' executor
[4.792s] DEBUG:colcon.colcon_parallel_executor.executor.parallel:run_until_complete
[4.793s] DEBUG:colcon.colcon_parallel_executor.executor.parallel:closing loop
[4.794s] DEBUG:colcon.colcon_parallel_executor.executor.parallel:loop closed
[4.795s] DEBUG:colcon.colcon_parallel_executor.executor.parallel:run_until_complete finished with '0'
[4.795s] DEBUG:colcon.colcon_core.event_reactor:joining thread
[4.869s] INFO:colcon.colcon_core.plugin_system:Skipping extension 'colcon_notification.desktop_notification.terminal_notifier': Not used on non-Darwin systems
[4.870s] INFO:colcon.colcon_core.plugin_system:Skipping extension 'colcon_notification.desktop_notification.win32': Not used on non-Windows systems
[4.870s] INFO:colcon.colcon_notification.desktop_notification:Sending desktop notification using 'notify2'
[4.884s] DEBUG:colcon.colcon_core.event_reactor:joined thread
[4.978s] INFO:colcon.colcon_core.plugin_system:Skipping extension 'colcon_core.shell.bat': Not used on non-Windows systems
[4.979s] INFO:colcon.colcon_core.shell:Creating prefix script '/home/shorouk/ros2_ws/src/py_srvcli/py_srvcli/install/local_setup.ps1'
[4.985s] INFO:colcon.colcon_core.shell:Creating prefix util module '/home/shorouk/ros2_ws/src/py_srvcli/py_srvcli/install/_local_setup_util_ps1.py'
[4.993s] INFO:colcon.colcon_core.shell:Creating prefix chain script '/home/shorouk/ros2_ws/src/py_srvcli/py_srvcli/install/setup.ps1'
[5.052s] INFO:colcon.colcon_core.shell:Creating prefix script '/home/shorouk/ros2_ws/src/py_srvcli/py_srvcli/install/local_setup.sh'
[5.055s] INFO:colcon.colcon_core.shell:Creating prefix util module '/home/shorouk/ros2_ws/src/py_srvcli/py_srvcli/install/_local_setup_util_sh.py'
[5.057s] INFO:colcon.colcon_core.shell:Creating prefix chain script '/home/shorouk/ros2_ws/src/py_srvcli/py_srvcli/install/setup.sh'
[5.112s] INFO:colcon.colcon_core.shell:Creating prefix script '/home/shorouk/ros2_ws/src/py_srvcli/py_srvcli/install/local_setup.bash'
[5.117s] INFO:colcon.colcon_core.shell:Creating prefix chain script '/home/shorouk/ros2_ws/src/py_srvcli/py_srvcli/install/setup.bash'
[5.186s] INFO:colcon.colcon_core.shell:Creating prefix script '/home/shorouk/ros2_ws/src/py_srvcli/py_srvcli/install/local_setup.zsh'
[5.189s] INFO:colcon.colcon_core.shell:Creating prefix chain script '/home/shorouk/ros2_ws/src/py_srvcli/py_srvcli/install/setup.zsh'
