[2.261s] Invoking command in '/home/shorouk/ros2_ws/src/my_python_pkg': PYTHONPATH=/home/shorouk/ros2_ws/install/my_python_pkg/lib/python3.6/site-packages:${PYTHONPATH} /usr/bin/python3 setup.py egg_info --egg-base ../../build/my_python_pkg build --build-base /home/shorouk/ros2_ws/build/my_python_pkg/build install --prefix /home/shorouk/ros2_ws/install/my_python_pkg --record /home/shorouk/ros2_ws/build/my_python_pkg/install.log --single-version-externally-managed
[4.084s] running egg_info
[4.087s] writing ../../build/my_python_pkg/my_python_pkg.egg-info/PKG-INFO
[4.089s] writing dependency_links to ../../build/my_python_pkg/my_python_pkg.egg-info/dependency_links.txt
[4.090s] writing entry points to ../../build/my_python_pkg/my_python_pkg.egg-info/entry_points.txt
[4.091s] writing requirements to ../../build/my_python_pkg/my_python_pkg.egg-info/requires.txt
[4.091s] writing top-level names to ../../build/my_python_pkg/my_python_pkg.egg-info/top_level.txt
[4.364s] reading manifest file '../../build/my_python_pkg/my_python_pkg.egg-info/SOURCES.txt'
[4.377s] writing manifest file '../../build/my_python_pkg/my_python_pkg.egg-info/SOURCES.txt'
[4.378s] running build
[4.379s] running build_py
[4.381s] running install
[4.384s] running install_lib
[4.391s] running install_data
[4.394s] running install_egg_info
[4.405s] removing '/home/shorouk/ros2_ws/install/my_python_pkg/lib/python3.6/site-packages/my_python_pkg-0.0.0-py3.6.egg-info' (and everything under it)
[4.407s] Copying ../../build/my_python_pkg/my_python_pkg.egg-info to /home/shorouk/ros2_ws/install/my_python_pkg/lib/python3.6/site-packages/my_python_pkg-0.0.0-py3.6.egg-info
[4.416s] running install_scripts
[4.546s] Installing test script to /home/shorouk/ros2_ws/install/my_python_pkg/lib/my_python_pkg
[4.548s] writing list of installed files to '/home/shorouk/ros2_ws/build/my_python_pkg/install.log'
[4.659s] Invoked command in '/home/shorouk/ros2_ws/src/my_python_pkg' returned '0': PYTHONPATH=/home/shorouk/ros2_ws/install/my_python_pkg/lib/python3.6/site-packages:${PYTHONPATH} /usr/bin/python3 setup.py egg_info --egg-base ../../build/my_python_pkg build --build-base /home/shorouk/ros2_ws/build/my_python_pkg/build install --prefix /home/shorouk/ros2_ws/install/my_python_pkg --record /home/shorouk/ros2_ws/build/my_python_pkg/install.log --single-version-externally-managed
