[2.060s] Invoking command in '/home/shorouk/Documents/ros2_ws/src/py_pubsub': PYTHONPATH=/home/shorouk/Documents/ros2_ws/install/py_pubsub/lib/python3.6/site-packages:${PYTHONPATH} /usr/bin/python3 setup.py egg_info --egg-base ../../build/py_pubsub build --build-base /home/shorouk/Documents/ros2_ws/build/py_pubsub/build install --prefix /home/shorouk/Documents/ros2_ws/install/py_pubsub --record /home/shorouk/Documents/ros2_ws/build/py_pubsub/install.log --single-version-externally-managed
[3.761s] running egg_info
[3.766s] writing ../../build/py_pubsub/py_pubsub.egg-info/PKG-INFO
[3.767s] writing dependency_links to ../../build/py_pubsub/py_pubsub.egg-info/dependency_links.txt
[3.770s] writing entry points to ../../build/py_pubsub/py_pubsub.egg-info/entry_points.txt
[3.771s] writing requirements to ../../build/py_pubsub/py_pubsub.egg-info/requires.txt
[3.771s] writing top-level names to ../../build/py_pubsub/py_pubsub.egg-info/top_level.txt
[4.058s] reading manifest file '../../build/py_pubsub/py_pubsub.egg-info/SOURCES.txt'
[4.068s] writing manifest file '../../build/py_pubsub/py_pubsub.egg-info/SOURCES.txt'
[4.069s] running build
[4.071s] running build_py
[4.072s] copying py_pubsub/publisher_member_function.py -> /home/shorouk/Documents/ros2_ws/build/py_pubsub/build/lib/py_pubsub
[4.074s] running install
[4.077s] running install_lib
[4.082s] copying /home/shorouk/Documents/ros2_ws/build/py_pubsub/build/lib/py_pubsub/publisher_member_function.py -> /home/shorouk/Documents/ros2_ws/install/py_pubsub/lib/python3.6/site-packages/py_pubsub
[4.086s] byte-compiling /home/shorouk/Documents/ros2_ws/install/py_pubsub/lib/python3.6/site-packages/py_pubsub/publisher_member_function.py to publisher_member_function.cpython-36.pyc
[4.097s] running install_data
[4.101s] running install_egg_info
[4.112s] removing '/home/shorouk/Documents/ros2_ws/install/py_pubsub/lib/python3.6/site-packages/py_pubsub-0.0.0-py3.6.egg-info' (and everything under it)
[4.115s] Copying ../../build/py_pubsub/py_pubsub.egg-info to /home/shorouk/Documents/ros2_ws/install/py_pubsub/lib/python3.6/site-packages/py_pubsub-0.0.0-py3.6.egg-info
[4.121s] running install_scripts
[4.266s] Installing listener script to /home/shorouk/Documents/ros2_ws/install/py_pubsub/lib/py_pubsub
[4.268s] Installing talker script to /home/shorouk/Documents/ros2_ws/install/py_pubsub/lib/py_pubsub
[4.270s] writing list of installed files to '/home/shorouk/Documents/ros2_ws/build/py_pubsub/install.log'
[4.401s] Invoked command in '/home/shorouk/Documents/ros2_ws/src/py_pubsub' returned '0': PYTHONPATH=/home/shorouk/Documents/ros2_ws/install/py_pubsub/lib/python3.6/site-packages:${PYTHONPATH} /usr/bin/python3 setup.py egg_info --egg-base ../../build/py_pubsub build --build-base /home/shorouk/Documents/ros2_ws/build/py_pubsub/build install --prefix /home/shorouk/Documents/ros2_ws/install/py_pubsub --record /home/shorouk/Documents/ros2_ws/build/py_pubsub/install.log --single-version-externally-managed
