[0.067s] Invoking command in '/home/shorouk/ros2_ws/build/my_cpp_py_pkg': CMAKE_PREFIX_PATH=${CMAKE_PREFIX_PATH}:/home/shorouk/ros2_ws/install/py_srvcli:/home/shorouk/ros2_ws/install/py_pubsub:/home/shorouk/ros2_ws/install/my_python_pkg:/opt/ros/eloquent /usr/bin/cmake --build /home/shorouk/ros2_ws/build/my_cpp_py_pkg -- -j4 -l4
[0.263s] [35m[1mScanning dependencies of target cpp_executable[0m
[0.365s] [ 50%] [32mBuilding CXX object CMakeFiles/cpp_executable.dir/src/cpp_node.cpp.o[0m
[16.036s] [100%] [32m[1mLinking CXX executable cpp_executable[0m
[16.921s] [100%] Built target cpp_executable
[16.966s] Invoked command in '/home/shorouk/ros2_ws/build/my_cpp_py_pkg' returned '0': CMAKE_PREFIX_PATH=${CMAKE_PREFIX_PATH}:/home/shorouk/ros2_ws/install/py_srvcli:/home/shorouk/ros2_ws/install/py_pubsub:/home/shorouk/ros2_ws/install/my_python_pkg:/opt/ros/eloquent /usr/bin/cmake --build /home/shorouk/ros2_ws/build/my_cpp_py_pkg -- -j4 -l4
[17.124s] Invoking command in '/home/shorouk/ros2_ws/build/my_cpp_py_pkg': CMAKE_PREFIX_PATH=${CMAKE_PREFIX_PATH}:/home/shorouk/ros2_ws/install/py_srvcli:/home/shorouk/ros2_ws/install/py_pubsub:/home/shorouk/ros2_ws/install/my_python_pkg:/opt/ros/eloquent /usr/bin/cmake --build /home/shorouk/ros2_ws/build/my_cpp_py_pkg --target install -- -j4 -l4
[17.387s] [100%] Built target cpp_executable
[17.477s] [36mInstall the project...[0m
[17.520s] -- Install configuration: ""
[17.522s] -- Installing: /home/shorouk/ros2_ws/install/my_cpp_py_pkg/lib/my_cpp_py_pkg/cpp_executable
[17.531s] -- Set runtime path of "/home/shorouk/ros2_ws/install/my_cpp_py_pkg/lib/my_cpp_py_pkg/cpp_executable" to ""
[17.532s] -- Up-to-date: /home/shorouk/ros2_ws/install/my_cpp_py_pkg/share/my_cpp_py_pkg/environment/pythonpath.sh
[17.532s] -- Up-to-date: /home/shorouk/ros2_ws/install/my_cpp_py_pkg/share/my_cpp_py_pkg/environment/pythonpath.dsv
[17.533s] -- Up-to-date: /home/shorouk/ros2_ws/install/my_cpp_py_pkg/lib/python3.6/site-packages/my_cpp_py_pkg
[17.534s] -- Up-to-date: /home/shorouk/ros2_ws/install/my_cpp_py_pkg/lib/python3.6/site-packages/my_cpp_py_pkg/module_to_import.py
[17.535s] -- Up-to-date: /home/shorouk/ros2_ws/install/my_cpp_py_pkg/lib/python3.6/site-packages/my_cpp_py_pkg/__init__.py
[17.705s] Listing '/home/shorouk/ros2_ws/install/my_cpp_py_pkg/lib/python3.6/site-packages/my_cpp_py_pkg'...
[17.722s] -- Up-to-date: /home/shorouk/ros2_ws/install/my_cpp_py_pkg/lib/my_cpp_py_pkg/py_node.py
[17.724s] -- Up-to-date: /home/shorouk/ros2_ws/install/my_cpp_py_pkg/share/ament_index/resource_index/package_run_dependencies/my_cpp_py_pkg
[17.726s] -- Up-to-date: /home/shorouk/ros2_ws/install/my_cpp_py_pkg/share/ament_index/resource_index/parent_prefix_path/my_cpp_py_pkg
[17.727s] -- Up-to-date: /home/shorouk/ros2_ws/install/my_cpp_py_pkg/share/my_cpp_py_pkg/environment/ament_prefix_path.sh
[17.728s] -- Up-to-date: /home/shorouk/ros2_ws/install/my_cpp_py_pkg/share/my_cpp_py_pkg/environment/ament_prefix_path.dsv
[17.729s] -- Up-to-date: /home/shorouk/ros2_ws/install/my_cpp_py_pkg/share/my_cpp_py_pkg/environment/path.sh
[17.730s] -- Up-to-date: /home/shorouk/ros2_ws/install/my_cpp_py_pkg/share/my_cpp_py_pkg/environment/path.dsv
[17.731s] -- Up-to-date: /home/shorouk/ros2_ws/install/my_cpp_py_pkg/share/my_cpp_py_pkg/local_setup.bash
[17.732s] -- Up-to-date: /home/shorouk/ros2_ws/install/my_cpp_py_pkg/share/my_cpp_py_pkg/local_setup.sh
[17.733s] -- Up-to-date: /home/shorouk/ros2_ws/install/my_cpp_py_pkg/share/my_cpp_py_pkg/local_setup.zsh
[17.733s] -- Up-to-date: /home/shorouk/ros2_ws/install/my_cpp_py_pkg/share/my_cpp_py_pkg/local_setup.dsv
[17.734s] -- Installing: /home/shorouk/ros2_ws/install/my_cpp_py_pkg/share/my_cpp_py_pkg/package.dsv
[17.735s] -- Up-to-date: /home/shorouk/ros2_ws/install/my_cpp_py_pkg/share/ament_index/resource_index/packages/my_cpp_py_pkg
[17.735s] -- Up-to-date: /home/shorouk/ros2_ws/install/my_cpp_py_pkg/share/my_cpp_py_pkg/cmake/my_cpp_py_pkgConfig.cmake
[17.735s] -- Up-to-date: /home/shorouk/ros2_ws/install/my_cpp_py_pkg/share/my_cpp_py_pkg/cmake/my_cpp_py_pkgConfig-version.cmake
[17.736s] -- Up-to-date: /home/shorouk/ros2_ws/install/my_cpp_py_pkg/share/my_cpp_py_pkg/package.xml
[17.747s] Invoked command in '/home/shorouk/ros2_ws/build/my_cpp_py_pkg' returned '0': CMAKE_PREFIX_PATH=${CMAKE_PREFIX_PATH}:/home/shorouk/ros2_ws/install/py_srvcli:/home/shorouk/ros2_ws/install/py_pubsub:/home/shorouk/ros2_ws/install/my_python_pkg:/opt/ros/eloquent /usr/bin/cmake --build /home/shorouk/ros2_ws/build/my_cpp_py_pkg --target install -- -j4 -l4
