[1.421s] DEBUG:colcon:Command line arguments: ['/usr/bin/colcon', 'build', '--packages-select', 'py_pubsub']
[1.422s] DEBUG:colcon:Parsed command line arguments: Namespace(ament_cmake_args=None, base_paths=['.'], build_base='build', catkin_cmake_args=None, catkin_skip_building_tests=False, cmake_args=None, cmake_clean_cache=False, cmake_clean_first=False, cmake_force_configure=False, cmake_target=None, cmake_target_skip_unavailable=False, continue_on_error=False, event_handlers=None, executor='parallel', ignore_user_meta=False, install_base='install', log_base=None, log_level=None, main=<bound method BuildVerb.main of <colcon_core.verb.build.BuildVerb object at 0x7fc790a01320>>, merge_install=False, metas=['./colcon.meta'], packages_above=None, packages_above_and_dependencies=None, packages_above_depth=None, packages_end=None, packages_ignore=None, packages_ignore_regex=None, packages_select=['py_pubsub'], packages_select_build_failed=False, packages_select_by_dep=None, packages_select_regex=None, packages_select_test_failures=False, packages_skip=None, packages_skip_build_finished=False, packages_skip_by_dep=None, packages_skip_regex=None, packages_skip_test_passed=False, packages_skip_up_to=None, packages_start=None, packages_up_to=None, packages_up_to_regex=None, parallel_workers=4, paths=None, symlink_install=False, test_result_base=None, verb_extension=<colcon_core.verb.build.BuildVerb object at 0x7fc790a01320>, verb_name='build', verb_parser=<colcon_defaults.argument_parser.defaults.DefaultArgumentsDecorator object at 0x7fc790a01668>)
[1.472s] Level 1:colcon.colcon_core.package_discovery:discover_packages(colcon_meta) check parameters
[1.473s] Level 1:colcon.colcon_core.package_discovery:discover_packages(recursive) check parameters
[1.474s] Level 1:colcon.colcon_core.package_discovery:discover_packages(ignore) check parameters
[1.474s] Level 1:colcon.colcon_core.package_discovery:discover_packages(path) check parameters
[1.474s] Level 1:colcon.colcon_core.package_discovery:discover_packages(colcon_meta) discover
[1.476s] Level 1:colcon.colcon_core.package_discovery:discover_packages(recursive) discover
[1.477s] INFO:colcon.colcon_core.package_discovery:Crawling recursively for packages in '/home/shorouk/ros2_ws'
[1.477s] Level 1:colcon.colcon_core.package_identification:_identify(.) by extensions ['ignore', 'ignore_ament_install']
[1.478s] Level 1:colcon.colcon_core.package_identification:_identify(.) by extension 'ignore'
[1.479s] Level 1:colcon.colcon_core.package_identification:_identify(.) by extension 'ignore_ament_install'
[1.479s] Level 1:colcon.colcon_core.package_identification:_identify(.) by extensions ['colcon_pkg']
[1.480s] Level 1:colcon.colcon_core.package_identification:_identify(.) by extension 'colcon_pkg'
[1.480s] Level 1:colcon.colcon_core.package_identification:_identify(.) by extensions ['colcon_meta']
[1.481s] Level 1:colcon.colcon_core.package_identification:_identify(.) by extension 'colcon_meta'
[1.482s] Level 1:colcon.colcon_core.package_identification:_identify(.) by extensions ['ros']
[1.482s] Level 1:colcon.colcon_core.package_identification:_identify(.) by extension 'ros'
[1.570s] Level 1:colcon.colcon_core.package_identification:_identify(.) by extensions ['cmake', 'python']
[1.571s] Level 1:colcon.colcon_core.package_identification:_identify(.) by extension 'cmake'
[1.571s] Level 1:colcon.colcon_core.package_identification:_identify(.) by extension 'python'
[1.572s] Level 1:colcon.colcon_core.package_identification:_identify(.) by extensions ['python_setup_py']
[1.572s] Level 1:colcon.colcon_core.package_identification:_identify(.) by extension 'python_setup_py'
[1.573s] Level 1:colcon.colcon_core.package_identification:_identify(build) by extensions ['ignore', 'ignore_ament_install']
[1.574s] Level 1:colcon.colcon_core.package_identification:_identify(build) by extension 'ignore'
[1.575s] Level 1:colcon.colcon_core.package_identification:_identify(build) ignored
[1.578s] Level 1:colcon.colcon_core.package_identification:_identify(install) by extensions ['ignore', 'ignore_ament_install']
[1.579s] Level 1:colcon.colcon_core.package_identification:_identify(install) by extension 'ignore'
[1.579s] Level 1:colcon.colcon_core.package_identification:_identify(install) ignored
[1.582s] Level 1:colcon.colcon_core.package_identification:_identify(log) by extensions ['ignore', 'ignore_ament_install']
[1.583s] Level 1:colcon.colcon_core.package_identification:_identify(log) by extension 'ignore'
[1.583s] Level 1:colcon.colcon_core.package_identification:_identify(log) ignored
[1.584s] Level 1:colcon.colcon_core.package_identification:_identify(src) by extensions ['ignore', 'ignore_ament_install']
[1.584s] Level 1:colcon.colcon_core.package_identification:_identify(src) by extension 'ignore'
[1.585s] Level 1:colcon.colcon_core.package_identification:_identify(src) by extension 'ignore_ament_install'
[1.585s] Level 1:colcon.colcon_core.package_identification:_identify(src) by extensions ['colcon_pkg']
[1.585s] Level 1:colcon.colcon_core.package_identification:_identify(src) by extension 'colcon_pkg'
[1.586s] Level 1:colcon.colcon_core.package_identification:_identify(src) by extensions ['colcon_meta']
[1.586s] Level 1:colcon.colcon_core.package_identification:_identify(src) by extension 'colcon_meta'
[1.586s] Level 1:colcon.colcon_core.package_identification:_identify(src) by extensions ['ros']
[1.587s] Level 1:colcon.colcon_core.package_identification:_identify(src) by extension 'ros'
[1.587s] Level 1:colcon.colcon_core.package_identification:_identify(src) by extensions ['cmake', 'python']
[1.588s] Level 1:colcon.colcon_core.package_identification:_identify(src) by extension 'cmake'
[1.588s] Level 1:colcon.colcon_core.package_identification:_identify(src) by extension 'python'
[1.589s] Level 1:colcon.colcon_core.package_identification:_identify(src) by extensions ['python_setup_py']
[1.589s] Level 1:colcon.colcon_core.package_identification:_identify(src) by extension 'python_setup_py'
[1.590s] Level 1:colcon.colcon_core.package_identification:_identify(src/build) by extensions ['ignore', 'ignore_ament_install']
[1.590s] Level 1:colcon.colcon_core.package_identification:_identify(src/build) by extension 'ignore'
[1.590s] Level 1:colcon.colcon_core.package_identification:_identify(src/build) ignored
[1.591s] Level 1:colcon.colcon_core.package_identification:_identify(src/install) by extensions ['ignore', 'ignore_ament_install']
[1.592s] Level 1:colcon.colcon_core.package_identification:_identify(src/install) by extension 'ignore'
[1.592s] Level 1:colcon.colcon_core.package_identification:_identify(src/install) ignored
[1.592s] Level 1:colcon.colcon_core.package_identification:_identify(src/log) by extensions ['ignore', 'ignore_ament_install']
[1.593s] Level 1:colcon.colcon_core.package_identification:_identify(src/log) by extension 'ignore'
[1.593s] Level 1:colcon.colcon_core.package_identification:_identify(src/log) ignored
[1.594s] Level 1:colcon.colcon_core.package_identification:_identify(src/my_cpp_py_pkg) by extensions ['ignore', 'ignore_ament_install']
[1.594s] Level 1:colcon.colcon_core.package_identification:_identify(src/my_cpp_py_pkg) by extension 'ignore'
[1.595s] Level 1:colcon.colcon_core.package_identification:_identify(src/my_cpp_py_pkg) by extension 'ignore_ament_install'
[1.595s] Level 1:colcon.colcon_core.package_identification:_identify(src/my_cpp_py_pkg) by extensions ['colcon_pkg']
[1.595s] Level 1:colcon.colcon_core.package_identification:_identify(src/my_cpp_py_pkg) by extension 'colcon_pkg'
[1.596s] Level 1:colcon.colcon_core.package_identification:_identify(src/my_cpp_py_pkg) by extensions ['colcon_meta']
[1.596s] Level 1:colcon.colcon_core.package_identification:_identify(src/my_cpp_py_pkg) by extension 'colcon_meta'
[1.596s] Level 1:colcon.colcon_core.package_identification:_identify(src/my_cpp_py_pkg) by extensions ['ros']
[1.596s] Level 1:colcon.colcon_core.package_identification:_identify(src/my_cpp_py_pkg) by extension 'ros'
[1.612s] DEBUG:colcon.colcon_core.package_identification:Package 'src/my_cpp_py_pkg' with type 'ros.ament_cmake' and name 'my_cpp_py_pkg'
[1.613s] Level 1:colcon.colcon_core.package_identification:_identify(src/my_python_pkg) by extensions ['ignore', 'ignore_ament_install']
[1.613s] Level 1:colcon.colcon_core.package_identification:_identify(src/my_python_pkg) by extension 'ignore'
[1.614s] Level 1:colcon.colcon_core.package_identification:_identify(src/my_python_pkg) by extension 'ignore_ament_install'
[1.614s] Level 1:colcon.colcon_core.package_identification:_identify(src/my_python_pkg) by extensions ['colcon_pkg']
[1.614s] Level 1:colcon.colcon_core.package_identification:_identify(src/my_python_pkg) by extension 'colcon_pkg'
[1.615s] Level 1:colcon.colcon_core.package_identification:_identify(src/my_python_pkg) by extensions ['colcon_meta']
[1.615s] Level 1:colcon.colcon_core.package_identification:_identify(src/my_python_pkg) by extension 'colcon_meta'
[1.615s] Level 1:colcon.colcon_core.package_identification:_identify(src/my_python_pkg) by extensions ['ros']
[1.616s] Level 1:colcon.colcon_core.package_identification:_identify(src/my_python_pkg) by extension 'ros'
[1.621s] DEBUG:colcon.colcon_core.package_identification:Package 'src/my_python_pkg' with type 'ros.ament_python' and name 'my_python_pkg'
[1.622s] Level 1:colcon.colcon_core.package_identification:_identify(src/py_pubsub) by extensions ['ignore', 'ignore_ament_install']
[1.623s] Level 1:colcon.colcon_core.package_identification:_identify(src/py_pubsub) by extension 'ignore'
[1.623s] Level 1:colcon.colcon_core.package_identification:_identify(src/py_pubsub) by extension 'ignore_ament_install'
[1.624s] Level 1:colcon.colcon_core.package_identification:_identify(src/py_pubsub) by extensions ['colcon_pkg']
[1.624s] Level 1:colcon.colcon_core.package_identification:_identify(src/py_pubsub) by extension 'colcon_pkg'
[1.625s] Level 1:colcon.colcon_core.package_identification:_identify(src/py_pubsub) by extensions ['colcon_meta']
[1.625s] Level 1:colcon.colcon_core.package_identification:_identify(src/py_pubsub) by extension 'colcon_meta'
[1.626s] Level 1:colcon.colcon_core.package_identification:_identify(src/py_pubsub) by extensions ['ros']
[1.626s] Level 1:colcon.colcon_core.package_identification:_identify(src/py_pubsub) by extension 'ros'
[1.632s] DEBUG:colcon.colcon_core.package_identification:Found ROS schema reference in package manifest in 'src/py_pubsub'
[1.633s] WARNING:colcon.colcon_core.package_identification:Failed to parse ROS package manifest in 'src/py_pubsub': Error(s) in package 'src/py_pubsub/package.xml':
The package "py_pubsub" must not "exec_depend" on a package with the same name as this package
[1.634s] Level 1:colcon.colcon_core.package_identification:_identify(src/py_pubsub) by extensions ['cmake', 'python']
[1.634s] Level 1:colcon.colcon_core.package_identification:_identify(src/py_pubsub) by extension 'cmake'
[1.635s] Level 1:colcon.colcon_core.package_identification:_identify(src/py_pubsub) by extension 'python'
[1.636s] DEBUG:colcon.colcon_core.package_identification:Python package in 'src/py_pubsub' passes arguments to the setup() function which requires a different identification extension than 'python'
[1.636s] Level 1:colcon.colcon_core.package_identification:_identify(src/py_pubsub) by extensions ['python_setup_py']
[1.636s] Level 1:colcon.colcon_core.package_identification:_identify(src/py_pubsub) by extension 'python_setup_py'
[3.234s] DEBUG:colcon.colcon_core.package_identification:Package 'src/py_pubsub' with type 'python' and name 'py_pubsub'
[3.235s] Level 1:colcon.colcon_core.package_identification:_identify(src/py_srvcli) by extensions ['ignore', 'ignore_ament_install']
[3.237s] Level 1:colcon.colcon_core.package_identification:_identify(src/py_srvcli) by extension 'ignore'
[3.237s] Level 1:colcon.colcon_core.package_identification:_identify(src/py_srvcli) by extension 'ignore_ament_install'
[3.238s] Level 1:colcon.colcon_core.package_identification:_identify(src/py_srvcli) by extensions ['colcon_pkg']
[3.238s] Level 1:colcon.colcon_core.package_identification:_identify(src/py_srvcli) by extension 'colcon_pkg'
[3.239s] Level 1:colcon.colcon_core.package_identification:_identify(src/py_srvcli) by extensions ['colcon_meta']
[3.239s] Level 1:colcon.colcon_core.package_identification:_identify(src/py_srvcli) by extension 'colcon_meta'
[3.240s] Level 1:colcon.colcon_core.package_identification:_identify(src/py_srvcli) by extensions ['ros']
[3.240s] Level 1:colcon.colcon_core.package_identification:_identify(src/py_srvcli) by extension 'ros'
[3.247s] DEBUG:colcon.colcon_core.package_identification:Package 'src/py_srvcli' with type 'ros.ament_python' and name 'py_srvcli'
[3.248s] Level 1:colcon.colcon_core.package_identification:_identify(src/tutorial_interfaces) by extensions ['ignore', 'ignore_ament_install']
[3.250s] Level 1:colcon.colcon_core.package_identification:_identify(src/tutorial_interfaces) by extension 'ignore'
[3.250s] Level 1:colcon.colcon_core.package_identification:_identify(src/tutorial_interfaces) by extension 'ignore_ament_install'
[3.251s] Level 1:colcon.colcon_core.package_identification:_identify(src/tutorial_interfaces) by extensions ['colcon_pkg']
[3.251s] Level 1:colcon.colcon_core.package_identification:_identify(src/tutorial_interfaces) by extension 'colcon_pkg'
[3.252s] Level 1:colcon.colcon_core.package_identification:_identify(src/tutorial_interfaces) by extensions ['colcon_meta']
[3.252s] Level 1:colcon.colcon_core.package_identification:_identify(src/tutorial_interfaces) by extension 'colcon_meta'
[3.252s] Level 1:colcon.colcon_core.package_identification:_identify(src/tutorial_interfaces) by extensions ['ros']
[3.253s] Level 1:colcon.colcon_core.package_identification:_identify(src/tutorial_interfaces) by extension 'ros'
[3.261s] DEBUG:colcon.colcon_core.package_identification:Package 'src/tutorial_interfaces' with type 'ros.ament_cmake' and name 'tutorial_interfaces'
[3.261s] Level 1:colcon.colcon_core.package_discovery:discover_packages(recursive) using defaults
[3.264s] Level 1:colcon.colcon_core.package_discovery:discover_packages(ignore) discover
[3.264s] Level 1:colcon.colcon_core.package_discovery:discover_packages(ignore) using defaults
[3.264s] Level 1:colcon.colcon_core.package_discovery:discover_packages(path) discover
[3.265s] Level 1:colcon.colcon_core.package_discovery:discover_packages(path) using defaults
[3.420s] INFO:colcon.colcon_core.package_selection:Skipping not selected package 'my_cpp_py_pkg' in 'src/my_cpp_py_pkg'
[3.420s] INFO:colcon.colcon_core.package_selection:Skipping not selected package 'my_python_pkg' in 'src/my_python_pkg'
[3.421s] INFO:colcon.colcon_core.package_selection:Skipping not selected package 'py_srvcli' in 'src/py_srvcli'
[3.421s] INFO:colcon.colcon_core.package_selection:Skipping not selected package 'tutorial_interfaces' in 'src/tutorial_interfaces'
[3.448s] Level 5:colcon.colcon_core.verb:set package 'py_pubsub' build argument 'cmake_args' from command line to 'None'
[3.448s] Level 5:colcon.colcon_core.verb:set package 'py_pubsub' build argument 'cmake_target' from command line to 'None'
[3.448s] Level 5:colcon.colcon_core.verb:set package 'py_pubsub' build argument 'cmake_target_skip_unavailable' from command line to 'False'
[3.449s] Level 5:colcon.colcon_core.verb:set package 'py_pubsub' build argument 'cmake_clean_cache' from command line to 'False'
[3.449s] Level 5:colcon.colcon_core.verb:set package 'py_pubsub' build argument 'cmake_clean_first' from command line to 'False'
[3.449s] Level 5:colcon.colcon_core.verb:set package 'py_pubsub' build argument 'cmake_force_configure' from command line to 'False'
[3.450s] Level 5:colcon.colcon_core.verb:set package 'py_pubsub' build argument 'ament_cmake_args' from command line to 'None'
[3.450s] Level 5:colcon.colcon_core.verb:set package 'py_pubsub' build argument 'catkin_cmake_args' from command line to 'None'
[3.450s] Level 5:colcon.colcon_core.verb:set package 'py_pubsub' build argument 'catkin_skip_building_tests' from command line to 'False'
[3.451s] DEBUG:colcon.colcon_core.verb:Building package 'py_pubsub' with the following arguments: {'ament_cmake_args': None, 'build_base': '/home/shorouk/ros2_ws/build/py_pubsub', 'catkin_cmake_args': None, 'catkin_skip_building_tests': False, 'cmake_args': None, 'cmake_clean_cache': False, 'cmake_clean_first': False, 'cmake_force_configure': False, 'cmake_target': None, 'cmake_target_skip_unavailable': False, 'install_base': '/home/shorouk/ros2_ws/install/py_pubsub', 'merge_install': False, 'path': '/home/shorouk/ros2_ws/src/py_pubsub', 'symlink_install': False, 'test_result_base': None}
[3.453s] INFO:colcon.colcon_core.executor:Executing jobs using 'parallel' executor
[3.466s] DEBUG:colcon.colcon_parallel_executor.executor.parallel:run_until_complete
[3.468s] INFO:colcon.colcon_core.task.python.build:Building Python package in '/home/shorouk/ros2_ws/src/py_pubsub'
[3.497s] INFO:colcon.colcon_core.plugin_system:Skipping extension 'colcon_core.shell.bat': Not used on non-Windows systems
[3.498s] INFO:colcon.colcon_core.shell:Skip shell extension 'powershell' for command environment: Not usable outside of PowerShell
[3.499s] DEBUG:colcon.colcon_core.shell:Skip shell extension 'dsv' for command environment
[3.522s] DEBUG:colcon.colcon_core.shell:Ignoring prefix path '/opt/ros/eloquent'
[5.159s] DEBUG:colcon.colcon_core.event_handler.log_command:Invoking command in '/home/shorouk/ros2_ws/src/py_pubsub': PYTHONPATH=/home/shorouk/ros2_ws/install/py_pubsub/lib/python3.6/site-packages:${PYTHONPATH} /usr/bin/python3 setup.py egg_info --egg-base ../../build/py_pubsub build --build-base /home/shorouk/ros2_ws/build/py_pubsub/build install --prefix /home/shorouk/ros2_ws/install/py_pubsub --record /home/shorouk/ros2_ws/build/py_pubsub/install.log --single-version-externally-managed
[7.396s] DEBUG:colcon.colcon_core.event_handler.log_command:Invoked command in '/home/shorouk/ros2_ws/src/py_pubsub' returned '0': PYTHONPATH=/home/shorouk/ros2_ws/install/py_pubsub/lib/python3.6/site-packages:${PYTHONPATH} /usr/bin/python3 setup.py egg_info --egg-base ../../build/py_pubsub build --build-base /home/shorouk/ros2_ws/build/py_pubsub/build install --prefix /home/shorouk/ros2_ws/install/py_pubsub --record /home/shorouk/ros2_ws/build/py_pubsub/install.log --single-version-externally-managed
[7.425s] Level 1:colcon.colcon_core.environment:checking '/home/shorouk/ros2_ws/install/py_pubsub' for CMake module files
[7.431s] Level 1:colcon.colcon_core.environment:checking '/home/shorouk/ros2_ws/install/py_pubsub' for CMake config files
[7.437s] Level 1:colcon.colcon_core.environment:checking '/home/shorouk/ros2_ws/install/py_pubsub/lib'
[7.438s] Level 1:colcon.colcon_core.environment:checking '/home/shorouk/ros2_ws/install/py_pubsub/bin'
[7.439s] Level 1:colcon.colcon_core.environment:checking '/home/shorouk/ros2_ws/install/py_pubsub/lib/pkgconfig/py_pubsub.pc'
[7.440s] Level 1:colcon.colcon_core.environment:checking '/home/shorouk/ros2_ws/install/py_pubsub/lib/python3.6/site-packages'
[7.440s] Level 1:colcon.colcon_core.shell:create_environment_hook('py_pubsub', 'pythonpath')
[7.445s] INFO:colcon.colcon_core.shell:Creating environment hook '/home/shorouk/ros2_ws/install/py_pubsub/share/py_pubsub/hook/pythonpath.ps1'
[7.505s] INFO:colcon.colcon_core.shell:Creating environment descriptor '/home/shorouk/ros2_ws/install/py_pubsub/share/py_pubsub/hook/pythonpath.dsv'
[7.510s] INFO:colcon.colcon_core.shell:Creating environment hook '/home/shorouk/ros2_ws/install/py_pubsub/share/py_pubsub/hook/pythonpath.sh'
[7.517s] Level 1:colcon.colcon_core.environment:create_environment_scripts_only(py_pubsub)
[7.524s] INFO:colcon.colcon_core.shell:Creating package script '/home/shorouk/ros2_ws/install/py_pubsub/share/py_pubsub/package.ps1'
[7.531s] INFO:colcon.colcon_core.shell:Creating package descriptor '/home/shorouk/ros2_ws/install/py_pubsub/share/py_pubsub/package.dsv'
[7.536s] INFO:colcon.colcon_core.shell:Creating package script '/home/shorouk/ros2_ws/install/py_pubsub/share/py_pubsub/package.sh'
[7.542s] INFO:colcon.colcon_core.shell:Creating package script '/home/shorouk/ros2_ws/install/py_pubsub/share/py_pubsub/package.bash'
[7.547s] INFO:colcon.colcon_core.shell:Creating package script '/home/shorouk/ros2_ws/install/py_pubsub/share/py_pubsub/package.zsh'
[7.553s] Level 1:colcon.colcon_core.environment:create_file_with_runtime_dependencies(/home/shorouk/ros2_ws/install/py_pubsub/share/colcon-core/packages/py_pubsub)
[7.555s] DEBUG:colcon.colcon_parallel_executor.executor.parallel:closing loop
[7.558s] DEBUG:colcon.colcon_parallel_executor.executor.parallel:loop closed
[7.559s] DEBUG:colcon.colcon_parallel_executor.executor.parallel:run_until_complete finished with '0'
[7.559s] DEBUG:colcon.colcon_core.event_reactor:joining thread
[7.597s] INFO:colcon.colcon_core.plugin_system:Skipping extension 'colcon_notification.desktop_notification.terminal_notifier': Not used on non-Darwin systems
[7.598s] INFO:colcon.colcon_core.plugin_system:Skipping extension 'colcon_notification.desktop_notification.win32': Not used on non-Windows systems
[7.599s] INFO:colcon.colcon_notification.desktop_notification:Sending desktop notification using 'notify2'
[7.620s] DEBUG:colcon.colcon_core.event_reactor:joined thread
[7.625s] INFO:colcon.colcon_core.shell:Creating prefix script '/home/shorouk/ros2_ws/install/local_setup.ps1'
[7.632s] INFO:colcon.colcon_core.shell:Creating prefix util module '/home/shorouk/ros2_ws/install/_local_setup_util_ps1.py'
[7.647s] INFO:colcon.colcon_core.shell:Creating prefix chain script '/home/shorouk/ros2_ws/install/setup.ps1'
[7.677s] INFO:colcon.colcon_core.shell:Creating prefix script '/home/shorouk/ros2_ws/install/local_setup.sh'
[7.683s] INFO:colcon.colcon_core.shell:Creating prefix util module '/home/shorouk/ros2_ws/install/_local_setup_util_sh.py'
[7.688s] INFO:colcon.colcon_core.shell:Creating prefix chain script '/home/shorouk/ros2_ws/install/setup.sh'
[7.711s] INFO:colcon.colcon_core.shell:Creating prefix script '/home/shorouk/ros2_ws/install/local_setup.bash'
[7.716s] INFO:colcon.colcon_core.shell:Creating prefix chain script '/home/shorouk/ros2_ws/install/setup.bash'
[7.736s] INFO:colcon.colcon_core.shell:Creating prefix script '/home/shorouk/ros2_ws/install/local_setup.zsh'
[7.740s] INFO:colcon.colcon_core.shell:Creating prefix chain script '/home/shorouk/ros2_ws/install/setup.zsh'
