[1.218s] Invoking command in '/home/shorouk/ros2_ws/src/py_pubsub': PYTHONPATH=/home/shorouk/ros2_ws/install/py_pubsub/lib/python3.6/site-packages:${PYTHONPATH} /usr/bin/python3 setup.py egg_info --egg-base ../../build/py_pubsub build --build-base /home/shorouk/ros2_ws/build/py_pubsub/build install --prefix /home/shorouk/ros2_ws/install/py_pubsub --record /home/shorouk/ros2_ws/build/py_pubsub/install.log --single-version-externally-managed
[2.289s] running egg_info
[2.292s] writing ../../build/py_pubsub/py_pubsub.egg-info/PKG-INFO
[2.294s] writing dependency_links to ../../build/py_pubsub/py_pubsub.egg-info/dependency_links.txt
[2.295s] writing entry points to ../../build/py_pubsub/py_pubsub.egg-info/entry_points.txt
[2.296s] writing requirements to ../../build/py_pubsub/py_pubsub.egg-info/requires.txt
[2.297s] writing top-level names to ../../build/py_pubsub/py_pubsub.egg-info/top_level.txt
[2.472s] reading manifest file '../../build/py_pubsub/py_pubsub.egg-info/SOURCES.txt'
[2.478s] writing manifest file '../../build/py_pubsub/py_pubsub.egg-info/SOURCES.txt'
[2.479s] running build
[2.480s] running build_py
[2.481s] copying py_pubsub/publisher_member_function.py -> /home/shorouk/ros2_ws/build/py_pubsub/build/lib/py_pubsub
[2.483s] running install
[2.485s] running install_lib
[2.488s] copying /home/shorouk/ros2_ws/build/py_pubsub/build/lib/py_pubsub/publisher_member_function.py -> /home/shorouk/ros2_ws/install/py_pubsub/lib/python3.6/site-packages/py_pubsub
[2.491s] byte-compiling /home/shorouk/ros2_ws/install/py_pubsub/lib/python3.6/site-packages/py_pubsub/publisher_member_function.py to publisher_member_function.cpython-36.pyc
[2.501s] running install_data
[2.503s] running install_egg_info
[2.510s] removing '/home/shorouk/ros2_ws/install/py_pubsub/lib/python3.6/site-packages/py_pubsub-0.0.0-py3.6.egg-info' (and everything under it)
[2.512s] Copying ../../build/py_pubsub/py_pubsub.egg-info to /home/shorouk/ros2_ws/install/py_pubsub/lib/python3.6/site-packages/py_pubsub-0.0.0-py3.6.egg-info
[2.517s] running install_scripts
[2.600s] Installing listener script to /home/shorouk/ros2_ws/install/py_pubsub/lib/py_pubsub
[2.601s] Installing talker script to /home/shorouk/ros2_ws/install/py_pubsub/lib/py_pubsub
[2.603s] writing list of installed files to '/home/shorouk/ros2_ws/build/py_pubsub/install.log'
[2.680s] Invoked command in '/home/shorouk/ros2_ws/src/py_pubsub' returned '0': PYTHONPATH=/home/shorouk/ros2_ws/install/py_pubsub/lib/python3.6/site-packages:${PYTHONPATH} /usr/bin/python3 setup.py egg_info --egg-base ../../build/py_pubsub build --build-base /home/shorouk/ros2_ws/build/py_pubsub/build install --prefix /home/shorouk/ros2_ws/install/py_pubsub --record /home/shorouk/ros2_ws/build/py_pubsub/install.log --single-version-externally-managed
