[1.246s] Invoking command in '/home/shorouk/ros2_ws/src/py_pubsub': PYTHONPATH=/home/shorouk/ros2_ws/install/py_pubsub/lib/python3.6/site-packages:${PYTHONPATH} /usr/bin/python3 setup.py egg_info --egg-base ../../build/py_pubsub build --build-base /home/shorouk/ros2_ws/build/py_pubsub/build install --prefix /home/shorouk/ros2_ws/install/py_pubsub --record /home/shorouk/ros2_ws/build/py_pubsub/install.log --single-version-externally-managed
[2.335s] running egg_info
[2.338s] writing ../../build/py_pubsub/py_pubsub.egg-info/PKG-INFO
[2.339s] writing dependency_links to ../../build/py_pubsub/py_pubsub.egg-info/dependency_links.txt
[2.340s] writing entry points to ../../build/py_pubsub/py_pubsub.egg-info/entry_points.txt
[2.341s] writing requirements to ../../build/py_pubsub/py_pubsub.egg-info/requires.txt
[2.341s] writing top-level names to ../../build/py_pubsub/py_pubsub.egg-info/top_level.txt
[2.520s] reading manifest file '../../build/py_pubsub/py_pubsub.egg-info/SOURCES.txt'
[2.526s] writing manifest file '../../build/py_pubsub/py_pubsub.egg-info/SOURCES.txt'
[2.527s] running build
[2.528s] running build_py
[2.530s] running install
[2.532s] running install_lib
[2.539s] byte-compiling /home/shorouk/ros2_ws/install/py_pubsub/lib/python3.6/site-packages/py_pubsub/test.py to test.cpython-36.pyc
[2.539s]   File "/home/shorouk/ros2_ws/install/py_pubsub/lib/python3.6/site-packages/py_pubsub/test.py", line 3
[2.540s]     echo $z
[2.541s]          ^
[2.541s] SyntaxError: invalid syntax
[2.542s] 
[2.543s] byte-compiling /home/shorouk/ros2_ws/install/py_pubsub/lib/python3.6/site-packages/py_pubsub/imagenode1.py to imagenode1.cpython-36.pyc
[2.543s] running install_data
[2.544s]   File "/home/shorouk/ros2_ws/install/py_pubsub/lib/python3.6/site-packages/py_pubsub/imagenode1.py", line 222
[2.544s]     def imageProcessing(image)
[2.545s]                              ^
[2.546s] SyntaxError: invalid syntax
[2.546s] 
[2.547s] running install_egg_info
[2.554s] removing '/home/shorouk/ros2_ws/install/py_pubsub/lib/python3.6/site-packages/py_pubsub-0.0.0-py3.6.egg-info' (and everything under it)
[2.555s] Copying ../../build/py_pubsub/py_pubsub.egg-info to /home/shorouk/ros2_ws/install/py_pubsub/lib/python3.6/site-packages/py_pubsub-0.0.0-py3.6.egg-info
[2.559s] running install_scripts
[2.647s] Installing listener script to /home/shorouk/ros2_ws/install/py_pubsub/lib/py_pubsub
[2.648s] Installing talker script to /home/shorouk/ros2_ws/install/py_pubsub/lib/py_pubsub
[2.650s] writing list of installed files to '/home/shorouk/ros2_ws/build/py_pubsub/install.log'
[2.725s] Invoked command in '/home/shorouk/ros2_ws/src/py_pubsub' returned '0': PYTHONPATH=/home/shorouk/ros2_ws/install/py_pubsub/lib/python3.6/site-packages:${PYTHONPATH} /usr/bin/python3 setup.py egg_info --egg-base ../../build/py_pubsub build --build-base /home/shorouk/ros2_ws/build/py_pubsub/build install --prefix /home/shorouk/ros2_ws/install/py_pubsub --record /home/shorouk/ros2_ws/build/py_pubsub/install.log --single-version-externally-managed
