[1.444s] Invoking command in '/home/shorouk/Documents/ros2_ws/src/py_pubsub': PYTHONPATH=/home/shorouk/Documents/ros2_ws/install/py_pubsub/lib/python3.6/site-packages:${PYTHONPATH} /usr/bin/python3 setup.py egg_info --egg-base ../../build/py_pubsub build --build-base /home/shorouk/Documents/ros2_ws/build/py_pubsub/build install --prefix /home/shorouk/Documents/ros2_ws/install/py_pubsub --record /home/shorouk/Documents/ros2_ws/build/py_pubsub/install.log --single-version-externally-managed
[2.729s] running egg_info
[2.733s] writing ../../build/py_pubsub/py_pubsub.egg-info/PKG-INFO
[2.734s] writing dependency_links to ../../build/py_pubsub/py_pubsub.egg-info/dependency_links.txt
[2.736s] writing entry points to ../../build/py_pubsub/py_pubsub.egg-info/entry_points.txt
[2.737s] writing requirements to ../../build/py_pubsub/py_pubsub.egg-info/requires.txt
[2.738s] writing top-level names to ../../build/py_pubsub/py_pubsub.egg-info/top_level.txt
[2.950s] reading manifest file '../../build/py_pubsub/py_pubsub.egg-info/SOURCES.txt'
[2.957s] writing manifest file '../../build/py_pubsub/py_pubsub.egg-info/SOURCES.txt'
[2.959s] running build
[2.960s] running build_py
[2.962s] running install
[2.964s] running install_lib
[2.973s] running install_data
[2.978s] copying launch/demo.launch.py -> /home/shorouk/Documents/ros2_ws/install/py_pubsub/share/py_pubsub
[2.979s] running install_egg_info
[2.988s] removing '/home/shorouk/Documents/ros2_ws/install/py_pubsub/lib/python3.6/site-packages/py_pubsub-0.0.0-py3.6.egg-info' (and everything under it)
[2.990s] Copying ../../build/py_pubsub/py_pubsub.egg-info to /home/shorouk/Documents/ros2_ws/install/py_pubsub/lib/python3.6/site-packages/py_pubsub-0.0.0-py3.6.egg-info
[2.994s] running install_scripts
[3.098s] Installing listener script to /home/shorouk/Documents/ros2_ws/install/py_pubsub/lib/py_pubsub
[3.098s] Installing talker script to /home/shorouk/Documents/ros2_ws/install/py_pubsub/lib/py_pubsub
[3.101s] writing list of installed files to '/home/shorouk/Documents/ros2_ws/build/py_pubsub/install.log'
[3.183s] Invoked command in '/home/shorouk/Documents/ros2_ws/src/py_pubsub' returned '0': PYTHONPATH=/home/shorouk/Documents/ros2_ws/install/py_pubsub/lib/python3.6/site-packages:${PYTHONPATH} /usr/bin/python3 setup.py egg_info --egg-base ../../build/py_pubsub build --build-base /home/shorouk/Documents/ros2_ws/build/py_pubsub/build install --prefix /home/shorouk/Documents/ros2_ws/install/py_pubsub --record /home/shorouk/Documents/ros2_ws/build/py_pubsub/install.log --single-version-externally-managed
