[1.595s] Invoking command in '/home/shorouk/ros2_ws/src/my_python_pkg': PYTHONPATH=/home/shorouk/ros2_ws/install/my_python_pkg/lib/python3.6/site-packages:${PYTHONPATH} /usr/bin/python3 setup.py egg_info --egg-base ../../build/my_python_pkg build --build-base /home/shorouk/ros2_ws/build/my_python_pkg/build install --prefix /home/shorouk/ros2_ws/install/my_python_pkg --record /home/shorouk/ros2_ws/build/my_python_pkg/install.log --single-version-externally-managed
[2.827s] running egg_info
[2.830s] writing ../../build/my_python_pkg/my_python_pkg.egg-info/PKG-INFO
[2.831s] writing dependency_links to ../../build/my_python_pkg/my_python_pkg.egg-info/dependency_links.txt
[2.832s] writing entry points to ../../build/my_python_pkg/my_python_pkg.egg-info/entry_points.txt
[2.833s] writing requirements to ../../build/my_python_pkg/my_python_pkg.egg-info/requires.txt
[2.834s] writing top-level names to ../../build/my_python_pkg/my_python_pkg.egg-info/top_level.txt
[3.009s] reading manifest file '../../build/my_python_pkg/my_python_pkg.egg-info/SOURCES.txt'
[3.015s] writing manifest file '../../build/my_python_pkg/my_python_pkg.egg-info/SOURCES.txt'
[3.017s] running build
[3.018s] running build_py
[3.019s] copying my_python_pkg/my_python_node.py -> /home/shorouk/ros2_ws/build/my_python_pkg/build/lib/my_python_pkg
[3.020s] running install
[3.022s] running install_lib
[3.026s] copying /home/shorouk/ros2_ws/build/my_python_pkg/build/lib/my_python_pkg/my_python_node.py -> /home/shorouk/ros2_ws/install/my_python_pkg/lib/python3.6/site-packages/my_python_pkg
[3.028s] byte-compiling /home/shorouk/ros2_ws/install/my_python_pkg/lib/python3.6/site-packages/my_python_pkg/my_python_node.py to my_python_node.cpython-36.pyc
[3.030s] running install_data
[3.034s] copying package.xml -> /home/shorouk/ros2_ws/install/my_python_pkg/share/my_python_pkg
[3.035s] running install_egg_info
[3.042s] removing '/home/shorouk/ros2_ws/install/my_python_pkg/lib/python3.6/site-packages/my_python_pkg-0.0.0-py3.6.egg-info' (and everything under it)
[3.044s] Copying ../../build/my_python_pkg/my_python_pkg.egg-info to /home/shorouk/ros2_ws/install/my_python_pkg/lib/python3.6/site-packages/my_python_pkg-0.0.0-py3.6.egg-info
[3.048s] running install_scripts
[3.133s] Installing test script to /home/shorouk/ros2_ws/install/my_python_pkg/lib/my_python_pkg
[3.135s] writing list of installed files to '/home/shorouk/ros2_ws/build/my_python_pkg/install.log'
[3.218s] Invoked command in '/home/shorouk/ros2_ws/src/my_python_pkg' returned '0': PYTHONPATH=/home/shorouk/ros2_ws/install/my_python_pkg/lib/python3.6/site-packages:${PYTHONPATH} /usr/bin/python3 setup.py egg_info --egg-base ../../build/my_python_pkg build --build-base /home/shorouk/ros2_ws/build/my_python_pkg/build install --prefix /home/shorouk/ros2_ws/install/my_python_pkg --record /home/shorouk/ros2_ws/build/my_python_pkg/install.log --single-version-externally-managed
