[1.681s] Invoking command in '/home/shorouk/ros2_ws/src/py_pubsub': PYTHONPATH=/home/shorouk/ros2_ws/install/py_pubsub/lib/python3.6/site-packages:${PYTHONPATH} /usr/bin/python3 setup.py egg_info --egg-base ../../build/py_pubsub build --build-base /home/shorouk/ros2_ws/build/py_pubsub/build install --prefix /home/shorouk/ros2_ws/install/py_pubsub --record /home/shorouk/ros2_ws/build/py_pubsub/install.log --single-version-externally-managed
[3.331s] running egg_info
[3.335s] writing ../../build/py_pubsub/py_pubsub.egg-info/PKG-INFO
[3.336s] writing dependency_links to ../../build/py_pubsub/py_pubsub.egg-info/dependency_links.txt
[3.338s] writing entry points to ../../build/py_pubsub/py_pubsub.egg-info/entry_points.txt
[3.340s] writing requirements to ../../build/py_pubsub/py_pubsub.egg-info/requires.txt
[3.341s] writing top-level names to ../../build/py_pubsub/py_pubsub.egg-info/top_level.txt
[3.618s] reading manifest file '../../build/py_pubsub/py_pubsub.egg-info/SOURCES.txt'
[3.626s] writing manifest file '../../build/py_pubsub/py_pubsub.egg-info/SOURCES.txt'
[3.627s] running build
[3.628s] running build_py
[3.630s] running install
[3.632s] running install_lib
[3.639s] running install_data
[3.641s] copying launch/demo.launch.py -> /home/shorouk/ros2_ws/install/py_pubsub/share/py_pubsub
[3.645s] running install_egg_info
[3.656s] removing '/home/shorouk/ros2_ws/install/py_pubsub/lib/python3.6/site-packages/py_pubsub-0.0.0-py3.6.egg-info' (and everything under it)
[3.658s] Copying ../../build/py_pubsub/py_pubsub.egg-info to /home/shorouk/ros2_ws/install/py_pubsub/lib/python3.6/site-packages/py_pubsub-0.0.0-py3.6.egg-info
[3.665s] running install_scripts
[3.807s] Installing listener script to /home/shorouk/ros2_ws/install/py_pubsub/lib/py_pubsub
[3.808s] Installing talker script to /home/shorouk/ros2_ws/install/py_pubsub/lib/py_pubsub
[3.812s] writing list of installed files to '/home/shorouk/ros2_ws/build/py_pubsub/install.log'
[3.918s] Invoked command in '/home/shorouk/ros2_ws/src/py_pubsub' returned '0': PYTHONPATH=/home/shorouk/ros2_ws/install/py_pubsub/lib/python3.6/site-packages:${PYTHONPATH} /usr/bin/python3 setup.py egg_info --egg-base ../../build/py_pubsub build --build-base /home/shorouk/ros2_ws/build/py_pubsub/build install --prefix /home/shorouk/ros2_ws/install/py_pubsub --record /home/shorouk/ros2_ws/build/py_pubsub/install.log --single-version-externally-managed
