[2.304s] DEBUG:colcon:Command line arguments: ['/usr/bin/colcon', 'build', '--packages-select', 'my_python_pkg']
[2.304s] DEBUG:colcon:Parsed command line arguments: Namespace(ament_cmake_args=None, base_paths=['.'], build_base='build', catkin_cmake_args=None, catkin_skip_building_tests=False, cmake_args=None, cmake_clean_cache=False, cmake_clean_first=False, cmake_force_configure=False, cmake_target=None, cmake_target_skip_unavailable=False, continue_on_error=False, event_handlers=None, executor='parallel', ignore_user_meta=False, install_base='install', log_base=None, log_level=None, main=<bound method BuildVerb.main of <colcon_core.verb.build.BuildVerb object at 0x7fc2c18e3390>>, merge_install=False, metas=['./colcon.meta'], packages_above=None, packages_above_and_dependencies=None, packages_above_depth=None, packages_end=None, packages_ignore=None, packages_ignore_regex=None, packages_select=['my_python_pkg'], packages_select_build_failed=False, packages_select_by_dep=None, packages_select_regex=None, packages_select_test_failures=False, packages_skip=None, packages_skip_build_finished=False, packages_skip_by_dep=None, packages_skip_regex=None, packages_skip_test_passed=False, packages_skip_up_to=None, packages_start=None, packages_up_to=None, packages_up_to_regex=None, parallel_workers=4, paths=None, symlink_install=False, test_result_base=None, verb_extension=<colcon_core.verb.build.BuildVerb object at 0x7fc2c18e3390>, verb_name='build', verb_parser=<colcon_defaults.argument_parser.defaults.DefaultArgumentsDecorator object at 0x7fc2c18e36d8>)
[2.440s] Level 1:colcon.colcon_core.package_discovery:discover_packages(colcon_meta) check parameters
[2.440s] Level 1:colcon.colcon_core.package_discovery:discover_packages(recursive) check parameters
[2.441s] Level 1:colcon.colcon_core.package_discovery:discover_packages(ignore) check parameters
[2.441s] Level 1:colcon.colcon_core.package_discovery:discover_packages(path) check parameters
[2.441s] Level 1:colcon.colcon_core.package_discovery:discover_packages(colcon_meta) discover
[2.442s] Level 1:colcon.colcon_core.package_discovery:discover_packages(recursive) discover
[2.442s] INFO:colcon.colcon_core.package_discovery:Crawling recursively for packages in '/home/shorouk/ros2_ws'
[2.443s] Level 1:colcon.colcon_core.package_identification:_identify(.) by extensions ['ignore', 'ignore_ament_install']
[2.443s] Level 1:colcon.colcon_core.package_identification:_identify(.) by extension 'ignore'
[2.444s] Level 1:colcon.colcon_core.package_identification:_identify(.) by extension 'ignore_ament_install'
[2.444s] Level 1:colcon.colcon_core.package_identification:_identify(.) by extensions ['colcon_pkg']
[2.444s] Level 1:colcon.colcon_core.package_identification:_identify(.) by extension 'colcon_pkg'
[2.445s] Level 1:colcon.colcon_core.package_identification:_identify(.) by extensions ['colcon_meta']
[2.445s] Level 1:colcon.colcon_core.package_identification:_identify(.) by extension 'colcon_meta'
[2.445s] Level 1:colcon.colcon_core.package_identification:_identify(.) by extensions ['ros']
[2.445s] Level 1:colcon.colcon_core.package_identification:_identify(.) by extension 'ros'
[2.505s] Level 1:colcon.colcon_core.package_identification:_identify(.) by extensions ['cmake', 'python']
[2.505s] Level 1:colcon.colcon_core.package_identification:_identify(.) by extension 'cmake'
[2.505s] Level 1:colcon.colcon_core.package_identification:_identify(.) by extension 'python'
[2.506s] Level 1:colcon.colcon_core.package_identification:_identify(.) by extensions ['python_setup_py']
[2.506s] Level 1:colcon.colcon_core.package_identification:_identify(.) by extension 'python_setup_py'
[2.507s] Level 1:colcon.colcon_core.package_identification:_identify(build) by extensions ['ignore', 'ignore_ament_install']
[2.507s] Level 1:colcon.colcon_core.package_identification:_identify(build) by extension 'ignore'
[2.507s] Level 1:colcon.colcon_core.package_identification:_identify(build) ignored
[2.509s] Level 1:colcon.colcon_core.package_identification:_identify(install) by extensions ['ignore', 'ignore_ament_install']
[2.510s] Level 1:colcon.colcon_core.package_identification:_identify(install) by extension 'ignore'
[2.510s] Level 1:colcon.colcon_core.package_identification:_identify(install) ignored
[2.510s] Level 1:colcon.colcon_core.package_identification:_identify(log) by extensions ['ignore', 'ignore_ament_install']
[2.511s] Level 1:colcon.colcon_core.package_identification:_identify(log) by extension 'ignore'
[2.511s] Level 1:colcon.colcon_core.package_identification:_identify(log) ignored
[2.512s] Level 1:colcon.colcon_core.package_identification:_identify(src) by extensions ['ignore', 'ignore_ament_install']
[2.512s] Level 1:colcon.colcon_core.package_identification:_identify(src) by extension 'ignore'
[2.512s] Level 1:colcon.colcon_core.package_identification:_identify(src) by extension 'ignore_ament_install'
[2.513s] Level 1:colcon.colcon_core.package_identification:_identify(src) by extensions ['colcon_pkg']
[2.513s] Level 1:colcon.colcon_core.package_identification:_identify(src) by extension 'colcon_pkg'
[2.513s] Level 1:colcon.colcon_core.package_identification:_identify(src) by extensions ['colcon_meta']
[2.513s] Level 1:colcon.colcon_core.package_identification:_identify(src) by extension 'colcon_meta'
[2.514s] Level 1:colcon.colcon_core.package_identification:_identify(src) by extensions ['ros']
[2.514s] Level 1:colcon.colcon_core.package_identification:_identify(src) by extension 'ros'
[2.514s] Level 1:colcon.colcon_core.package_identification:_identify(src) by extensions ['cmake', 'python']
[2.515s] Level 1:colcon.colcon_core.package_identification:_identify(src) by extension 'cmake'
[2.515s] Level 1:colcon.colcon_core.package_identification:_identify(src) by extension 'python'
[2.515s] Level 1:colcon.colcon_core.package_identification:_identify(src) by extensions ['python_setup_py']
[2.515s] Level 1:colcon.colcon_core.package_identification:_identify(src) by extension 'python_setup_py'
[2.516s] Level 1:colcon.colcon_core.package_identification:_identify(src/my_python_pkg) by extensions ['ignore', 'ignore_ament_install']
[2.516s] Level 1:colcon.colcon_core.package_identification:_identify(src/my_python_pkg) by extension 'ignore'
[2.517s] Level 1:colcon.colcon_core.package_identification:_identify(src/my_python_pkg) by extension 'ignore_ament_install'
[2.517s] Level 1:colcon.colcon_core.package_identification:_identify(src/my_python_pkg) by extensions ['colcon_pkg']
[2.517s] Level 1:colcon.colcon_core.package_identification:_identify(src/my_python_pkg) by extension 'colcon_pkg'
[2.518s] Level 1:colcon.colcon_core.package_identification:_identify(src/my_python_pkg) by extensions ['colcon_meta']
[2.518s] Level 1:colcon.colcon_core.package_identification:_identify(src/my_python_pkg) by extension 'colcon_meta'
[2.518s] Level 1:colcon.colcon_core.package_identification:_identify(src/my_python_pkg) by extensions ['ros']
[2.518s] Level 1:colcon.colcon_core.package_identification:_identify(src/my_python_pkg) by extension 'ros'
[2.532s] DEBUG:colcon.colcon_core.package_identification:Package 'src/my_python_pkg' with type 'ros.ament_python' and name 'my_python_pkg'
[2.532s] Level 1:colcon.colcon_core.package_discovery:discover_packages(recursive) using defaults
[2.533s] Level 1:colcon.colcon_core.package_discovery:discover_packages(ignore) discover
[2.533s] Level 1:colcon.colcon_core.package_discovery:discover_packages(ignore) using defaults
[2.534s] Level 1:colcon.colcon_core.package_discovery:discover_packages(path) discover
[2.534s] Level 1:colcon.colcon_core.package_discovery:discover_packages(path) using defaults
[2.847s] Level 5:colcon.colcon_core.verb:set package 'my_python_pkg' build argument 'cmake_args' from command line to 'None'
[2.847s] Level 5:colcon.colcon_core.verb:set package 'my_python_pkg' build argument 'cmake_target' from command line to 'None'
[2.847s] Level 5:colcon.colcon_core.verb:set package 'my_python_pkg' build argument 'cmake_target_skip_unavailable' from command line to 'False'
[2.848s] Level 5:colcon.colcon_core.verb:set package 'my_python_pkg' build argument 'cmake_clean_cache' from command line to 'False'
[2.848s] Level 5:colcon.colcon_core.verb:set package 'my_python_pkg' build argument 'cmake_clean_first' from command line to 'False'
[2.848s] Level 5:colcon.colcon_core.verb:set package 'my_python_pkg' build argument 'cmake_force_configure' from command line to 'False'
[2.848s] Level 5:colcon.colcon_core.verb:set package 'my_python_pkg' build argument 'ament_cmake_args' from command line to 'None'
[2.849s] Level 5:colcon.colcon_core.verb:set package 'my_python_pkg' build argument 'catkin_cmake_args' from command line to 'None'
[2.849s] Level 5:colcon.colcon_core.verb:set package 'my_python_pkg' build argument 'catkin_skip_building_tests' from command line to 'False'
[2.849s] DEBUG:colcon.colcon_core.verb:Building package 'my_python_pkg' with the following arguments: {'ament_cmake_args': None, 'build_base': '/home/shorouk/ros2_ws/build/my_python_pkg', 'catkin_cmake_args': None, 'catkin_skip_building_tests': False, 'cmake_args': None, 'cmake_clean_cache': False, 'cmake_clean_first': False, 'cmake_force_configure': False, 'cmake_target': None, 'cmake_target_skip_unavailable': False, 'install_base': '/home/shorouk/ros2_ws/install/my_python_pkg', 'merge_install': False, 'path': '/home/shorouk/ros2_ws/src/my_python_pkg', 'symlink_install': False, 'test_result_base': None}
[2.867s] INFO:colcon.colcon_core.executor:Executing jobs using 'parallel' executor
[2.996s] DEBUG:colcon.colcon_parallel_executor.executor.parallel:run_until_complete
[2.997s] INFO:colcon.colcon_ros.task.ament_python.build:Building ROS package in '/home/shorouk/ros2_ws/src/my_python_pkg' with build type 'ament_python'
[2.998s] Level 1:colcon.colcon_core.shell:create_environment_hook('my_python_pkg', 'ament_prefix_path')
[3.078s] INFO:colcon.colcon_core.plugin_system:Skipping extension 'colcon_core.shell.bat': Not used on non-Windows systems
[3.079s] INFO:colcon.colcon_core.shell:Creating environment hook '/home/shorouk/ros2_ws/install/my_python_pkg/share/my_python_pkg/hook/ament_prefix_path.ps1'
[3.082s] INFO:colcon.colcon_core.shell:Creating environment descriptor '/home/shorouk/ros2_ws/install/my_python_pkg/share/my_python_pkg/hook/ament_prefix_path.dsv'
[3.084s] INFO:colcon.colcon_core.shell:Creating environment hook '/home/shorouk/ros2_ws/install/my_python_pkg/share/my_python_pkg/hook/ament_prefix_path.sh'
[3.146s] INFO:colcon.colcon_core.shell:Skip shell extension 'powershell' for command environment: Not usable outside of PowerShell
[3.146s] DEBUG:colcon.colcon_core.shell:Skip shell extension 'dsv' for command environment
[3.190s] DEBUG:colcon.colcon_core.shell:Ignoring prefix path '/opt/ros/eloquent'
[4.433s] INFO:colcon.colcon_core.task.python.build:Building Python package in '/home/shorouk/ros2_ws/src/my_python_pkg'
[4.494s] INFO:colcon.colcon_core.shell:Skip shell extension 'powershell' for command environment: Not usable outside of PowerShell
[4.495s] DEBUG:colcon.colcon_core.shell:Skip shell extension 'dsv' for command environment
[4.536s] DEBUG:colcon.colcon_core.shell:Ignoring prefix path '/opt/ros/eloquent'
[4.572s] DEBUG:colcon.colcon_core.event_handler.log_command:Invoking command in '/home/shorouk/ros2_ws/src/my_python_pkg': PYTHONPATH=/home/shorouk/ros2_ws/install/my_python_pkg/lib/python3.6/site-packages:${PYTHONPATH} /usr/bin/python3 setup.py egg_info --egg-base ../../build/my_python_pkg build --build-base /home/shorouk/ros2_ws/build/my_python_pkg/build install --prefix /home/shorouk/ros2_ws/install/my_python_pkg --record /home/shorouk/ros2_ws/build/my_python_pkg/install.log --single-version-externally-managed
[6.149s] DEBUG:colcon.colcon_core.event_handler.log_command:Invoked command in '/home/shorouk/ros2_ws/src/my_python_pkg' returned '0': PYTHONPATH=/home/shorouk/ros2_ws/install/my_python_pkg/lib/python3.6/site-packages:${PYTHONPATH} /usr/bin/python3 setup.py egg_info --egg-base ../../build/my_python_pkg build --build-base /home/shorouk/ros2_ws/build/my_python_pkg/build install --prefix /home/shorouk/ros2_ws/install/my_python_pkg --record /home/shorouk/ros2_ws/build/my_python_pkg/install.log --single-version-externally-managed
[6.220s] Level 1:colcon.colcon_core.environment:checking '/home/shorouk/ros2_ws/install/my_python_pkg' for CMake module files
[6.223s] Level 1:colcon.colcon_core.environment:checking '/home/shorouk/ros2_ws/install/my_python_pkg' for CMake config files
[6.228s] Level 1:colcon.colcon_core.environment:checking '/home/shorouk/ros2_ws/install/my_python_pkg/lib'
[6.229s] Level 1:colcon.colcon_core.environment:checking '/home/shorouk/ros2_ws/install/my_python_pkg/bin'
[6.229s] Level 1:colcon.colcon_core.environment:checking '/home/shorouk/ros2_ws/install/my_python_pkg/lib/pkgconfig/my_python_pkg.pc'
[6.230s] Level 1:colcon.colcon_core.environment:checking '/home/shorouk/ros2_ws/install/my_python_pkg/lib/python3.6/site-packages'
[6.230s] Level 1:colcon.colcon_core.shell:create_environment_hook('my_python_pkg', 'pythonpath')
[6.289s] INFO:colcon.colcon_core.shell:Creating environment hook '/home/shorouk/ros2_ws/install/my_python_pkg/share/my_python_pkg/hook/pythonpath.ps1'
[6.291s] INFO:colcon.colcon_core.shell:Creating environment descriptor '/home/shorouk/ros2_ws/install/my_python_pkg/share/my_python_pkg/hook/pythonpath.dsv'
[6.293s] INFO:colcon.colcon_core.shell:Creating environment hook '/home/shorouk/ros2_ws/install/my_python_pkg/share/my_python_pkg/hook/pythonpath.sh'
[6.294s] Level 1:colcon.colcon_core.environment:create_environment_scripts_only(my_python_pkg)
[6.351s] INFO:colcon.colcon_core.shell:Creating package script '/home/shorouk/ros2_ws/install/my_python_pkg/share/my_python_pkg/package.ps1'
[6.355s] INFO:colcon.colcon_core.shell:Creating package descriptor '/home/shorouk/ros2_ws/install/my_python_pkg/share/my_python_pkg/package.dsv'
[6.358s] INFO:colcon.colcon_core.shell:Creating package script '/home/shorouk/ros2_ws/install/my_python_pkg/share/my_python_pkg/package.sh'
[6.363s] INFO:colcon.colcon_core.shell:Creating package script '/home/shorouk/ros2_ws/install/my_python_pkg/share/my_python_pkg/package.bash'
[6.367s] INFO:colcon.colcon_core.shell:Creating package script '/home/shorouk/ros2_ws/install/my_python_pkg/share/my_python_pkg/package.zsh'
[6.370s] Level 1:colcon.colcon_core.environment:create_file_with_runtime_dependencies(/home/shorouk/ros2_ws/install/my_python_pkg/share/colcon-core/packages/my_python_pkg)
[6.372s] DEBUG:colcon.colcon_parallel_executor.executor.parallel:closing loop
[6.375s] DEBUG:colcon.colcon_parallel_executor.executor.parallel:loop closed
[6.376s] DEBUG:colcon.colcon_parallel_executor.executor.parallel:run_until_complete finished with '0'
[6.376s] DEBUG:colcon.colcon_core.event_reactor:joining thread
[6.442s] INFO:colcon.colcon_core.plugin_system:Skipping extension 'colcon_notification.desktop_notification.terminal_notifier': Not used on non-Darwin systems
[6.443s] INFO:colcon.colcon_core.plugin_system:Skipping extension 'colcon_notification.desktop_notification.win32': Not used on non-Windows systems
[6.443s] INFO:colcon.colcon_notification.desktop_notification:Sending desktop notification using 'notify2'
[6.454s] DEBUG:colcon.colcon_core.event_reactor:joined thread
[6.513s] INFO:colcon.colcon_core.shell:Creating prefix script '/home/shorouk/ros2_ws/install/local_setup.ps1'
[6.518s] INFO:colcon.colcon_core.shell:Creating prefix util module '/home/shorouk/ros2_ws/install/_local_setup_util_ps1.py'
[6.526s] INFO:colcon.colcon_core.shell:Creating prefix chain script '/home/shorouk/ros2_ws/install/setup.ps1'
[6.573s] INFO:colcon.colcon_core.shell:Creating prefix script '/home/shorouk/ros2_ws/install/local_setup.sh'
[6.576s] INFO:colcon.colcon_core.shell:Creating prefix util module '/home/shorouk/ros2_ws/install/_local_setup_util_sh.py'
[6.579s] INFO:colcon.colcon_core.shell:Creating prefix chain script '/home/shorouk/ros2_ws/install/setup.sh'
[6.628s] INFO:colcon.colcon_core.shell:Creating prefix script '/home/shorouk/ros2_ws/install/local_setup.bash'
[6.630s] INFO:colcon.colcon_core.shell:Creating prefix chain script '/home/shorouk/ros2_ws/install/setup.bash'
[6.681s] INFO:colcon.colcon_core.shell:Creating prefix script '/home/shorouk/ros2_ws/install/local_setup.zsh'
[6.684s] INFO:colcon.colcon_core.shell:Creating prefix chain script '/home/shorouk/ros2_ws/install/setup.zsh'
