[1.630s] Invoking command in '/home/shorouk/ros2_ws/src/py_srvcli': PYTHONPATH=/home/shorouk/ros2_ws/install/py_srvcli/lib/python3.6/site-packages:${PYTHONPATH} /usr/bin/python3 setup.py egg_info --egg-base ../../build/py_srvcli build --build-base /home/shorouk/ros2_ws/build/py_srvcli/build install --prefix /home/shorouk/ros2_ws/install/py_srvcli --record /home/shorouk/ros2_ws/build/py_srvcli/install.log --single-version-externally-managed
[2.860s] running egg_info
[2.863s] writing ../../build/py_srvcli/py_srvcli.egg-info/PKG-INFO
[2.864s] writing dependency_links to ../../build/py_srvcli/py_srvcli.egg-info/dependency_links.txt
[2.866s] writing entry points to ../../build/py_srvcli/py_srvcli.egg-info/entry_points.txt
[2.866s] writing requirements to ../../build/py_srvcli/py_srvcli.egg-info/requires.txt
[2.867s] writing top-level names to ../../build/py_srvcli/py_srvcli.egg-info/top_level.txt
[3.038s] reading manifest file '../../build/py_srvcli/py_srvcli.egg-info/SOURCES.txt'
[3.044s] writing manifest file '../../build/py_srvcli/py_srvcli.egg-info/SOURCES.txt'
[3.045s] running build
[3.046s] running build_py
[3.046s] copying py_srvcli/client_member_function.py -> /home/shorouk/ros2_ws/build/py_srvcli/build/lib/py_srvcli
[3.047s] running install
[3.048s] running install_lib
[3.051s] copying /home/shorouk/ros2_ws/build/py_srvcli/build/lib/py_srvcli/client_member_function.py -> /home/shorouk/ros2_ws/install/py_srvcli/lib/python3.6/site-packages/py_srvcli
[3.053s] byte-compiling /home/shorouk/ros2_ws/install/py_srvcli/lib/python3.6/site-packages/py_srvcli/client_member_function.py to client_member_function.cpython-36.pyc
[3.056s] running install_data
[3.058s] running install_egg_info
[3.065s] removing '/home/shorouk/ros2_ws/install/py_srvcli/lib/python3.6/site-packages/py_srvcli-0.0.0-py3.6.egg-info' (and everything under it)
[3.066s] Copying ../../build/py_srvcli/py_srvcli.egg-info to /home/shorouk/ros2_ws/install/py_srvcli/lib/python3.6/site-packages/py_srvcli-0.0.0-py3.6.egg-info
[3.070s] running install_scripts
[3.153s] Installing client script to /home/shorouk/ros2_ws/install/py_srvcli/lib/py_srvcli
[3.153s] Installing service script to /home/shorouk/ros2_ws/install/py_srvcli/lib/py_srvcli
[3.155s] writing list of installed files to '/home/shorouk/ros2_ws/build/py_srvcli/install.log'
[3.240s] Invoked command in '/home/shorouk/ros2_ws/src/py_srvcli' returned '0': PYTHONPATH=/home/shorouk/ros2_ws/install/py_srvcli/lib/python3.6/site-packages:${PYTHONPATH} /usr/bin/python3 setup.py egg_info --egg-base ../../build/py_srvcli build --build-base /home/shorouk/ros2_ws/build/py_srvcli/build install --prefix /home/shorouk/ros2_ws/install/py_srvcli --record /home/shorouk/ros2_ws/build/py_srvcli/install.log --single-version-externally-managed
