[1.206s] Invoking command in '/home/shorouk/ros2_ws/src/py_pubsub': PYTHONPATH=/home/shorouk/ros2_ws/install/py_pubsub/lib/python3.6/site-packages:${PYTHONPATH} /usr/bin/python3 setup.py egg_info --egg-base ../../build/py_pubsub build --build-base /home/shorouk/ros2_ws/build/py_pubsub/build install --prefix /home/shorouk/ros2_ws/install/py_pubsub --record /home/shorouk/ros2_ws/build/py_pubsub/install.log --single-version-externally-managed
[2.274s] running egg_info
[2.277s] writing ../../build/py_pubsub/py_pubsub.egg-info/PKG-INFO
[2.279s] writing dependency_links to ../../build/py_pubsub/py_pubsub.egg-info/dependency_links.txt
[2.280s] writing entry points to ../../build/py_pubsub/py_pubsub.egg-info/entry_points.txt
[2.281s] writing requirements to ../../build/py_pubsub/py_pubsub.egg-info/requires.txt
[2.282s] writing top-level names to ../../build/py_pubsub/py_pubsub.egg-info/top_level.txt
[2.457s] reading manifest file '../../build/py_pubsub/py_pubsub.egg-info/SOURCES.txt'
[2.463s] writing manifest file '../../build/py_pubsub/py_pubsub.egg-info/SOURCES.txt'
[2.464s] running build
[2.465s] running build_py
[2.466s] copying py_pubsub/publisher_member_function.py -> /home/shorouk/ros2_ws/build/py_pubsub/build/lib/py_pubsub
[2.467s] running install
[2.469s] running install_lib
[2.471s] copying /home/shorouk/ros2_ws/build/py_pubsub/build/lib/py_pubsub/publisher_member_function.py -> /home/shorouk/ros2_ws/install/py_pubsub/lib/python3.6/site-packages/py_pubsub
[2.474s] byte-compiling /home/shorouk/ros2_ws/install/py_pubsub/lib/python3.6/site-packages/py_pubsub/publisher_member_function.py to publisher_member_function.cpython-36.pyc
[2.483s] running install_data
[2.486s] running install_egg_info
[2.493s] removing '/home/shorouk/ros2_ws/install/py_pubsub/lib/python3.6/site-packages/py_pubsub-0.0.0-py3.6.egg-info' (and everything under it)
[2.494s] Copying ../../build/py_pubsub/py_pubsub.egg-info to /home/shorouk/ros2_ws/install/py_pubsub/lib/python3.6/site-packages/py_pubsub-0.0.0-py3.6.egg-info
[2.499s] running install_scripts
[2.583s] Installing listener script to /home/shorouk/ros2_ws/install/py_pubsub/lib/py_pubsub
[2.583s] Installing talker script to /home/shorouk/ros2_ws/install/py_pubsub/lib/py_pubsub
[2.585s] writing list of installed files to '/home/shorouk/ros2_ws/build/py_pubsub/install.log'
[2.660s] Invoked command in '/home/shorouk/ros2_ws/src/py_pubsub' returned '0': PYTHONPATH=/home/shorouk/ros2_ws/install/py_pubsub/lib/python3.6/site-packages:${PYTHONPATH} /usr/bin/python3 setup.py egg_info --egg-base ../../build/py_pubsub build --build-base /home/shorouk/ros2_ws/build/py_pubsub/build install --prefix /home/shorouk/ros2_ws/install/py_pubsub --record /home/shorouk/ros2_ws/build/py_pubsub/install.log --single-version-externally-managed
