[0.079s] Invoking command in '/home/shorouk/ros2_ws/build/my_cpp_py_pkg': CMAKE_PREFIX_PATH=/home/shorouk/ros2_ws/install/py_srvcli:/home/shorouk/ros2_ws/install/py_pubsub:/home/shorouk/ros2_ws/install/my_python_pkg:/opt/ros/eloquent /usr/bin/cmake --build /home/shorouk/ros2_ws/build/my_cpp_py_pkg -- -j4 -l4
[0.219s] -- Found ament_cmake: 0.8.2 (/opt/ros/eloquent/share/ament_cmake/cmake)
[0.348s] -- Using PYTHON_EXECUTABLE: /usr/bin/python3
[1.361s] -- Found rclcpp: 0.8.4 (/opt/ros/eloquent/share/rclcpp/cmake)
[1.432s] -- Found rosidl_adapter: 0.8.2 (/opt/ros/eloquent/share/rosidl_adapter/cmake)
[1.630s] -- Found rmw_implementation_cmake: 0.8.1 (/opt/ros/eloquent/share/rmw_implementation_cmake/cmake)
[1.638s] -- Using RMW implementation 'rmw_fastrtps_cpp' as default
[1.824s] -- Found rclpy: 0.8.4 (/opt/ros/eloquent/share/rclpy/cmake)
[1.824s] CMake Error at /opt/ros/eloquent/share/ament_cmake_target_dependencies/cmake/ament_target_dependencies.cmake:35 (message):
[1.825s]   ament_target_dependencies() the first argument must be a valid target name
[1.825s] Call Stack (most recent call first):
[1.826s]   CMakeLists.txt:19 (ament_target_dependencies)
[1.826s] 
[1.828s] 
[1.828s] -- Configuring incomplete, errors occurred!
[1.829s] See also "/home/shorouk/ros2_ws/build/my_cpp_py_pkg/CMakeFiles/CMakeOutput.log".
[1.829s] See also "/home/shorouk/ros2_ws/build/my_cpp_py_pkg/CMakeFiles/CMakeError.log".
[1.837s] Makefile:266: recipe for target 'cmake_check_build_system' failed
[1.837s] make: *** [cmake_check_build_system] Error 1
[1.844s] Invoked command in '/home/shorouk/ros2_ws/build/my_cpp_py_pkg' returned '2': CMAKE_PREFIX_PATH=/home/shorouk/ros2_ws/install/py_srvcli:/home/shorouk/ros2_ws/install/py_pubsub:/home/shorouk/ros2_ws/install/my_python_pkg:/opt/ros/eloquent /usr/bin/cmake --build /home/shorouk/ros2_ws/build/my_cpp_py_pkg -- -j4 -l4
