[0.610s] Invoking command in '/home/ahmed/Desktop/ros2_ws/src/py_pubsub': PYTHONPATH=/home/ahmed/Desktop/ros2_ws/install/py_pubsub/lib/python3.6/site-packages:${PYTHONPATH} /usr/bin/python3 setup.py egg_info --egg-base ../../build/py_pubsub build --build-base /home/ahmed/Desktop/ros2_ws/build/py_pubsub/build install --prefix /home/ahmed/Desktop/ros2_ws/install/py_pubsub --record /home/ahmed/Desktop/ros2_ws/build/py_pubsub/install.log --single-version-externally-managed
[1.243s] running egg_info
[1.245s] writing ../../build/py_pubsub/py_pubsub.egg-info/PKG-INFO
[1.246s] writing dependency_links to ../../build/py_pubsub/py_pubsub.egg-info/dependency_links.txt
[1.247s] writing entry points to ../../build/py_pubsub/py_pubsub.egg-info/entry_points.txt
[1.248s] writing requirements to ../../build/py_pubsub/py_pubsub.egg-info/requires.txt
[1.249s] writing top-level names to ../../build/py_pubsub/py_pubsub.egg-info/top_level.txt
[1.382s] reading manifest file '../../build/py_pubsub/py_pubsub.egg-info/SOURCES.txt'
[1.387s] writing manifest file '../../build/py_pubsub/py_pubsub.egg-info/SOURCES.txt'
[1.388s] running build
[1.388s] running build_py
[1.389s] copying py_pubsub/publisher_member_function.py -> /home/ahmed/Desktop/ros2_ws/build/py_pubsub/build/lib/py_pubsub
[1.391s] running install
[1.392s] running install_lib
[1.394s] copying /home/ahmed/Desktop/ros2_ws/build/py_pubsub/build/lib/py_pubsub/publisher_member_function.py -> /home/ahmed/Desktop/ros2_ws/install/py_pubsub/lib/python3.6/site-packages/py_pubsub
[1.396s] byte-compiling /home/ahmed/Desktop/ros2_ws/install/py_pubsub/lib/python3.6/site-packages/py_pubsub/publisher_member_function.py to publisher_member_function.cpython-36.pyc
[1.402s] running install_data
[1.403s] running install_egg_info
[1.409s] removing '/home/ahmed/Desktop/ros2_ws/install/py_pubsub/lib/python3.6/site-packages/py_pubsub-0.0.0-py3.6.egg-info' (and everything under it)
[1.410s] Copying ../../build/py_pubsub/py_pubsub.egg-info to /home/ahmed/Desktop/ros2_ws/install/py_pubsub/lib/python3.6/site-packages/py_pubsub-0.0.0-py3.6.egg-info
[1.412s] running install_scripts
[1.492s] Installing listener script to /home/ahmed/Desktop/ros2_ws/install/py_pubsub/lib/py_pubsub
[1.493s] Installing talker script to /home/ahmed/Desktop/ros2_ws/install/py_pubsub/lib/py_pubsub
[1.495s] writing list of installed files to '/home/ahmed/Desktop/ros2_ws/build/py_pubsub/install.log'
[1.548s] Invoked command in '/home/ahmed/Desktop/ros2_ws/src/py_pubsub' returned '0': PYTHONPATH=/home/ahmed/Desktop/ros2_ws/install/py_pubsub/lib/python3.6/site-packages:${PYTHONPATH} /usr/bin/python3 setup.py egg_info --egg-base ../../build/py_pubsub build --build-base /home/ahmed/Desktop/ros2_ws/build/py_pubsub/build install --prefix /home/ahmed/Desktop/ros2_ws/install/py_pubsub --record /home/ahmed/Desktop/ros2_ws/build/py_pubsub/install.log --single-version-externally-managed
