[1.423s] DEBUG:colcon:Command line arguments: ['/usr/bin/colcon', 'build', '--packages-select', 'py_pubsu']
[1.423s] DEBUG:colcon:Parsed command line arguments: Namespace(ament_cmake_args=None, base_paths=['.'], build_base='build', catkin_cmake_args=None, catkin_skip_building_tests=False, cmake_args=None, cmake_clean_cache=False, cmake_clean_first=False, cmake_force_configure=False, cmake_target=None, cmake_target_skip_unavailable=False, continue_on_error=False, event_handlers=None, executor='parallel', ignore_user_meta=False, install_base='install', log_base=None, log_level=None, main=<bound method BuildVerb.main of <colcon_core.verb.build.BuildVerb object at 0x7fab4d68f2e8>>, merge_install=False, metas=['./colcon.meta'], packages_above=None, packages_above_and_dependencies=None, packages_above_depth=None, packages_end=None, packages_ignore=None, packages_ignore_regex=None, packages_select=['py_pubsu'], packages_select_build_failed=False, packages_select_by_dep=None, packages_select_regex=None, packages_select_test_failures=False, packages_skip=None, packages_skip_build_finished=False, packages_skip_by_dep=None, packages_skip_regex=None, packages_skip_test_passed=False, packages_skip_up_to=None, packages_start=None, packages_up_to=None, packages_up_to_regex=None, parallel_workers=4, paths=None, symlink_install=False, test_result_base=None, verb_extension=<colcon_core.verb.build.BuildVerb object at 0x7fab4d68f2e8>, verb_name='build', verb_parser=<colcon_defaults.argument_parser.defaults.DefaultArgumentsDecorator object at 0x7fab4d68f630>)
[1.467s] Level 1:colcon.colcon_core.package_discovery:discover_packages(colcon_meta) check parameters
[1.467s] Level 1:colcon.colcon_core.package_discovery:discover_packages(recursive) check parameters
[1.468s] Level 1:colcon.colcon_core.package_discovery:discover_packages(ignore) check parameters
[1.468s] Level 1:colcon.colcon_core.package_discovery:discover_packages(path) check parameters
[1.468s] Level 1:colcon.colcon_core.package_discovery:discover_packages(colcon_meta) discover
[1.470s] Level 1:colcon.colcon_core.package_discovery:discover_packages(recursive) discover
[1.471s] INFO:colcon.colcon_core.package_discovery:Crawling recursively for packages in '/home/shorouk/Documents/ros2_ws'
[1.471s] Level 1:colcon.colcon_core.package_identification:_identify(.) by extensions ['ignore', 'ignore_ament_install']
[1.472s] Level 1:colcon.colcon_core.package_identification:_identify(.) by extension 'ignore'
[1.473s] Level 1:colcon.colcon_core.package_identification:_identify(.) by extension 'ignore_ament_install'
[1.473s] Level 1:colcon.colcon_core.package_identification:_identify(.) by extensions ['colcon_pkg']
[1.473s] Level 1:colcon.colcon_core.package_identification:_identify(.) by extension 'colcon_pkg'
[1.474s] Level 1:colcon.colcon_core.package_identification:_identify(.) by extensions ['colcon_meta']
[1.474s] Level 1:colcon.colcon_core.package_identification:_identify(.) by extension 'colcon_meta'
[1.475s] Level 1:colcon.colcon_core.package_identification:_identify(.) by extensions ['ros']
[1.475s] Level 1:colcon.colcon_core.package_identification:_identify(.) by extension 'ros'
[1.562s] Level 1:colcon.colcon_core.package_identification:_identify(.) by extensions ['cmake', 'python']
[1.563s] Level 1:colcon.colcon_core.package_identification:_identify(.) by extension 'cmake'
[1.563s] Level 1:colcon.colcon_core.package_identification:_identify(.) by extension 'python'
[1.563s] Level 1:colcon.colcon_core.package_identification:_identify(.) by extensions ['python_setup_py']
[1.564s] Level 1:colcon.colcon_core.package_identification:_identify(.) by extension 'python_setup_py'
[1.565s] Level 1:colcon.colcon_core.package_identification:_identify(build) by extensions ['ignore', 'ignore_ament_install']
[1.566s] Level 1:colcon.colcon_core.package_identification:_identify(build) by extension 'ignore'
[1.567s] Level 1:colcon.colcon_core.package_identification:_identify(build) ignored
[1.570s] Level 1:colcon.colcon_core.package_identification:_identify(install) by extensions ['ignore', 'ignore_ament_install']
[1.571s] Level 1:colcon.colcon_core.package_identification:_identify(install) by extension 'ignore'
[1.572s] Level 1:colcon.colcon_core.package_identification:_identify(install) ignored
[1.576s] Level 1:colcon.colcon_core.package_identification:_identify(log) by extensions ['ignore', 'ignore_ament_install']
[1.577s] Level 1:colcon.colcon_core.package_identification:_identify(log) by extension 'ignore'
[1.578s] Level 1:colcon.colcon_core.package_identification:_identify(log) ignored
[1.579s] Level 1:colcon.colcon_core.package_identification:_identify(src) by extensions ['ignore', 'ignore_ament_install']
[1.580s] Level 1:colcon.colcon_core.package_identification:_identify(src) by extension 'ignore'
[1.580s] Level 1:colcon.colcon_core.package_identification:_identify(src) by extension 'ignore_ament_install'
[1.581s] Level 1:colcon.colcon_core.package_identification:_identify(src) by extensions ['colcon_pkg']
[1.582s] Level 1:colcon.colcon_core.package_identification:_identify(src) by extension 'colcon_pkg'
[1.582s] Level 1:colcon.colcon_core.package_identification:_identify(src) by extensions ['colcon_meta']
[1.583s] Level 1:colcon.colcon_core.package_identification:_identify(src) by extension 'colcon_meta'
[1.583s] Level 1:colcon.colcon_core.package_identification:_identify(src) by extensions ['ros']
[1.584s] Level 1:colcon.colcon_core.package_identification:_identify(src) by extension 'ros'
[1.585s] Level 1:colcon.colcon_core.package_identification:_identify(src) by extensions ['cmake', 'python']
[1.585s] Level 1:colcon.colcon_core.package_identification:_identify(src) by extension 'cmake'
[1.586s] Level 1:colcon.colcon_core.package_identification:_identify(src) by extension 'python'
[1.586s] Level 1:colcon.colcon_core.package_identification:_identify(src) by extensions ['python_setup_py']
[1.587s] Level 1:colcon.colcon_core.package_identification:_identify(src) by extension 'python_setup_py'
[1.588s] Level 1:colcon.colcon_core.package_identification:_identify(src/build) by extensions ['ignore', 'ignore_ament_install']
[1.588s] Level 1:colcon.colcon_core.package_identification:_identify(src/build) by extension 'ignore'
[1.589s] Level 1:colcon.colcon_core.package_identification:_identify(src/build) ignored
[1.590s] Level 1:colcon.colcon_core.package_identification:_identify(src/install) by extensions ['ignore', 'ignore_ament_install']
[1.591s] Level 1:colcon.colcon_core.package_identification:_identify(src/install) by extension 'ignore'
[1.591s] Level 1:colcon.colcon_core.package_identification:_identify(src/install) ignored
[1.592s] Level 1:colcon.colcon_core.package_identification:_identify(src/log) by extensions ['ignore', 'ignore_ament_install']
[1.593s] Level 1:colcon.colcon_core.package_identification:_identify(src/log) by extension 'ignore'
[1.593s] Level 1:colcon.colcon_core.package_identification:_identify(src/log) ignored
[1.594s] Level 1:colcon.colcon_core.package_identification:_identify(src/my_cpp_py_pkg) by extensions ['ignore', 'ignore_ament_install']
[1.595s] Level 1:colcon.colcon_core.package_identification:_identify(src/my_cpp_py_pkg) by extension 'ignore'
[1.595s] Level 1:colcon.colcon_core.package_identification:_identify(src/my_cpp_py_pkg) by extension 'ignore_ament_install'
[1.596s] Level 1:colcon.colcon_core.package_identification:_identify(src/my_cpp_py_pkg) by extensions ['colcon_pkg']
[1.596s] Level 1:colcon.colcon_core.package_identification:_identify(src/my_cpp_py_pkg) by extension 'colcon_pkg'
[1.597s] Level 1:colcon.colcon_core.package_identification:_identify(src/my_cpp_py_pkg) by extensions ['colcon_meta']
[1.597s] Level 1:colcon.colcon_core.package_identification:_identify(src/my_cpp_py_pkg) by extension 'colcon_meta'
[1.598s] Level 1:colcon.colcon_core.package_identification:_identify(src/my_cpp_py_pkg) by extensions ['ros']
[1.598s] Level 1:colcon.colcon_core.package_identification:_identify(src/my_cpp_py_pkg) by extension 'ros'
[1.618s] DEBUG:colcon.colcon_core.package_identification:Package 'src/my_cpp_py_pkg' with type 'ros.ament_cmake' and name 'my_cpp_py_pkg'
[1.619s] Level 1:colcon.colcon_core.package_identification:_identify(src/my_python_pkg) by extensions ['ignore', 'ignore_ament_install']
[1.620s] Level 1:colcon.colcon_core.package_identification:_identify(src/my_python_pkg) by extension 'ignore'
[1.621s] Level 1:colcon.colcon_core.package_identification:_identify(src/my_python_pkg) by extension 'ignore_ament_install'
[1.621s] Level 1:colcon.colcon_core.package_identification:_identify(src/my_python_pkg) by extensions ['colcon_pkg']
[1.622s] Level 1:colcon.colcon_core.package_identification:_identify(src/my_python_pkg) by extension 'colcon_pkg'
[1.622s] Level 1:colcon.colcon_core.package_identification:_identify(src/my_python_pkg) by extensions ['colcon_meta']
[1.622s] Level 1:colcon.colcon_core.package_identification:_identify(src/my_python_pkg) by extension 'colcon_meta'
[1.623s] Level 1:colcon.colcon_core.package_identification:_identify(src/my_python_pkg) by extensions ['ros']
[1.623s] Level 1:colcon.colcon_core.package_identification:_identify(src/my_python_pkg) by extension 'ros'
[1.630s] DEBUG:colcon.colcon_core.package_identification:Package 'src/my_python_pkg' with type 'ros.ament_python' and name 'my_python_pkg'
[1.631s] Level 1:colcon.colcon_core.package_identification:_identify(src/py_pubsub) by extensions ['ignore', 'ignore_ament_install']
[1.632s] Level 1:colcon.colcon_core.package_identification:_identify(src/py_pubsub) by extension 'ignore'
[1.633s] Level 1:colcon.colcon_core.package_identification:_identify(src/py_pubsub) by extension 'ignore_ament_install'
[1.634s] Level 1:colcon.colcon_core.package_identification:_identify(src/py_pubsub) by extensions ['colcon_pkg']
[1.634s] Level 1:colcon.colcon_core.package_identification:_identify(src/py_pubsub) by extension 'colcon_pkg'
[1.634s] Level 1:colcon.colcon_core.package_identification:_identify(src/py_pubsub) by extensions ['colcon_meta']
[1.635s] Level 1:colcon.colcon_core.package_identification:_identify(src/py_pubsub) by extension 'colcon_meta'
[1.635s] Level 1:colcon.colcon_core.package_identification:_identify(src/py_pubsub) by extensions ['ros']
[1.635s] Level 1:colcon.colcon_core.package_identification:_identify(src/py_pubsub) by extension 'ros'
[1.641s] DEBUG:colcon.colcon_core.package_identification:Package 'src/py_pubsub' with type 'ros.ament_python' and name 'py_pubsub'
[1.642s] Level 1:colcon.colcon_core.package_identification:_identify(src/py_srvcli) by extensions ['ignore', 'ignore_ament_install']
[1.644s] Level 1:colcon.colcon_core.package_identification:_identify(src/py_srvcli) by extension 'ignore'
[1.644s] Level 1:colcon.colcon_core.package_identification:_identify(src/py_srvcli) by extension 'ignore_ament_install'
[1.645s] Level 1:colcon.colcon_core.package_identification:_identify(src/py_srvcli) by extensions ['colcon_pkg']
[1.645s] Level 1:colcon.colcon_core.package_identification:_identify(src/py_srvcli) by extension 'colcon_pkg'
[1.646s] Level 1:colcon.colcon_core.package_identification:_identify(src/py_srvcli) by extensions ['colcon_meta']
[1.646s] Level 1:colcon.colcon_core.package_identification:_identify(src/py_srvcli) by extension 'colcon_meta'
[1.647s] Level 1:colcon.colcon_core.package_identification:_identify(src/py_srvcli) by extensions ['ros']
[1.647s] Level 1:colcon.colcon_core.package_identification:_identify(src/py_srvcli) by extension 'ros'
[1.654s] DEBUG:colcon.colcon_core.package_identification:Package 'src/py_srvcli' with type 'ros.ament_python' and name 'py_srvcli'
[1.654s] Level 1:colcon.colcon_core.package_identification:_identify(src/tutorial_interfaces) by extensions ['ignore', 'ignore_ament_install']
[1.655s] Level 1:colcon.colcon_core.package_identification:_identify(src/tutorial_interfaces) by extension 'ignore'
[1.655s] Level 1:colcon.colcon_core.package_identification:_identify(src/tutorial_interfaces) by extension 'ignore_ament_install'
[1.656s] Level 1:colcon.colcon_core.package_identification:_identify(src/tutorial_interfaces) by extensions ['colcon_pkg']
[1.656s] Level 1:colcon.colcon_core.package_identification:_identify(src/tutorial_interfaces) by extension 'colcon_pkg'
[1.656s] Level 1:colcon.colcon_core.package_identification:_identify(src/tutorial_interfaces) by extensions ['colcon_meta']
[1.656s] Level 1:colcon.colcon_core.package_identification:_identify(src/tutorial_interfaces) by extension 'colcon_meta'
[1.657s] Level 1:colcon.colcon_core.package_identification:_identify(src/tutorial_interfaces) by extensions ['ros']
[1.657s] Level 1:colcon.colcon_core.package_identification:_identify(src/tutorial_interfaces) by extension 'ros'
[1.663s] DEBUG:colcon.colcon_core.package_identification:Package 'src/tutorial_interfaces' with type 'ros.ament_cmake' and name 'tutorial_interfaces'
[1.663s] Level 1:colcon.colcon_core.package_discovery:discover_packages(recursive) using defaults
[1.665s] Level 1:colcon.colcon_core.package_discovery:discover_packages(ignore) discover
[1.665s] Level 1:colcon.colcon_core.package_discovery:discover_packages(ignore) using defaults
[1.665s] Level 1:colcon.colcon_core.package_discovery:discover_packages(path) discover
[1.666s] Level 1:colcon.colcon_core.package_discovery:discover_packages(path) using defaults
[1.671s] WARNING:colcon.colcon_core.package_selection:ignoring unknown package 'py_pubsu' in --packages-select
[1.820s] INFO:colcon.colcon_core.package_selection:Skipping not selected package 'my_cpp_py_pkg' in 'src/my_cpp_py_pkg'
[1.820s] INFO:colcon.colcon_core.package_selection:Skipping not selected package 'my_python_pkg' in 'src/my_python_pkg'
[1.821s] INFO:colcon.colcon_core.package_selection:Skipping not selected package 'py_pubsub' in 'src/py_pubsub'
[1.821s] INFO:colcon.colcon_core.package_selection:Skipping not selected package 'py_srvcli' in 'src/py_srvcli'
[1.821s] INFO:colcon.colcon_core.package_selection:Skipping not selected package 'tutorial_interfaces' in 'src/tutorial_interfaces'
[1.823s] INFO:colcon.colcon_core.executor:Executing jobs using 'parallel' executor
[1.835s] DEBUG:colcon.colcon_parallel_executor.executor.parallel:run_until_complete
[1.836s] DEBUG:colcon.colcon_parallel_executor.executor.parallel:closing loop
[1.838s] DEBUG:colcon.colcon_parallel_executor.executor.parallel:loop closed
[1.838s] DEBUG:colcon.colcon_parallel_executor.executor.parallel:run_until_complete finished with '0'
[1.838s] DEBUG:colcon.colcon_core.event_reactor:joining thread
[1.875s] INFO:colcon.colcon_core.plugin_system:Skipping extension 'colcon_notification.desktop_notification.terminal_notifier': Not used on non-Darwin systems
[1.876s] INFO:colcon.colcon_core.plugin_system:Skipping extension 'colcon_notification.desktop_notification.win32': Not used on non-Windows systems
[1.877s] INFO:colcon.colcon_notification.desktop_notification:Sending desktop notification using 'notify2'
[1.896s] DEBUG:colcon.colcon_core.event_reactor:joined thread
[1.947s] INFO:colcon.colcon_core.plugin_system:Skipping extension 'colcon_core.shell.bat': Not used on non-Windows systems
[1.949s] INFO:colcon.colcon_core.shell:Creating prefix script '/home/shorouk/Documents/ros2_ws/install/local_setup.ps1'
[1.962s] INFO:colcon.colcon_core.shell:Creating prefix util module '/home/shorouk/Documents/ros2_ws/install/_local_setup_util_ps1.py'
[1.977s] INFO:colcon.colcon_core.shell:Creating prefix chain script '/home/shorouk/Documents/ros2_ws/install/setup.ps1'
[2.010s] INFO:colcon.colcon_core.shell:Creating prefix script '/home/shorouk/Documents/ros2_ws/install/local_setup.sh'
[2.016s] INFO:colcon.colcon_core.shell:Creating prefix util module '/home/shorouk/Documents/ros2_ws/install/_local_setup_util_sh.py'
[2.020s] INFO:colcon.colcon_core.shell:Creating prefix chain script '/home/shorouk/Documents/ros2_ws/install/setup.sh'
[2.089s] INFO:colcon.colcon_core.shell:Creating prefix script '/home/shorouk/Documents/ros2_ws/install/local_setup.bash'
[2.094s] INFO:colcon.colcon_core.shell:Creating prefix chain script '/home/shorouk/Documents/ros2_ws/install/setup.bash'
[2.126s] INFO:colcon.colcon_core.shell:Creating prefix script '/home/shorouk/Documents/ros2_ws/install/local_setup.zsh'
[2.131s] INFO:colcon.colcon_core.shell:Creating prefix chain script '/home/shorouk/Documents/ros2_ws/install/setup.zsh'
