[1.263s] Invoking command in '/home/shorouk/ros2_ws/src/py_pubsub': PYTHONPATH=/home/shorouk/ros2_ws/install/py_pubsub/lib/python3.6/site-packages:${PYTHONPATH} /usr/bin/python3 setup.py egg_info --egg-base ../../build/py_pubsub build --build-base /home/shorouk/ros2_ws/build/py_pubsub/build install --prefix /home/shorouk/ros2_ws/install/py_pubsub --record /home/shorouk/ros2_ws/build/py_pubsub/install.log --single-version-externally-managed
[2.375s] running egg_info
[2.378s] writing ../../build/py_pubsub/py_pubsub.egg-info/PKG-INFO
[2.379s] writing dependency_links to ../../build/py_pubsub/py_pubsub.egg-info/dependency_links.txt
[2.380s] writing entry points to ../../build/py_pubsub/py_pubsub.egg-info/entry_points.txt
[2.381s] writing requirements to ../../build/py_pubsub/py_pubsub.egg-info/requires.txt
[2.381s] writing top-level names to ../../build/py_pubsub/py_pubsub.egg-info/top_level.txt
[2.567s] reading manifest file '../../build/py_pubsub/py_pubsub.egg-info/SOURCES.txt'
[2.574s] writing manifest file '../../build/py_pubsub/py_pubsub.egg-info/SOURCES.txt'
[2.575s] running build
[2.575s] running build_py
[2.576s] copying py_pubsub/publisher_member_function.py -> /home/shorouk/ros2_ws/build/py_pubsub/build/lib/py_pubsub
[2.577s] copying py_pubsub/test.py -> /home/shorouk/ros2_ws/build/py_pubsub/build/lib/py_pubsub
[2.577s] copying py_pubsub/imagenode1.py -> /home/shorouk/ros2_ws/build/py_pubsub/build/lib/py_pubsub
[2.578s] running install
[2.580s] running install_lib
[2.583s] copying /home/shorouk/ros2_ws/build/py_pubsub/build/lib/py_pubsub/publisher_member_function.py -> /home/shorouk/ros2_ws/install/py_pubsub/lib/python3.6/site-packages/py_pubsub
[2.584s] copying /home/shorouk/ros2_ws/build/py_pubsub/build/lib/py_pubsub/test.py -> /home/shorouk/ros2_ws/install/py_pubsub/lib/python3.6/site-packages/py_pubsub
[2.584s] copying /home/shorouk/ros2_ws/build/py_pubsub/build/lib/py_pubsub/imagenode1.py -> /home/shorouk/ros2_ws/install/py_pubsub/lib/python3.6/site-packages/py_pubsub
[2.586s] byte-compiling /home/shorouk/ros2_ws/install/py_pubsub/lib/python3.6/site-packages/py_pubsub/publisher_member_function.py to publisher_member_function.cpython-36.pyc
[2.589s] byte-compiling /home/shorouk/ros2_ws/install/py_pubsub/lib/python3.6/site-packages/py_pubsub/test.py to test.cpython-36.pyc
[2.597s]   File "/home/shorouk/ros2_ws/install/py_pubsub/lib/python3.6/site-packages/py_pubsub/test.py", line 3
[2.598s]     echo $z
[2.598s]          ^
[2.599s] SyntaxError: invalid syntax
[2.599s] 
[2.600s] byte-compiling /home/shorouk/ros2_ws/install/py_pubsub/lib/python3.6/site-packages/py_pubsub/imagenode1.py to imagenode1.cpython-36.pyc
[2.601s]   File "/home/shorouk/ros2_ws/install/py_pubsub/lib/python3.6/site-packages/py_pubsub/imagenode1.py", line 222
[2.602s]     def imageProcessing(image)
[2.602s]                              ^
[2.603s] SyntaxError: invalid syntax
[2.604s] 
[2.605s] running install_data
[2.606s] running install_egg_info
[2.613s] removing '/home/shorouk/ros2_ws/install/py_pubsub/lib/python3.6/site-packages/py_pubsub-0.0.0-py3.6.egg-info' (and everything under it)
[2.614s] Copying ../../build/py_pubsub/py_pubsub.egg-info to /home/shorouk/ros2_ws/install/py_pubsub/lib/python3.6/site-packages/py_pubsub-0.0.0-py3.6.egg-info
[2.620s] running install_scripts
[2.707s] Installing listener script to /home/shorouk/ros2_ws/install/py_pubsub/lib/py_pubsub
[2.708s] Installing talker script to /home/shorouk/ros2_ws/install/py_pubsub/lib/py_pubsub
[2.710s] writing list of installed files to '/home/shorouk/ros2_ws/build/py_pubsub/install.log'
[2.788s] Invoked command in '/home/shorouk/ros2_ws/src/py_pubsub' returned '0': PYTHONPATH=/home/shorouk/ros2_ws/install/py_pubsub/lib/python3.6/site-packages:${PYTHONPATH} /usr/bin/python3 setup.py egg_info --egg-base ../../build/py_pubsub build --build-base /home/shorouk/ros2_ws/build/py_pubsub/build install --prefix /home/shorouk/ros2_ws/install/py_pubsub --record /home/shorouk/ros2_ws/build/py_pubsub/install.log --single-version-externally-managed
