[3.515s] DEBUG:colcon:Command line arguments: ['/home/shorouk/.local/bin/colcon', 'build', '--packages-select']
[3.515s] DEBUG:colcon:Parsed command line arguments: Namespace(ament_cmake_args=None, base_paths=['.'], build_base='build', catkin_cmake_args=None, catkin_skip_building_tests=False, cmake_args=None, cmake_clean_cache=False, cmake_clean_first=False, cmake_force_configure=False, cmake_target=None, cmake_target_skip_unavailable=False, continue_on_error=False, event_handlers=None, executor='parallel', ignore_user_meta=False, install_base='install', log_base=None, log_level=None, main=<bound method BuildVerb.main of <colcon_core.verb.build.BuildVerb object at 0x7fa14015da90>>, merge_install=False, metas=['./colcon.meta'], packages_above=None, packages_above_and_dependencies=None, packages_above_depth=None, packages_end=None, packages_ignore=None, packages_ignore_regex=None, packages_select=[], packages_select_build_failed=False, packages_select_by_dep=None, packages_select_regex=None, packages_select_test_failures=False, packages_skip=None, packages_skip_build_finished=False, packages_skip_by_dep=None, packages_skip_regex=None, packages_skip_test_passed=False, packages_skip_up_to=None, packages_start=None, packages_up_to=None, packages_up_to_regex=None, parallel_workers=4, paths=None, symlink_install=False, test_result_base=None, verb_extension=<colcon_core.verb.build.BuildVerb object at 0x7fa14015da90>, verb_name='build', verb_parser=<colcon_defaults.argument_parser.defaults.DefaultArgumentsDecorator object at 0x7fa14015ddd8>)
[3.655s] Level 1:colcon.colcon_core.package_discovery:discover_packages(colcon_meta) check parameters
[3.656s] Level 1:colcon.colcon_core.package_discovery:discover_packages(recursive) check parameters
[3.656s] Level 1:colcon.colcon_core.package_discovery:discover_packages(ignore) check parameters
[3.656s] Level 1:colcon.colcon_core.package_discovery:discover_packages(path) check parameters
[3.657s] Level 1:colcon.colcon_core.package_discovery:discover_packages(colcon_meta) discover
[3.658s] Level 1:colcon.colcon_core.package_discovery:discover_packages(recursive) discover
[3.658s] INFO:colcon.colcon_core.package_discovery:Crawling recursively for packages in '/home/shorouk/ros2_ws/src/my_python_pkg/my_python_pkg/install'
[3.659s] Level 1:colcon.colcon_core.package_identification:_identify(.) by extensions ['ignore', 'ignore_ament_install']
[3.659s] Level 1:colcon.colcon_core.package_identification:_identify(.) by extension 'ignore'
[3.660s] Level 1:colcon.colcon_core.package_identification:_identify(.) ignored
[3.660s] Level 1:colcon.colcon_core.package_discovery:discover_packages(recursive) using defaults
[3.661s] Level 1:colcon.colcon_core.package_discovery:discover_packages(ignore) discover
[3.661s] Level 1:colcon.colcon_core.package_discovery:discover_packages(ignore) using defaults
[3.661s] Level 1:colcon.colcon_core.package_discovery:discover_packages(path) discover
[3.661s] Level 1:colcon.colcon_core.package_discovery:discover_packages(path) using defaults
[3.915s] INFO:colcon.colcon_core.executor:Executing jobs using 'parallel' executor
[4.046s] DEBUG:colcon.colcon_parallel_executor.executor.parallel:run_until_complete
[4.046s] DEBUG:colcon.colcon_parallel_executor.executor.parallel:closing loop
[4.048s] DEBUG:colcon.colcon_parallel_executor.executor.parallel:loop closed
[4.048s] DEBUG:colcon.colcon_parallel_executor.executor.parallel:run_until_complete finished with '0'
[4.048s] DEBUG:colcon.colcon_core.event_reactor:joining thread
[4.119s] INFO:colcon.colcon_core.plugin_system:Skipping extension 'colcon_notification.desktop_notification.terminal_notifier': Not used on non-Darwin systems
[4.120s] INFO:colcon.colcon_core.plugin_system:Skipping extension 'colcon_notification.desktop_notification.win32': Not used on non-Windows systems
[4.120s] INFO:colcon.colcon_notification.desktop_notification:Sending desktop notification using 'notify2'
[4.131s] DEBUG:colcon.colcon_core.event_reactor:joined thread
[4.262s] INFO:colcon.colcon_core.plugin_system:Skipping extension 'colcon_core.shell.bat': Not used on non-Windows systems
[4.264s] INFO:colcon.colcon_core.shell:Creating prefix script '/home/shorouk/ros2_ws/src/my_python_pkg/my_python_pkg/install/install/local_setup.ps1'
[4.272s] INFO:colcon.colcon_core.shell:Creating prefix util module '/home/shorouk/ros2_ws/src/my_python_pkg/my_python_pkg/install/install/_local_setup_util_ps1.py'
[4.285s] INFO:colcon.colcon_core.shell:Creating prefix chain script '/home/shorouk/ros2_ws/src/my_python_pkg/my_python_pkg/install/install/setup.ps1'
[4.370s] INFO:colcon.colcon_core.shell:Creating prefix script '/home/shorouk/ros2_ws/src/my_python_pkg/my_python_pkg/install/install/local_setup.sh'
[4.373s] INFO:colcon.colcon_core.shell:Creating prefix util module '/home/shorouk/ros2_ws/src/my_python_pkg/my_python_pkg/install/install/_local_setup_util_sh.py'
[4.375s] INFO:colcon.colcon_core.shell:Creating prefix chain script '/home/shorouk/ros2_ws/src/my_python_pkg/my_python_pkg/install/install/setup.sh'
[4.440s] INFO:colcon.colcon_core.shell:Creating prefix script '/home/shorouk/ros2_ws/src/my_python_pkg/my_python_pkg/install/install/local_setup.bash'
[4.444s] INFO:colcon.colcon_core.shell:Creating prefix chain script '/home/shorouk/ros2_ws/src/my_python_pkg/my_python_pkg/install/install/setup.bash'
[4.516s] INFO:colcon.colcon_core.shell:Creating prefix script '/home/shorouk/ros2_ws/src/my_python_pkg/my_python_pkg/install/install/local_setup.zsh'
[4.519s] INFO:colcon.colcon_core.shell:Creating prefix chain script '/home/shorouk/ros2_ws/src/my_python_pkg/my_python_pkg/install/install/setup.zsh'
