[1.700s] Invoking command in '/home/shorouk/ros2_ws/src/py_srvcli': PYTHONPATH=/home/shorouk/ros2_ws/install/py_srvcli/lib/python3.6/site-packages:${PYTHONPATH} /usr/bin/python3 setup.py egg_info --egg-base ../../build/py_srvcli build --build-base /home/shorouk/ros2_ws/build/py_srvcli/build install --prefix /home/shorouk/ros2_ws/install/py_srvcli --record /home/shorouk/ros2_ws/build/py_srvcli/install.log --single-version-externally-managed
[3.049s] running egg_info
[3.052s] writing ../../build/py_srvcli/py_srvcli.egg-info/PKG-INFO
[3.053s] writing dependency_links to ../../build/py_srvcli/py_srvcli.egg-info/dependency_links.txt
[3.054s] writing entry points to ../../build/py_srvcli/py_srvcli.egg-info/entry_points.txt
[3.055s] writing requirements to ../../build/py_srvcli/py_srvcli.egg-info/requires.txt
[3.056s] writing top-level names to ../../build/py_srvcli/py_srvcli.egg-info/top_level.txt
[3.232s] reading manifest file '../../build/py_srvcli/py_srvcli.egg-info/SOURCES.txt'
[3.237s] writing manifest file '../../build/py_srvcli/py_srvcli.egg-info/SOURCES.txt'
[3.239s] running build
[3.240s] running build_py
[3.241s] running install
[3.243s] running install_lib
[3.248s] running install_data
[3.250s] copying package.xml -> /home/shorouk/ros2_ws/install/py_srvcli/share/py_srvcli
[3.251s] running install_egg_info
[3.259s] removing '/home/shorouk/ros2_ws/install/py_srvcli/lib/python3.6/site-packages/py_srvcli-0.0.0-py3.6.egg-info' (and everything under it)
[3.260s] Copying ../../build/py_srvcli/py_srvcli.egg-info to /home/shorouk/ros2_ws/install/py_srvcli/lib/python3.6/site-packages/py_srvcli-0.0.0-py3.6.egg-info
[3.265s] running install_scripts
[3.362s] Installing client script to /home/shorouk/ros2_ws/install/py_srvcli/lib/py_srvcli
[3.363s] Installing service script to /home/shorouk/ros2_ws/install/py_srvcli/lib/py_srvcli
[3.365s] writing list of installed files to '/home/shorouk/ros2_ws/build/py_srvcli/install.log'
[3.452s] Invoked command in '/home/shorouk/ros2_ws/src/py_srvcli' returned '0': PYTHONPATH=/home/shorouk/ros2_ws/install/py_srvcli/lib/python3.6/site-packages:${PYTHONPATH} /usr/bin/python3 setup.py egg_info --egg-base ../../build/py_srvcli build --build-base /home/shorouk/ros2_ws/build/py_srvcli/build install --prefix /home/shorouk/ros2_ws/install/py_srvcli --record /home/shorouk/ros2_ws/build/py_srvcli/install.log --single-version-externally-managed
