[1.247s] Invoking command in '/home/shorouk/ros2_ws/src/py_pubsub': PYTHONPATH=/home/shorouk/ros2_ws/install/py_pubsub/lib/python3.6/site-packages:${PYTHONPATH} /usr/bin/python3 setup.py egg_info --egg-base ../../build/py_pubsub build --build-base /home/shorouk/ros2_ws/build/py_pubsub/build install --prefix /home/shorouk/ros2_ws/install/py_pubsub --record /home/shorouk/ros2_ws/build/py_pubsub/install.log --single-version-externally-managed
[2.365s] running egg_info
[2.368s] creating ../../build/py_pubsub/py_pubsub.egg-info
[2.369s] writing ../../build/py_pubsub/py_pubsub.egg-info/PKG-INFO
[2.370s] writing dependency_links to ../../build/py_pubsub/py_pubsub.egg-info/dependency_links.txt
[2.372s] writing entry points to ../../build/py_pubsub/py_pubsub.egg-info/entry_points.txt
[2.373s] writing requirements to ../../build/py_pubsub/py_pubsub.egg-info/requires.txt
[2.373s] writing top-level names to ../../build/py_pubsub/py_pubsub.egg-info/top_level.txt
[2.374s] writing manifest file '../../build/py_pubsub/py_pubsub.egg-info/SOURCES.txt'
[2.551s] reading manifest file '../../build/py_pubsub/py_pubsub.egg-info/SOURCES.txt'
[2.558s] writing manifest file '../../build/py_pubsub/py_pubsub.egg-info/SOURCES.txt'
[2.559s] running build
[2.559s] running build_py
[2.560s] creating /home/shorouk/ros2_ws/build/py_pubsub/build
[2.561s] creating /home/shorouk/ros2_ws/build/py_pubsub/build/lib
[2.561s] creating /home/shorouk/ros2_ws/build/py_pubsub/build/lib/py_pubsub
[2.562s] copying py_pubsub/publisher_member_function.py -> /home/shorouk/ros2_ws/build/py_pubsub/build/lib/py_pubsub
[2.562s] copying py_pubsub/subscriber_member_function.py -> /home/shorouk/ros2_ws/build/py_pubsub/build/lib/py_pubsub
[2.563s] copying py_pubsub/__init__.py -> /home/shorouk/ros2_ws/build/py_pubsub/build/lib/py_pubsub
[2.564s] running install
[2.565s] running install_lib
[2.568s] creating /home/shorouk/ros2_ws/install/py_pubsub/lib/python3.6/site-packages/py_pubsub
[2.569s] copying /home/shorouk/ros2_ws/build/py_pubsub/build/lib/py_pubsub/publisher_member_function.py -> /home/shorouk/ros2_ws/install/py_pubsub/lib/python3.6/site-packages/py_pubsub
[2.570s] copying /home/shorouk/ros2_ws/build/py_pubsub/build/lib/py_pubsub/subscriber_member_function.py -> /home/shorouk/ros2_ws/install/py_pubsub/lib/python3.6/site-packages/py_pubsub
[2.571s] copying /home/shorouk/ros2_ws/build/py_pubsub/build/lib/py_pubsub/__init__.py -> /home/shorouk/ros2_ws/install/py_pubsub/lib/python3.6/site-packages/py_pubsub
[2.572s] byte-compiling /home/shorouk/ros2_ws/install/py_pubsub/lib/python3.6/site-packages/py_pubsub/publisher_member_function.py to publisher_member_function.cpython-36.pyc
[2.574s] byte-compiling /home/shorouk/ros2_ws/install/py_pubsub/lib/python3.6/site-packages/py_pubsub/subscriber_member_function.py to subscriber_member_function.cpython-36.pyc
[2.576s] byte-compiling /home/shorouk/ros2_ws/install/py_pubsub/lib/python3.6/site-packages/py_pubsub/__init__.py to __init__.cpython-36.pyc
[2.577s] running install_data
[2.580s] creating /home/shorouk/ros2_ws/install/py_pubsub/share/ament_index
[2.581s] creating /home/shorouk/ros2_ws/install/py_pubsub/share/ament_index/resource_index
[2.582s] creating /home/shorouk/ros2_ws/install/py_pubsub/share/ament_index/resource_index/packages
[2.583s] copying resource/py_pubsub -> /home/shorouk/ros2_ws/install/py_pubsub/share/ament_index/resource_index/packages
[2.583s] copying package.xml -> /home/shorouk/ros2_ws/install/py_pubsub/share/py_pubsub
[2.584s] running install_egg_info
[2.590s] Copying ../../build/py_pubsub/py_pubsub.egg-info to /home/shorouk/ros2_ws/install/py_pubsub/lib/python3.6/site-packages/py_pubsub-0.0.0-py3.6.egg-info
[2.595s] running install_scripts
[2.685s] Installing listener script to /home/shorouk/ros2_ws/install/py_pubsub/lib/py_pubsub
[2.686s] Installing talker script to /home/shorouk/ros2_ws/install/py_pubsub/lib/py_pubsub
[2.687s] writing list of installed files to '/home/shorouk/ros2_ws/build/py_pubsub/install.log'
[2.763s] Invoked command in '/home/shorouk/ros2_ws/src/py_pubsub' returned '0': PYTHONPATH=/home/shorouk/ros2_ws/install/py_pubsub/lib/python3.6/site-packages:${PYTHONPATH} /usr/bin/python3 setup.py egg_info --egg-base ../../build/py_pubsub build --build-base /home/shorouk/ros2_ws/build/py_pubsub/build install --prefix /home/shorouk/ros2_ws/install/py_pubsub --record /home/shorouk/ros2_ws/build/py_pubsub/install.log --single-version-externally-managed
