running egg_info
writing ../../build/my_python_pkg/my_python_pkg.egg-info/PKG-INFO
writing dependency_links to ../../build/my_python_pkg/my_python_pkg.egg-info/dependency_links.txt
writing entry points to ../../build/my_python_pkg/my_python_pkg.egg-info/entry_points.txt
writing requirements to ../../build/my_python_pkg/my_python_pkg.egg-info/requires.txt
writing top-level names to ../../build/my_python_pkg/my_python_pkg.egg-info/top_level.txt
reading manifest file '../../build/my_python_pkg/my_python_pkg.egg-info/SOURCES.txt'
writing manifest file '../../build/my_python_pkg/my_python_pkg.egg-info/SOURCES.txt'
running build
running build_py
copying my_python_pkg/node1pub.py -> /home/shorouk/ros2_ws/build/my_python_pkg/build/lib/my_python_pkg
copying my_python_pkg/node2lis.py -> /home/shorouk/ros2_ws/build/my_python_pkg/build/lib/my_python_pkg
running install
running install_lib
copying /home/shorouk/ros2_ws/build/my_python_pkg/build/lib/my_python_pkg/node1pub.py -> /home/shorouk/ros2_ws/install/my_python_pkg/lib/python3.6/site-packages/my_python_pkg
copying /home/shorouk/ros2_ws/build/my_python_pkg/build/lib/my_python_pkg/node2lis.py -> /home/shorouk/ros2_ws/install/my_python_pkg/lib/python3.6/site-packages/my_python_pkg
byte-compiling /home/shorouk/ros2_ws/install/my_python_pkg/lib/python3.6/site-packages/my_python_pkg/node1pub.py to node1pub.cpython-36.pyc
byte-compiling /home/shorouk/ros2_ws/install/my_python_pkg/lib/python3.6/site-packages/my_python_pkg/node2lis.py to node2lis.cpython-36.pyc
running install_data
copying package.xml -> /home/shorouk/ros2_ws/install/my_python_pkg/share/my_python_pkg
running install_egg_info
removing '/home/shorouk/ros2_ws/install/my_python_pkg/lib/python3.6/site-packages/my_python_pkg-0.0.0-py3.6.egg-info' (and everything under it)
Copying ../../build/my_python_pkg/my_python_pkg.egg-info to /home/shorouk/ros2_ws/install/my_python_pkg/lib/python3.6/site-packages/my_python_pkg-0.0.0-py3.6.egg-info
running install_scripts
Installing talker = my_python_pkg.node1sub:mainlistener script to /home/shorouk/ros2_ws/install/my_python_pkg/lib/my_python_pkg
writing list of installed files to '/home/shorouk/ros2_ws/build/my_python_pkg/install.log'
