[1.210s] Invoking command in '/home/shorouk/ros2_ws/src/my_python_pkg': PYTHONPATH=/home/shorouk/ros2_ws/install/my_python_pkg/lib/python3.6/site-packages:${PYTHONPATH} /usr/bin/python3 setup.py egg_info --egg-base ../../build/my_python_pkg build --build-base /home/shorouk/ros2_ws/build/my_python_pkg/build install --prefix /home/shorouk/ros2_ws/install/my_python_pkg --record /home/shorouk/ros2_ws/build/my_python_pkg/install.log --single-version-externally-managed
[2.320s] running egg_info
[2.323s] writing ../../build/my_python_pkg/my_python_pkg.egg-info/PKG-INFO
[2.325s] writing dependency_links to ../../build/my_python_pkg/my_python_pkg.egg-info/dependency_links.txt
[2.326s] writing entry points to ../../build/my_python_pkg/my_python_pkg.egg-info/entry_points.txt
[2.327s] writing requirements to ../../build/my_python_pkg/my_python_pkg.egg-info/requires.txt
[2.328s] writing top-level names to ../../build/my_python_pkg/my_python_pkg.egg-info/top_level.txt
[2.508s] reading manifest file '../../build/my_python_pkg/my_python_pkg.egg-info/SOURCES.txt'
[2.515s] writing manifest file '../../build/my_python_pkg/my_python_pkg.egg-info/SOURCES.txt'
[2.516s] running build
[2.517s] running build_py
[2.518s] copying my_python_pkg/node1pub.py -> /home/shorouk/ros2_ws/build/my_python_pkg/build/lib/my_python_pkg
[2.519s] copying my_python_pkg/node2lis.py -> /home/shorouk/ros2_ws/build/my_python_pkg/build/lib/my_python_pkg
[2.520s] running install
[2.521s] running install_lib
[2.525s] copying /home/shorouk/ros2_ws/build/my_python_pkg/build/lib/my_python_pkg/node1pub.py -> /home/shorouk/ros2_ws/install/my_python_pkg/lib/python3.6/site-packages/my_python_pkg
[2.526s] copying /home/shorouk/ros2_ws/build/my_python_pkg/build/lib/my_python_pkg/node2lis.py -> /home/shorouk/ros2_ws/install/my_python_pkg/lib/python3.6/site-packages/my_python_pkg
[2.528s] byte-compiling /home/shorouk/ros2_ws/install/my_python_pkg/lib/python3.6/site-packages/my_python_pkg/node1pub.py to node1pub.cpython-36.pyc
[2.530s] byte-compiling /home/shorouk/ros2_ws/install/my_python_pkg/lib/python3.6/site-packages/my_python_pkg/node2lis.py to node2lis.cpython-36.pyc
[2.532s] running install_data
[2.534s] copying package.xml -> /home/shorouk/ros2_ws/install/my_python_pkg/share/my_python_pkg
[2.535s] running install_egg_info
[2.542s] removing '/home/shorouk/ros2_ws/install/my_python_pkg/lib/python3.6/site-packages/my_python_pkg-0.0.0-py3.6.egg-info' (and everything under it)
[2.543s] Copying ../../build/my_python_pkg/my_python_pkg.egg-info to /home/shorouk/ros2_ws/install/my_python_pkg/lib/python3.6/site-packages/my_python_pkg-0.0.0-py3.6.egg-info
[2.547s] running install_scripts
[2.635s] Installing talker = my_python_pkg.node1sub:mainlistener script to /home/shorouk/ros2_ws/install/my_python_pkg/lib/my_python_pkg
[2.637s] writing list of installed files to '/home/shorouk/ros2_ws/build/my_python_pkg/install.log'
[2.715s] Invoked command in '/home/shorouk/ros2_ws/src/my_python_pkg' returned '0': PYTHONPATH=/home/shorouk/ros2_ws/install/my_python_pkg/lib/python3.6/site-packages:${PYTHONPATH} /usr/bin/python3 setup.py egg_info --egg-base ../../build/my_python_pkg build --build-base /home/shorouk/ros2_ws/build/my_python_pkg/build install --prefix /home/shorouk/ros2_ws/install/my_python_pkg --record /home/shorouk/ros2_ws/build/my_python_pkg/install.log --single-version-externally-managed
