[1.592s] Invoking command in '/home/shorouk/ros2_ws/src/my_python_pkg': PYTHONPATH=/home/shorouk/ros2_ws/src/install/my_python_pkg/lib/python3.6/site-packages:${PYTHONPATH} /usr/bin/python3 setup.py egg_info --egg-base ../build/my_python_pkg build --build-base /home/shorouk/ros2_ws/src/build/my_python_pkg/build install --prefix /home/shorouk/ros2_ws/src/install/my_python_pkg --record /home/shorouk/ros2_ws/src/build/my_python_pkg/install.log --single-version-externally-managed
[2.801s] running egg_info
[2.804s] creating ../build/my_python_pkg/my_python_pkg.egg-info
[2.804s] writing ../build/my_python_pkg/my_python_pkg.egg-info/PKG-INFO
[2.805s] writing dependency_links to ../build/my_python_pkg/my_python_pkg.egg-info/dependency_links.txt
[2.806s] writing entry points to ../build/my_python_pkg/my_python_pkg.egg-info/entry_points.txt
[2.807s] writing requirements to ../build/my_python_pkg/my_python_pkg.egg-info/requires.txt
[2.807s] writing top-level names to ../build/my_python_pkg/my_python_pkg.egg-info/top_level.txt
[2.808s] writing manifest file '../build/my_python_pkg/my_python_pkg.egg-info/SOURCES.txt'
[2.981s] reading manifest file '../build/my_python_pkg/my_python_pkg.egg-info/SOURCES.txt'
[2.987s] writing manifest file '../build/my_python_pkg/my_python_pkg.egg-info/SOURCES.txt'
[2.988s] running build
[2.989s] running build_py
[2.990s] creating /home/shorouk/ros2_ws/src/build/my_python_pkg/build
[2.991s] creating /home/shorouk/ros2_ws/src/build/my_python_pkg/build/lib
[2.992s] creating /home/shorouk/ros2_ws/src/build/my_python_pkg/build/lib/my_python_pkg
[2.993s] copying my_python_pkg/__init__.py -> /home/shorouk/ros2_ws/src/build/my_python_pkg/build/lib/my_python_pkg
[2.994s] copying my_python_pkg/my_python_node.py -> /home/shorouk/ros2_ws/src/build/my_python_pkg/build/lib/my_python_pkg
[2.995s] running install
[2.996s] running install_lib
[2.998s] creating /home/shorouk/ros2_ws/src/install/my_python_pkg/lib/python3.6/site-packages/my_python_pkg
[2.999s] copying /home/shorouk/ros2_ws/src/build/my_python_pkg/build/lib/my_python_pkg/__init__.py -> /home/shorouk/ros2_ws/src/install/my_python_pkg/lib/python3.6/site-packages/my_python_pkg
[3.000s] copying /home/shorouk/ros2_ws/src/build/my_python_pkg/build/lib/my_python_pkg/my_python_node.py -> /home/shorouk/ros2_ws/src/install/my_python_pkg/lib/python3.6/site-packages/my_python_pkg
[3.001s] byte-compiling /home/shorouk/ros2_ws/src/install/my_python_pkg/lib/python3.6/site-packages/my_python_pkg/__init__.py to __init__.cpython-36.pyc
[3.002s] byte-compiling /home/shorouk/ros2_ws/src/install/my_python_pkg/lib/python3.6/site-packages/my_python_pkg/my_python_node.py to my_python_node.cpython-36.pyc
[3.004s] running install_data
[3.007s] creating /home/shorouk/ros2_ws/src/install/my_python_pkg/share/ament_index
[3.007s] creating /home/shorouk/ros2_ws/src/install/my_python_pkg/share/ament_index/resource_index
[3.008s] creating /home/shorouk/ros2_ws/src/install/my_python_pkg/share/ament_index/resource_index/packages
[3.009s] copying resource/my_python_pkg -> /home/shorouk/ros2_ws/src/install/my_python_pkg/share/ament_index/resource_index/packages
[3.010s] copying package.xml -> /home/shorouk/ros2_ws/src/install/my_python_pkg/share/my_python_pkg
[3.011s] running install_egg_info
[3.017s] Copying ../build/my_python_pkg/my_python_pkg.egg-info to /home/shorouk/ros2_ws/src/install/my_python_pkg/lib/python3.6/site-packages/my_python_pkg-0.0.0-py3.6.egg-info
[3.021s] running install_scripts
[3.104s] Installing test script to /home/shorouk/ros2_ws/src/install/my_python_pkg/lib/my_python_pkg
[3.106s] writing list of installed files to '/home/shorouk/ros2_ws/src/build/my_python_pkg/install.log'
[3.181s] Invoked command in '/home/shorouk/ros2_ws/src/my_python_pkg' returned '0': PYTHONPATH=/home/shorouk/ros2_ws/src/install/my_python_pkg/lib/python3.6/site-packages:${PYTHONPATH} /usr/bin/python3 setup.py egg_info --egg-base ../build/my_python_pkg build --build-base /home/shorouk/ros2_ws/src/build/my_python_pkg/build install --prefix /home/shorouk/ros2_ws/src/install/my_python_pkg --record /home/shorouk/ros2_ws/src/build/my_python_pkg/install.log --single-version-externally-managed
