[1.171s] Invoking command in '/home/shorouk/ros2_ws/src/py_srvcli': PYTHONPATH=/home/shorouk/ros2_ws/install/py_srvcli/lib/python3.6/site-packages:${PYTHONPATH} /usr/bin/python3 setup.py egg_info --egg-base ../../build/py_srvcli build --build-base /home/shorouk/ros2_ws/build/py_srvcli/build install --prefix /home/shorouk/ros2_ws/install/py_srvcli --record /home/shorouk/ros2_ws/build/py_srvcli/install.log --single-version-externally-managed
[2.208s] running egg_info
[2.210s] writing ../../build/py_srvcli/py_srvcli.egg-info/PKG-INFO
[2.211s] writing dependency_links to ../../build/py_srvcli/py_srvcli.egg-info/dependency_links.txt
[2.213s] writing entry points to ../../build/py_srvcli/py_srvcli.egg-info/entry_points.txt
[2.213s] writing requirements to ../../build/py_srvcli/py_srvcli.egg-info/requires.txt
[2.214s] writing top-level names to ../../build/py_srvcli/py_srvcli.egg-info/top_level.txt
[2.383s] reading manifest file '../../build/py_srvcli/py_srvcli.egg-info/SOURCES.txt'
[2.390s] writing manifest file '../../build/py_srvcli/py_srvcli.egg-info/SOURCES.txt'
[2.390s] running build
[2.391s] running build_py
[2.392s] copying py_srvcli/service.py -> /home/shorouk/ros2_ws/build/py_srvcli/build/lib/py_srvcli
[2.392s] copying py_srvcli/client_member_function.py -> /home/shorouk/ros2_ws/build/py_srvcli/build/lib/py_srvcli
[2.393s] running install
[2.394s] running install_lib
[2.397s] copying /home/shorouk/ros2_ws/build/py_srvcli/build/lib/py_srvcli/service.py -> /home/shorouk/ros2_ws/install/py_srvcli/lib/python3.6/site-packages/py_srvcli
[2.398s] copying /home/shorouk/ros2_ws/build/py_srvcli/build/lib/py_srvcli/client_member_function.py -> /home/shorouk/ros2_ws/install/py_srvcli/lib/python3.6/site-packages/py_srvcli
[2.400s] byte-compiling /home/shorouk/ros2_ws/install/py_srvcli/lib/python3.6/site-packages/py_srvcli/service.py to service.cpython-36.pyc
[2.402s] byte-compiling /home/shorouk/ros2_ws/install/py_srvcli/lib/python3.6/site-packages/py_srvcli/client_member_function.py to client_member_function.cpython-36.pyc
[2.405s] running install_data
[2.407s] running install_egg_info
[2.415s] removing '/home/shorouk/ros2_ws/install/py_srvcli/lib/python3.6/site-packages/py_srvcli-0.0.0-py3.6.egg-info' (and everything under it)
[2.416s] Copying ../../build/py_srvcli/py_srvcli.egg-info to /home/shorouk/ros2_ws/install/py_srvcli/lib/python3.6/site-packages/py_srvcli-0.0.0-py3.6.egg-info
[2.421s] running install_scripts
[2.503s] Installing client script to /home/shorouk/ros2_ws/install/py_srvcli/lib/py_srvcli
[2.504s] Installing service script to /home/shorouk/ros2_ws/install/py_srvcli/lib/py_srvcli
[2.506s] writing list of installed files to '/home/shorouk/ros2_ws/build/py_srvcli/install.log'
[2.578s] Invoked command in '/home/shorouk/ros2_ws/src/py_srvcli' returned '0': PYTHONPATH=/home/shorouk/ros2_ws/install/py_srvcli/lib/python3.6/site-packages:${PYTHONPATH} /usr/bin/python3 setup.py egg_info --egg-base ../../build/py_srvcli build --build-base /home/shorouk/ros2_ws/build/py_srvcli/build install --prefix /home/shorouk/ros2_ws/install/py_srvcli --record /home/shorouk/ros2_ws/build/py_srvcli/install.log --single-version-externally-managed
