[1.304s] Invoking command in '/home/shorouk/ros2_ws/src/py_pubsub': PYTHONPATH=/home/shorouk/ros2_ws/install/py_pubsub/lib/python3.6/site-packages:${PYTHONPATH} /usr/bin/python3 setup.py egg_info --egg-base ../../build/py_pubsub build --build-base /home/shorouk/ros2_ws/build/py_pubsub/build install --prefix /home/shorouk/ros2_ws/install/py_pubsub --record /home/shorouk/ros2_ws/build/py_pubsub/install.log --single-version-externally-managed
[2.419s] running egg_info
[2.422s] writing ../../build/py_pubsub/py_pubsub.egg-info/PKG-INFO
[2.423s] writing dependency_links to ../../build/py_pubsub/py_pubsub.egg-info/dependency_links.txt
[2.424s] writing entry points to ../../build/py_pubsub/py_pubsub.egg-info/entry_points.txt
[2.426s] writing requirements to ../../build/py_pubsub/py_pubsub.egg-info/requires.txt
[2.427s] writing top-level names to ../../build/py_pubsub/py_pubsub.egg-info/top_level.txt
[2.609s] reading manifest file '../../build/py_pubsub/py_pubsub.egg-info/SOURCES.txt'
[2.615s] writing manifest file '../../build/py_pubsub/py_pubsub.egg-info/SOURCES.txt'
[2.615s] running build
[2.616s] running build_py
[2.617s] copying py_pubsub/imagenode1.py -> /home/shorouk/ros2_ws/build/py_pubsub/build/lib/py_pubsub
[2.618s] running install
[2.620s] running install_lib
[2.623s] copying /home/shorouk/ros2_ws/build/py_pubsub/build/lib/py_pubsub/imagenode1.py -> /home/shorouk/ros2_ws/install/py_pubsub/lib/python3.6/site-packages/py_pubsub
[2.625s] byte-compiling /home/shorouk/ros2_ws/install/py_pubsub/lib/python3.6/site-packages/py_pubsub/publisher_member_function.py to publisher_member_function.cpython-36.pyc
[2.630s] Sorry: IndentationError: unexpected indent (publisher_member_function.py, line 284)
[2.631s] byte-compiling /home/shorouk/ros2_ws/install/py_pubsub/lib/python3.6/site-packages/py_pubsub/imagenode1.py to imagenode1.cpython-36.pyc
[2.635s] Sorry: IndentationError: unexpected indent (imagenode1.py, line 248)
[2.635s] running install_data
[2.637s] running install_egg_info
[2.645s] removing '/home/shorouk/ros2_ws/install/py_pubsub/lib/python3.6/site-packages/py_pubsub-0.0.0-py3.6.egg-info' (and everything under it)
[2.646s] Copying ../../build/py_pubsub/py_pubsub.egg-info to /home/shorouk/ros2_ws/install/py_pubsub/lib/python3.6/site-packages/py_pubsub-0.0.0-py3.6.egg-info
[2.651s] running install_scripts
[2.737s] Installing listener script to /home/shorouk/ros2_ws/install/py_pubsub/lib/py_pubsub
[2.739s] Installing talker script to /home/shorouk/ros2_ws/install/py_pubsub/lib/py_pubsub
[2.741s] writing list of installed files to '/home/shorouk/ros2_ws/build/py_pubsub/install.log'
[2.816s] Invoked command in '/home/shorouk/ros2_ws/src/py_pubsub' returned '0': PYTHONPATH=/home/shorouk/ros2_ws/install/py_pubsub/lib/python3.6/site-packages:${PYTHONPATH} /usr/bin/python3 setup.py egg_info --egg-base ../../build/py_pubsub build --build-base /home/shorouk/ros2_ws/build/py_pubsub/build install --prefix /home/shorouk/ros2_ws/install/py_pubsub --record /home/shorouk/ros2_ws/build/py_pubsub/install.log --single-version-externally-managed
