[0.092s] Invoking command in '/home/shorouk/ros2_ws/build/my_cpp_py_pkg': CMAKE_PREFIX_PATH=${CMAKE_PREFIX_PATH}:/opt/ros/eloquent:/home/shorouk/ros2_ws/install/py_srvcli:/home/shorouk/ros2_ws/install/py_pubsub:/home/shorouk/ros2_ws/install/my_python_pkg /usr/bin/cmake --build /home/shorouk/ros2_ws/build/my_cpp_py_pkg -- -j4 -l4
[0.280s] [35m[1mScanning dependencies of target cpp_executable[0m
[0.393s] [ 50%] [32mBuilding CXX object CMakeFiles/cpp_executable.dir/src/cpp_node.cpp.o[0m
[5.924s] [01m[K/home/shorouk/ros2_ws/src/my_cpp_py_pkg/src/cpp_node.cpp:[m[K In constructor ‘[01m[KMyNode::MyNode()[m[K’:
[5.924s] [01m[K/home/shorouk/ros2_ws/src/my_cpp_py_pkg/src/cpp_node.cpp:11:32:[m[K [01;31m[Kerror: [m[Kclass ‘[01m[KMyNode[m[K’ does not have any field named ‘[01m[Kcount_[m[K’
[5.925s]      MyNode() : Node("my_node"),[01;31m[Kcount_[m[K(0)
[5.925s]                                 [01;31m[K^~~~~~[m[K
[6.009s] [01m[K/home/shorouk/ros2_ws/src/my_cpp_py_pkg/src/cpp_node.cpp:15:10:[m[K [01;31m[Kerror: [m[K‘[01m[Kpublisher_[m[K’ was not declared in this scope
[6.010s]           [01;31m[Kpublisher_[m[K = this->create_publisher<std_msgs::msg::String>("topic1", 10);
[6.011s]           [01;31m[K^~~~~~~~~~[m[K
[6.016s] [01m[K/home/shorouk/ros2_ws/src/my_cpp_py_pkg/src/cpp_node.cpp:15:10:[m[K [01;36m[Knote: [m[Ksuggested alternative: ‘[01m[Krcl_publisher_t[m[K’
[6.016s]           [01;36m[Kpublisher_[m[K = this->create_publisher<std_msgs::msg::String>("topic1", 10);
[6.017s]           [01;36m[K^~~~~~~~~~[m[K
[6.017s]           [32m[Krcl_publisher_t[m[K
[6.047s] [01m[K/home/shorouk/ros2_ws/src/my_cpp_py_pkg/src/cpp_node.cpp:[m[K In member function ‘[01m[Kvoid MyNode::topic_callback(std_msgs::msg::String_<std::allocator<void> >::SharedPtr) const[m[K’:
[6.047s] [01m[K/home/shorouk/ros2_ws/src/my_cpp_py_pkg/src/cpp_node.cpp:24:56:[m[K [01;31m[Kerror: [m[K‘[01m[Kcount_[m[K’ was not declared in this scope
[6.048s]        message.data = "Hello, world! " + std::to_string([01;31m[Kcount_[m[K++);
[6.049s]                                                         [01;31m[K^~~~~~[m[K
[6.053s] [01m[K/home/shorouk/ros2_ws/src/my_cpp_py_pkg/src/cpp_node.cpp:26:7:[m[K [01;31m[Kerror: [m[K‘[01m[Kpublisher_[m[K’ was not declared in this scope
[6.053s]        [01;31m[Kpublisher_[m[K->publish(message);
[6.054s]        [01;31m[K^~~~~~~~~~[m[K
[6.059s] [01m[K/home/shorouk/ros2_ws/src/my_cpp_py_pkg/src/cpp_node.cpp:26:7:[m[K [01;36m[Knote: [m[Ksuggested alternative: ‘[01m[Krcl_publisher_t[m[K’
[6.060s]        [01;36m[Kpublisher_[m[K->publish(message);
[6.060s]        [01;36m[K^~~~~~~~~~[m[K
[6.061s]        [32m[Krcl_publisher_t[m[K
[10.364s] CMakeFiles/cpp_executable.dir/build.make:62: recipe for target 'CMakeFiles/cpp_executable.dir/src/cpp_node.cpp.o' failed
[10.366s] make[2]: *** [CMakeFiles/cpp_executable.dir/src/cpp_node.cpp.o] Error 1
[10.366s] CMakeFiles/Makefile2:131: recipe for target 'CMakeFiles/cpp_executable.dir/all' failed
[10.367s] make[1]: *** [CMakeFiles/cpp_executable.dir/all] Error 2
[10.368s] Makefile:140: recipe for target 'all' failed
[10.368s] make: *** [all] Error 2
[10.374s] Invoked command in '/home/shorouk/ros2_ws/build/my_cpp_py_pkg' returned '2': CMAKE_PREFIX_PATH=${CMAKE_PREFIX_PATH}:/opt/ros/eloquent:/home/shorouk/ros2_ws/install/py_srvcli:/home/shorouk/ros2_ws/install/py_pubsub:/home/shorouk/ros2_ws/install/my_python_pkg /usr/bin/cmake --build /home/shorouk/ros2_ws/build/my_cpp_py_pkg -- -j4 -l4
