[1.251s] Invoking command in '/home/shorouk/ros2_ws/src/py_pubsub': PYTHONPATH=/home/shorouk/ros2_ws/install/py_pubsub/lib/python3.6/site-packages:${PYTHONPATH} /usr/bin/python3 setup.py egg_info --egg-base ../../build/py_pubsub build --build-base /home/shorouk/ros2_ws/build/py_pubsub/build install --prefix /home/shorouk/ros2_ws/install/py_pubsub --record /home/shorouk/ros2_ws/build/py_pubsub/install.log --single-version-externally-managed
[2.347s] running egg_info
[2.349s] writing ../../build/py_pubsub/py_pubsub.egg-info/PKG-INFO
[2.350s] writing dependency_links to ../../build/py_pubsub/py_pubsub.egg-info/dependency_links.txt
[2.351s] writing entry points to ../../build/py_pubsub/py_pubsub.egg-info/entry_points.txt
[2.352s] writing requirements to ../../build/py_pubsub/py_pubsub.egg-info/requires.txt
[2.353s] writing top-level names to ../../build/py_pubsub/py_pubsub.egg-info/top_level.txt
[2.532s] reading manifest file '../../build/py_pubsub/py_pubsub.egg-info/SOURCES.txt'
[2.539s] writing manifest file '../../build/py_pubsub/py_pubsub.egg-info/SOURCES.txt'
[2.540s] running build
[2.541s] running build_py
[2.542s] running install
[2.544s] running install_lib
[2.547s] copying /home/shorouk/ros2_ws/build/py_pubsub/build/lib/py_pubsub/test.py -> /home/shorouk/ros2_ws/install/py_pubsub/lib/python3.6/site-packages/py_pubsub
[2.550s] byte-compiling /home/shorouk/ros2_ws/install/py_pubsub/lib/python3.6/site-packages/py_pubsub/publisher_member_function.py to publisher_member_function.cpython-36.pyc
[2.555s] Sorry: IndentationError: unexpected indent (publisher_member_function.py, line 284)
[2.556s] byte-compiling /home/shorouk/ros2_ws/install/py_pubsub/lib/python3.6/site-packages/py_pubsub/test.py to test.cpython-36.pyc
[2.557s]   File "/home/shorouk/ros2_ws/install/py_pubsub/lib/python3.6/site-packages/py_pubsub/test.py", line 3
[2.558s]     echo $z
[2.559s]          ^
[2.560s] SyntaxError: invalid syntax
[2.560s] 
[2.561s] byte-compiling /home/shorouk/ros2_ws/install/py_pubsub/lib/python3.6/site-packages/py_pubsub/imagenode1.py to imagenode1.cpython-36.pyc
[2.563s] Sorry: IndentationError: unexpected indent (imagenode1.py, line 244)
[2.563s] running install_data
[2.565s] running install_egg_info
[2.573s] removing '/home/shorouk/ros2_ws/install/py_pubsub/lib/python3.6/site-packages/py_pubsub-0.0.0-py3.6.egg-info' (and everything under it)
[2.575s] Copying ../../build/py_pubsub/py_pubsub.egg-info to /home/shorouk/ros2_ws/install/py_pubsub/lib/python3.6/site-packages/py_pubsub-0.0.0-py3.6.egg-info
[2.579s] running install_scripts
[2.675s] Installing listener script to /home/shorouk/ros2_ws/install/py_pubsub/lib/py_pubsub
[2.676s] Installing talker script to /home/shorouk/ros2_ws/install/py_pubsub/lib/py_pubsub
[2.678s] writing list of installed files to '/home/shorouk/ros2_ws/build/py_pubsub/install.log'
[2.759s] Invoked command in '/home/shorouk/ros2_ws/src/py_pubsub' returned '0': PYTHONPATH=/home/shorouk/ros2_ws/install/py_pubsub/lib/python3.6/site-packages:${PYTHONPATH} /usr/bin/python3 setup.py egg_info --egg-base ../../build/py_pubsub build --build-base /home/shorouk/ros2_ws/build/py_pubsub/build install --prefix /home/shorouk/ros2_ws/install/py_pubsub --record /home/shorouk/ros2_ws/build/py_pubsub/install.log --single-version-externally-managed
