[0.171s] Invoking command in '/home/shorouk/ros2_ws/build/my_cpp_py_pkg': CMAKE_PREFIX_PATH=${CMAKE_PREFIX_PATH}:/home/shorouk/ros2_ws/install/py_srvcli:/home/shorouk/ros2_ws/install/py_pubsub:/home/shorouk/ros2_ws/install/my_python_pkg:/opt/ros/eloquent /usr/bin/cmake --build /home/shorouk/ros2_ws/build/my_cpp_py_pkg -- -j4 -l4
[0.911s] [ 50%] [32mBuilding CXX object CMakeFiles/cpp_executable.dir/src/cpp_node.cpp.o[0m
[20.680s] [100%] [32m[1mLinking CXX executable cpp_executable[0m
[22.264s] [100%] Built target cpp_executable
[22.312s] Invoked command in '/home/shorouk/ros2_ws/build/my_cpp_py_pkg' returned '0': CMAKE_PREFIX_PATH=${CMAKE_PREFIX_PATH}:/home/shorouk/ros2_ws/install/py_srvcli:/home/shorouk/ros2_ws/install/py_pubsub:/home/shorouk/ros2_ws/install/my_python_pkg:/opt/ros/eloquent /usr/bin/cmake --build /home/shorouk/ros2_ws/build/my_cpp_py_pkg -- -j4 -l4
[22.468s] Invoking command in '/home/shorouk/ros2_ws/build/my_cpp_py_pkg': CMAKE_PREFIX_PATH=${CMAKE_PREFIX_PATH}:/home/shorouk/ros2_ws/install/py_srvcli:/home/shorouk/ros2_ws/install/py_pubsub:/home/shorouk/ros2_ws/install/my_python_pkg:/opt/ros/eloquent /usr/bin/cmake --build /home/shorouk/ros2_ws/build/my_cpp_py_pkg --target install -- -j4 -l4
[22.717s] [100%] Built target cpp_executable
[22.802s] [36mInstall the project...[0m
[22.842s] -- Install configuration: ""
[22.844s] -- Installing: /home/shorouk/ros2_ws/install/my_cpp_py_pkg/lib/my_cpp_py_pkg/cpp_executable
[22.851s] -- Set runtime path of "/home/shorouk/ros2_ws/install/my_cpp_py_pkg/lib/my_cpp_py_pkg/cpp_executable" to ""
[22.853s] -- Up-to-date: /home/shorouk/ros2_ws/install/my_cpp_py_pkg/share/my_cpp_py_pkg/environment/pythonpath.sh
[22.854s] -- Up-to-date: /home/shorouk/ros2_ws/install/my_cpp_py_pkg/share/my_cpp_py_pkg/environment/pythonpath.dsv
[22.855s] -- Up-to-date: /home/shorouk/ros2_ws/install/my_cpp_py_pkg/lib/python3.6/site-packages/my_cpp_py_pkg
[22.856s] -- Up-to-date: /home/shorouk/ros2_ws/install/my_cpp_py_pkg/lib/python3.6/site-packages/my_cpp_py_pkg/module_to_import.py
[22.857s] -- Up-to-date: /home/shorouk/ros2_ws/install/my_cpp_py_pkg/lib/python3.6/site-packages/my_cpp_py_pkg/__init__.py
[23.053s] Listing '/home/shorouk/ros2_ws/install/my_cpp_py_pkg/lib/python3.6/site-packages/my_cpp_py_pkg'...
[23.070s] -- Up-to-date: /home/shorouk/ros2_ws/install/my_cpp_py_pkg/lib/my_cpp_py_pkg/py_node.py
[23.072s] -- Up-to-date: /home/shorouk/ros2_ws/install/my_cpp_py_pkg/share/ament_index/resource_index/package_run_dependencies/my_cpp_py_pkg
[23.073s] -- Up-to-date: /home/shorouk/ros2_ws/install/my_cpp_py_pkg/share/ament_index/resource_index/parent_prefix_path/my_cpp_py_pkg
[23.074s] -- Up-to-date: /home/shorouk/ros2_ws/install/my_cpp_py_pkg/share/my_cpp_py_pkg/environment/ament_prefix_path.sh
[23.075s] -- Up-to-date: /home/shorouk/ros2_ws/install/my_cpp_py_pkg/share/my_cpp_py_pkg/environment/ament_prefix_path.dsv
[23.076s] -- Up-to-date: /home/shorouk/ros2_ws/install/my_cpp_py_pkg/share/my_cpp_py_pkg/environment/path.sh
[23.076s] -- Up-to-date: /home/shorouk/ros2_ws/install/my_cpp_py_pkg/share/my_cpp_py_pkg/environment/path.dsv
[23.077s] -- Up-to-date: /home/shorouk/ros2_ws/install/my_cpp_py_pkg/share/my_cpp_py_pkg/local_setup.bash
[23.077s] -- Up-to-date: /home/shorouk/ros2_ws/install/my_cpp_py_pkg/share/my_cpp_py_pkg/local_setup.sh
[23.078s] -- Up-to-date: /home/shorouk/ros2_ws/install/my_cpp_py_pkg/share/my_cpp_py_pkg/local_setup.zsh
[23.078s] -- Up-to-date: /home/shorouk/ros2_ws/install/my_cpp_py_pkg/share/my_cpp_py_pkg/local_setup.dsv
[23.079s] -- Installing: /home/shorouk/ros2_ws/install/my_cpp_py_pkg/share/my_cpp_py_pkg/package.dsv
[23.079s] -- Up-to-date: /home/shorouk/ros2_ws/install/my_cpp_py_pkg/share/ament_index/resource_index/packages/my_cpp_py_pkg
[23.080s] -- Up-to-date: /home/shorouk/ros2_ws/install/my_cpp_py_pkg/share/my_cpp_py_pkg/cmake/my_cpp_py_pkgConfig.cmake
[23.081s] -- Up-to-date: /home/shorouk/ros2_ws/install/my_cpp_py_pkg/share/my_cpp_py_pkg/cmake/my_cpp_py_pkgConfig-version.cmake
[23.081s] -- Up-to-date: /home/shorouk/ros2_ws/install/my_cpp_py_pkg/share/my_cpp_py_pkg/package.xml
[23.091s] Invoked command in '/home/shorouk/ros2_ws/build/my_cpp_py_pkg' returned '0': CMAKE_PREFIX_PATH=${CMAKE_PREFIX_PATH}:/home/shorouk/ros2_ws/install/py_srvcli:/home/shorouk/ros2_ws/install/py_pubsub:/home/shorouk/ros2_ws/install/my_python_pkg:/opt/ros/eloquent /usr/bin/cmake --build /home/shorouk/ros2_ws/build/my_cpp_py_pkg --target install -- -j4 -l4
