[1.255s] Invoking command in '/home/shorouk/ros2_ws/src/py_pubsub': PYTHONPATH=/home/shorouk/ros2_ws/install/py_pubsub/lib/python3.6/site-packages:${PYTHONPATH} /usr/bin/python3 setup.py egg_info --egg-base ../../build/py_pubsub build --build-base /home/shorouk/ros2_ws/build/py_pubsub/build install --prefix /home/shorouk/ros2_ws/install/py_pubsub --record /home/shorouk/ros2_ws/build/py_pubsub/install.log --single-version-externally-managed
[2.356s] running egg_info
[2.358s] writing ../../build/py_pubsub/py_pubsub.egg-info/PKG-INFO
[2.360s] writing dependency_links to ../../build/py_pubsub/py_pubsub.egg-info/dependency_links.txt
[2.360s] writing entry points to ../../build/py_pubsub/py_pubsub.egg-info/entry_points.txt
[2.362s] writing requirements to ../../build/py_pubsub/py_pubsub.egg-info/requires.txt
[2.362s] writing top-level names to ../../build/py_pubsub/py_pubsub.egg-info/top_level.txt
[2.542s] reading manifest file '../../build/py_pubsub/py_pubsub.egg-info/SOURCES.txt'
[2.548s] writing manifest file '../../build/py_pubsub/py_pubsub.egg-info/SOURCES.txt'
[2.549s] running build
[2.550s] running build_py
[2.551s] copying py_pubsub/publisher_member_function.py -> /home/shorouk/ros2_ws/build/py_pubsub/build/lib/py_pubsub
[2.551s] copying py_pubsub/imagenode1.py -> /home/shorouk/ros2_ws/build/py_pubsub/build/lib/py_pubsub
[2.553s] running install
[2.554s] running install_lib
[2.558s] copying /home/shorouk/ros2_ws/build/py_pubsub/build/lib/py_pubsub/publisher_member_function.py -> /home/shorouk/ros2_ws/install/py_pubsub/lib/python3.6/site-packages/py_pubsub
[2.559s] copying /home/shorouk/ros2_ws/build/py_pubsub/build/lib/py_pubsub/imagenode1.py -> /home/shorouk/ros2_ws/install/py_pubsub/lib/python3.6/site-packages/py_pubsub
[2.561s] byte-compiling /home/shorouk/ros2_ws/install/py_pubsub/lib/python3.6/site-packages/py_pubsub/publisher_member_function.py to publisher_member_function.cpython-36.pyc
[2.566s] Sorry: IndentationError: unexpected indent (publisher_member_function.py, line 284)
[2.566s] byte-compiling /home/shorouk/ros2_ws/install/py_pubsub/lib/python3.6/site-packages/py_pubsub/imagenode1.py to imagenode1.cpython-36.pyc
[2.572s] Sorry: IndentationError: unexpected indent (imagenode1.py, line 244)
[2.573s] running install_data
[2.574s] running install_egg_info
[2.582s] removing '/home/shorouk/ros2_ws/install/py_pubsub/lib/python3.6/site-packages/py_pubsub-0.0.0-py3.6.egg-info' (and everything under it)
[2.584s] Copying ../../build/py_pubsub/py_pubsub.egg-info to /home/shorouk/ros2_ws/install/py_pubsub/lib/python3.6/site-packages/py_pubsub-0.0.0-py3.6.egg-info
[2.589s] running install_scripts
[2.680s] Installing listener script to /home/shorouk/ros2_ws/install/py_pubsub/lib/py_pubsub
[2.681s] Installing talker script to /home/shorouk/ros2_ws/install/py_pubsub/lib/py_pubsub
[2.682s] writing list of installed files to '/home/shorouk/ros2_ws/build/py_pubsub/install.log'
[2.758s] Invoked command in '/home/shorouk/ros2_ws/src/py_pubsub' returned '0': PYTHONPATH=/home/shorouk/ros2_ws/install/py_pubsub/lib/python3.6/site-packages:${PYTHONPATH} /usr/bin/python3 setup.py egg_info --egg-base ../../build/py_pubsub build --build-base /home/shorouk/ros2_ws/build/py_pubsub/build install --prefix /home/shorouk/ros2_ws/install/py_pubsub --record /home/shorouk/ros2_ws/build/py_pubsub/install.log --single-version-externally-managed
