[1.829s] Invoking command in '/home/shorouk/ros2_ws/src/py_pubsub': PYTHONPATH=/home/shorouk/ros2_ws/install/py_pubsub/lib/python3.6/site-packages:${PYTHONPATH} /usr/bin/python3 setup.py egg_info --egg-base ../../build/py_pubsub build --build-base /home/shorouk/ros2_ws/build/py_pubsub/build install --prefix /home/shorouk/ros2_ws/install/py_pubsub --record /home/shorouk/ros2_ws/build/py_pubsub/install.log --single-version-externally-managed
[3.259s] running egg_info
[3.262s] writing ../../build/py_pubsub/py_pubsub.egg-info/PKG-INFO
[3.263s] writing dependency_links to ../../build/py_pubsub/py_pubsub.egg-info/dependency_links.txt
[3.265s] writing entry points to ../../build/py_pubsub/py_pubsub.egg-info/entry_points.txt
[3.266s] writing requirements to ../../build/py_pubsub/py_pubsub.egg-info/requires.txt
[3.267s] writing top-level names to ../../build/py_pubsub/py_pubsub.egg-info/top_level.txt
[3.490s] reading manifest file '../../build/py_pubsub/py_pubsub.egg-info/SOURCES.txt'
[3.497s] writing manifest file '../../build/py_pubsub/py_pubsub.egg-info/SOURCES.txt'
[3.498s] running build
[3.499s] running build_py
[3.500s] copying py_pubsub/subscriber_member_function.py -> /home/shorouk/ros2_ws/build/py_pubsub/build/lib/py_pubsub
[3.503s] running install
[3.506s] running install_lib
[3.510s] copying /home/shorouk/ros2_ws/build/py_pubsub/build/lib/py_pubsub/subscriber_member_function.py -> /home/shorouk/ros2_ws/install/py_pubsub/lib/python3.6/site-packages/py_pubsub
[3.513s] byte-compiling /home/shorouk/ros2_ws/install/py_pubsub/lib/python3.6/site-packages/py_pubsub/subscriber_member_function.py to subscriber_member_function.cpython-36.pyc
[3.516s] running install_data
[3.520s] running install_egg_info
[3.530s] removing '/home/shorouk/ros2_ws/install/py_pubsub/lib/python3.6/site-packages/py_pubsub-0.0.0-py3.6.egg-info' (and everything under it)
[3.532s] Copying ../../build/py_pubsub/py_pubsub.egg-info to /home/shorouk/ros2_ws/install/py_pubsub/lib/python3.6/site-packages/py_pubsub-0.0.0-py3.6.egg-info
[3.539s] running install_scripts
[3.646s] Installing listener script to /home/shorouk/ros2_ws/install/py_pubsub/lib/py_pubsub
[3.647s] Installing talker script to /home/shorouk/ros2_ws/install/py_pubsub/lib/py_pubsub
[3.650s] writing list of installed files to '/home/shorouk/ros2_ws/build/py_pubsub/install.log'
[3.738s] Invoked command in '/home/shorouk/ros2_ws/src/py_pubsub' returned '0': PYTHONPATH=/home/shorouk/ros2_ws/install/py_pubsub/lib/python3.6/site-packages:${PYTHONPATH} /usr/bin/python3 setup.py egg_info --egg-base ../../build/py_pubsub build --build-base /home/shorouk/ros2_ws/build/py_pubsub/build install --prefix /home/shorouk/ros2_ws/install/py_pubsub --record /home/shorouk/ros2_ws/build/py_pubsub/install.log --single-version-externally-managed
