[0.910s] DEBUG:colcon:Command line arguments: ['/usr/bin/colcon', 'build', '--packages-select', 'tutorial_interfaces']
[0.911s] DEBUG:colcon:Parsed command line arguments: Namespace(ament_cmake_args=None, base_paths=['.'], build_base='build', catkin_cmake_args=None, catkin_skip_building_tests=False, cmake_args=None, cmake_clean_cache=False, cmake_clean_first=False, cmake_force_configure=False, cmake_target=None, cmake_target_skip_unavailable=False, continue_on_error=False, event_handlers=None, executor='parallel', ignore_user_meta=False, install_base='install', log_base=None, log_level=None, main=<bound method BuildVerb.main of <colcon_core.verb.build.BuildVerb object at 0x7fd6dda13f98>>, merge_install=False, metas=['./colcon.meta'], packages_above=None, packages_above_and_dependencies=None, packages_above_depth=None, packages_end=None, packages_ignore=None, packages_ignore_regex=None, packages_select=['tutorial_interfaces'], packages_select_build_failed=False, packages_select_by_dep=None, packages_select_regex=None, packages_select_test_failures=False, packages_skip=None, packages_skip_build_finished=False, packages_skip_by_dep=None, packages_skip_regex=None, packages_skip_test_passed=False, packages_skip_up_to=None, packages_start=None, packages_up_to=None, packages_up_to_regex=None, parallel_workers=4, paths=None, symlink_install=False, test_result_base=None, verb_extension=<colcon_core.verb.build.BuildVerb object at 0x7fd6dda13f98>, verb_name='build', verb_parser=<colcon_defaults.argument_parser.defaults.DefaultArgumentsDecorator object at 0x7fd6dda22320>)
[0.939s] Level 1:colcon.colcon_core.package_discovery:discover_packages(colcon_meta) check parameters
[0.939s] Level 1:colcon.colcon_core.package_discovery:discover_packages(recursive) check parameters
[0.939s] Level 1:colcon.colcon_core.package_discovery:discover_packages(ignore) check parameters
[0.940s] Level 1:colcon.colcon_core.package_discovery:discover_packages(path) check parameters
[0.940s] Level 1:colcon.colcon_core.package_discovery:discover_packages(colcon_meta) discover
[0.941s] Level 1:colcon.colcon_core.package_discovery:discover_packages(recursive) discover
[0.942s] INFO:colcon.colcon_core.package_discovery:Crawling recursively for packages in '/home/shorouk/ros2_ws'
[0.942s] Level 1:colcon.colcon_core.package_identification:_identify(.) by extensions ['ignore', 'ignore_ament_install']
[0.943s] Level 1:colcon.colcon_core.package_identification:_identify(.) by extension 'ignore'
[0.943s] Level 1:colcon.colcon_core.package_identification:_identify(.) by extension 'ignore_ament_install'
[0.944s] Level 1:colcon.colcon_core.package_identification:_identify(.) by extensions ['colcon_pkg']
[0.944s] Level 1:colcon.colcon_core.package_identification:_identify(.) by extension 'colcon_pkg'
[0.944s] Level 1:colcon.colcon_core.package_identification:_identify(.) by extensions ['colcon_meta']
[0.944s] Level 1:colcon.colcon_core.package_identification:_identify(.) by extension 'colcon_meta'
[0.945s] Level 1:colcon.colcon_core.package_identification:_identify(.) by extensions ['ros']
[0.945s] Level 1:colcon.colcon_core.package_identification:_identify(.) by extension 'ros'
[1.001s] Level 1:colcon.colcon_core.package_identification:_identify(.) by extensions ['cmake', 'python']
[1.001s] Level 1:colcon.colcon_core.package_identification:_identify(.) by extension 'cmake'
[1.001s] Level 1:colcon.colcon_core.package_identification:_identify(.) by extension 'python'
[1.002s] Level 1:colcon.colcon_core.package_identification:_identify(.) by extensions ['python_setup_py']
[1.002s] Level 1:colcon.colcon_core.package_identification:_identify(.) by extension 'python_setup_py'
[1.003s] Level 1:colcon.colcon_core.package_identification:_identify(build) by extensions ['ignore', 'ignore_ament_install']
[1.003s] Level 1:colcon.colcon_core.package_identification:_identify(build) by extension 'ignore'
[1.003s] Level 1:colcon.colcon_core.package_identification:_identify(build) ignored
[1.005s] Level 1:colcon.colcon_core.package_identification:_identify(install) by extensions ['ignore', 'ignore_ament_install']
[1.006s] Level 1:colcon.colcon_core.package_identification:_identify(install) by extension 'ignore'
[1.006s] Level 1:colcon.colcon_core.package_identification:_identify(install) ignored
[1.007s] Level 1:colcon.colcon_core.package_identification:_identify(log) by extensions ['ignore', 'ignore_ament_install']
[1.007s] Level 1:colcon.colcon_core.package_identification:_identify(log) by extension 'ignore'
[1.008s] Level 1:colcon.colcon_core.package_identification:_identify(log) ignored
[1.008s] Level 1:colcon.colcon_core.package_identification:_identify(src) by extensions ['ignore', 'ignore_ament_install']
[1.009s] Level 1:colcon.colcon_core.package_identification:_identify(src) by extension 'ignore'
[1.009s] Level 1:colcon.colcon_core.package_identification:_identify(src) by extension 'ignore_ament_install'
[1.009s] Level 1:colcon.colcon_core.package_identification:_identify(src) by extensions ['colcon_pkg']
[1.010s] Level 1:colcon.colcon_core.package_identification:_identify(src) by extension 'colcon_pkg'
[1.010s] Level 1:colcon.colcon_core.package_identification:_identify(src) by extensions ['colcon_meta']
[1.010s] Level 1:colcon.colcon_core.package_identification:_identify(src) by extension 'colcon_meta'
[1.010s] Level 1:colcon.colcon_core.package_identification:_identify(src) by extensions ['ros']
[1.011s] Level 1:colcon.colcon_core.package_identification:_identify(src) by extension 'ros'
[1.011s] Level 1:colcon.colcon_core.package_identification:_identify(src) by extensions ['cmake', 'python']
[1.011s] Level 1:colcon.colcon_core.package_identification:_identify(src) by extension 'cmake'
[1.012s] Level 1:colcon.colcon_core.package_identification:_identify(src) by extension 'python'
[1.012s] Level 1:colcon.colcon_core.package_identification:_identify(src) by extensions ['python_setup_py']
[1.012s] Level 1:colcon.colcon_core.package_identification:_identify(src) by extension 'python_setup_py'
[1.013s] Level 1:colcon.colcon_core.package_identification:_identify(src/build) by extensions ['ignore', 'ignore_ament_install']
[1.013s] Level 1:colcon.colcon_core.package_identification:_identify(src/build) by extension 'ignore'
[1.013s] Level 1:colcon.colcon_core.package_identification:_identify(src/build) ignored
[1.014s] Level 1:colcon.colcon_core.package_identification:_identify(src/install) by extensions ['ignore', 'ignore_ament_install']
[1.014s] Level 1:colcon.colcon_core.package_identification:_identify(src/install) by extension 'ignore'
[1.015s] Level 1:colcon.colcon_core.package_identification:_identify(src/install) ignored
[1.015s] Level 1:colcon.colcon_core.package_identification:_identify(src/log) by extensions ['ignore', 'ignore_ament_install']
[1.016s] Level 1:colcon.colcon_core.package_identification:_identify(src/log) by extension 'ignore'
[1.016s] Level 1:colcon.colcon_core.package_identification:_identify(src/log) ignored
[1.016s] Level 1:colcon.colcon_core.package_identification:_identify(src/my_python_pkg) by extensions ['ignore', 'ignore_ament_install']
[1.017s] Level 1:colcon.colcon_core.package_identification:_identify(src/my_python_pkg) by extension 'ignore'
[1.017s] Level 1:colcon.colcon_core.package_identification:_identify(src/my_python_pkg) by extension 'ignore_ament_install'
[1.018s] Level 1:colcon.colcon_core.package_identification:_identify(src/my_python_pkg) by extensions ['colcon_pkg']
[1.018s] Level 1:colcon.colcon_core.package_identification:_identify(src/my_python_pkg) by extension 'colcon_pkg'
[1.018s] Level 1:colcon.colcon_core.package_identification:_identify(src/my_python_pkg) by extensions ['colcon_meta']
[1.018s] Level 1:colcon.colcon_core.package_identification:_identify(src/my_python_pkg) by extension 'colcon_meta'
[1.019s] Level 1:colcon.colcon_core.package_identification:_identify(src/my_python_pkg) by extensions ['ros']
[1.019s] Level 1:colcon.colcon_core.package_identification:_identify(src/my_python_pkg) by extension 'ros'
[1.031s] DEBUG:colcon.colcon_core.package_identification:Package 'src/my_python_pkg' with type 'ros.ament_python' and name 'my_python_pkg'
[1.032s] Level 1:colcon.colcon_core.package_identification:_identify(src/py_srvcli) by extensions ['ignore', 'ignore_ament_install']
[1.032s] Level 1:colcon.colcon_core.package_identification:_identify(src/py_srvcli) by extension 'ignore'
[1.033s] Level 1:colcon.colcon_core.package_identification:_identify(src/py_srvcli) by extension 'ignore_ament_install'
[1.033s] Level 1:colcon.colcon_core.package_identification:_identify(src/py_srvcli) by extensions ['colcon_pkg']
[1.033s] Level 1:colcon.colcon_core.package_identification:_identify(src/py_srvcli) by extension 'colcon_pkg'
[1.034s] Level 1:colcon.colcon_core.package_identification:_identify(src/py_srvcli) by extensions ['colcon_meta']
[1.034s] Level 1:colcon.colcon_core.package_identification:_identify(src/py_srvcli) by extension 'colcon_meta'
[1.034s] Level 1:colcon.colcon_core.package_identification:_identify(src/py_srvcli) by extensions ['ros']
[1.034s] Level 1:colcon.colcon_core.package_identification:_identify(src/py_srvcli) by extension 'ros'
[1.039s] DEBUG:colcon.colcon_core.package_identification:Package 'src/py_srvcli' with type 'ros.ament_python' and name 'py_srvcli'
[1.040s] Level 1:colcon.colcon_core.package_identification:_identify(src/tutorial_interfaces) by extensions ['ignore', 'ignore_ament_install']
[1.040s] Level 1:colcon.colcon_core.package_identification:_identify(src/tutorial_interfaces) by extension 'ignore'
[1.040s] Level 1:colcon.colcon_core.package_identification:_identify(src/tutorial_interfaces) by extension 'ignore_ament_install'
[1.041s] Level 1:colcon.colcon_core.package_identification:_identify(src/tutorial_interfaces) by extensions ['colcon_pkg']
[1.041s] Level 1:colcon.colcon_core.package_identification:_identify(src/tutorial_interfaces) by extension 'colcon_pkg'
[1.042s] Level 1:colcon.colcon_core.package_identification:_identify(src/tutorial_interfaces) by extensions ['colcon_meta']
[1.042s] Level 1:colcon.colcon_core.package_identification:_identify(src/tutorial_interfaces) by extension 'colcon_meta'
[1.042s] Level 1:colcon.colcon_core.package_identification:_identify(src/tutorial_interfaces) by extensions ['ros']
[1.042s] Level 1:colcon.colcon_core.package_identification:_identify(src/tutorial_interfaces) by extension 'ros'
[1.045s] DEBUG:colcon.colcon_core.package_identification:Package 'src/tutorial_interfaces' with type 'ros.ament_cmake' and name 'tutorial_interfaces'
[1.045s] Level 1:colcon.colcon_core.package_discovery:discover_packages(recursive) using defaults
[1.046s] Level 1:colcon.colcon_core.package_discovery:discover_packages(ignore) discover
[1.046s] Level 1:colcon.colcon_core.package_discovery:discover_packages(ignore) using defaults
[1.046s] Level 1:colcon.colcon_core.package_discovery:discover_packages(path) discover
[1.047s] Level 1:colcon.colcon_core.package_discovery:discover_packages(path) using defaults
[1.142s] INFO:colcon.colcon_core.package_selection:Skipping not selected package 'my_python_pkg' in 'src/my_python_pkg'
[1.142s] INFO:colcon.colcon_core.package_selection:Skipping not selected package 'py_srvcli' in 'src/py_srvcli'
[1.161s] Level 5:colcon.colcon_core.verb:set package 'tutorial_interfaces' build argument 'cmake_args' from command line to 'None'
[1.161s] Level 5:colcon.colcon_core.verb:set package 'tutorial_interfaces' build argument 'cmake_target' from command line to 'None'
[1.161s] Level 5:colcon.colcon_core.verb:set package 'tutorial_interfaces' build argument 'cmake_target_skip_unavailable' from command line to 'False'
[1.161s] Level 5:colcon.colcon_core.verb:set package 'tutorial_interfaces' build argument 'cmake_clean_cache' from command line to 'False'
[1.162s] Level 5:colcon.colcon_core.verb:set package 'tutorial_interfaces' build argument 'cmake_clean_first' from command line to 'False'
[1.162s] Level 5:colcon.colcon_core.verb:set package 'tutorial_interfaces' build argument 'cmake_force_configure' from command line to 'False'
[1.162s] Level 5:colcon.colcon_core.verb:set package 'tutorial_interfaces' build argument 'ament_cmake_args' from command line to 'None'
[1.162s] Level 5:colcon.colcon_core.verb:set package 'tutorial_interfaces' build argument 'catkin_cmake_args' from command line to 'None'
[1.163s] Level 5:colcon.colcon_core.verb:set package 'tutorial_interfaces' build argument 'catkin_skip_building_tests' from command line to 'False'
[1.163s] DEBUG:colcon.colcon_core.verb:Building package 'tutorial_interfaces' with the following arguments: {'ament_cmake_args': None, 'build_base': '/home/shorouk/ros2_ws/build/tutorial_interfaces', 'catkin_cmake_args': None, 'catkin_skip_building_tests': False, 'cmake_args': None, 'cmake_clean_cache': False, 'cmake_clean_first': False, 'cmake_force_configure': False, 'cmake_target': None, 'cmake_target_skip_unavailable': False, 'install_base': '/home/shorouk/ros2_ws/install/tutorial_interfaces', 'merge_install': False, 'path': '/home/shorouk/ros2_ws/src/tutorial_interfaces', 'symlink_install': False, 'test_result_base': None}
[1.165s] INFO:colcon.colcon_core.executor:Executing jobs using 'parallel' executor
[1.175s] DEBUG:colcon.colcon_parallel_executor.executor.parallel:run_until_complete
[1.176s] INFO:colcon.colcon_ros.task.ament_cmake.build:Building ROS package in '/home/shorouk/ros2_ws/src/tutorial_interfaces' with build type 'ament_cmake'
[1.176s] INFO:colcon.colcon_cmake.task.cmake.build:Building CMake package in '/home/shorouk/ros2_ws/src/tutorial_interfaces'
[1.198s] INFO:colcon.colcon_core.plugin_system:Skipping extension 'colcon_core.shell.bat': Not used on non-Windows systems
[1.200s] INFO:colcon.colcon_core.shell:Skip shell extension 'powershell' for command environment: Not usable outside of PowerShell
[1.200s] DEBUG:colcon.colcon_core.shell:Skip shell extension 'dsv' for command environment
[1.218s] DEBUG:colcon.colcon_core.shell:Ignoring prefix path '/opt/ros/eloquent'
[1.248s] DEBUG:colcon.colcon_core.event_handler.log_command:Invoking command in '/home/shorouk/ros2_ws/build/tutorial_interfaces': CMAKE_PREFIX_PATH=/home/shorouk/ros2_ws/install/py_srvcli:/home/shorouk/ros2_ws/install/my_python_pkg:/opt/ros/eloquent /usr/bin/cmake /home/shorouk/ros2_ws/src/tutorial_interfaces -DCMAKE_INSTALL_PREFIX=/home/shorouk/ros2_ws/install/tutorial_interfaces
[7.350s] DEBUG:colcon.colcon_core.event_handler.log_command:Invoked command in '/home/shorouk/ros2_ws/build/tutorial_interfaces' returned '1': CMAKE_PREFIX_PATH=/home/shorouk/ros2_ws/install/py_srvcli:/home/shorouk/ros2_ws/install/my_python_pkg:/opt/ros/eloquent /usr/bin/cmake /home/shorouk/ros2_ws/src/tutorial_interfaces -DCMAKE_INSTALL_PREFIX=/home/shorouk/ros2_ws/install/tutorial_interfaces
[7.421s] DEBUG:colcon.colcon_parallel_executor.executor.parallel:closing loop
[7.422s] DEBUG:colcon.colcon_parallel_executor.executor.parallel:loop closed
[7.423s] DEBUG:colcon.colcon_parallel_executor.executor.parallel:run_until_complete finished with 'Expected ['/usr/bin/cmake', '--build', '/home/shorouk/ros2_ws/build/tutorial_interfaces', '--target', 'help'] to pass: make: *** No rule to make target 'help'.  Stop.
'
[7.423s] DEBUG:colcon.colcon_core.event_reactor:joining thread
[7.464s] INFO:colcon.colcon_core.plugin_system:Skipping extension 'colcon_notification.desktop_notification.terminal_notifier': Not used on non-Darwin systems
[7.464s] INFO:colcon.colcon_core.plugin_system:Skipping extension 'colcon_notification.desktop_notification.win32': Not used on non-Windows systems
[7.465s] INFO:colcon.colcon_notification.desktop_notification:Sending desktop notification using 'notify2'
[7.476s] DEBUG:colcon.colcon_core.event_reactor:joined thread
[7.480s] INFO:colcon.colcon_core.shell:Creating prefix script '/home/shorouk/ros2_ws/install/local_setup.ps1'
[7.486s] INFO:colcon.colcon_core.shell:Creating prefix util module '/home/shorouk/ros2_ws/install/_local_setup_util_ps1.py'
[7.494s] INFO:colcon.colcon_core.shell:Creating prefix chain script '/home/shorouk/ros2_ws/install/setup.ps1'
[7.544s] INFO:colcon.colcon_core.shell:Creating prefix script '/home/shorouk/ros2_ws/install/local_setup.sh'
[7.547s] INFO:colcon.colcon_core.shell:Creating prefix util module '/home/shorouk/ros2_ws/install/_local_setup_util_sh.py'
[7.550s] INFO:colcon.colcon_core.shell:Creating prefix chain script '/home/shorouk/ros2_ws/install/setup.sh'
[7.564s] INFO:colcon.colcon_core.shell:Creating prefix script '/home/shorouk/ros2_ws/install/local_setup.bash'
[7.567s] INFO:colcon.colcon_core.shell:Creating prefix chain script '/home/shorouk/ros2_ws/install/setup.bash'
[7.580s] INFO:colcon.colcon_core.shell:Creating prefix script '/home/shorouk/ros2_ws/install/local_setup.zsh'
[7.584s] INFO:colcon.colcon_core.shell:Creating prefix chain script '/home/shorouk/ros2_ws/install/setup.zsh'
