[0.984s] DEBUG:colcon:Command line arguments: ['/usr/bin/colcon', 'build', '--packages-select', 'my_cpp_py_pkg']
[0.985s] DEBUG:colcon:Parsed command line arguments: Namespace(ament_cmake_args=None, base_paths=['.'], build_base='build', catkin_cmake_args=None, catkin_skip_building_tests=False, cmake_args=None, cmake_clean_cache=False, cmake_clean_first=False, cmake_force_configure=False, cmake_target=None, cmake_target_skip_unavailable=False, continue_on_error=False, event_handlers=None, executor='parallel', ignore_user_meta=False, install_base='install', log_base=None, log_level=None, main=<bound method BuildVerb.main of <colcon_core.verb.build.BuildVerb object at 0x7f18bccae320>>, merge_install=False, metas=['./colcon.meta'], packages_above=None, packages_above_and_dependencies=None, packages_above_depth=None, packages_end=None, packages_ignore=None, packages_ignore_regex=None, packages_select=['my_cpp_py_pkg'], packages_select_build_failed=False, packages_select_by_dep=None, packages_select_regex=None, packages_select_test_failures=False, packages_skip=None, packages_skip_build_finished=False, packages_skip_by_dep=None, packages_skip_regex=None, packages_skip_test_passed=False, packages_skip_up_to=None, packages_start=None, packages_up_to=None, packages_up_to_regex=None, parallel_workers=4, paths=None, symlink_install=False, test_result_base=None, verb_extension=<colcon_core.verb.build.BuildVerb object at 0x7f18bccae320>, verb_name='build', verb_parser=<colcon_defaults.argument_parser.defaults.DefaultArgumentsDecorator object at 0x7f18bccae668>)
[1.033s] Level 1:colcon.colcon_core.package_discovery:discover_packages(colcon_meta) check parameters
[1.034s] Level 1:colcon.colcon_core.package_discovery:discover_packages(recursive) check parameters
[1.034s] Level 1:colcon.colcon_core.package_discovery:discover_packages(ignore) check parameters
[1.034s] Level 1:colcon.colcon_core.package_discovery:discover_packages(path) check parameters
[1.035s] Level 1:colcon.colcon_core.package_discovery:discover_packages(colcon_meta) discover
[1.036s] Level 1:colcon.colcon_core.package_discovery:discover_packages(recursive) discover
[1.037s] INFO:colcon.colcon_core.package_discovery:Crawling recursively for packages in '/home/shorouk/ros2_ws'
[1.037s] Level 1:colcon.colcon_core.package_identification:_identify(.) by extensions ['ignore', 'ignore_ament_install']
[1.038s] Level 1:colcon.colcon_core.package_identification:_identify(.) by extension 'ignore'
[1.038s] Level 1:colcon.colcon_core.package_identification:_identify(.) by extension 'ignore_ament_install'
[1.038s] Level 1:colcon.colcon_core.package_identification:_identify(.) by extensions ['colcon_pkg']
[1.039s] Level 1:colcon.colcon_core.package_identification:_identify(.) by extension 'colcon_pkg'
[1.039s] Level 1:colcon.colcon_core.package_identification:_identify(.) by extensions ['colcon_meta']
[1.039s] Level 1:colcon.colcon_core.package_identification:_identify(.) by extension 'colcon_meta'
[1.039s] Level 1:colcon.colcon_core.package_identification:_identify(.) by extensions ['ros']
[1.040s] Level 1:colcon.colcon_core.package_identification:_identify(.) by extension 'ros'
[1.113s] Level 1:colcon.colcon_core.package_identification:_identify(.) by extensions ['cmake', 'python']
[1.113s] Level 1:colcon.colcon_core.package_identification:_identify(.) by extension 'cmake'
[1.114s] Level 1:colcon.colcon_core.package_identification:_identify(.) by extension 'python'
[1.114s] Level 1:colcon.colcon_core.package_identification:_identify(.) by extensions ['python_setup_py']
[1.115s] Level 1:colcon.colcon_core.package_identification:_identify(.) by extension 'python_setup_py'
[1.116s] Level 1:colcon.colcon_core.package_identification:_identify(build) by extensions ['ignore', 'ignore_ament_install']
[1.117s] Level 1:colcon.colcon_core.package_identification:_identify(build) by extension 'ignore'
[1.117s] Level 1:colcon.colcon_core.package_identification:_identify(build) ignored
[1.120s] Level 1:colcon.colcon_core.package_identification:_identify(install) by extensions ['ignore', 'ignore_ament_install']
[1.121s] Level 1:colcon.colcon_core.package_identification:_identify(install) by extension 'ignore'
[1.122s] Level 1:colcon.colcon_core.package_identification:_identify(install) ignored
[1.124s] Level 1:colcon.colcon_core.package_identification:_identify(log) by extensions ['ignore', 'ignore_ament_install']
[1.125s] Level 1:colcon.colcon_core.package_identification:_identify(log) by extension 'ignore'
[1.126s] Level 1:colcon.colcon_core.package_identification:_identify(log) ignored
[1.126s] Level 1:colcon.colcon_core.package_identification:_identify(src) by extensions ['ignore', 'ignore_ament_install']
[1.127s] Level 1:colcon.colcon_core.package_identification:_identify(src) by extension 'ignore'
[1.128s] Level 1:colcon.colcon_core.package_identification:_identify(src) by extension 'ignore_ament_install'
[1.128s] Level 1:colcon.colcon_core.package_identification:_identify(src) by extensions ['colcon_pkg']
[1.129s] Level 1:colcon.colcon_core.package_identification:_identify(src) by extension 'colcon_pkg'
[1.129s] Level 1:colcon.colcon_core.package_identification:_identify(src) by extensions ['colcon_meta']
[1.130s] Level 1:colcon.colcon_core.package_identification:_identify(src) by extension 'colcon_meta'
[1.130s] Level 1:colcon.colcon_core.package_identification:_identify(src) by extensions ['ros']
[1.130s] Level 1:colcon.colcon_core.package_identification:_identify(src) by extension 'ros'
[1.131s] Level 1:colcon.colcon_core.package_identification:_identify(src) by extensions ['cmake', 'python']
[1.132s] Level 1:colcon.colcon_core.package_identification:_identify(src) by extension 'cmake'
[1.132s] Level 1:colcon.colcon_core.package_identification:_identify(src) by extension 'python'
[1.133s] Level 1:colcon.colcon_core.package_identification:_identify(src) by extensions ['python_setup_py']
[1.133s] Level 1:colcon.colcon_core.package_identification:_identify(src) by extension 'python_setup_py'
[1.134s] Level 1:colcon.colcon_core.package_identification:_identify(src/build) by extensions ['ignore', 'ignore_ament_install']
[1.135s] Level 1:colcon.colcon_core.package_identification:_identify(src/build) by extension 'ignore'
[1.135s] Level 1:colcon.colcon_core.package_identification:_identify(src/build) ignored
[1.136s] Level 1:colcon.colcon_core.package_identification:_identify(src/install) by extensions ['ignore', 'ignore_ament_install']
[1.137s] Level 1:colcon.colcon_core.package_identification:_identify(src/install) by extension 'ignore'
[1.138s] Level 1:colcon.colcon_core.package_identification:_identify(src/install) ignored
[1.138s] Level 1:colcon.colcon_core.package_identification:_identify(src/log) by extensions ['ignore', 'ignore_ament_install']
[1.139s] Level 1:colcon.colcon_core.package_identification:_identify(src/log) by extension 'ignore'
[1.139s] Level 1:colcon.colcon_core.package_identification:_identify(src/log) ignored
[1.140s] Level 1:colcon.colcon_core.package_identification:_identify(src/my_cpp_py_pkg) by extensions ['ignore', 'ignore_ament_install']
[1.141s] Level 1:colcon.colcon_core.package_identification:_identify(src/my_cpp_py_pkg) by extension 'ignore'
[1.141s] Level 1:colcon.colcon_core.package_identification:_identify(src/my_cpp_py_pkg) by extension 'ignore_ament_install'
[1.141s] Level 1:colcon.colcon_core.package_identification:_identify(src/my_cpp_py_pkg) by extensions ['colcon_pkg']
[1.142s] Level 1:colcon.colcon_core.package_identification:_identify(src/my_cpp_py_pkg) by extension 'colcon_pkg'
[1.142s] Level 1:colcon.colcon_core.package_identification:_identify(src/my_cpp_py_pkg) by extensions ['colcon_meta']
[1.142s] Level 1:colcon.colcon_core.package_identification:_identify(src/my_cpp_py_pkg) by extension 'colcon_meta'
[1.142s] Level 1:colcon.colcon_core.package_identification:_identify(src/my_cpp_py_pkg) by extensions ['ros']
[1.143s] Level 1:colcon.colcon_core.package_identification:_identify(src/my_cpp_py_pkg) by extension 'ros'
[1.160s] DEBUG:colcon.colcon_core.package_identification:Package 'src/my_cpp_py_pkg' with type 'ros.ament_cmake' and name 'my_cpp_py_pkg'
[1.161s] Level 1:colcon.colcon_core.package_identification:_identify(src/my_python_pkg) by extensions ['ignore', 'ignore_ament_install']
[1.162s] Level 1:colcon.colcon_core.package_identification:_identify(src/my_python_pkg) by extension 'ignore'
[1.163s] Level 1:colcon.colcon_core.package_identification:_identify(src/my_python_pkg) by extension 'ignore_ament_install'
[1.163s] Level 1:colcon.colcon_core.package_identification:_identify(src/my_python_pkg) by extensions ['colcon_pkg']
[1.164s] Level 1:colcon.colcon_core.package_identification:_identify(src/my_python_pkg) by extension 'colcon_pkg'
[1.164s] Level 1:colcon.colcon_core.package_identification:_identify(src/my_python_pkg) by extensions ['colcon_meta']
[1.165s] Level 1:colcon.colcon_core.package_identification:_identify(src/my_python_pkg) by extension 'colcon_meta'
[1.165s] Level 1:colcon.colcon_core.package_identification:_identify(src/my_python_pkg) by extensions ['ros']
[1.166s] Level 1:colcon.colcon_core.package_identification:_identify(src/my_python_pkg) by extension 'ros'
[1.175s] DEBUG:colcon.colcon_core.package_identification:Package 'src/my_python_pkg' with type 'ros.ament_python' and name 'my_python_pkg'
[1.176s] Level 1:colcon.colcon_core.package_identification:_identify(src/py_pubsub) by extensions ['ignore', 'ignore_ament_install']
[1.177s] Level 1:colcon.colcon_core.package_identification:_identify(src/py_pubsub) by extension 'ignore'
[1.177s] Level 1:colcon.colcon_core.package_identification:_identify(src/py_pubsub) by extension 'ignore_ament_install'
[1.178s] Level 1:colcon.colcon_core.package_identification:_identify(src/py_pubsub) by extensions ['colcon_pkg']
[1.178s] Level 1:colcon.colcon_core.package_identification:_identify(src/py_pubsub) by extension 'colcon_pkg'
[1.179s] Level 1:colcon.colcon_core.package_identification:_identify(src/py_pubsub) by extensions ['colcon_meta']
[1.179s] Level 1:colcon.colcon_core.package_identification:_identify(src/py_pubsub) by extension 'colcon_meta'
[1.180s] Level 1:colcon.colcon_core.package_identification:_identify(src/py_pubsub) by extensions ['ros']
[1.180s] Level 1:colcon.colcon_core.package_identification:_identify(src/py_pubsub) by extension 'ros'
[1.186s] DEBUG:colcon.colcon_core.package_identification:Package 'src/py_pubsub' with type 'ros.ament_python' and name 'py_pubsub'
[1.187s] Level 1:colcon.colcon_core.package_identification:_identify(src/py_srvcli) by extensions ['ignore', 'ignore_ament_install']
[1.188s] Level 1:colcon.colcon_core.package_identification:_identify(src/py_srvcli) by extension 'ignore'
[1.188s] Level 1:colcon.colcon_core.package_identification:_identify(src/py_srvcli) by extension 'ignore_ament_install'
[1.189s] Level 1:colcon.colcon_core.package_identification:_identify(src/py_srvcli) by extensions ['colcon_pkg']
[1.189s] Level 1:colcon.colcon_core.package_identification:_identify(src/py_srvcli) by extension 'colcon_pkg'
[1.190s] Level 1:colcon.colcon_core.package_identification:_identify(src/py_srvcli) by extensions ['colcon_meta']
[1.190s] Level 1:colcon.colcon_core.package_identification:_identify(src/py_srvcli) by extension 'colcon_meta'
[1.191s] Level 1:colcon.colcon_core.package_identification:_identify(src/py_srvcli) by extensions ['ros']
[1.191s] Level 1:colcon.colcon_core.package_identification:_identify(src/py_srvcli) by extension 'ros'
[1.199s] DEBUG:colcon.colcon_core.package_identification:Package 'src/py_srvcli' with type 'ros.ament_python' and name 'py_srvcli'
[1.199s] Level 1:colcon.colcon_core.package_identification:_identify(src/tutorial_interfaces) by extensions ['ignore', 'ignore_ament_install']
[1.200s] Level 1:colcon.colcon_core.package_identification:_identify(src/tutorial_interfaces) by extension 'ignore'
[1.200s] Level 1:colcon.colcon_core.package_identification:_identify(src/tutorial_interfaces) by extension 'ignore_ament_install'
[1.201s] Level 1:colcon.colcon_core.package_identification:_identify(src/tutorial_interfaces) by extensions ['colcon_pkg']
[1.201s] Level 1:colcon.colcon_core.package_identification:_identify(src/tutorial_interfaces) by extension 'colcon_pkg'
[1.201s] Level 1:colcon.colcon_core.package_identification:_identify(src/tutorial_interfaces) by extensions ['colcon_meta']
[1.202s] Level 1:colcon.colcon_core.package_identification:_identify(src/tutorial_interfaces) by extension 'colcon_meta'
[1.202s] Level 1:colcon.colcon_core.package_identification:_identify(src/tutorial_interfaces) by extensions ['ros']
[1.202s] Level 1:colcon.colcon_core.package_identification:_identify(src/tutorial_interfaces) by extension 'ros'
[1.206s] DEBUG:colcon.colcon_core.package_identification:Package 'src/tutorial_interfaces' with type 'ros.ament_cmake' and name 'tutorial_interfaces'
[1.207s] Level 1:colcon.colcon_core.package_discovery:discover_packages(recursive) using defaults
[1.208s] Level 1:colcon.colcon_core.package_discovery:discover_packages(ignore) discover
[1.208s] Level 1:colcon.colcon_core.package_discovery:discover_packages(ignore) using defaults
[1.208s] Level 1:colcon.colcon_core.package_discovery:discover_packages(path) discover
[1.208s] Level 1:colcon.colcon_core.package_discovery:discover_packages(path) using defaults
[1.303s] INFO:colcon.colcon_core.package_selection:Skipping not selected package 'my_python_pkg' in 'src/my_python_pkg'
[1.303s] INFO:colcon.colcon_core.package_selection:Skipping not selected package 'py_pubsub' in 'src/py_pubsub'
[1.303s] INFO:colcon.colcon_core.package_selection:Skipping not selected package 'py_srvcli' in 'src/py_srvcli'
[1.303s] INFO:colcon.colcon_core.package_selection:Skipping not selected package 'tutorial_interfaces' in 'src/tutorial_interfaces'
[1.321s] Level 5:colcon.colcon_core.verb:set package 'my_cpp_py_pkg' build argument 'cmake_args' from command line to 'None'
[1.321s] Level 5:colcon.colcon_core.verb:set package 'my_cpp_py_pkg' build argument 'cmake_target' from command line to 'None'
[1.321s] Level 5:colcon.colcon_core.verb:set package 'my_cpp_py_pkg' build argument 'cmake_target_skip_unavailable' from command line to 'False'
[1.322s] Level 5:colcon.colcon_core.verb:set package 'my_cpp_py_pkg' build argument 'cmake_clean_cache' from command line to 'False'
[1.322s] Level 5:colcon.colcon_core.verb:set package 'my_cpp_py_pkg' build argument 'cmake_clean_first' from command line to 'False'
[1.322s] Level 5:colcon.colcon_core.verb:set package 'my_cpp_py_pkg' build argument 'cmake_force_configure' from command line to 'False'
[1.322s] Level 5:colcon.colcon_core.verb:set package 'my_cpp_py_pkg' build argument 'ament_cmake_args' from command line to 'None'
[1.322s] Level 5:colcon.colcon_core.verb:set package 'my_cpp_py_pkg' build argument 'catkin_cmake_args' from command line to 'None'
[1.323s] Level 5:colcon.colcon_core.verb:set package 'my_cpp_py_pkg' build argument 'catkin_skip_building_tests' from command line to 'False'
[1.323s] DEBUG:colcon.colcon_core.verb:Building package 'my_cpp_py_pkg' with the following arguments: {'ament_cmake_args': None, 'build_base': '/home/shorouk/ros2_ws/build/my_cpp_py_pkg', 'catkin_cmake_args': None, 'catkin_skip_building_tests': False, 'cmake_args': None, 'cmake_clean_cache': False, 'cmake_clean_first': False, 'cmake_force_configure': False, 'cmake_target': None, 'cmake_target_skip_unavailable': False, 'install_base': '/home/shorouk/ros2_ws/install/my_cpp_py_pkg', 'merge_install': False, 'path': '/home/shorouk/ros2_ws/src/my_cpp_py_pkg', 'symlink_install': False, 'test_result_base': None}
[1.324s] INFO:colcon.colcon_core.executor:Executing jobs using 'parallel' executor
[1.334s] DEBUG:colcon.colcon_parallel_executor.executor.parallel:run_until_complete
[1.335s] INFO:colcon.colcon_ros.task.ament_cmake.build:Building ROS package in '/home/shorouk/ros2_ws/src/my_cpp_py_pkg' with build type 'ament_cmake'
[1.336s] INFO:colcon.colcon_cmake.task.cmake.build:Building CMake package in '/home/shorouk/ros2_ws/src/my_cpp_py_pkg'
[1.355s] INFO:colcon.colcon_core.plugin_system:Skipping extension 'colcon_core.shell.bat': Not used on non-Windows systems
[1.356s] INFO:colcon.colcon_core.shell:Skip shell extension 'powershell' for command environment: Not usable outside of PowerShell
[1.357s] DEBUG:colcon.colcon_core.shell:Skip shell extension 'dsv' for command environment
[1.375s] DEBUG:colcon.colcon_core.shell:Ignoring prefix path '/opt/ros/eloquent'
[1.409s] DEBUG:colcon.colcon_core.event_handler.log_command:Invoking command in '/home/shorouk/ros2_ws/build/my_cpp_py_pkg': CMAKE_PREFIX_PATH=${CMAKE_PREFIX_PATH}:/home/shorouk/ros2_ws/install/py_srvcli:/home/shorouk/ros2_ws/install/py_pubsub:/home/shorouk/ros2_ws/install/my_python_pkg:/opt/ros/eloquent /usr/bin/cmake --build /home/shorouk/ros2_ws/build/my_cpp_py_pkg -- -j4 -l4
[10.899s] DEBUG:colcon.colcon_core.event_handler.log_command:Invoked command in '/home/shorouk/ros2_ws/build/my_cpp_py_pkg' returned '2': CMAKE_PREFIX_PATH=${CMAKE_PREFIX_PATH}:/home/shorouk/ros2_ws/install/py_srvcli:/home/shorouk/ros2_ws/install/py_pubsub:/home/shorouk/ros2_ws/install/my_python_pkg:/opt/ros/eloquent /usr/bin/cmake --build /home/shorouk/ros2_ws/build/my_cpp_py_pkg -- -j4 -l4
[10.997s] Level 1:colcon.colcon_core.environment:create_environment_scripts_only(my_cpp_py_pkg)
[11.018s] Level 1:colcon.colcon_core.environment:checking '/home/shorouk/ros2_ws/install/my_cpp_py_pkg' for CMake module files
[11.021s] Level 1:colcon.colcon_core.environment:checking '/home/shorouk/ros2_ws/install/my_cpp_py_pkg' for CMake config files
[11.022s] Level 1:colcon.colcon_core.shell:create_environment_hook('my_cpp_py_pkg', 'cmake_prefix_path')
[11.025s] INFO:colcon.colcon_core.shell:Creating environment hook '/home/shorouk/ros2_ws/install/my_cpp_py_pkg/share/my_cpp_py_pkg/hook/cmake_prefix_path.ps1'
[11.030s] INFO:colcon.colcon_core.shell:Creating environment descriptor '/home/shorouk/ros2_ws/install/my_cpp_py_pkg/share/my_cpp_py_pkg/hook/cmake_prefix_path.dsv'
[11.032s] INFO:colcon.colcon_core.shell:Creating environment hook '/home/shorouk/ros2_ws/install/my_cpp_py_pkg/share/my_cpp_py_pkg/hook/cmake_prefix_path.sh'
[11.038s] Level 1:colcon.colcon_core.environment:checking '/home/shorouk/ros2_ws/install/my_cpp_py_pkg/lib'
[11.039s] Level 1:colcon.colcon_core.environment:checking '/home/shorouk/ros2_ws/install/my_cpp_py_pkg/bin'
[11.039s] Level 1:colcon.colcon_core.environment:checking '/home/shorouk/ros2_ws/install/my_cpp_py_pkg/lib/pkgconfig/my_cpp_py_pkg.pc'
[11.040s] Level 1:colcon.colcon_core.environment:checking '/home/shorouk/ros2_ws/install/my_cpp_py_pkg/lib/python3.6/site-packages'
[11.040s] Level 1:colcon.colcon_core.shell:create_environment_hook('my_cpp_py_pkg', 'pythonpath')
[11.043s] INFO:colcon.colcon_core.shell:Creating environment hook '/home/shorouk/ros2_ws/install/my_cpp_py_pkg/share/my_cpp_py_pkg/hook/pythonpath.ps1'
[11.045s] INFO:colcon.colcon_core.shell:Creating environment descriptor '/home/shorouk/ros2_ws/install/my_cpp_py_pkg/share/my_cpp_py_pkg/hook/pythonpath.dsv'
[11.046s] INFO:colcon.colcon_core.shell:Creating environment hook '/home/shorouk/ros2_ws/install/my_cpp_py_pkg/share/my_cpp_py_pkg/hook/pythonpath.sh'
[11.051s] INFO:colcon.colcon_core.shell:Creating package script '/home/shorouk/ros2_ws/install/my_cpp_py_pkg/share/my_cpp_py_pkg/package.ps1'
[11.056s] INFO:colcon.colcon_core.shell:Creating package descriptor '/home/shorouk/ros2_ws/install/my_cpp_py_pkg/share/my_cpp_py_pkg/package.dsv'
[11.060s] INFO:colcon.colcon_core.shell:Creating package script '/home/shorouk/ros2_ws/install/my_cpp_py_pkg/share/my_cpp_py_pkg/package.sh'
[11.064s] INFO:colcon.colcon_core.shell:Creating package script '/home/shorouk/ros2_ws/install/my_cpp_py_pkg/share/my_cpp_py_pkg/package.bash'
[11.069s] INFO:colcon.colcon_core.shell:Creating package script '/home/shorouk/ros2_ws/install/my_cpp_py_pkg/share/my_cpp_py_pkg/package.zsh'
[11.073s] Level 1:colcon.colcon_core.environment:create_file_with_runtime_dependencies(/home/shorouk/ros2_ws/install/my_cpp_py_pkg/share/colcon-core/packages/my_cpp_py_pkg)
[11.085s] DEBUG:colcon.colcon_parallel_executor.executor.parallel:closing loop
[11.086s] DEBUG:colcon.colcon_parallel_executor.executor.parallel:loop closed
[11.086s] DEBUG:colcon.colcon_parallel_executor.executor.parallel:run_until_complete finished with '2'
[11.087s] DEBUG:colcon.colcon_core.event_reactor:joining thread
[11.154s] INFO:colcon.colcon_core.plugin_system:Skipping extension 'colcon_notification.desktop_notification.terminal_notifier': Not used on non-Darwin systems
[11.155s] INFO:colcon.colcon_core.plugin_system:Skipping extension 'colcon_notification.desktop_notification.win32': Not used on non-Windows systems
[11.155s] INFO:colcon.colcon_notification.desktop_notification:Sending desktop notification using 'notify2'
[11.167s] DEBUG:colcon.colcon_core.event_reactor:joined thread
[11.173s] INFO:colcon.colcon_core.shell:Creating prefix script '/home/shorouk/ros2_ws/install/local_setup.ps1'
[11.182s] INFO:colcon.colcon_core.shell:Creating prefix util module '/home/shorouk/ros2_ws/install/_local_setup_util_ps1.py'
[11.195s] INFO:colcon.colcon_core.shell:Creating prefix chain script '/home/shorouk/ros2_ws/install/setup.ps1'
[11.219s] INFO:colcon.colcon_core.shell:Creating prefix script '/home/shorouk/ros2_ws/install/local_setup.sh'
[11.224s] INFO:colcon.colcon_core.shell:Creating prefix util module '/home/shorouk/ros2_ws/install/_local_setup_util_sh.py'
[11.227s] INFO:colcon.colcon_core.shell:Creating prefix chain script '/home/shorouk/ros2_ws/install/setup.sh'
[11.252s] INFO:colcon.colcon_core.shell:Creating prefix script '/home/shorouk/ros2_ws/install/local_setup.bash'
[11.256s] INFO:colcon.colcon_core.shell:Creating prefix chain script '/home/shorouk/ros2_ws/install/setup.bash'
[11.280s] INFO:colcon.colcon_core.shell:Creating prefix script '/home/shorouk/ros2_ws/install/local_setup.zsh'
[11.284s] INFO:colcon.colcon_core.shell:Creating prefix chain script '/home/shorouk/ros2_ws/install/setup.zsh'
