[2.013s] Invoking command in '/home/shorouk/Documents/ros2_ws/src/py_pubsub': PYTHONPATH=/home/shorouk/Documents/ros2_ws/install/py_pubsub/lib/python3.6/site-packages:${PYTHONPATH} /usr/bin/python3 setup.py egg_info --egg-base ../../build/py_pubsub build --build-base /home/shorouk/Documents/ros2_ws/build/py_pubsub/build install --prefix /home/shorouk/Documents/ros2_ws/install/py_pubsub --record /home/shorouk/Documents/ros2_ws/build/py_pubsub/install.log --single-version-externally-managed
[3.636s] running egg_info
[3.641s] writing ../../build/py_pubsub/py_pubsub.egg-info/PKG-INFO
[3.644s] writing dependency_links to ../../build/py_pubsub/py_pubsub.egg-info/dependency_links.txt
[3.645s] writing entry points to ../../build/py_pubsub/py_pubsub.egg-info/entry_points.txt
[3.647s] writing requirements to ../../build/py_pubsub/py_pubsub.egg-info/requires.txt
[3.648s] writing top-level names to ../../build/py_pubsub/py_pubsub.egg-info/top_level.txt
[3.907s] reading manifest file '../../build/py_pubsub/py_pubsub.egg-info/SOURCES.txt'
[3.919s] writing manifest file '../../build/py_pubsub/py_pubsub.egg-info/SOURCES.txt'
[3.920s] running build
[3.921s] running build_py
[3.924s] running install
[3.927s] running install_lib
[3.934s] running install_data
[3.938s] running install_egg_info
[3.951s] removing '/home/shorouk/Documents/ros2_ws/install/py_pubsub/lib/python3.6/site-packages/py_pubsub-0.0.0-py3.6.egg-info' (and everything under it)
[3.953s] Copying ../../build/py_pubsub/py_pubsub.egg-info to /home/shorouk/Documents/ros2_ws/install/py_pubsub/lib/python3.6/site-packages/py_pubsub-0.0.0-py3.6.egg-info
[3.959s] running install_scripts
[4.088s] Installing listener script to /home/shorouk/Documents/ros2_ws/install/py_pubsub/lib/py_pubsub
[4.089s] Installing talker script to /home/shorouk/Documents/ros2_ws/install/py_pubsub/lib/py_pubsub
[4.091s] writing list of installed files to '/home/shorouk/Documents/ros2_ws/build/py_pubsub/install.log'
[4.198s] Invoked command in '/home/shorouk/Documents/ros2_ws/src/py_pubsub' returned '0': PYTHONPATH=/home/shorouk/Documents/ros2_ws/install/py_pubsub/lib/python3.6/site-packages:${PYTHONPATH} /usr/bin/python3 setup.py egg_info --egg-base ../../build/py_pubsub build --build-base /home/shorouk/Documents/ros2_ws/build/py_pubsub/build install --prefix /home/shorouk/Documents/ros2_ws/install/py_pubsub --record /home/shorouk/Documents/ros2_ws/build/py_pubsub/install.log --single-version-externally-managed
