[5.262s] DEBUG:colcon:Command line arguments: ['/home/shorouk/.local/bin/colcon', 'build', '--packages-select', 'py_srvcli']
[5.263s] DEBUG:colcon:Parsed command line arguments: Namespace(ament_cmake_args=None, base_paths=['.'], build_base='build', catkin_cmake_args=None, catkin_skip_building_tests=False, cmake_args=None, cmake_clean_cache=False, cmake_clean_first=False, cmake_force_configure=False, cmake_target=None, cmake_target_skip_unavailable=False, continue_on_error=False, event_handlers=None, executor='parallel', ignore_user_meta=False, install_base='install', log_base=None, log_level=None, main=<bound method BuildVerb.main of <colcon_core.verb.build.BuildVerb object at 0x7fa0223bfd68>>, merge_install=False, metas=['./colcon.meta'], packages_above=None, packages_above_and_dependencies=None, packages_above_depth=None, packages_end=None, packages_ignore=None, packages_ignore_regex=None, packages_select=['py_srvcli'], packages_select_build_failed=False, packages_select_by_dep=None, packages_select_regex=None, packages_select_test_failures=False, packages_skip=None, packages_skip_build_finished=False, packages_skip_by_dep=None, packages_skip_regex=None, packages_skip_test_passed=False, packages_skip_up_to=None, packages_start=None, packages_up_to=None, packages_up_to_regex=None, parallel_workers=4, paths=None, symlink_install=False, test_result_base=None, verb_extension=<colcon_core.verb.build.BuildVerb object at 0x7fa0223bfd68>, verb_name='build', verb_parser=<colcon_defaults.argument_parser.defaults.DefaultArgumentsDecorator object at 0x7fa0223d80f0>)
[5.462s] Level 1:colcon.colcon_core.package_discovery:discover_packages(colcon_meta) check parameters
[5.462s] Level 1:colcon.colcon_core.package_discovery:discover_packages(recursive) check parameters
[5.462s] Level 1:colcon.colcon_core.package_discovery:discover_packages(ignore) check parameters
[5.463s] Level 1:colcon.colcon_core.package_discovery:discover_packages(path) check parameters
[5.463s] Level 1:colcon.colcon_core.package_discovery:discover_packages(colcon_meta) discover
[5.464s] Level 1:colcon.colcon_core.package_discovery:discover_packages(recursive) discover
[5.464s] INFO:colcon.colcon_core.package_discovery:Crawling recursively for packages in '/home/shorouk/ros2_ws'
[5.465s] Level 1:colcon.colcon_core.package_identification:_identify(.) by extensions ['ignore', 'ignore_ament_install']
[5.465s] Level 1:colcon.colcon_core.package_identification:_identify(.) by extension 'ignore'
[5.466s] Level 1:colcon.colcon_core.package_identification:_identify(.) by extension 'ignore_ament_install'
[5.466s] Level 1:colcon.colcon_core.package_identification:_identify(.) by extensions ['colcon_pkg']
[5.466s] Level 1:colcon.colcon_core.package_identification:_identify(.) by extension 'colcon_pkg'
[5.467s] Level 1:colcon.colcon_core.package_identification:_identify(.) by extensions ['colcon_meta']
[5.467s] Level 1:colcon.colcon_core.package_identification:_identify(.) by extension 'colcon_meta'
[5.467s] Level 1:colcon.colcon_core.package_identification:_identify(.) by extensions ['ros']
[5.467s] Level 1:colcon.colcon_core.package_identification:_identify(.) by extension 'ros'
[5.564s] Level 1:colcon.colcon_core.package_identification:_identify(.) by extensions ['cmake', 'python']
[5.564s] Level 1:colcon.colcon_core.package_identification:_identify(.) by extension 'cmake'
[5.565s] Level 1:colcon.colcon_core.package_identification:_identify(.) by extension 'python'
[5.565s] Level 1:colcon.colcon_core.package_identification:_identify(.) by extensions ['python_setup_py']
[5.566s] Level 1:colcon.colcon_core.package_identification:_identify(.) by extension 'python_setup_py'
[5.567s] Level 1:colcon.colcon_core.package_identification:_identify(build) by extensions ['ignore', 'ignore_ament_install']
[5.568s] Level 1:colcon.colcon_core.package_identification:_identify(build) by extension 'ignore'
[5.568s] Level 1:colcon.colcon_core.package_identification:_identify(build) ignored
[5.571s] Level 1:colcon.colcon_core.package_identification:_identify(install) by extensions ['ignore', 'ignore_ament_install']
[5.571s] Level 1:colcon.colcon_core.package_identification:_identify(install) by extension 'ignore'
[5.572s] Level 1:colcon.colcon_core.package_identification:_identify(install) ignored
[5.572s] Level 1:colcon.colcon_core.package_identification:_identify(log) by extensions ['ignore', 'ignore_ament_install']
[5.573s] Level 1:colcon.colcon_core.package_identification:_identify(log) by extension 'ignore'
[5.573s] Level 1:colcon.colcon_core.package_identification:_identify(log) ignored
[5.574s] Level 1:colcon.colcon_core.package_identification:_identify(src) by extensions ['ignore', 'ignore_ament_install']
[5.574s] Level 1:colcon.colcon_core.package_identification:_identify(src) by extension 'ignore'
[5.575s] Level 1:colcon.colcon_core.package_identification:_identify(src) by extension 'ignore_ament_install'
[5.575s] Level 1:colcon.colcon_core.package_identification:_identify(src) by extensions ['colcon_pkg']
[5.575s] Level 1:colcon.colcon_core.package_identification:_identify(src) by extension 'colcon_pkg'
[5.576s] Level 1:colcon.colcon_core.package_identification:_identify(src) by extensions ['colcon_meta']
[5.576s] Level 1:colcon.colcon_core.package_identification:_identify(src) by extension 'colcon_meta'
[5.577s] Level 1:colcon.colcon_core.package_identification:_identify(src) by extensions ['ros']
[5.577s] Level 1:colcon.colcon_core.package_identification:_identify(src) by extension 'ros'
[5.578s] Level 1:colcon.colcon_core.package_identification:_identify(src) by extensions ['cmake', 'python']
[5.578s] Level 1:colcon.colcon_core.package_identification:_identify(src) by extension 'cmake'
[5.578s] Level 1:colcon.colcon_core.package_identification:_identify(src) by extension 'python'
[5.579s] Level 1:colcon.colcon_core.package_identification:_identify(src) by extensions ['python_setup_py']
[5.579s] Level 1:colcon.colcon_core.package_identification:_identify(src) by extension 'python_setup_py'
[5.580s] Level 1:colcon.colcon_core.package_identification:_identify(src/build) by extensions ['ignore', 'ignore_ament_install']
[5.581s] Level 1:colcon.colcon_core.package_identification:_identify(src/build) by extension 'ignore'
[5.582s] Level 1:colcon.colcon_core.package_identification:_identify(src/build) ignored
[5.583s] Level 1:colcon.colcon_core.package_identification:_identify(src/install) by extensions ['ignore', 'ignore_ament_install']
[5.583s] Level 1:colcon.colcon_core.package_identification:_identify(src/install) by extension 'ignore'
[5.584s] Level 1:colcon.colcon_core.package_identification:_identify(src/install) ignored
[5.584s] Level 1:colcon.colcon_core.package_identification:_identify(src/log) by extensions ['ignore', 'ignore_ament_install']
[5.585s] Level 1:colcon.colcon_core.package_identification:_identify(src/log) by extension 'ignore'
[5.585s] Level 1:colcon.colcon_core.package_identification:_identify(src/log) ignored
[5.587s] Level 1:colcon.colcon_core.package_identification:_identify(src/my_python_pkg) by extensions ['ignore', 'ignore_ament_install']
[5.588s] Level 1:colcon.colcon_core.package_identification:_identify(src/my_python_pkg) by extension 'ignore'
[5.589s] Level 1:colcon.colcon_core.package_identification:_identify(src/my_python_pkg) by extension 'ignore_ament_install'
[5.589s] Level 1:colcon.colcon_core.package_identification:_identify(src/my_python_pkg) by extensions ['colcon_pkg']
[5.590s] Level 1:colcon.colcon_core.package_identification:_identify(src/my_python_pkg) by extension 'colcon_pkg'
[5.590s] Level 1:colcon.colcon_core.package_identification:_identify(src/my_python_pkg) by extensions ['colcon_meta']
[5.591s] Level 1:colcon.colcon_core.package_identification:_identify(src/my_python_pkg) by extension 'colcon_meta'
[5.591s] Level 1:colcon.colcon_core.package_identification:_identify(src/my_python_pkg) by extensions ['ros']
[5.591s] Level 1:colcon.colcon_core.package_identification:_identify(src/my_python_pkg) by extension 'ros'
[5.609s] DEBUG:colcon.colcon_core.package_identification:Package 'src/my_python_pkg' with type 'ros.ament_python' and name 'my_python_pkg'
[5.609s] Level 1:colcon.colcon_core.package_identification:_identify(src/py_srvcli) by extensions ['ignore', 'ignore_ament_install']
[5.611s] Level 1:colcon.colcon_core.package_identification:_identify(src/py_srvcli) by extension 'ignore'
[5.611s] Level 1:colcon.colcon_core.package_identification:_identify(src/py_srvcli) by extension 'ignore_ament_install'
[5.611s] Level 1:colcon.colcon_core.package_identification:_identify(src/py_srvcli) by extensions ['colcon_pkg']
[5.612s] Level 1:colcon.colcon_core.package_identification:_identify(src/py_srvcli) by extension 'colcon_pkg'
[5.612s] Level 1:colcon.colcon_core.package_identification:_identify(src/py_srvcli) by extensions ['colcon_meta']
[5.612s] Level 1:colcon.colcon_core.package_identification:_identify(src/py_srvcli) by extension 'colcon_meta'
[5.613s] Level 1:colcon.colcon_core.package_identification:_identify(src/py_srvcli) by extensions ['ros']
[5.613s] Level 1:colcon.colcon_core.package_identification:_identify(src/py_srvcli) by extension 'ros'
[5.618s] DEBUG:colcon.colcon_core.package_identification:Package 'src/py_srvcli' with type 'ros.ament_python' and name 'py_srvcli'
[5.618s] Level 1:colcon.colcon_core.package_discovery:discover_packages(recursive) using defaults
[5.619s] Level 1:colcon.colcon_core.package_discovery:discover_packages(ignore) discover
[5.619s] Level 1:colcon.colcon_core.package_discovery:discover_packages(ignore) using defaults
[5.619s] Level 1:colcon.colcon_core.package_discovery:discover_packages(path) discover
[5.620s] Level 1:colcon.colcon_core.package_discovery:discover_packages(path) using defaults
[5.964s] INFO:colcon.colcon_core.package_selection:Skipping not selected package 'my_python_pkg' in 'src/my_python_pkg'
[6.080s] Level 5:colcon.colcon_core.verb:set package 'py_srvcli' build argument 'cmake_args' from command line to 'None'
[6.080s] Level 5:colcon.colcon_core.verb:set package 'py_srvcli' build argument 'cmake_target' from command line to 'None'
[6.081s] Level 5:colcon.colcon_core.verb:set package 'py_srvcli' build argument 'cmake_target_skip_unavailable' from command line to 'False'
[6.081s] Level 5:colcon.colcon_core.verb:set package 'py_srvcli' build argument 'cmake_clean_cache' from command line to 'False'
[6.081s] Level 5:colcon.colcon_core.verb:set package 'py_srvcli' build argument 'cmake_clean_first' from command line to 'False'
[6.081s] Level 5:colcon.colcon_core.verb:set package 'py_srvcli' build argument 'cmake_force_configure' from command line to 'False'
[6.081s] Level 5:colcon.colcon_core.verb:set package 'py_srvcli' build argument 'ament_cmake_args' from command line to 'None'
[6.082s] Level 5:colcon.colcon_core.verb:set package 'py_srvcli' build argument 'catkin_cmake_args' from command line to 'None'
[6.082s] Level 5:colcon.colcon_core.verb:set package 'py_srvcli' build argument 'catkin_skip_building_tests' from command line to 'False'
[6.082s] DEBUG:colcon.colcon_core.verb:Building package 'py_srvcli' with the following arguments: {'ament_cmake_args': None, 'build_base': '/home/shorouk/ros2_ws/build/py_srvcli', 'catkin_cmake_args': None, 'catkin_skip_building_tests': False, 'cmake_args': None, 'cmake_clean_cache': False, 'cmake_clean_first': False, 'cmake_force_configure': False, 'cmake_target': None, 'cmake_target_skip_unavailable': False, 'install_base': '/home/shorouk/ros2_ws/install/py_srvcli', 'merge_install': False, 'path': '/home/shorouk/ros2_ws/src/py_srvcli', 'symlink_install': False, 'test_result_base': None}
[6.104s] INFO:colcon.colcon_core.executor:Executing jobs using 'parallel' executor
[6.299s] DEBUG:colcon.colcon_parallel_executor.executor.parallel:run_until_complete
[6.300s] INFO:colcon.colcon_ros.task.ament_python.build:Building ROS package in '/home/shorouk/ros2_ws/src/py_srvcli' with build type 'ament_python'
[6.301s] Level 1:colcon.colcon_core.shell:create_environment_hook('py_srvcli', 'ament_prefix_path')
[6.428s] INFO:colcon.colcon_core.plugin_system:Skipping extension 'colcon_core.shell.bat': Not used on non-Windows systems
[6.429s] INFO:colcon.colcon_core.shell:Creating environment hook '/home/shorouk/ros2_ws/install/py_srvcli/share/py_srvcli/hook/ament_prefix_path.ps1'
[6.435s] INFO:colcon.colcon_core.shell:Creating environment descriptor '/home/shorouk/ros2_ws/install/py_srvcli/share/py_srvcli/hook/ament_prefix_path.dsv'
[6.439s] INFO:colcon.colcon_core.shell:Creating environment hook '/home/shorouk/ros2_ws/install/py_srvcli/share/py_srvcli/hook/ament_prefix_path.sh'
[6.537s] INFO:colcon.colcon_core.shell:Skip shell extension 'powershell' for command environment: Not usable outside of PowerShell
[6.538s] DEBUG:colcon.colcon_core.shell:Skip shell extension 'dsv' for command environment
[6.607s] DEBUG:colcon.colcon_core.shell:Ignoring prefix path '/opt/ros/eloquent'
[8.446s] INFO:colcon.colcon_core.task.python.build:Building Python package in '/home/shorouk/ros2_ws/src/py_srvcli'
[8.552s] INFO:colcon.colcon_core.shell:Skip shell extension 'powershell' for command environment: Not usable outside of PowerShell
[8.553s] DEBUG:colcon.colcon_core.shell:Skip shell extension 'dsv' for command environment
[8.618s] DEBUG:colcon.colcon_core.shell:Ignoring prefix path '/opt/ros/eloquent'
[8.664s] DEBUG:colcon.colcon_core.event_handler.log_command:Invoking command in '/home/shorouk/ros2_ws/src/py_srvcli': PYTHONPATH=/home/shorouk/ros2_ws/install/py_srvcli/lib/python3.6/site-packages:${PYTHONPATH} /usr/bin/python3 setup.py egg_info --egg-base ../../build/py_srvcli build --build-base /home/shorouk/ros2_ws/build/py_srvcli/build install --prefix /home/shorouk/ros2_ws/install/py_srvcli --record /home/shorouk/ros2_ws/build/py_srvcli/install.log --single-version-externally-managed
[10.967s] DEBUG:colcon.colcon_core.event_handler.log_command:Invoked command in '/home/shorouk/ros2_ws/src/py_srvcli' returned '0': PYTHONPATH=/home/shorouk/ros2_ws/install/py_srvcli/lib/python3.6/site-packages:${PYTHONPATH} /usr/bin/python3 setup.py egg_info --egg-base ../../build/py_srvcli build --build-base /home/shorouk/ros2_ws/build/py_srvcli/build install --prefix /home/shorouk/ros2_ws/install/py_srvcli --record /home/shorouk/ros2_ws/build/py_srvcli/install.log --single-version-externally-managed
[11.066s] Level 1:colcon.colcon_core.environment:checking '/home/shorouk/ros2_ws/install/py_srvcli' for CMake module files
[11.072s] Level 1:colcon.colcon_core.environment:checking '/home/shorouk/ros2_ws/install/py_srvcli' for CMake config files
[11.079s] Level 1:colcon.colcon_core.environment:checking '/home/shorouk/ros2_ws/install/py_srvcli/lib'
[11.081s] Level 1:colcon.colcon_core.environment:checking '/home/shorouk/ros2_ws/install/py_srvcli/bin'
[11.082s] Level 1:colcon.colcon_core.environment:checking '/home/shorouk/ros2_ws/install/py_srvcli/lib/pkgconfig/py_srvcli.pc'
[11.082s] Level 1:colcon.colcon_core.environment:checking '/home/shorouk/ros2_ws/install/py_srvcli/lib/python3.6/site-packages'
[11.083s] Level 1:colcon.colcon_core.shell:create_environment_hook('py_srvcli', 'pythonpath')
[11.164s] INFO:colcon.colcon_core.shell:Creating environment hook '/home/shorouk/ros2_ws/install/py_srvcli/share/py_srvcli/hook/pythonpath.ps1'
[11.167s] INFO:colcon.colcon_core.shell:Creating environment descriptor '/home/shorouk/ros2_ws/install/py_srvcli/share/py_srvcli/hook/pythonpath.dsv'
[11.169s] INFO:colcon.colcon_core.shell:Creating environment hook '/home/shorouk/ros2_ws/install/py_srvcli/share/py_srvcli/hook/pythonpath.sh'
[11.171s] Level 1:colcon.colcon_core.environment:create_environment_scripts_only(py_srvcli)
[11.271s] INFO:colcon.colcon_core.shell:Creating package script '/home/shorouk/ros2_ws/install/py_srvcli/share/py_srvcli/package.ps1'
[11.278s] INFO:colcon.colcon_core.shell:Creating package descriptor '/home/shorouk/ros2_ws/install/py_srvcli/share/py_srvcli/package.dsv'
[11.285s] INFO:colcon.colcon_core.shell:Creating package script '/home/shorouk/ros2_ws/install/py_srvcli/share/py_srvcli/package.sh'
[11.293s] INFO:colcon.colcon_core.shell:Creating package script '/home/shorouk/ros2_ws/install/py_srvcli/share/py_srvcli/package.bash'
[11.303s] INFO:colcon.colcon_core.shell:Creating package script '/home/shorouk/ros2_ws/install/py_srvcli/share/py_srvcli/package.zsh'
[11.308s] Level 1:colcon.colcon_core.environment:create_file_with_runtime_dependencies(/home/shorouk/ros2_ws/install/py_srvcli/share/colcon-core/packages/py_srvcli)
[11.309s] DEBUG:colcon.colcon_parallel_executor.executor.parallel:closing loop
[11.311s] DEBUG:colcon.colcon_parallel_executor.executor.parallel:loop closed
[11.311s] DEBUG:colcon.colcon_parallel_executor.executor.parallel:run_until_complete finished with '0'
[11.313s] DEBUG:colcon.colcon_core.event_reactor:joining thread
[11.408s] INFO:colcon.colcon_core.plugin_system:Skipping extension 'colcon_notification.desktop_notification.terminal_notifier': Not used on non-Darwin systems
[11.409s] INFO:colcon.colcon_core.plugin_system:Skipping extension 'colcon_notification.desktop_notification.win32': Not used on non-Windows systems
[11.409s] INFO:colcon.colcon_notification.desktop_notification:Sending desktop notification using 'notify2'
[11.426s] DEBUG:colcon.colcon_core.event_reactor:joined thread
[11.538s] INFO:colcon.colcon_core.shell:Creating prefix script '/home/shorouk/ros2_ws/install/local_setup.ps1'
[11.547s] INFO:colcon.colcon_core.shell:Creating prefix util module '/home/shorouk/ros2_ws/install/_local_setup_util_ps1.py'
[11.564s] INFO:colcon.colcon_core.shell:Creating prefix chain script '/home/shorouk/ros2_ws/install/setup.ps1'
[11.636s] INFO:colcon.colcon_core.shell:Creating prefix script '/home/shorouk/ros2_ws/install/local_setup.sh'
[11.642s] INFO:colcon.colcon_core.shell:Creating prefix util module '/home/shorouk/ros2_ws/install/_local_setup_util_sh.py'
[11.644s] INFO:colcon.colcon_core.shell:Creating prefix chain script '/home/shorouk/ros2_ws/install/setup.sh'
[11.728s] INFO:colcon.colcon_core.shell:Creating prefix script '/home/shorouk/ros2_ws/install/local_setup.bash'
[11.731s] INFO:colcon.colcon_core.shell:Creating prefix chain script '/home/shorouk/ros2_ws/install/setup.bash'
[11.808s] INFO:colcon.colcon_core.shell:Creating prefix script '/home/shorouk/ros2_ws/install/local_setup.zsh'
[11.813s] INFO:colcon.colcon_core.shell:Creating prefix chain script '/home/shorouk/ros2_ws/install/setup.zsh'
