[1.857s] Invoking command in '/home/shorouk/ros2_ws/src/py_pubsub': PYTHONPATH=/home/shorouk/ros2_ws/install/py_pubsub/lib/python3.6/site-packages:${PYTHONPATH} /usr/bin/python3 setup.py egg_info --egg-base ../../build/py_pubsub build --build-base /home/shorouk/ros2_ws/build/py_pubsub/build install --prefix /home/shorouk/ros2_ws/install/py_pubsub --record /home/shorouk/ros2_ws/build/py_pubsub/install.log --single-version-externally-managed
[3.420s] running egg_info
[3.426s] writing ../../build/py_pubsub/py_pubsub.egg-info/PKG-INFO
[3.428s] writing dependency_links to ../../build/py_pubsub/py_pubsub.egg-info/dependency_links.txt
[3.430s] writing entry points to ../../build/py_pubsub/py_pubsub.egg-info/entry_points.txt
[3.432s] writing requirements to ../../build/py_pubsub/py_pubsub.egg-info/requires.txt
[3.433s] writing top-level names to ../../build/py_pubsub/py_pubsub.egg-info/top_level.txt
[3.681s] reading manifest file '../../build/py_pubsub/py_pubsub.egg-info/SOURCES.txt'
[3.689s] writing manifest file '../../build/py_pubsub/py_pubsub.egg-info/SOURCES.txt'
[3.690s] running build
[3.690s] running build_py
[3.693s] running install
[3.695s] running install_lib
[3.704s] running install_data
[3.706s] copying package.xml -> /home/shorouk/ros2_ws/install/py_pubsub/share/py_pubsub
[3.709s] running install_egg_info
[3.718s] removing '/home/shorouk/ros2_ws/install/py_pubsub/lib/python3.6/site-packages/py_pubsub-0.0.0-py3.6.egg-info' (and everything under it)
[3.719s] Copying ../../build/py_pubsub/py_pubsub.egg-info to /home/shorouk/ros2_ws/install/py_pubsub/lib/python3.6/site-packages/py_pubsub-0.0.0-py3.6.egg-info
[3.724s] running install_scripts
[3.843s] Installing listener script to /home/shorouk/ros2_ws/install/py_pubsub/lib/py_pubsub
[3.844s] Installing talker script to /home/shorouk/ros2_ws/install/py_pubsub/lib/py_pubsub
[3.846s] writing list of installed files to '/home/shorouk/ros2_ws/build/py_pubsub/install.log'
[3.956s] Invoked command in '/home/shorouk/ros2_ws/src/py_pubsub' returned '0': PYTHONPATH=/home/shorouk/ros2_ws/install/py_pubsub/lib/python3.6/site-packages:${PYTHONPATH} /usr/bin/python3 setup.py egg_info --egg-base ../../build/py_pubsub build --build-base /home/shorouk/ros2_ws/build/py_pubsub/build install --prefix /home/shorouk/ros2_ws/install/py_pubsub --record /home/shorouk/ros2_ws/build/py_pubsub/install.log --single-version-externally-managed
