[1.587s] Invoking command in '/home/shorouk/ros2_ws/src/py_srvcli': PYTHONPATH=/home/shorouk/ros2_ws/install/py_srvcli/lib/python3.6/site-packages:${PYTHONPATH} /usr/bin/python3 setup.py egg_info --egg-base ../../build/py_srvcli build --build-base /home/shorouk/ros2_ws/build/py_srvcli/build install --prefix /home/shorouk/ros2_ws/install/py_srvcli --record /home/shorouk/ros2_ws/build/py_srvcli/install.log --single-version-externally-managed
[2.805s] running egg_info
[2.808s] writing ../../build/py_srvcli/py_srvcli.egg-info/PKG-INFO
[2.809s] writing dependency_links to ../../build/py_srvcli/py_srvcli.egg-info/dependency_links.txt
[2.809s] writing entry points to ../../build/py_srvcli/py_srvcli.egg-info/entry_points.txt
[2.810s] writing requirements to ../../build/py_srvcli/py_srvcli.egg-info/requires.txt
[2.811s] writing top-level names to ../../build/py_srvcli/py_srvcli.egg-info/top_level.txt
[2.982s] reading manifest file '../../build/py_srvcli/py_srvcli.egg-info/SOURCES.txt'
[2.989s] writing manifest file '../../build/py_srvcli/py_srvcli.egg-info/SOURCES.txt'
[2.990s] running build
[2.991s] running build_py
[2.992s] copying py_srvcli/client_member_function.py -> /home/shorouk/ros2_ws/build/py_srvcli/build/lib/py_srvcli
[2.993s] running install
[2.995s] running install_lib
[2.998s] copying /home/shorouk/ros2_ws/build/py_srvcli/build/lib/py_srvcli/client_member_function.py -> /home/shorouk/ros2_ws/install/py_srvcli/lib/python3.6/site-packages/py_srvcli
[3.001s] byte-compiling /home/shorouk/ros2_ws/install/py_srvcli/lib/python3.6/site-packages/py_srvcli/client_member_function.py to client_member_function.cpython-36.pyc
[3.002s] Sorry: TabError: inconsistent use of tabs and spaces in indentation (client_member_function.py, line 21)
[3.002s] running install_data
[3.004s] running install_egg_info
[3.011s] removing '/home/shorouk/ros2_ws/install/py_srvcli/lib/python3.6/site-packages/py_srvcli-0.0.0-py3.6.egg-info' (and everything under it)
[3.012s] Copying ../../build/py_srvcli/py_srvcli.egg-info to /home/shorouk/ros2_ws/install/py_srvcli/lib/python3.6/site-packages/py_srvcli-0.0.0-py3.6.egg-info
[3.016s] running install_scripts
[3.098s] Installing client script to /home/shorouk/ros2_ws/install/py_srvcli/lib/py_srvcli
[3.099s] Installing service script to /home/shorouk/ros2_ws/install/py_srvcli/lib/py_srvcli
[3.100s] writing list of installed files to '/home/shorouk/ros2_ws/build/py_srvcli/install.log'
[3.174s] Invoked command in '/home/shorouk/ros2_ws/src/py_srvcli' returned '0': PYTHONPATH=/home/shorouk/ros2_ws/install/py_srvcli/lib/python3.6/site-packages:${PYTHONPATH} /usr/bin/python3 setup.py egg_info --egg-base ../../build/py_srvcli build --build-base /home/shorouk/ros2_ws/build/py_srvcli/build install --prefix /home/shorouk/ros2_ws/install/py_srvcli --record /home/shorouk/ros2_ws/build/py_srvcli/install.log --single-version-externally-managed
