[3.525s] DEBUG:colcon:Command line arguments: ['/home/shorouk/.local/bin/colcon', 'build', '--packages-select', 'my_python_pkg']
[3.526s] DEBUG:colcon:Parsed command line arguments: Namespace(ament_cmake_args=None, base_paths=['.'], build_base='build', catkin_cmake_args=None, catkin_skip_building_tests=False, cmake_args=None, cmake_clean_cache=False, cmake_clean_first=False, cmake_force_configure=False, cmake_target=None, cmake_target_skip_unavailable=False, continue_on_error=False, event_handlers=None, executor='parallel', ignore_user_meta=False, install_base='install', log_base=None, log_level=None, main=<bound method BuildVerb.main of <colcon_core.verb.build.BuildVerb object at 0x7f6d41a66b70>>, merge_install=False, metas=['./colcon.meta'], packages_above=None, packages_above_and_dependencies=None, packages_above_depth=None, packages_end=None, packages_ignore=None, packages_ignore_regex=None, packages_select=['my_python_pkg'], packages_select_build_failed=False, packages_select_by_dep=None, packages_select_regex=None, packages_select_test_failures=False, packages_skip=None, packages_skip_build_finished=False, packages_skip_by_dep=None, packages_skip_regex=None, packages_skip_test_passed=False, packages_skip_up_to=None, packages_start=None, packages_up_to=None, packages_up_to_regex=None, parallel_workers=4, paths=None, symlink_install=False, test_result_base=None, verb_extension=<colcon_core.verb.build.BuildVerb object at 0x7f6d41a66b70>, verb_name='build', verb_parser=<colcon_defaults.argument_parser.defaults.DefaultArgumentsDecorator object at 0x7f6d41a66eb8>)
[3.662s] Level 1:colcon.colcon_core.package_discovery:discover_packages(colcon_meta) check parameters
[3.663s] Level 1:colcon.colcon_core.package_discovery:discover_packages(recursive) check parameters
[3.663s] Level 1:colcon.colcon_core.package_discovery:discover_packages(ignore) check parameters
[3.663s] Level 1:colcon.colcon_core.package_discovery:discover_packages(path) check parameters
[3.663s] Level 1:colcon.colcon_core.package_discovery:discover_packages(colcon_meta) discover
[3.665s] Level 1:colcon.colcon_core.package_discovery:discover_packages(recursive) discover
[3.665s] INFO:colcon.colcon_core.package_discovery:Crawling recursively for packages in '/home/shorouk/ros2_ws/src'
[3.665s] Level 1:colcon.colcon_core.package_identification:_identify(.) by extensions ['ignore', 'ignore_ament_install']
[3.666s] Level 1:colcon.colcon_core.package_identification:_identify(.) by extension 'ignore'
[3.666s] Level 1:colcon.colcon_core.package_identification:_identify(.) by extension 'ignore_ament_install'
[3.667s] Level 1:colcon.colcon_core.package_identification:_identify(.) by extensions ['colcon_pkg']
[3.667s] Level 1:colcon.colcon_core.package_identification:_identify(.) by extension 'colcon_pkg'
[3.667s] Level 1:colcon.colcon_core.package_identification:_identify(.) by extensions ['colcon_meta']
[3.667s] Level 1:colcon.colcon_core.package_identification:_identify(.) by extension 'colcon_meta'
[3.668s] Level 1:colcon.colcon_core.package_identification:_identify(.) by extensions ['ros']
[3.668s] Level 1:colcon.colcon_core.package_identification:_identify(.) by extension 'ros'
[3.730s] Level 1:colcon.colcon_core.package_identification:_identify(.) by extensions ['cmake', 'python']
[3.730s] Level 1:colcon.colcon_core.package_identification:_identify(.) by extension 'cmake'
[3.731s] Level 1:colcon.colcon_core.package_identification:_identify(.) by extension 'python'
[3.731s] Level 1:colcon.colcon_core.package_identification:_identify(.) by extensions ['python_setup_py']
[3.731s] Level 1:colcon.colcon_core.package_identification:_identify(.) by extension 'python_setup_py'
[3.732s] Level 1:colcon.colcon_core.package_identification:_identify(build) by extensions ['ignore', 'ignore_ament_install']
[3.732s] Level 1:colcon.colcon_core.package_identification:_identify(build) by extension 'ignore'
[3.733s] Level 1:colcon.colcon_core.package_identification:_identify(build) ignored
[3.734s] Level 1:colcon.colcon_core.package_identification:_identify(install) by extensions ['ignore', 'ignore_ament_install']
[3.735s] Level 1:colcon.colcon_core.package_identification:_identify(install) by extension 'ignore'
[3.735s] Level 1:colcon.colcon_core.package_identification:_identify(install) ignored
[3.736s] Level 1:colcon.colcon_core.package_identification:_identify(log) by extensions ['ignore', 'ignore_ament_install']
[3.736s] Level 1:colcon.colcon_core.package_identification:_identify(log) by extension 'ignore'
[3.736s] Level 1:colcon.colcon_core.package_identification:_identify(log) ignored
[3.737s] Level 1:colcon.colcon_core.package_identification:_identify(my_python_pkg) by extensions ['ignore', 'ignore_ament_install']
[3.737s] Level 1:colcon.colcon_core.package_identification:_identify(my_python_pkg) by extension 'ignore'
[3.738s] Level 1:colcon.colcon_core.package_identification:_identify(my_python_pkg) by extension 'ignore_ament_install'
[3.738s] Level 1:colcon.colcon_core.package_identification:_identify(my_python_pkg) by extensions ['colcon_pkg']
[3.738s] Level 1:colcon.colcon_core.package_identification:_identify(my_python_pkg) by extension 'colcon_pkg'
[3.739s] Level 1:colcon.colcon_core.package_identification:_identify(my_python_pkg) by extensions ['colcon_meta']
[3.739s] Level 1:colcon.colcon_core.package_identification:_identify(my_python_pkg) by extension 'colcon_meta'
[3.739s] Level 1:colcon.colcon_core.package_identification:_identify(my_python_pkg) by extensions ['ros']
[3.739s] Level 1:colcon.colcon_core.package_identification:_identify(my_python_pkg) by extension 'ros'
[3.751s] DEBUG:colcon.colcon_core.package_identification:Package 'my_python_pkg' with type 'ros.ament_python' and name 'my_python_pkg'
[3.752s] Level 1:colcon.colcon_core.package_identification:_identify(py_srvcli) by extensions ['ignore', 'ignore_ament_install']
[3.752s] Level 1:colcon.colcon_core.package_identification:_identify(py_srvcli) by extension 'ignore'
[3.752s] Level 1:colcon.colcon_core.package_identification:_identify(py_srvcli) by extension 'ignore_ament_install'
[3.753s] Level 1:colcon.colcon_core.package_identification:_identify(py_srvcli) by extensions ['colcon_pkg']
[3.753s] Level 1:colcon.colcon_core.package_identification:_identify(py_srvcli) by extension 'colcon_pkg'
[3.753s] Level 1:colcon.colcon_core.package_identification:_identify(py_srvcli) by extensions ['colcon_meta']
[3.754s] Level 1:colcon.colcon_core.package_identification:_identify(py_srvcli) by extension 'colcon_meta'
[3.754s] Level 1:colcon.colcon_core.package_identification:_identify(py_srvcli) by extensions ['ros']
[3.754s] Level 1:colcon.colcon_core.package_identification:_identify(py_srvcli) by extension 'ros'
[3.758s] DEBUG:colcon.colcon_core.package_identification:Package 'py_srvcli' with type 'ros.ament_python' and name 'py_srvcli'
[3.758s] Level 1:colcon.colcon_core.package_discovery:discover_packages(recursive) using defaults
[3.759s] Level 1:colcon.colcon_core.package_discovery:discover_packages(ignore) discover
[3.760s] Level 1:colcon.colcon_core.package_discovery:discover_packages(ignore) using defaults
[3.760s] Level 1:colcon.colcon_core.package_discovery:discover_packages(path) discover
[3.760s] Level 1:colcon.colcon_core.package_discovery:discover_packages(path) using defaults
[3.994s] INFO:colcon.colcon_core.package_selection:Skipping not selected package 'py_srvcli' in 'py_srvcli'
[4.076s] Level 5:colcon.colcon_core.verb:set package 'my_python_pkg' build argument 'cmake_args' from command line to 'None'
[4.076s] Level 5:colcon.colcon_core.verb:set package 'my_python_pkg' build argument 'cmake_target' from command line to 'None'
[4.076s] Level 5:colcon.colcon_core.verb:set package 'my_python_pkg' build argument 'cmake_target_skip_unavailable' from command line to 'False'
[4.077s] Level 5:colcon.colcon_core.verb:set package 'my_python_pkg' build argument 'cmake_clean_cache' from command line to 'False'
[4.077s] Level 5:colcon.colcon_core.verb:set package 'my_python_pkg' build argument 'cmake_clean_first' from command line to 'False'
[4.077s] Level 5:colcon.colcon_core.verb:set package 'my_python_pkg' build argument 'cmake_force_configure' from command line to 'False'
[4.077s] Level 5:colcon.colcon_core.verb:set package 'my_python_pkg' build argument 'ament_cmake_args' from command line to 'None'
[4.077s] Level 5:colcon.colcon_core.verb:set package 'my_python_pkg' build argument 'catkin_cmake_args' from command line to 'None'
[4.078s] Level 5:colcon.colcon_core.verb:set package 'my_python_pkg' build argument 'catkin_skip_building_tests' from command line to 'False'
[4.078s] DEBUG:colcon.colcon_core.verb:Building package 'my_python_pkg' with the following arguments: {'ament_cmake_args': None, 'build_base': '/home/shorouk/ros2_ws/src/build/my_python_pkg', 'catkin_cmake_args': None, 'catkin_skip_building_tests': False, 'cmake_args': None, 'cmake_clean_cache': False, 'cmake_clean_first': False, 'cmake_force_configure': False, 'cmake_target': None, 'cmake_target_skip_unavailable': False, 'install_base': '/home/shorouk/ros2_ws/src/install/my_python_pkg', 'merge_install': False, 'path': '/home/shorouk/ros2_ws/src/my_python_pkg', 'symlink_install': False, 'test_result_base': None}
[4.097s] INFO:colcon.colcon_core.executor:Executing jobs using 'parallel' executor
[4.231s] DEBUG:colcon.colcon_parallel_executor.executor.parallel:run_until_complete
[4.231s] INFO:colcon.colcon_ros.task.ament_python.build:Building ROS package in '/home/shorouk/ros2_ws/src/my_python_pkg' with build type 'ament_python'
[4.232s] Level 1:colcon.colcon_core.shell:create_environment_hook('my_python_pkg', 'ament_prefix_path')
[4.309s] INFO:colcon.colcon_core.plugin_system:Skipping extension 'colcon_core.shell.bat': Not used on non-Windows systems
[4.310s] INFO:colcon.colcon_core.shell:Creating environment hook '/home/shorouk/ros2_ws/src/install/my_python_pkg/share/my_python_pkg/hook/ament_prefix_path.ps1'
[4.313s] INFO:colcon.colcon_core.shell:Creating environment descriptor '/home/shorouk/ros2_ws/src/install/my_python_pkg/share/my_python_pkg/hook/ament_prefix_path.dsv'
[4.315s] INFO:colcon.colcon_core.shell:Creating environment hook '/home/shorouk/ros2_ws/src/install/my_python_pkg/share/my_python_pkg/hook/ament_prefix_path.sh'
[4.384s] INFO:colcon.colcon_core.shell:Skip shell extension 'powershell' for command environment: Not usable outside of PowerShell
[4.384s] DEBUG:colcon.colcon_core.shell:Skip shell extension 'dsv' for command environment
[4.434s] DEBUG:colcon.colcon_core.shell:Ignoring prefix path '/opt/ros/eloquent'
[5.697s] INFO:colcon.colcon_core.task.python.build:Building Python package in '/home/shorouk/ros2_ws/src/my_python_pkg'
[5.755s] INFO:colcon.colcon_core.shell:Skip shell extension 'powershell' for command environment: Not usable outside of PowerShell
[5.756s] DEBUG:colcon.colcon_core.shell:Skip shell extension 'dsv' for command environment
[5.801s] DEBUG:colcon.colcon_core.shell:Ignoring prefix path '/opt/ros/eloquent'
[5.827s] DEBUG:colcon.colcon_core.event_handler.log_command:Invoking command in '/home/shorouk/ros2_ws/src/my_python_pkg': PYTHONPATH=/home/shorouk/ros2_ws/src/install/my_python_pkg/lib/python3.6/site-packages:${PYTHONPATH} /usr/bin/python3 setup.py egg_info --egg-base ../build/my_python_pkg build --build-base /home/shorouk/ros2_ws/src/build/my_python_pkg/build install --prefix /home/shorouk/ros2_ws/src/install/my_python_pkg --record /home/shorouk/ros2_ws/src/build/my_python_pkg/install.log --single-version-externally-managed
[7.422s] DEBUG:colcon.colcon_core.event_handler.log_command:Invoked command in '/home/shorouk/ros2_ws/src/my_python_pkg' returned '0': PYTHONPATH=/home/shorouk/ros2_ws/src/install/my_python_pkg/lib/python3.6/site-packages:${PYTHONPATH} /usr/bin/python3 setup.py egg_info --egg-base ../build/my_python_pkg build --build-base /home/shorouk/ros2_ws/src/build/my_python_pkg/build install --prefix /home/shorouk/ros2_ws/src/install/my_python_pkg --record /home/shorouk/ros2_ws/src/build/my_python_pkg/install.log --single-version-externally-managed
[7.486s] Level 1:colcon.colcon_core.environment:checking '/home/shorouk/ros2_ws/src/install/my_python_pkg' for CMake module files
[7.489s] Level 1:colcon.colcon_core.environment:checking '/home/shorouk/ros2_ws/src/install/my_python_pkg' for CMake config files
[7.493s] Level 1:colcon.colcon_core.environment:checking '/home/shorouk/ros2_ws/src/install/my_python_pkg/lib'
[7.494s] Level 1:colcon.colcon_core.environment:checking '/home/shorouk/ros2_ws/src/install/my_python_pkg/bin'
[7.495s] Level 1:colcon.colcon_core.environment:checking '/home/shorouk/ros2_ws/src/install/my_python_pkg/lib/pkgconfig/my_python_pkg.pc'
[7.495s] Level 1:colcon.colcon_core.environment:checking '/home/shorouk/ros2_ws/src/install/my_python_pkg/lib/python3.6/site-packages'
[7.496s] Level 1:colcon.colcon_core.shell:create_environment_hook('my_python_pkg', 'pythonpath')
[7.554s] INFO:colcon.colcon_core.shell:Creating environment hook '/home/shorouk/ros2_ws/src/install/my_python_pkg/share/my_python_pkg/hook/pythonpath.ps1'
[7.556s] INFO:colcon.colcon_core.shell:Creating environment descriptor '/home/shorouk/ros2_ws/src/install/my_python_pkg/share/my_python_pkg/hook/pythonpath.dsv'
[7.557s] INFO:colcon.colcon_core.shell:Creating environment hook '/home/shorouk/ros2_ws/src/install/my_python_pkg/share/my_python_pkg/hook/pythonpath.sh'
[7.559s] Level 1:colcon.colcon_core.environment:create_environment_scripts_only(my_python_pkg)
[7.618s] INFO:colcon.colcon_core.shell:Creating package script '/home/shorouk/ros2_ws/src/install/my_python_pkg/share/my_python_pkg/package.ps1'
[7.623s] INFO:colcon.colcon_core.shell:Creating package descriptor '/home/shorouk/ros2_ws/src/install/my_python_pkg/share/my_python_pkg/package.dsv'
[7.626s] INFO:colcon.colcon_core.shell:Creating package script '/home/shorouk/ros2_ws/src/install/my_python_pkg/share/my_python_pkg/package.sh'
[7.630s] INFO:colcon.colcon_core.shell:Creating package script '/home/shorouk/ros2_ws/src/install/my_python_pkg/share/my_python_pkg/package.bash'
[7.634s] INFO:colcon.colcon_core.shell:Creating package script '/home/shorouk/ros2_ws/src/install/my_python_pkg/share/my_python_pkg/package.zsh'
[7.638s] Level 1:colcon.colcon_core.environment:create_file_with_runtime_dependencies(/home/shorouk/ros2_ws/src/install/my_python_pkg/share/colcon-core/packages/my_python_pkg)
[7.639s] DEBUG:colcon.colcon_parallel_executor.executor.parallel:closing loop
[7.641s] DEBUG:colcon.colcon_parallel_executor.executor.parallel:loop closed
[7.641s] DEBUG:colcon.colcon_parallel_executor.executor.parallel:run_until_complete finished with '0'
[7.642s] DEBUG:colcon.colcon_core.event_reactor:joining thread
[7.713s] INFO:colcon.colcon_core.plugin_system:Skipping extension 'colcon_notification.desktop_notification.terminal_notifier': Not used on non-Darwin systems
[7.713s] INFO:colcon.colcon_core.plugin_system:Skipping extension 'colcon_notification.desktop_notification.win32': Not used on non-Windows systems
[7.714s] INFO:colcon.colcon_notification.desktop_notification:Sending desktop notification using 'notify2'
[7.725s] DEBUG:colcon.colcon_core.event_reactor:joined thread
[7.792s] INFO:colcon.colcon_core.shell:Creating prefix script '/home/shorouk/ros2_ws/src/install/local_setup.ps1'
[7.797s] INFO:colcon.colcon_core.shell:Creating prefix util module '/home/shorouk/ros2_ws/src/install/_local_setup_util_ps1.py'
[7.805s] INFO:colcon.colcon_core.shell:Creating prefix chain script '/home/shorouk/ros2_ws/src/install/setup.ps1'
[7.852s] INFO:colcon.colcon_core.shell:Creating prefix script '/home/shorouk/ros2_ws/src/install/local_setup.sh'
[7.855s] INFO:colcon.colcon_core.shell:Creating prefix util module '/home/shorouk/ros2_ws/src/install/_local_setup_util_sh.py'
[7.858s] INFO:colcon.colcon_core.shell:Creating prefix chain script '/home/shorouk/ros2_ws/src/install/setup.sh'
[7.912s] INFO:colcon.colcon_core.shell:Creating prefix script '/home/shorouk/ros2_ws/src/install/local_setup.bash'
[7.917s] INFO:colcon.colcon_core.shell:Creating prefix chain script '/home/shorouk/ros2_ws/src/install/setup.bash'
[7.969s] INFO:colcon.colcon_core.shell:Creating prefix script '/home/shorouk/ros2_ws/src/install/local_setup.zsh'
[7.972s] INFO:colcon.colcon_core.shell:Creating prefix chain script '/home/shorouk/ros2_ws/src/install/setup.zsh'
