[1.854s] Invoking command in '/home/shorouk/Documents/ros2_ws/src/py_pubsub': PYTHONPATH=/home/shorouk/Documents/ros2_ws/install/py_pubsub/lib/python3.6/site-packages:${PYTHONPATH} /usr/bin/python3 setup.py egg_info --egg-base ../../build/py_pubsub build --build-base /home/shorouk/Documents/ros2_ws/build/py_pubsub/build install --prefix /home/shorouk/Documents/ros2_ws/install/py_pubsub --record /home/shorouk/Documents/ros2_ws/build/py_pubsub/install.log --single-version-externally-managed
[3.495s] running egg_info
[3.499s] writing ../../build/py_pubsub/py_pubsub.egg-info/PKG-INFO
[3.500s] writing dependency_links to ../../build/py_pubsub/py_pubsub.egg-info/dependency_links.txt
[3.502s] writing entry points to ../../build/py_pubsub/py_pubsub.egg-info/entry_points.txt
[3.504s] writing requirements to ../../build/py_pubsub/py_pubsub.egg-info/requires.txt
[3.505s] writing top-level names to ../../build/py_pubsub/py_pubsub.egg-info/top_level.txt
[3.763s] reading manifest file '../../build/py_pubsub/py_pubsub.egg-info/SOURCES.txt'
[3.772s] writing manifest file '../../build/py_pubsub/py_pubsub.egg-info/SOURCES.txt'
[3.773s] running build
[3.773s] running build_py
[3.774s] copying py_pubsub/publisher_member_function.py -> /home/shorouk/Documents/ros2_ws/build/py_pubsub/build/lib/py_pubsub
[3.777s] running install
[3.780s] running install_lib
[3.785s] copying /home/shorouk/Documents/ros2_ws/build/py_pubsub/build/lib/py_pubsub/publisher_member_function.py -> /home/shorouk/Documents/ros2_ws/install/py_pubsub/lib/python3.6/site-packages/py_pubsub
[3.789s] byte-compiling /home/shorouk/Documents/ros2_ws/install/py_pubsub/lib/python3.6/site-packages/py_pubsub/publisher_member_function.py to publisher_member_function.cpython-36.pyc
[3.799s] running install_data
[3.803s] running install_egg_info
[3.814s] removing '/home/shorouk/Documents/ros2_ws/install/py_pubsub/lib/python3.6/site-packages/py_pubsub-0.0.0-py3.6.egg-info' (and everything under it)
[3.816s] Copying ../../build/py_pubsub/py_pubsub.egg-info to /home/shorouk/Documents/ros2_ws/install/py_pubsub/lib/python3.6/site-packages/py_pubsub-0.0.0-py3.6.egg-info
[3.822s] running install_scripts
[3.954s] Installing listener script to /home/shorouk/Documents/ros2_ws/install/py_pubsub/lib/py_pubsub
[3.955s] Installing talker script to /home/shorouk/Documents/ros2_ws/install/py_pubsub/lib/py_pubsub
[3.957s] writing list of installed files to '/home/shorouk/Documents/ros2_ws/build/py_pubsub/install.log'
[4.067s] Invoked command in '/home/shorouk/Documents/ros2_ws/src/py_pubsub' returned '0': PYTHONPATH=/home/shorouk/Documents/ros2_ws/install/py_pubsub/lib/python3.6/site-packages:${PYTHONPATH} /usr/bin/python3 setup.py egg_info --egg-base ../../build/py_pubsub build --build-base /home/shorouk/Documents/ros2_ws/build/py_pubsub/build install --prefix /home/shorouk/Documents/ros2_ws/install/py_pubsub --record /home/shorouk/Documents/ros2_ws/build/py_pubsub/install.log --single-version-externally-managed
