[1.387s] DEBUG:colcon:Command line arguments: ['/usr/bin/colcon', 'build', '--packages-select', 'py_pubsub']
[1.387s] DEBUG:colcon:Parsed command line arguments: Namespace(ament_cmake_args=None, base_paths=['.'], build_base='build', catkin_cmake_args=None, catkin_skip_building_tests=False, cmake_args=None, cmake_clean_cache=False, cmake_clean_first=False, cmake_force_configure=False, cmake_target=None, cmake_target_skip_unavailable=False, continue_on_error=False, event_handlers=None, executor='parallel', ignore_user_meta=False, install_base='install', log_base=None, log_level=None, main=<bound method BuildVerb.main of <colcon_core.verb.build.BuildVerb object at 0x7f193aa69320>>, merge_install=False, metas=['./colcon.meta'], packages_above=None, packages_above_and_dependencies=None, packages_above_depth=None, packages_end=None, packages_ignore=None, packages_ignore_regex=None, packages_select=['py_pubsub'], packages_select_build_failed=False, packages_select_by_dep=None, packages_select_regex=None, packages_select_test_failures=False, packages_skip=None, packages_skip_build_finished=False, packages_skip_by_dep=None, packages_skip_regex=None, packages_skip_test_passed=False, packages_skip_up_to=None, packages_start=None, packages_up_to=None, packages_up_to_regex=None, parallel_workers=4, paths=None, symlink_install=False, test_result_base=None, verb_extension=<colcon_core.verb.build.BuildVerb object at 0x7f193aa69320>, verb_name='build', verb_parser=<colcon_defaults.argument_parser.defaults.DefaultArgumentsDecorator object at 0x7f193aa69668>)
[1.431s] Level 1:colcon.colcon_core.package_discovery:discover_packages(colcon_meta) check parameters
[1.433s] Level 1:colcon.colcon_core.package_discovery:discover_packages(recursive) check parameters
[1.433s] Level 1:colcon.colcon_core.package_discovery:discover_packages(ignore) check parameters
[1.433s] Level 1:colcon.colcon_core.package_discovery:discover_packages(path) check parameters
[1.434s] Level 1:colcon.colcon_core.package_discovery:discover_packages(colcon_meta) discover
[1.437s] Level 1:colcon.colcon_core.package_discovery:discover_packages(recursive) discover
[1.437s] INFO:colcon.colcon_core.package_discovery:Crawling recursively for packages in '/home/shorouk/ros2_ws'
[1.438s] Level 1:colcon.colcon_core.package_identification:_identify(.) by extensions ['ignore', 'ignore_ament_install']
[1.439s] Level 1:colcon.colcon_core.package_identification:_identify(.) by extension 'ignore'
[1.440s] Level 1:colcon.colcon_core.package_identification:_identify(.) by extension 'ignore_ament_install'
[1.441s] Level 1:colcon.colcon_core.package_identification:_identify(.) by extensions ['colcon_pkg']
[1.441s] Level 1:colcon.colcon_core.package_identification:_identify(.) by extension 'colcon_pkg'
[1.441s] Level 1:colcon.colcon_core.package_identification:_identify(.) by extensions ['colcon_meta']
[1.441s] Level 1:colcon.colcon_core.package_identification:_identify(.) by extension 'colcon_meta'
[1.442s] Level 1:colcon.colcon_core.package_identification:_identify(.) by extensions ['ros']
[1.442s] Level 1:colcon.colcon_core.package_identification:_identify(.) by extension 'ros'
[1.520s] Level 1:colcon.colcon_core.package_identification:_identify(.) by extensions ['cmake', 'python']
[1.521s] Level 1:colcon.colcon_core.package_identification:_identify(.) by extension 'cmake'
[1.521s] Level 1:colcon.colcon_core.package_identification:_identify(.) by extension 'python'
[1.521s] Level 1:colcon.colcon_core.package_identification:_identify(.) by extensions ['python_setup_py']
[1.522s] Level 1:colcon.colcon_core.package_identification:_identify(.) by extension 'python_setup_py'
[1.523s] Level 1:colcon.colcon_core.package_identification:_identify(build) by extensions ['ignore', 'ignore_ament_install']
[1.523s] Level 1:colcon.colcon_core.package_identification:_identify(build) by extension 'ignore'
[1.524s] Level 1:colcon.colcon_core.package_identification:_identify(build) ignored
[1.527s] Level 1:colcon.colcon_core.package_identification:_identify(install) by extensions ['ignore', 'ignore_ament_install']
[1.527s] Level 1:colcon.colcon_core.package_identification:_identify(install) by extension 'ignore'
[1.528s] Level 1:colcon.colcon_core.package_identification:_identify(install) ignored
[1.530s] Level 1:colcon.colcon_core.package_identification:_identify(log) by extensions ['ignore', 'ignore_ament_install']
[1.531s] Level 1:colcon.colcon_core.package_identification:_identify(log) by extension 'ignore'
[1.531s] Level 1:colcon.colcon_core.package_identification:_identify(log) ignored
[1.532s] Level 1:colcon.colcon_core.package_identification:_identify(src) by extensions ['ignore', 'ignore_ament_install']
[1.532s] Level 1:colcon.colcon_core.package_identification:_identify(src) by extension 'ignore'
[1.532s] Level 1:colcon.colcon_core.package_identification:_identify(src) by extension 'ignore_ament_install'
[1.533s] Level 1:colcon.colcon_core.package_identification:_identify(src) by extensions ['colcon_pkg']
[1.533s] Level 1:colcon.colcon_core.package_identification:_identify(src) by extension 'colcon_pkg'
[1.533s] Level 1:colcon.colcon_core.package_identification:_identify(src) by extensions ['colcon_meta']
[1.534s] Level 1:colcon.colcon_core.package_identification:_identify(src) by extension 'colcon_meta'
[1.534s] Level 1:colcon.colcon_core.package_identification:_identify(src) by extensions ['ros']
[1.534s] Level 1:colcon.colcon_core.package_identification:_identify(src) by extension 'ros'
[1.535s] Level 1:colcon.colcon_core.package_identification:_identify(src) by extensions ['cmake', 'python']
[1.535s] Level 1:colcon.colcon_core.package_identification:_identify(src) by extension 'cmake'
[1.536s] Level 1:colcon.colcon_core.package_identification:_identify(src) by extension 'python'
[1.536s] Level 1:colcon.colcon_core.package_identification:_identify(src) by extensions ['python_setup_py']
[1.536s] Level 1:colcon.colcon_core.package_identification:_identify(src) by extension 'python_setup_py'
[1.537s] Level 1:colcon.colcon_core.package_identification:_identify(src/build) by extensions ['ignore', 'ignore_ament_install']
[1.538s] Level 1:colcon.colcon_core.package_identification:_identify(src/build) by extension 'ignore'
[1.538s] Level 1:colcon.colcon_core.package_identification:_identify(src/build) ignored
[1.539s] Level 1:colcon.colcon_core.package_identification:_identify(src/install) by extensions ['ignore', 'ignore_ament_install']
[1.540s] Level 1:colcon.colcon_core.package_identification:_identify(src/install) by extension 'ignore'
[1.540s] Level 1:colcon.colcon_core.package_identification:_identify(src/install) ignored
[1.541s] Level 1:colcon.colcon_core.package_identification:_identify(src/log) by extensions ['ignore', 'ignore_ament_install']
[1.541s] Level 1:colcon.colcon_core.package_identification:_identify(src/log) by extension 'ignore'
[1.541s] Level 1:colcon.colcon_core.package_identification:_identify(src/log) ignored
[1.542s] Level 1:colcon.colcon_core.package_identification:_identify(src/my_cpp_py_pkg) by extensions ['ignore', 'ignore_ament_install']
[1.542s] Level 1:colcon.colcon_core.package_identification:_identify(src/my_cpp_py_pkg) by extension 'ignore'
[1.543s] Level 1:colcon.colcon_core.package_identification:_identify(src/my_cpp_py_pkg) by extension 'ignore_ament_install'
[1.543s] Level 1:colcon.colcon_core.package_identification:_identify(src/my_cpp_py_pkg) by extensions ['colcon_pkg']
[1.543s] Level 1:colcon.colcon_core.package_identification:_identify(src/my_cpp_py_pkg) by extension 'colcon_pkg'
[1.544s] Level 1:colcon.colcon_core.package_identification:_identify(src/my_cpp_py_pkg) by extensions ['colcon_meta']
[1.544s] Level 1:colcon.colcon_core.package_identification:_identify(src/my_cpp_py_pkg) by extension 'colcon_meta'
[1.544s] Level 1:colcon.colcon_core.package_identification:_identify(src/my_cpp_py_pkg) by extensions ['ros']
[1.545s] Level 1:colcon.colcon_core.package_identification:_identify(src/my_cpp_py_pkg) by extension 'ros'
[1.559s] DEBUG:colcon.colcon_core.package_identification:Package 'src/my_cpp_py_pkg' with type 'ros.ament_cmake' and name 'my_cpp_py_pkg'
[1.560s] Level 1:colcon.colcon_core.package_identification:_identify(src/my_python_pkg) by extensions ['ignore', 'ignore_ament_install']
[1.561s] Level 1:colcon.colcon_core.package_identification:_identify(src/my_python_pkg) by extension 'ignore'
[1.561s] Level 1:colcon.colcon_core.package_identification:_identify(src/my_python_pkg) by extension 'ignore_ament_install'
[1.561s] Level 1:colcon.colcon_core.package_identification:_identify(src/my_python_pkg) by extensions ['colcon_pkg']
[1.562s] Level 1:colcon.colcon_core.package_identification:_identify(src/my_python_pkg) by extension 'colcon_pkg'
[1.562s] Level 1:colcon.colcon_core.package_identification:_identify(src/my_python_pkg) by extensions ['colcon_meta']
[1.562s] Level 1:colcon.colcon_core.package_identification:_identify(src/my_python_pkg) by extension 'colcon_meta'
[1.563s] Level 1:colcon.colcon_core.package_identification:_identify(src/my_python_pkg) by extensions ['ros']
[1.563s] Level 1:colcon.colcon_core.package_identification:_identify(src/my_python_pkg) by extension 'ros'
[1.570s] DEBUG:colcon.colcon_core.package_identification:Package 'src/my_python_pkg' with type 'ros.ament_python' and name 'my_python_pkg'
[1.571s] Level 1:colcon.colcon_core.package_identification:_identify(src/py_pubsub) by extensions ['ignore', 'ignore_ament_install']
[1.572s] Level 1:colcon.colcon_core.package_identification:_identify(src/py_pubsub) by extension 'ignore'
[1.573s] Level 1:colcon.colcon_core.package_identification:_identify(src/py_pubsub) by extension 'ignore_ament_install'
[1.573s] Level 1:colcon.colcon_core.package_identification:_identify(src/py_pubsub) by extensions ['colcon_pkg']
[1.573s] Level 1:colcon.colcon_core.package_identification:_identify(src/py_pubsub) by extension 'colcon_pkg'
[1.574s] Level 1:colcon.colcon_core.package_identification:_identify(src/py_pubsub) by extensions ['colcon_meta']
[1.574s] Level 1:colcon.colcon_core.package_identification:_identify(src/py_pubsub) by extension 'colcon_meta'
[1.574s] Level 1:colcon.colcon_core.package_identification:_identify(src/py_pubsub) by extensions ['ros']
[1.575s] Level 1:colcon.colcon_core.package_identification:_identify(src/py_pubsub) by extension 'ros'
[1.581s] DEBUG:colcon.colcon_core.package_identification:Found ROS schema reference in package manifest in 'src/py_pubsub'
[1.582s] WARNING:colcon.colcon_core.package_identification:Failed to parse ROS package manifest in 'src/py_pubsub': Error(s) in package 'src/py_pubsub/package.xml':
The package "py_pubsub" must not "exec_depend" on a package with the same name as this package
[1.582s] Level 1:colcon.colcon_core.package_identification:_identify(src/py_pubsub) by extensions ['cmake', 'python']
[1.583s] Level 1:colcon.colcon_core.package_identification:_identify(src/py_pubsub) by extension 'cmake'
[1.583s] Level 1:colcon.colcon_core.package_identification:_identify(src/py_pubsub) by extension 'python'
[1.584s] DEBUG:colcon.colcon_core.package_identification:Python package in 'src/py_pubsub' passes arguments to the setup() function which requires a different identification extension than 'python'
[1.584s] Level 1:colcon.colcon_core.package_identification:_identify(src/py_pubsub) by extensions ['python_setup_py']
[1.585s] Level 1:colcon.colcon_core.package_identification:_identify(src/py_pubsub) by extension 'python_setup_py'
[3.351s] DEBUG:colcon.colcon_core.package_identification:Package 'src/py_pubsub' with type 'python' and name 'py_pubsub'
[3.352s] Level 1:colcon.colcon_core.package_identification:_identify(src/py_srvcli) by extensions ['ignore', 'ignore_ament_install']
[3.353s] Level 1:colcon.colcon_core.package_identification:_identify(src/py_srvcli) by extension 'ignore'
[3.354s] Level 1:colcon.colcon_core.package_identification:_identify(src/py_srvcli) by extension 'ignore_ament_install'
[3.355s] Level 1:colcon.colcon_core.package_identification:_identify(src/py_srvcli) by extensions ['colcon_pkg']
[3.355s] Level 1:colcon.colcon_core.package_identification:_identify(src/py_srvcli) by extension 'colcon_pkg'
[3.356s] Level 1:colcon.colcon_core.package_identification:_identify(src/py_srvcli) by extensions ['colcon_meta']
[3.356s] Level 1:colcon.colcon_core.package_identification:_identify(src/py_srvcli) by extension 'colcon_meta'
[3.357s] Level 1:colcon.colcon_core.package_identification:_identify(src/py_srvcli) by extensions ['ros']
[3.357s] Level 1:colcon.colcon_core.package_identification:_identify(src/py_srvcli) by extension 'ros'
[3.366s] DEBUG:colcon.colcon_core.package_identification:Package 'src/py_srvcli' with type 'ros.ament_python' and name 'py_srvcli'
[3.367s] Level 1:colcon.colcon_core.package_identification:_identify(src/tutorial_interfaces) by extensions ['ignore', 'ignore_ament_install']
[3.368s] Level 1:colcon.colcon_core.package_identification:_identify(src/tutorial_interfaces) by extension 'ignore'
[3.368s] Level 1:colcon.colcon_core.package_identification:_identify(src/tutorial_interfaces) by extension 'ignore_ament_install'
[3.369s] Level 1:colcon.colcon_core.package_identification:_identify(src/tutorial_interfaces) by extensions ['colcon_pkg']
[3.369s] Level 1:colcon.colcon_core.package_identification:_identify(src/tutorial_interfaces) by extension 'colcon_pkg'
[3.370s] Level 1:colcon.colcon_core.package_identification:_identify(src/tutorial_interfaces) by extensions ['colcon_meta']
[3.370s] Level 1:colcon.colcon_core.package_identification:_identify(src/tutorial_interfaces) by extension 'colcon_meta'
[3.370s] Level 1:colcon.colcon_core.package_identification:_identify(src/tutorial_interfaces) by extensions ['ros']
[3.371s] Level 1:colcon.colcon_core.package_identification:_identify(src/tutorial_interfaces) by extension 'ros'
[3.377s] DEBUG:colcon.colcon_core.package_identification:Package 'src/tutorial_interfaces' with type 'ros.ament_cmake' and name 'tutorial_interfaces'
[3.378s] Level 1:colcon.colcon_core.package_discovery:discover_packages(recursive) using defaults
[3.380s] Level 1:colcon.colcon_core.package_discovery:discover_packages(ignore) discover
[3.381s] Level 1:colcon.colcon_core.package_discovery:discover_packages(ignore) using defaults
[3.381s] Level 1:colcon.colcon_core.package_discovery:discover_packages(path) discover
[3.381s] Level 1:colcon.colcon_core.package_discovery:discover_packages(path) using defaults
[3.515s] INFO:colcon.colcon_core.package_selection:Skipping not selected package 'my_cpp_py_pkg' in 'src/my_cpp_py_pkg'
[3.516s] INFO:colcon.colcon_core.package_selection:Skipping not selected package 'my_python_pkg' in 'src/my_python_pkg'
[3.516s] INFO:colcon.colcon_core.package_selection:Skipping not selected package 'py_srvcli' in 'src/py_srvcli'
[3.517s] INFO:colcon.colcon_core.package_selection:Skipping not selected package 'tutorial_interfaces' in 'src/tutorial_interfaces'
[3.548s] Level 5:colcon.colcon_core.verb:set package 'py_pubsub' build argument 'cmake_args' from command line to 'None'
[3.549s] Level 5:colcon.colcon_core.verb:set package 'py_pubsub' build argument 'cmake_target' from command line to 'None'
[3.549s] Level 5:colcon.colcon_core.verb:set package 'py_pubsub' build argument 'cmake_target_skip_unavailable' from command line to 'False'
[3.549s] Level 5:colcon.colcon_core.verb:set package 'py_pubsub' build argument 'cmake_clean_cache' from command line to 'False'
[3.549s] Level 5:colcon.colcon_core.verb:set package 'py_pubsub' build argument 'cmake_clean_first' from command line to 'False'
[3.549s] Level 5:colcon.colcon_core.verb:set package 'py_pubsub' build argument 'cmake_force_configure' from command line to 'False'
[3.550s] Level 5:colcon.colcon_core.verb:set package 'py_pubsub' build argument 'ament_cmake_args' from command line to 'None'
[3.550s] Level 5:colcon.colcon_core.verb:set package 'py_pubsub' build argument 'catkin_cmake_args' from command line to 'None'
[3.550s] Level 5:colcon.colcon_core.verb:set package 'py_pubsub' build argument 'catkin_skip_building_tests' from command line to 'False'
[3.551s] DEBUG:colcon.colcon_core.verb:Building package 'py_pubsub' with the following arguments: {'ament_cmake_args': None, 'build_base': '/home/shorouk/ros2_ws/build/py_pubsub', 'catkin_cmake_args': None, 'catkin_skip_building_tests': False, 'cmake_args': None, 'cmake_clean_cache': False, 'cmake_clean_first': False, 'cmake_force_configure': False, 'cmake_target': None, 'cmake_target_skip_unavailable': False, 'install_base': '/home/shorouk/ros2_ws/install/py_pubsub', 'merge_install': False, 'path': '/home/shorouk/ros2_ws/src/py_pubsub', 'symlink_install': False, 'test_result_base': None}
[3.554s] INFO:colcon.colcon_core.executor:Executing jobs using 'parallel' executor
[3.570s] DEBUG:colcon.colcon_parallel_executor.executor.parallel:run_until_complete
[3.572s] INFO:colcon.colcon_core.task.python.build:Building Python package in '/home/shorouk/ros2_ws/src/py_pubsub'
[3.602s] INFO:colcon.colcon_core.plugin_system:Skipping extension 'colcon_core.shell.bat': Not used on non-Windows systems
[3.603s] INFO:colcon.colcon_core.shell:Skip shell extension 'powershell' for command environment: Not usable outside of PowerShell
[3.604s] DEBUG:colcon.colcon_core.shell:Skip shell extension 'dsv' for command environment
[3.632s] DEBUG:colcon.colcon_core.shell:Ignoring prefix path '/opt/ros/eloquent'
[5.428s] DEBUG:colcon.colcon_core.event_handler.log_command:Invoking command in '/home/shorouk/ros2_ws/src/py_pubsub': PYTHONPATH=/home/shorouk/ros2_ws/install/py_pubsub/lib/python3.6/site-packages:${PYTHONPATH} /usr/bin/python3 setup.py egg_info --egg-base ../../build/py_pubsub build --build-base /home/shorouk/ros2_ws/build/py_pubsub/build install --prefix /home/shorouk/ros2_ws/install/py_pubsub --record /home/shorouk/ros2_ws/build/py_pubsub/install.log --single-version-externally-managed
[7.586s] DEBUG:colcon.colcon_core.event_handler.log_command:Invoked command in '/home/shorouk/ros2_ws/src/py_pubsub' returned '0': PYTHONPATH=/home/shorouk/ros2_ws/install/py_pubsub/lib/python3.6/site-packages:${PYTHONPATH} /usr/bin/python3 setup.py egg_info --egg-base ../../build/py_pubsub build --build-base /home/shorouk/ros2_ws/build/py_pubsub/build install --prefix /home/shorouk/ros2_ws/install/py_pubsub --record /home/shorouk/ros2_ws/build/py_pubsub/install.log --single-version-externally-managed
[7.607s] Level 1:colcon.colcon_core.environment:checking '/home/shorouk/ros2_ws/install/py_pubsub' for CMake module files
[7.614s] Level 1:colcon.colcon_core.environment:checking '/home/shorouk/ros2_ws/install/py_pubsub' for CMake config files
[7.623s] Level 1:colcon.colcon_core.environment:checking '/home/shorouk/ros2_ws/install/py_pubsub/lib'
[7.624s] Level 1:colcon.colcon_core.environment:checking '/home/shorouk/ros2_ws/install/py_pubsub/bin'
[7.625s] Level 1:colcon.colcon_core.environment:checking '/home/shorouk/ros2_ws/install/py_pubsub/lib/pkgconfig/py_pubsub.pc'
[7.626s] Level 1:colcon.colcon_core.environment:checking '/home/shorouk/ros2_ws/install/py_pubsub/lib/python3.6/site-packages'
[7.627s] Level 1:colcon.colcon_core.shell:create_environment_hook('py_pubsub', 'pythonpath')
[7.631s] INFO:colcon.colcon_core.shell:Creating environment hook '/home/shorouk/ros2_ws/install/py_pubsub/share/py_pubsub/hook/pythonpath.ps1'
[7.685s] INFO:colcon.colcon_core.shell:Creating environment descriptor '/home/shorouk/ros2_ws/install/py_pubsub/share/py_pubsub/hook/pythonpath.dsv'
[7.688s] INFO:colcon.colcon_core.shell:Creating environment hook '/home/shorouk/ros2_ws/install/py_pubsub/share/py_pubsub/hook/pythonpath.sh'
[7.694s] Level 1:colcon.colcon_core.environment:create_environment_scripts_only(py_pubsub)
[7.699s] INFO:colcon.colcon_core.shell:Creating package script '/home/shorouk/ros2_ws/install/py_pubsub/share/py_pubsub/package.ps1'
[7.705s] INFO:colcon.colcon_core.shell:Creating package descriptor '/home/shorouk/ros2_ws/install/py_pubsub/share/py_pubsub/package.dsv'
[7.710s] INFO:colcon.colcon_core.shell:Creating package script '/home/shorouk/ros2_ws/install/py_pubsub/share/py_pubsub/package.sh'
[7.719s] INFO:colcon.colcon_core.shell:Creating package script '/home/shorouk/ros2_ws/install/py_pubsub/share/py_pubsub/package.bash'
[7.725s] INFO:colcon.colcon_core.shell:Creating package script '/home/shorouk/ros2_ws/install/py_pubsub/share/py_pubsub/package.zsh'
[7.732s] Level 1:colcon.colcon_core.environment:create_file_with_runtime_dependencies(/home/shorouk/ros2_ws/install/py_pubsub/share/colcon-core/packages/py_pubsub)
[7.735s] DEBUG:colcon.colcon_parallel_executor.executor.parallel:closing loop
[7.744s] DEBUG:colcon.colcon_parallel_executor.executor.parallel:loop closed
[7.744s] DEBUG:colcon.colcon_parallel_executor.executor.parallel:run_until_complete finished with '0'
[7.745s] DEBUG:colcon.colcon_core.event_reactor:joining thread
[7.786s] INFO:colcon.colcon_core.plugin_system:Skipping extension 'colcon_notification.desktop_notification.terminal_notifier': Not used on non-Darwin systems
[7.787s] INFO:colcon.colcon_core.plugin_system:Skipping extension 'colcon_notification.desktop_notification.win32': Not used on non-Windows systems
[7.787s] INFO:colcon.colcon_notification.desktop_notification:Sending desktop notification using 'notify2'
[7.808s] DEBUG:colcon.colcon_core.event_reactor:joined thread
[7.813s] INFO:colcon.colcon_core.shell:Creating prefix script '/home/shorouk/ros2_ws/install/local_setup.ps1'
[7.821s] INFO:colcon.colcon_core.shell:Creating prefix util module '/home/shorouk/ros2_ws/install/_local_setup_util_ps1.py'
[7.837s] INFO:colcon.colcon_core.shell:Creating prefix chain script '/home/shorouk/ros2_ws/install/setup.ps1'
[7.862s] INFO:colcon.colcon_core.shell:Creating prefix script '/home/shorouk/ros2_ws/install/local_setup.sh'
[7.867s] INFO:colcon.colcon_core.shell:Creating prefix util module '/home/shorouk/ros2_ws/install/_local_setup_util_sh.py'
[7.872s] INFO:colcon.colcon_core.shell:Creating prefix chain script '/home/shorouk/ros2_ws/install/setup.sh'
[7.901s] INFO:colcon.colcon_core.shell:Creating prefix script '/home/shorouk/ros2_ws/install/local_setup.bash'
[7.906s] INFO:colcon.colcon_core.shell:Creating prefix chain script '/home/shorouk/ros2_ws/install/setup.bash'
[7.930s] INFO:colcon.colcon_core.shell:Creating prefix script '/home/shorouk/ros2_ws/install/local_setup.zsh'
[7.934s] INFO:colcon.colcon_core.shell:Creating prefix chain script '/home/shorouk/ros2_ws/install/setup.zsh'
