[1.140s] Invoking command in '/home/shorouk/ros2_ws/src/my_python_pkg': PYTHONPATH=/home/shorouk/ros2_ws/install/my_python_pkg/lib/python3.6/site-packages:${PYTHONPATH} /usr/bin/python3 setup.py egg_info --egg-base ../../build/my_python_pkg build --build-base /home/shorouk/ros2_ws/build/my_python_pkg/build install --prefix /home/shorouk/ros2_ws/install/my_python_pkg --record /home/shorouk/ros2_ws/build/my_python_pkg/install.log --single-version-externally-managed
[2.143s] running egg_info
[2.146s] creating ../../build/my_python_pkg/my_python_pkg.egg-info
[2.146s] writing ../../build/my_python_pkg/my_python_pkg.egg-info/PKG-INFO
[2.148s] writing dependency_links to ../../build/my_python_pkg/my_python_pkg.egg-info/dependency_links.txt
[2.149s] writing entry points to ../../build/my_python_pkg/my_python_pkg.egg-info/entry_points.txt
[2.149s] writing requirements to ../../build/my_python_pkg/my_python_pkg.egg-info/requires.txt
[2.150s] writing top-level names to ../../build/my_python_pkg/my_python_pkg.egg-info/top_level.txt
[2.151s] writing manifest file '../../build/my_python_pkg/my_python_pkg.egg-info/SOURCES.txt'
[2.316s] reading manifest file '../../build/my_python_pkg/my_python_pkg.egg-info/SOURCES.txt'
[2.322s] writing manifest file '../../build/my_python_pkg/my_python_pkg.egg-info/SOURCES.txt'
[2.323s] running build
[2.323s] running build_py
[2.324s] creating /home/shorouk/ros2_ws/build/my_python_pkg/build
[2.324s] creating /home/shorouk/ros2_ws/build/my_python_pkg/build/lib
[2.325s] creating /home/shorouk/ros2_ws/build/my_python_pkg/build/lib/my_python_pkg
[2.325s] copying my_python_pkg/__init__.py -> /home/shorouk/ros2_ws/build/my_python_pkg/build/lib/my_python_pkg
[2.326s] running install
[2.326s] running install_lib
[2.329s] creating /home/shorouk/ros2_ws/install/my_python_pkg/lib/python3.6/site-packages/my_python_pkg
[2.330s] copying /home/shorouk/ros2_ws/build/my_python_pkg/build/lib/my_python_pkg/__init__.py -> /home/shorouk/ros2_ws/install/my_python_pkg/lib/python3.6/site-packages/my_python_pkg
[2.331s] byte-compiling /home/shorouk/ros2_ws/install/my_python_pkg/lib/python3.6/site-packages/my_python_pkg/__init__.py to __init__.cpython-36.pyc
[2.332s] running install_data
[2.335s] creating /home/shorouk/ros2_ws/install/my_python_pkg/share/ament_index
[2.336s] creating /home/shorouk/ros2_ws/install/my_python_pkg/share/ament_index/resource_index
[2.337s] creating /home/shorouk/ros2_ws/install/my_python_pkg/share/ament_index/resource_index/packages
[2.338s] copying resource/my_python_pkg -> /home/shorouk/ros2_ws/install/my_python_pkg/share/ament_index/resource_index/packages
[2.338s] copying package.xml -> /home/shorouk/ros2_ws/install/my_python_pkg/share/my_python_pkg
[2.339s] running install_egg_info
[2.346s] Copying ../../build/my_python_pkg/my_python_pkg.egg-info to /home/shorouk/ros2_ws/install/my_python_pkg/lib/python3.6/site-packages/my_python_pkg-0.0.0-py3.6.egg-info
[2.351s] running install_scripts
[2.432s] writing list of installed files to '/home/shorouk/ros2_ws/build/my_python_pkg/install.log'
[2.504s] Invoked command in '/home/shorouk/ros2_ws/src/my_python_pkg' returned '0': PYTHONPATH=/home/shorouk/ros2_ws/install/my_python_pkg/lib/python3.6/site-packages:${PYTHONPATH} /usr/bin/python3 setup.py egg_info --egg-base ../../build/my_python_pkg build --build-base /home/shorouk/ros2_ws/build/my_python_pkg/build install --prefix /home/shorouk/ros2_ws/install/my_python_pkg --record /home/shorouk/ros2_ws/build/my_python_pkg/install.log --single-version-externally-managed
