[5.561s] DEBUG:colcon:Command line arguments: ['/home/shorouk/.local/bin/colcon', 'build', '--packages-select', 'py_srvcl']
[5.562s] DEBUG:colcon:Parsed command line arguments: Namespace(ament_cmake_args=None, base_paths=['.'], build_base='build', catkin_cmake_args=None, catkin_skip_building_tests=False, cmake_args=None, cmake_clean_cache=False, cmake_clean_first=False, cmake_force_configure=False, cmake_target=None, cmake_target_skip_unavailable=False, continue_on_error=False, event_handlers=None, executor='parallel', ignore_user_meta=False, install_base='install', log_base=None, log_level=None, main=<bound method BuildVerb.main of <colcon_core.verb.build.BuildVerb object at 0x7f4ca891e128>>, merge_install=False, metas=['./colcon.meta'], packages_above=None, packages_above_and_dependencies=None, packages_above_depth=None, packages_end=None, packages_ignore=None, packages_ignore_regex=None, packages_select=['py_srvcl'], packages_select_build_failed=False, packages_select_by_dep=None, packages_select_regex=None, packages_select_test_failures=False, packages_skip=None, packages_skip_build_finished=False, packages_skip_by_dep=None, packages_skip_regex=None, packages_skip_test_passed=False, packages_skip_up_to=None, packages_start=None, packages_up_to=None, packages_up_to_regex=None, parallel_workers=4, paths=None, symlink_install=False, test_result_base=None, verb_extension=<colcon_core.verb.build.BuildVerb object at 0x7f4ca891e128>, verb_name='build', verb_parser=<colcon_defaults.argument_parser.defaults.DefaultArgumentsDecorator object at 0x7f4ca891e470>)
[5.778s] Level 1:colcon.colcon_core.package_discovery:discover_packages(colcon_meta) check parameters
[5.779s] Level 1:colcon.colcon_core.package_discovery:discover_packages(recursive) check parameters
[5.779s] Level 1:colcon.colcon_core.package_discovery:discover_packages(ignore) check parameters
[5.779s] Level 1:colcon.colcon_core.package_discovery:discover_packages(path) check parameters
[5.780s] Level 1:colcon.colcon_core.package_discovery:discover_packages(colcon_meta) discover
[5.782s] Level 1:colcon.colcon_core.package_discovery:discover_packages(recursive) discover
[5.783s] INFO:colcon.colcon_core.package_discovery:Crawling recursively for packages in '/home/shorouk/ros2_ws'
[5.784s] Level 1:colcon.colcon_core.package_identification:_identify(.) by extensions ['ignore', 'ignore_ament_install']
[5.785s] Level 1:colcon.colcon_core.package_identification:_identify(.) by extension 'ignore'
[5.785s] Level 1:colcon.colcon_core.package_identification:_identify(.) by extension 'ignore_ament_install'
[5.786s] Level 1:colcon.colcon_core.package_identification:_identify(.) by extensions ['colcon_pkg']
[5.786s] Level 1:colcon.colcon_core.package_identification:_identify(.) by extension 'colcon_pkg'
[5.787s] Level 1:colcon.colcon_core.package_identification:_identify(.) by extensions ['colcon_meta']
[5.787s] Level 1:colcon.colcon_core.package_identification:_identify(.) by extension 'colcon_meta'
[5.788s] Level 1:colcon.colcon_core.package_identification:_identify(.) by extensions ['ros']
[5.788s] Level 1:colcon.colcon_core.package_identification:_identify(.) by extension 'ros'
[5.883s] Level 1:colcon.colcon_core.package_identification:_identify(.) by extensions ['cmake', 'python']
[5.883s] Level 1:colcon.colcon_core.package_identification:_identify(.) by extension 'cmake'
[5.883s] Level 1:colcon.colcon_core.package_identification:_identify(.) by extension 'python'
[5.884s] Level 1:colcon.colcon_core.package_identification:_identify(.) by extensions ['python_setup_py']
[5.884s] Level 1:colcon.colcon_core.package_identification:_identify(.) by extension 'python_setup_py'
[5.885s] Level 1:colcon.colcon_core.package_identification:_identify(build) by extensions ['ignore', 'ignore_ament_install']
[5.885s] Level 1:colcon.colcon_core.package_identification:_identify(build) by extension 'ignore'
[5.886s] Level 1:colcon.colcon_core.package_identification:_identify(build) ignored
[5.888s] Level 1:colcon.colcon_core.package_identification:_identify(install) by extensions ['ignore', 'ignore_ament_install']
[5.888s] Level 1:colcon.colcon_core.package_identification:_identify(install) by extension 'ignore'
[5.889s] Level 1:colcon.colcon_core.package_identification:_identify(install) ignored
[5.889s] Level 1:colcon.colcon_core.package_identification:_identify(log) by extensions ['ignore', 'ignore_ament_install']
[5.890s] Level 1:colcon.colcon_core.package_identification:_identify(log) by extension 'ignore'
[5.890s] Level 1:colcon.colcon_core.package_identification:_identify(log) ignored
[5.891s] Level 1:colcon.colcon_core.package_identification:_identify(src) by extensions ['ignore', 'ignore_ament_install']
[5.891s] Level 1:colcon.colcon_core.package_identification:_identify(src) by extension 'ignore'
[5.891s] Level 1:colcon.colcon_core.package_identification:_identify(src) by extension 'ignore_ament_install'
[5.892s] Level 1:colcon.colcon_core.package_identification:_identify(src) by extensions ['colcon_pkg']
[5.892s] Level 1:colcon.colcon_core.package_identification:_identify(src) by extension 'colcon_pkg'
[5.892s] Level 1:colcon.colcon_core.package_identification:_identify(src) by extensions ['colcon_meta']
[5.893s] Level 1:colcon.colcon_core.package_identification:_identify(src) by extension 'colcon_meta'
[5.893s] Level 1:colcon.colcon_core.package_identification:_identify(src) by extensions ['ros']
[5.893s] Level 1:colcon.colcon_core.package_identification:_identify(src) by extension 'ros'
[5.894s] Level 1:colcon.colcon_core.package_identification:_identify(src) by extensions ['cmake', 'python']
[5.894s] Level 1:colcon.colcon_core.package_identification:_identify(src) by extension 'cmake'
[5.894s] Level 1:colcon.colcon_core.package_identification:_identify(src) by extension 'python'
[5.895s] Level 1:colcon.colcon_core.package_identification:_identify(src) by extensions ['python_setup_py']
[5.895s] Level 1:colcon.colcon_core.package_identification:_identify(src) by extension 'python_setup_py'
[5.895s] Level 1:colcon.colcon_core.package_identification:_identify(src/build) by extensions ['ignore', 'ignore_ament_install']
[5.896s] Level 1:colcon.colcon_core.package_identification:_identify(src/build) by extension 'ignore'
[5.896s] Level 1:colcon.colcon_core.package_identification:_identify(src/build) ignored
[5.897s] Level 1:colcon.colcon_core.package_identification:_identify(src/install) by extensions ['ignore', 'ignore_ament_install']
[5.897s] Level 1:colcon.colcon_core.package_identification:_identify(src/install) by extension 'ignore'
[5.898s] Level 1:colcon.colcon_core.package_identification:_identify(src/install) ignored
[5.898s] Level 1:colcon.colcon_core.package_identification:_identify(src/log) by extensions ['ignore', 'ignore_ament_install']
[5.899s] Level 1:colcon.colcon_core.package_identification:_identify(src/log) by extension 'ignore'
[5.899s] Level 1:colcon.colcon_core.package_identification:_identify(src/log) ignored
[5.900s] Level 1:colcon.colcon_core.package_identification:_identify(src/my_python_pkg) by extensions ['ignore', 'ignore_ament_install']
[5.900s] Level 1:colcon.colcon_core.package_identification:_identify(src/my_python_pkg) by extension 'ignore'
[5.900s] Level 1:colcon.colcon_core.package_identification:_identify(src/my_python_pkg) by extension 'ignore_ament_install'
[5.901s] Level 1:colcon.colcon_core.package_identification:_identify(src/my_python_pkg) by extensions ['colcon_pkg']
[5.901s] Level 1:colcon.colcon_core.package_identification:_identify(src/my_python_pkg) by extension 'colcon_pkg'
[5.901s] Level 1:colcon.colcon_core.package_identification:_identify(src/my_python_pkg) by extensions ['colcon_meta']
[5.901s] Level 1:colcon.colcon_core.package_identification:_identify(src/my_python_pkg) by extension 'colcon_meta'
[5.902s] Level 1:colcon.colcon_core.package_identification:_identify(src/my_python_pkg) by extensions ['ros']
[5.902s] Level 1:colcon.colcon_core.package_identification:_identify(src/my_python_pkg) by extension 'ros'
[5.915s] DEBUG:colcon.colcon_core.package_identification:Package 'src/my_python_pkg' with type 'ros.ament_python' and name 'my_python_pkg'
[5.916s] Level 1:colcon.colcon_core.package_identification:_identify(src/py_srvcli) by extensions ['ignore', 'ignore_ament_install']
[5.917s] Level 1:colcon.colcon_core.package_identification:_identify(src/py_srvcli) by extension 'ignore'
[5.917s] Level 1:colcon.colcon_core.package_identification:_identify(src/py_srvcli) by extension 'ignore_ament_install'
[5.918s] Level 1:colcon.colcon_core.package_identification:_identify(src/py_srvcli) by extensions ['colcon_pkg']
[5.918s] Level 1:colcon.colcon_core.package_identification:_identify(src/py_srvcli) by extension 'colcon_pkg'
[5.919s] Level 1:colcon.colcon_core.package_identification:_identify(src/py_srvcli) by extensions ['colcon_meta']
[5.919s] Level 1:colcon.colcon_core.package_identification:_identify(src/py_srvcli) by extension 'colcon_meta'
[5.920s] Level 1:colcon.colcon_core.package_identification:_identify(src/py_srvcli) by extensions ['ros']
[5.920s] Level 1:colcon.colcon_core.package_identification:_identify(src/py_srvcli) by extension 'ros'
[5.925s] DEBUG:colcon.colcon_core.package_identification:Package 'src/py_srvcli' with type 'ros.ament_python' and name 'py_srvcli'
[5.926s] Level 1:colcon.colcon_core.package_discovery:discover_packages(recursive) using defaults
[5.927s] Level 1:colcon.colcon_core.package_discovery:discover_packages(ignore) discover
[5.927s] Level 1:colcon.colcon_core.package_discovery:discover_packages(ignore) using defaults
[5.927s] Level 1:colcon.colcon_core.package_discovery:discover_packages(path) discover
[5.927s] Level 1:colcon.colcon_core.package_discovery:discover_packages(path) using defaults
[5.994s] WARNING:colcon.colcon_core.package_selection:ignoring unknown package 'py_srvcl' in --packages-select
[6.301s] INFO:colcon.colcon_core.package_selection:Skipping not selected package 'my_python_pkg' in 'src/my_python_pkg'
[6.302s] INFO:colcon.colcon_core.package_selection:Skipping not selected package 'py_srvcli' in 'src/py_srvcli'
[6.324s] INFO:colcon.colcon_core.executor:Executing jobs using 'parallel' executor
[6.525s] DEBUG:colcon.colcon_parallel_executor.executor.parallel:run_until_complete
[6.525s] DEBUG:colcon.colcon_parallel_executor.executor.parallel:closing loop
[6.527s] DEBUG:colcon.colcon_parallel_executor.executor.parallel:loop closed
[6.527s] DEBUG:colcon.colcon_parallel_executor.executor.parallel:run_until_complete finished with '0'
[6.527s] DEBUG:colcon.colcon_core.event_reactor:joining thread
[6.631s] INFO:colcon.colcon_core.plugin_system:Skipping extension 'colcon_notification.desktop_notification.terminal_notifier': Not used on non-Darwin systems
[6.631s] INFO:colcon.colcon_core.plugin_system:Skipping extension 'colcon_notification.desktop_notification.win32': Not used on non-Windows systems
[6.632s] INFO:colcon.colcon_notification.desktop_notification:Sending desktop notification using 'notify2'
[6.651s] DEBUG:colcon.colcon_core.event_reactor:joined thread
[6.752s] INFO:colcon.colcon_core.plugin_system:Skipping extension 'colcon_core.shell.bat': Not used on non-Windows systems
[6.754s] INFO:colcon.colcon_core.shell:Creating prefix script '/home/shorouk/ros2_ws/install/local_setup.ps1'
[6.760s] INFO:colcon.colcon_core.shell:Creating prefix util module '/home/shorouk/ros2_ws/install/_local_setup_util_ps1.py'
[6.770s] INFO:colcon.colcon_core.shell:Creating prefix chain script '/home/shorouk/ros2_ws/install/setup.ps1'
[6.865s] INFO:colcon.colcon_core.shell:Creating prefix script '/home/shorouk/ros2_ws/install/local_setup.sh'
[6.871s] INFO:colcon.colcon_core.shell:Creating prefix util module '/home/shorouk/ros2_ws/install/_local_setup_util_sh.py'
[6.874s] INFO:colcon.colcon_core.shell:Creating prefix chain script '/home/shorouk/ros2_ws/install/setup.sh'
[6.955s] INFO:colcon.colcon_core.shell:Creating prefix script '/home/shorouk/ros2_ws/install/local_setup.bash'
[6.958s] INFO:colcon.colcon_core.shell:Creating prefix chain script '/home/shorouk/ros2_ws/install/setup.bash'
[7.019s] INFO:colcon.colcon_core.shell:Creating prefix script '/home/shorouk/ros2_ws/install/local_setup.zsh'
[7.022s] INFO:colcon.colcon_core.shell:Creating prefix chain script '/home/shorouk/ros2_ws/install/setup.zsh'
