[1.764s] Invoking command in '/home/shorouk/ros2_ws/src/py_srvcli': PYTHONPATH=/home/shorouk/ros2_ws/install/py_srvcli/lib/python3.6/site-packages:${PYTHONPATH} /usr/bin/python3 setup.py egg_info --egg-base ../../build/py_srvcli build --build-base /home/shorouk/ros2_ws/build/py_srvcli/build install --prefix /home/shorouk/ros2_ws/install/py_srvcli --record /home/shorouk/ros2_ws/build/py_srvcli/install.log --single-version-externally-managed
[3.026s] running egg_info
[3.029s] writing ../../build/py_srvcli/py_srvcli.egg-info/PKG-INFO
[3.030s] writing dependency_links to ../../build/py_srvcli/py_srvcli.egg-info/dependency_links.txt
[3.031s] writing entry points to ../../build/py_srvcli/py_srvcli.egg-info/entry_points.txt
[3.032s] writing requirements to ../../build/py_srvcli/py_srvcli.egg-info/requires.txt
[3.032s] writing top-level names to ../../build/py_srvcli/py_srvcli.egg-info/top_level.txt
[3.207s] reading manifest file '../../build/py_srvcli/py_srvcli.egg-info/SOURCES.txt'
[3.217s] writing manifest file '../../build/py_srvcli/py_srvcli.egg-info/SOURCES.txt'
[3.217s] running build
[3.218s] running build_py
[3.219s] copying py_srvcli/service.py -> /home/shorouk/ros2_ws/build/py_srvcli/build/lib/py_srvcli
[3.220s] copying py_srvcli/client_member_function.py -> /home/shorouk/ros2_ws/build/py_srvcli/build/lib/py_srvcli
[3.220s] running install
[3.222s] running install_lib
[3.226s] copying /home/shorouk/ros2_ws/build/py_srvcli/build/lib/py_srvcli/service.py -> /home/shorouk/ros2_ws/install/py_srvcli/lib/python3.6/site-packages/py_srvcli
[3.227s] copying /home/shorouk/ros2_ws/build/py_srvcli/build/lib/py_srvcli/client_member_function.py -> /home/shorouk/ros2_ws/install/py_srvcli/lib/python3.6/site-packages/py_srvcli
[3.230s] byte-compiling /home/shorouk/ros2_ws/install/py_srvcli/lib/python3.6/site-packages/py_srvcli/service.py to service.cpython-36.pyc
[3.231s] Sorry: TabError: inconsistent use of tabs and spaces in indentation (service.py, line 15)
[3.231s] byte-compiling /home/shorouk/ros2_ws/install/py_srvcli/lib/python3.6/site-packages/py_srvcli/client_member_function.py to client_member_function.cpython-36.pyc
[3.233s] running install_data
[3.235s] running install_egg_info
[3.243s] removing '/home/shorouk/ros2_ws/install/py_srvcli/lib/python3.6/site-packages/py_srvcli-0.0.0-py3.6.egg-info' (and everything under it)
[3.245s] Copying ../../build/py_srvcli/py_srvcli.egg-info to /home/shorouk/ros2_ws/install/py_srvcli/lib/python3.6/site-packages/py_srvcli-0.0.0-py3.6.egg-info
[3.249s] running install_scripts
[3.331s] Installing client script to /home/shorouk/ros2_ws/install/py_srvcli/lib/py_srvcli
[3.332s] Installing service script to /home/shorouk/ros2_ws/install/py_srvcli/lib/py_srvcli
[3.334s] writing list of installed files to '/home/shorouk/ros2_ws/build/py_srvcli/install.log'
[3.416s] Invoked command in '/home/shorouk/ros2_ws/src/py_srvcli' returned '0': PYTHONPATH=/home/shorouk/ros2_ws/install/py_srvcli/lib/python3.6/site-packages:${PYTHONPATH} /usr/bin/python3 setup.py egg_info --egg-base ../../build/py_srvcli build --build-base /home/shorouk/ros2_ws/build/py_srvcli/build install --prefix /home/shorouk/ros2_ws/install/py_srvcli --record /home/shorouk/ros2_ws/build/py_srvcli/install.log --single-version-externally-managed
