[1.152s] DEBUG:colcon:Command line arguments: ['/usr/bin/colcon', 'build', '--packages-select', 'my_cpp_py_pkg']
[1.153s] DEBUG:colcon:Parsed command line arguments: Namespace(ament_cmake_args=None, base_paths=['.'], build_base='build', catkin_cmake_args=None, catkin_skip_building_tests=False, cmake_args=None, cmake_clean_cache=False, cmake_clean_first=False, cmake_force_configure=False, cmake_target=None, cmake_target_skip_unavailable=False, continue_on_error=False, event_handlers=None, executor='parallel', ignore_user_meta=False, install_base='install', log_base=None, log_level=None, main=<bound method BuildVerb.main of <colcon_core.verb.build.BuildVerb object at 0x7f9b4f961320>>, merge_install=False, metas=['./colcon.meta'], packages_above=None, packages_above_and_dependencies=None, packages_above_depth=None, packages_end=None, packages_ignore=None, packages_ignore_regex=None, packages_select=['my_cpp_py_pkg'], packages_select_build_failed=False, packages_select_by_dep=None, packages_select_regex=None, packages_select_test_failures=False, packages_skip=None, packages_skip_build_finished=False, packages_skip_by_dep=None, packages_skip_regex=None, packages_skip_test_passed=False, packages_skip_up_to=None, packages_start=None, packages_up_to=None, packages_up_to_regex=None, parallel_workers=4, paths=None, symlink_install=False, test_result_base=None, verb_extension=<colcon_core.verb.build.BuildVerb object at 0x7f9b4f961320>, verb_name='build', verb_parser=<colcon_defaults.argument_parser.defaults.DefaultArgumentsDecorator object at 0x7f9b4f961668>)
[1.184s] Level 1:colcon.colcon_core.package_discovery:discover_packages(colcon_meta) check parameters
[1.185s] Level 1:colcon.colcon_core.package_discovery:discover_packages(recursive) check parameters
[1.185s] Level 1:colcon.colcon_core.package_discovery:discover_packages(ignore) check parameters
[1.185s] Level 1:colcon.colcon_core.package_discovery:discover_packages(path) check parameters
[1.186s] Level 1:colcon.colcon_core.package_discovery:discover_packages(colcon_meta) discover
[1.187s] Level 1:colcon.colcon_core.package_discovery:discover_packages(recursive) discover
[1.187s] INFO:colcon.colcon_core.package_discovery:Crawling recursively for packages in '/home/shorouk/ros2_ws'
[1.188s] Level 1:colcon.colcon_core.package_identification:_identify(.) by extensions ['ignore', 'ignore_ament_install']
[1.189s] Level 1:colcon.colcon_core.package_identification:_identify(.) by extension 'ignore'
[1.189s] Level 1:colcon.colcon_core.package_identification:_identify(.) by extension 'ignore_ament_install'
[1.189s] Level 1:colcon.colcon_core.package_identification:_identify(.) by extensions ['colcon_pkg']
[1.190s] Level 1:colcon.colcon_core.package_identification:_identify(.) by extension 'colcon_pkg'
[1.190s] Level 1:colcon.colcon_core.package_identification:_identify(.) by extensions ['colcon_meta']
[1.191s] Level 1:colcon.colcon_core.package_identification:_identify(.) by extension 'colcon_meta'
[1.191s] Level 1:colcon.colcon_core.package_identification:_identify(.) by extensions ['ros']
[1.191s] Level 1:colcon.colcon_core.package_identification:_identify(.) by extension 'ros'
[1.256s] Level 1:colcon.colcon_core.package_identification:_identify(.) by extensions ['cmake', 'python']
[1.256s] Level 1:colcon.colcon_core.package_identification:_identify(.) by extension 'cmake'
[1.257s] Level 1:colcon.colcon_core.package_identification:_identify(.) by extension 'python'
[1.257s] Level 1:colcon.colcon_core.package_identification:_identify(.) by extensions ['python_setup_py']
[1.257s] Level 1:colcon.colcon_core.package_identification:_identify(.) by extension 'python_setup_py'
[1.258s] Level 1:colcon.colcon_core.package_identification:_identify(build) by extensions ['ignore', 'ignore_ament_install']
[1.259s] Level 1:colcon.colcon_core.package_identification:_identify(build) by extension 'ignore'
[1.259s] Level 1:colcon.colcon_core.package_identification:_identify(build) ignored
[1.262s] Level 1:colcon.colcon_core.package_identification:_identify(install) by extensions ['ignore', 'ignore_ament_install']
[1.262s] Level 1:colcon.colcon_core.package_identification:_identify(install) by extension 'ignore'
[1.263s] Level 1:colcon.colcon_core.package_identification:_identify(install) ignored
[1.264s] Level 1:colcon.colcon_core.package_identification:_identify(log) by extensions ['ignore', 'ignore_ament_install']
[1.265s] Level 1:colcon.colcon_core.package_identification:_identify(log) by extension 'ignore'
[1.265s] Level 1:colcon.colcon_core.package_identification:_identify(log) ignored
[1.266s] Level 1:colcon.colcon_core.package_identification:_identify(src) by extensions ['ignore', 'ignore_ament_install']
[1.266s] Level 1:colcon.colcon_core.package_identification:_identify(src) by extension 'ignore'
[1.267s] Level 1:colcon.colcon_core.package_identification:_identify(src) by extension 'ignore_ament_install'
[1.267s] Level 1:colcon.colcon_core.package_identification:_identify(src) by extensions ['colcon_pkg']
[1.267s] Level 1:colcon.colcon_core.package_identification:_identify(src) by extension 'colcon_pkg'
[1.268s] Level 1:colcon.colcon_core.package_identification:_identify(src) by extensions ['colcon_meta']
[1.268s] Level 1:colcon.colcon_core.package_identification:_identify(src) by extension 'colcon_meta'
[1.268s] Level 1:colcon.colcon_core.package_identification:_identify(src) by extensions ['ros']
[1.269s] Level 1:colcon.colcon_core.package_identification:_identify(src) by extension 'ros'
[1.269s] Level 1:colcon.colcon_core.package_identification:_identify(src) by extensions ['cmake', 'python']
[1.269s] Level 1:colcon.colcon_core.package_identification:_identify(src) by extension 'cmake'
[1.270s] Level 1:colcon.colcon_core.package_identification:_identify(src) by extension 'python'
[1.270s] Level 1:colcon.colcon_core.package_identification:_identify(src) by extensions ['python_setup_py']
[1.270s] Level 1:colcon.colcon_core.package_identification:_identify(src) by extension 'python_setup_py'
[1.271s] Level 1:colcon.colcon_core.package_identification:_identify(src/build) by extensions ['ignore', 'ignore_ament_install']
[1.271s] Level 1:colcon.colcon_core.package_identification:_identify(src/build) by extension 'ignore'
[1.272s] Level 1:colcon.colcon_core.package_identification:_identify(src/build) ignored
[1.272s] Level 1:colcon.colcon_core.package_identification:_identify(src/install) by extensions ['ignore', 'ignore_ament_install']
[1.273s] Level 1:colcon.colcon_core.package_identification:_identify(src/install) by extension 'ignore'
[1.273s] Level 1:colcon.colcon_core.package_identification:_identify(src/install) ignored
[1.273s] Level 1:colcon.colcon_core.package_identification:_identify(src/log) by extensions ['ignore', 'ignore_ament_install']
[1.274s] Level 1:colcon.colcon_core.package_identification:_identify(src/log) by extension 'ignore'
[1.274s] Level 1:colcon.colcon_core.package_identification:_identify(src/log) ignored
[1.275s] Level 1:colcon.colcon_core.package_identification:_identify(src/my_cpp_py_pkg) by extensions ['ignore', 'ignore_ament_install']
[1.275s] Level 1:colcon.colcon_core.package_identification:_identify(src/my_cpp_py_pkg) by extension 'ignore'
[1.276s] Level 1:colcon.colcon_core.package_identification:_identify(src/my_cpp_py_pkg) by extension 'ignore_ament_install'
[1.276s] Level 1:colcon.colcon_core.package_identification:_identify(src/my_cpp_py_pkg) by extensions ['colcon_pkg']
[1.276s] Level 1:colcon.colcon_core.package_identification:_identify(src/my_cpp_py_pkg) by extension 'colcon_pkg'
[1.277s] Level 1:colcon.colcon_core.package_identification:_identify(src/my_cpp_py_pkg) by extensions ['colcon_meta']
[1.277s] Level 1:colcon.colcon_core.package_identification:_identify(src/my_cpp_py_pkg) by extension 'colcon_meta'
[1.277s] Level 1:colcon.colcon_core.package_identification:_identify(src/my_cpp_py_pkg) by extensions ['ros']
[1.278s] Level 1:colcon.colcon_core.package_identification:_identify(src/my_cpp_py_pkg) by extension 'ros'
[1.291s] DEBUG:colcon.colcon_core.package_identification:Package 'src/my_cpp_py_pkg' with type 'ros.ament_cmake' and name 'my_cpp_py_pkg'
[1.292s] Level 1:colcon.colcon_core.package_identification:_identify(src/my_python_pkg) by extensions ['ignore', 'ignore_ament_install']
[1.292s] Level 1:colcon.colcon_core.package_identification:_identify(src/my_python_pkg) by extension 'ignore'
[1.293s] Level 1:colcon.colcon_core.package_identification:_identify(src/my_python_pkg) by extension 'ignore_ament_install'
[1.293s] Level 1:colcon.colcon_core.package_identification:_identify(src/my_python_pkg) by extensions ['colcon_pkg']
[1.293s] Level 1:colcon.colcon_core.package_identification:_identify(src/my_python_pkg) by extension 'colcon_pkg'
[1.294s] Level 1:colcon.colcon_core.package_identification:_identify(src/my_python_pkg) by extensions ['colcon_meta']
[1.294s] Level 1:colcon.colcon_core.package_identification:_identify(src/my_python_pkg) by extension 'colcon_meta'
[1.294s] Level 1:colcon.colcon_core.package_identification:_identify(src/my_python_pkg) by extensions ['ros']
[1.295s] Level 1:colcon.colcon_core.package_identification:_identify(src/my_python_pkg) by extension 'ros'
[1.300s] DEBUG:colcon.colcon_core.package_identification:Package 'src/my_python_pkg' with type 'ros.ament_python' and name 'my_python_pkg'
[1.301s] Level 1:colcon.colcon_core.package_identification:_identify(src/py_pubsub) by extensions ['ignore', 'ignore_ament_install']
[1.301s] Level 1:colcon.colcon_core.package_identification:_identify(src/py_pubsub) by extension 'ignore'
[1.302s] Level 1:colcon.colcon_core.package_identification:_identify(src/py_pubsub) by extension 'ignore_ament_install'
[1.302s] Level 1:colcon.colcon_core.package_identification:_identify(src/py_pubsub) by extensions ['colcon_pkg']
[1.303s] Level 1:colcon.colcon_core.package_identification:_identify(src/py_pubsub) by extension 'colcon_pkg'
[1.303s] Level 1:colcon.colcon_core.package_identification:_identify(src/py_pubsub) by extensions ['colcon_meta']
[1.303s] Level 1:colcon.colcon_core.package_identification:_identify(src/py_pubsub) by extension 'colcon_meta'
[1.303s] Level 1:colcon.colcon_core.package_identification:_identify(src/py_pubsub) by extensions ['ros']
[1.304s] Level 1:colcon.colcon_core.package_identification:_identify(src/py_pubsub) by extension 'ros'
[1.307s] DEBUG:colcon.colcon_core.package_identification:Package 'src/py_pubsub' with type 'ros.ament_python' and name 'py_pubsub'
[1.308s] Level 1:colcon.colcon_core.package_identification:_identify(src/py_srvcli) by extensions ['ignore', 'ignore_ament_install']
[1.309s] Level 1:colcon.colcon_core.package_identification:_identify(src/py_srvcli) by extension 'ignore'
[1.309s] Level 1:colcon.colcon_core.package_identification:_identify(src/py_srvcli) by extension 'ignore_ament_install'
[1.309s] Level 1:colcon.colcon_core.package_identification:_identify(src/py_srvcli) by extensions ['colcon_pkg']
[1.310s] Level 1:colcon.colcon_core.package_identification:_identify(src/py_srvcli) by extension 'colcon_pkg'
[1.310s] Level 1:colcon.colcon_core.package_identification:_identify(src/py_srvcli) by extensions ['colcon_meta']
[1.310s] Level 1:colcon.colcon_core.package_identification:_identify(src/py_srvcli) by extension 'colcon_meta'
[1.311s] Level 1:colcon.colcon_core.package_identification:_identify(src/py_srvcli) by extensions ['ros']
[1.311s] Level 1:colcon.colcon_core.package_identification:_identify(src/py_srvcli) by extension 'ros'
[1.316s] DEBUG:colcon.colcon_core.package_identification:Package 'src/py_srvcli' with type 'ros.ament_python' and name 'py_srvcli'
[1.317s] Level 1:colcon.colcon_core.package_identification:_identify(src/tutorial_interfaces) by extensions ['ignore', 'ignore_ament_install']
[1.318s] Level 1:colcon.colcon_core.package_identification:_identify(src/tutorial_interfaces) by extension 'ignore'
[1.318s] Level 1:colcon.colcon_core.package_identification:_identify(src/tutorial_interfaces) by extension 'ignore_ament_install'
[1.319s] Level 1:colcon.colcon_core.package_identification:_identify(src/tutorial_interfaces) by extensions ['colcon_pkg']
[1.319s] Level 1:colcon.colcon_core.package_identification:_identify(src/tutorial_interfaces) by extension 'colcon_pkg'
[1.319s] Level 1:colcon.colcon_core.package_identification:_identify(src/tutorial_interfaces) by extensions ['colcon_meta']
[1.319s] Level 1:colcon.colcon_core.package_identification:_identify(src/tutorial_interfaces) by extension 'colcon_meta'
[1.320s] Level 1:colcon.colcon_core.package_identification:_identify(src/tutorial_interfaces) by extensions ['ros']
[1.320s] Level 1:colcon.colcon_core.package_identification:_identify(src/tutorial_interfaces) by extension 'ros'
[1.325s] DEBUG:colcon.colcon_core.package_identification:Package 'src/tutorial_interfaces' with type 'ros.ament_cmake' and name 'tutorial_interfaces'
[1.326s] Level 1:colcon.colcon_core.package_discovery:discover_packages(recursive) using defaults
[1.327s] Level 1:colcon.colcon_core.package_discovery:discover_packages(ignore) discover
[1.327s] Level 1:colcon.colcon_core.package_discovery:discover_packages(ignore) using defaults
[1.327s] Level 1:colcon.colcon_core.package_discovery:discover_packages(path) discover
[1.327s] Level 1:colcon.colcon_core.package_discovery:discover_packages(path) using defaults
[1.452s] INFO:colcon.colcon_core.package_selection:Skipping not selected package 'my_python_pkg' in 'src/my_python_pkg'
[1.452s] INFO:colcon.colcon_core.package_selection:Skipping not selected package 'py_pubsub' in 'src/py_pubsub'
[1.453s] INFO:colcon.colcon_core.package_selection:Skipping not selected package 'py_srvcli' in 'src/py_srvcli'
[1.453s] INFO:colcon.colcon_core.package_selection:Skipping not selected package 'tutorial_interfaces' in 'src/tutorial_interfaces'
[1.481s] Level 5:colcon.colcon_core.verb:set package 'my_cpp_py_pkg' build argument 'cmake_args' from command line to 'None'
[1.481s] Level 5:colcon.colcon_core.verb:set package 'my_cpp_py_pkg' build argument 'cmake_target' from command line to 'None'
[1.482s] Level 5:colcon.colcon_core.verb:set package 'my_cpp_py_pkg' build argument 'cmake_target_skip_unavailable' from command line to 'False'
[1.482s] Level 5:colcon.colcon_core.verb:set package 'my_cpp_py_pkg' build argument 'cmake_clean_cache' from command line to 'False'
[1.483s] Level 5:colcon.colcon_core.verb:set package 'my_cpp_py_pkg' build argument 'cmake_clean_first' from command line to 'False'
[1.483s] Level 5:colcon.colcon_core.verb:set package 'my_cpp_py_pkg' build argument 'cmake_force_configure' from command line to 'False'
[1.484s] Level 5:colcon.colcon_core.verb:set package 'my_cpp_py_pkg' build argument 'ament_cmake_args' from command line to 'None'
[1.484s] Level 5:colcon.colcon_core.verb:set package 'my_cpp_py_pkg' build argument 'catkin_cmake_args' from command line to 'None'
[1.484s] Level 5:colcon.colcon_core.verb:set package 'my_cpp_py_pkg' build argument 'catkin_skip_building_tests' from command line to 'False'
[1.485s] DEBUG:colcon.colcon_core.verb:Building package 'my_cpp_py_pkg' with the following arguments: {'ament_cmake_args': None, 'build_base': '/home/shorouk/ros2_ws/build/my_cpp_py_pkg', 'catkin_cmake_args': None, 'catkin_skip_building_tests': False, 'cmake_args': None, 'cmake_clean_cache': False, 'cmake_clean_first': False, 'cmake_force_configure': False, 'cmake_target': None, 'cmake_target_skip_unavailable': False, 'install_base': '/home/shorouk/ros2_ws/install/my_cpp_py_pkg', 'merge_install': False, 'path': '/home/shorouk/ros2_ws/src/my_cpp_py_pkg', 'symlink_install': False, 'test_result_base': None}
[1.488s] INFO:colcon.colcon_core.executor:Executing jobs using 'parallel' executor
[1.508s] DEBUG:colcon.colcon_parallel_executor.executor.parallel:run_until_complete
[1.510s] INFO:colcon.colcon_ros.task.ament_cmake.build:Building ROS package in '/home/shorouk/ros2_ws/src/my_cpp_py_pkg' with build type 'ament_cmake'
[1.512s] INFO:colcon.colcon_cmake.task.cmake.build:Building CMake package in '/home/shorouk/ros2_ws/src/my_cpp_py_pkg'
[1.537s] INFO:colcon.colcon_core.plugin_system:Skipping extension 'colcon_core.shell.bat': Not used on non-Windows systems
[1.539s] INFO:colcon.colcon_core.shell:Skip shell extension 'powershell' for command environment: Not usable outside of PowerShell
[1.539s] DEBUG:colcon.colcon_core.shell:Skip shell extension 'dsv' for command environment
[1.559s] DEBUG:colcon.colcon_core.shell:Ignoring prefix path '/opt/ros/eloquent'
[1.608s] DEBUG:colcon.colcon_core.event_handler.log_command:Invoking command in '/home/shorouk/ros2_ws/build/my_cpp_py_pkg': CMAKE_PREFIX_PATH=${CMAKE_PREFIX_PATH}:/opt/ros/eloquent:/home/shorouk/ros2_ws/install/py_srvcli:/home/shorouk/ros2_ws/install/py_pubsub:/home/shorouk/ros2_ws/install/my_python_pkg /usr/bin/cmake --build /home/shorouk/ros2_ws/build/my_cpp_py_pkg -- -j4 -l4
[2.021s] DEBUG:colcon.colcon_core.event_handler.log_command:Invoked command in '/home/shorouk/ros2_ws/build/my_cpp_py_pkg' returned '0': CMAKE_PREFIX_PATH=${CMAKE_PREFIX_PATH}:/opt/ros/eloquent:/home/shorouk/ros2_ws/install/py_srvcli:/home/shorouk/ros2_ws/install/py_pubsub:/home/shorouk/ros2_ws/install/my_python_pkg /usr/bin/cmake --build /home/shorouk/ros2_ws/build/my_cpp_py_pkg -- -j4 -l4
[2.196s] DEBUG:colcon.colcon_core.event_handler.log_command:Invoking command in '/home/shorouk/ros2_ws/build/my_cpp_py_pkg': CMAKE_PREFIX_PATH=${CMAKE_PREFIX_PATH}:/opt/ros/eloquent:/home/shorouk/ros2_ws/install/py_srvcli:/home/shorouk/ros2_ws/install/py_pubsub:/home/shorouk/ros2_ws/install/my_python_pkg /usr/bin/cmake --build /home/shorouk/ros2_ws/build/my_cpp_py_pkg --target install -- -j4 -l4
[2.857s] Level 1:colcon.colcon_core.environment:create_environment_scripts_only(my_cpp_py_pkg)
[2.865s] DEBUG:colcon.colcon_core.event_handler.log_command:Invoked command in '/home/shorouk/ros2_ws/build/my_cpp_py_pkg' returned '0': CMAKE_PREFIX_PATH=${CMAKE_PREFIX_PATH}:/opt/ros/eloquent:/home/shorouk/ros2_ws/install/py_srvcli:/home/shorouk/ros2_ws/install/py_pubsub:/home/shorouk/ros2_ws/install/my_python_pkg /usr/bin/cmake --build /home/shorouk/ros2_ws/build/my_cpp_py_pkg --target install -- -j4 -l4
[2.893s] Level 1:colcon.colcon_core.environment:checking '/home/shorouk/ros2_ws/install/my_cpp_py_pkg' for CMake module files
[2.898s] Level 1:colcon.colcon_core.environment:checking '/home/shorouk/ros2_ws/install/my_cpp_py_pkg' for CMake config files
[2.899s] Level 1:colcon.colcon_core.shell:create_environment_hook('my_cpp_py_pkg', 'cmake_prefix_path')
[2.903s] INFO:colcon.colcon_core.shell:Creating environment hook '/home/shorouk/ros2_ws/install/my_cpp_py_pkg/share/my_cpp_py_pkg/hook/cmake_prefix_path.ps1'
[2.906s] INFO:colcon.colcon_core.shell:Creating environment descriptor '/home/shorouk/ros2_ws/install/my_cpp_py_pkg/share/my_cpp_py_pkg/hook/cmake_prefix_path.dsv'
[2.908s] INFO:colcon.colcon_core.shell:Creating environment hook '/home/shorouk/ros2_ws/install/my_cpp_py_pkg/share/my_cpp_py_pkg/hook/cmake_prefix_path.sh'
[2.914s] Level 1:colcon.colcon_core.environment:checking '/home/shorouk/ros2_ws/install/my_cpp_py_pkg/lib'
[2.915s] Level 1:colcon.colcon_core.environment:checking '/home/shorouk/ros2_ws/install/my_cpp_py_pkg/bin'
[2.916s] Level 1:colcon.colcon_core.environment:checking '/home/shorouk/ros2_ws/install/my_cpp_py_pkg/lib/pkgconfig/my_cpp_py_pkg.pc'
[2.916s] Level 1:colcon.colcon_core.environment:checking '/home/shorouk/ros2_ws/install/my_cpp_py_pkg/lib/python3.6/site-packages'
[2.917s] Level 1:colcon.colcon_core.shell:create_environment_hook('my_cpp_py_pkg', 'pythonpath')
[2.920s] INFO:colcon.colcon_core.shell:Creating environment hook '/home/shorouk/ros2_ws/install/my_cpp_py_pkg/share/my_cpp_py_pkg/hook/pythonpath.ps1'
[2.923s] INFO:colcon.colcon_core.shell:Creating environment descriptor '/home/shorouk/ros2_ws/install/my_cpp_py_pkg/share/my_cpp_py_pkg/hook/pythonpath.dsv'
[2.926s] INFO:colcon.colcon_core.shell:Creating environment hook '/home/shorouk/ros2_ws/install/my_cpp_py_pkg/share/my_cpp_py_pkg/hook/pythonpath.sh'
[2.934s] INFO:colcon.colcon_core.shell:Creating package script '/home/shorouk/ros2_ws/install/my_cpp_py_pkg/share/my_cpp_py_pkg/package.ps1'
[2.939s] INFO:colcon.colcon_core.shell:Creating package descriptor '/home/shorouk/ros2_ws/install/my_cpp_py_pkg/share/my_cpp_py_pkg/package.dsv'
[2.942s] INFO:colcon.colcon_core.shell:Creating package script '/home/shorouk/ros2_ws/install/my_cpp_py_pkg/share/my_cpp_py_pkg/package.sh'
[2.950s] INFO:colcon.colcon_core.shell:Creating package script '/home/shorouk/ros2_ws/install/my_cpp_py_pkg/share/my_cpp_py_pkg/package.bash'
[2.955s] INFO:colcon.colcon_core.shell:Creating package script '/home/shorouk/ros2_ws/install/my_cpp_py_pkg/share/my_cpp_py_pkg/package.zsh'
[2.962s] Level 1:colcon.colcon_core.environment:create_file_with_runtime_dependencies(/home/shorouk/ros2_ws/install/my_cpp_py_pkg/share/colcon-core/packages/my_cpp_py_pkg)
[3.102s] Level 1:colcon.colcon_core.environment:create_environment_scripts_only(my_cpp_py_pkg)
[3.111s] Level 1:colcon.colcon_core.environment:checking '/home/shorouk/ros2_ws/install/my_cpp_py_pkg' for CMake module files
[3.118s] Level 1:colcon.colcon_core.environment:checking '/home/shorouk/ros2_ws/install/my_cpp_py_pkg' for CMake config files
[3.120s] Level 1:colcon.colcon_core.shell:create_environment_hook('my_cpp_py_pkg', 'cmake_prefix_path')
[3.127s] INFO:colcon.colcon_core.shell:Creating environment hook '/home/shorouk/ros2_ws/install/my_cpp_py_pkg/share/my_cpp_py_pkg/hook/cmake_prefix_path.ps1'
[3.130s] INFO:colcon.colcon_core.shell:Creating environment descriptor '/home/shorouk/ros2_ws/install/my_cpp_py_pkg/share/my_cpp_py_pkg/hook/cmake_prefix_path.dsv'
[3.133s] INFO:colcon.colcon_core.shell:Creating environment hook '/home/shorouk/ros2_ws/install/my_cpp_py_pkg/share/my_cpp_py_pkg/hook/cmake_prefix_path.sh'
[3.138s] Level 1:colcon.colcon_core.environment:checking '/home/shorouk/ros2_ws/install/my_cpp_py_pkg/lib'
[3.139s] Level 1:colcon.colcon_core.environment:checking '/home/shorouk/ros2_ws/install/my_cpp_py_pkg/bin'
[3.140s] Level 1:colcon.colcon_core.environment:checking '/home/shorouk/ros2_ws/install/my_cpp_py_pkg/lib/pkgconfig/my_cpp_py_pkg.pc'
[3.141s] Level 1:colcon.colcon_core.environment:checking '/home/shorouk/ros2_ws/install/my_cpp_py_pkg/lib/python3.6/site-packages'
[3.141s] Level 1:colcon.colcon_core.shell:create_environment_hook('my_cpp_py_pkg', 'pythonpath')
[3.145s] INFO:colcon.colcon_core.shell:Creating environment hook '/home/shorouk/ros2_ws/install/my_cpp_py_pkg/share/my_cpp_py_pkg/hook/pythonpath.ps1'
[3.148s] INFO:colcon.colcon_core.shell:Creating environment descriptor '/home/shorouk/ros2_ws/install/my_cpp_py_pkg/share/my_cpp_py_pkg/hook/pythonpath.dsv'
[3.150s] INFO:colcon.colcon_core.shell:Creating environment hook '/home/shorouk/ros2_ws/install/my_cpp_py_pkg/share/my_cpp_py_pkg/hook/pythonpath.sh'
[3.155s] INFO:colcon.colcon_core.shell:Creating package script '/home/shorouk/ros2_ws/install/my_cpp_py_pkg/share/my_cpp_py_pkg/package.ps1'
[3.159s] INFO:colcon.colcon_core.shell:Creating package descriptor '/home/shorouk/ros2_ws/install/my_cpp_py_pkg/share/my_cpp_py_pkg/package.dsv'
[3.162s] INFO:colcon.colcon_core.shell:Creating package script '/home/shorouk/ros2_ws/install/my_cpp_py_pkg/share/my_cpp_py_pkg/package.sh'
[3.164s] INFO:colcon.colcon_core.shell:Creating package script '/home/shorouk/ros2_ws/install/my_cpp_py_pkg/share/my_cpp_py_pkg/package.bash'
[3.166s] INFO:colcon.colcon_core.shell:Creating package script '/home/shorouk/ros2_ws/install/my_cpp_py_pkg/share/my_cpp_py_pkg/package.zsh'
[3.168s] Level 1:colcon.colcon_core.environment:create_file_with_runtime_dependencies(/home/shorouk/ros2_ws/install/my_cpp_py_pkg/share/colcon-core/packages/my_cpp_py_pkg)
[3.170s] DEBUG:colcon.colcon_parallel_executor.executor.parallel:closing loop
[3.173s] DEBUG:colcon.colcon_parallel_executor.executor.parallel:loop closed
[3.174s] DEBUG:colcon.colcon_parallel_executor.executor.parallel:run_until_complete finished with '0'
[3.175s] DEBUG:colcon.colcon_core.event_reactor:joining thread
[3.216s] INFO:colcon.colcon_core.plugin_system:Skipping extension 'colcon_notification.desktop_notification.terminal_notifier': Not used on non-Darwin systems
[3.217s] INFO:colcon.colcon_core.plugin_system:Skipping extension 'colcon_notification.desktop_notification.win32': Not used on non-Windows systems
[3.217s] INFO:colcon.colcon_notification.desktop_notification:Sending desktop notification using 'notify2'
[3.239s] DEBUG:colcon.colcon_core.event_reactor:joined thread
[3.244s] INFO:colcon.colcon_core.shell:Creating prefix script '/home/shorouk/ros2_ws/install/local_setup.ps1'
[3.253s] INFO:colcon.colcon_core.shell:Creating prefix util module '/home/shorouk/ros2_ws/install/_local_setup_util_ps1.py'
[3.268s] INFO:colcon.colcon_core.shell:Creating prefix chain script '/home/shorouk/ros2_ws/install/setup.ps1'
[3.285s] INFO:colcon.colcon_core.shell:Creating prefix script '/home/shorouk/ros2_ws/install/local_setup.sh'
[3.291s] INFO:colcon.colcon_core.shell:Creating prefix util module '/home/shorouk/ros2_ws/install/_local_setup_util_sh.py'
[3.295s] INFO:colcon.colcon_core.shell:Creating prefix chain script '/home/shorouk/ros2_ws/install/setup.sh'
[3.323s] INFO:colcon.colcon_core.shell:Creating prefix script '/home/shorouk/ros2_ws/install/local_setup.bash'
[3.328s] INFO:colcon.colcon_core.shell:Creating prefix chain script '/home/shorouk/ros2_ws/install/setup.bash'
[3.359s] INFO:colcon.colcon_core.shell:Creating prefix script '/home/shorouk/ros2_ws/install/local_setup.zsh'
[3.363s] INFO:colcon.colcon_core.shell:Creating prefix chain script '/home/shorouk/ros2_ws/install/setup.zsh'
