[0.116s] Invoking command in '/home/shorouk/ros2_ws/build/my_cpp_py_pkg': CMAKE_PREFIX_PATH=${CMAKE_PREFIX_PATH}:/opt/ros/eloquent:/home/shorouk/ros2_ws/install/py_srvcli:/home/shorouk/ros2_ws/install/py_pubsub:/home/shorouk/ros2_ws/install/my_python_pkg /usr/bin/cmake --build /home/shorouk/ros2_ws/build/my_cpp_py_pkg -- -j4 -l4
[0.940s] [100%] Built target cpp_executable
[1.007s] Invoked command in '/home/shorouk/ros2_ws/build/my_cpp_py_pkg' returned '0': CMAKE_PREFIX_PATH=${CMAKE_PREFIX_PATH}:/opt/ros/eloquent:/home/shorouk/ros2_ws/install/py_srvcli:/home/shorouk/ros2_ws/install/py_pubsub:/home/shorouk/ros2_ws/install/my_python_pkg /usr/bin/cmake --build /home/shorouk/ros2_ws/build/my_cpp_py_pkg -- -j4 -l4
[1.203s] Invoking command in '/home/shorouk/ros2_ws/build/my_cpp_py_pkg': CMAKE_PREFIX_PATH=${CMAKE_PREFIX_PATH}:/opt/ros/eloquent:/home/shorouk/ros2_ws/install/py_srvcli:/home/shorouk/ros2_ws/install/py_pubsub:/home/shorouk/ros2_ws/install/my_python_pkg /usr/bin/cmake --build /home/shorouk/ros2_ws/build/my_cpp_py_pkg --target install -- -j4 -l4
[1.490s] [100%] Built target cpp_executable
[1.581s] [36mInstall the project...[0m
[1.623s] -- Install configuration: ""
[1.624s] -- Up-to-date: /home/shorouk/ros2_ws/install/my_cpp_py_pkg/lib/my_cpp_py_pkg/cpp_executable
[1.626s] -- Up-to-date: /home/shorouk/ros2_ws/install/my_cpp_py_pkg/share/my_cpp_py_pkg/environment/pythonpath.sh
[1.627s] -- Up-to-date: /home/shorouk/ros2_ws/install/my_cpp_py_pkg/share/my_cpp_py_pkg/environment/pythonpath.dsv
[1.628s] -- Up-to-date: /home/shorouk/ros2_ws/install/my_cpp_py_pkg/lib/python3.6/site-packages/my_cpp_py_pkg
[1.628s] -- Up-to-date: /home/shorouk/ros2_ws/install/my_cpp_py_pkg/lib/python3.6/site-packages/my_cpp_py_pkg/module_to_import.py
[1.629s] -- Up-to-date: /home/shorouk/ros2_ws/install/my_cpp_py_pkg/lib/python3.6/site-packages/my_cpp_py_pkg/__init__.py
[1.819s] Listing '/home/shorouk/ros2_ws/install/my_cpp_py_pkg/lib/python3.6/site-packages/my_cpp_py_pkg'...
[1.840s] -- Installing: /home/shorouk/ros2_ws/install/my_cpp_py_pkg/lib/my_cpp_py_pkg/py_node.py
[1.842s] -- Up-to-date: /home/shorouk/ros2_ws/install/my_cpp_py_pkg/share/ament_index/resource_index/package_run_dependencies/my_cpp_py_pkg
[1.843s] -- Up-to-date: /home/shorouk/ros2_ws/install/my_cpp_py_pkg/share/ament_index/resource_index/parent_prefix_path/my_cpp_py_pkg
[1.845s] -- Up-to-date: /home/shorouk/ros2_ws/install/my_cpp_py_pkg/share/my_cpp_py_pkg/environment/ament_prefix_path.sh
[1.846s] -- Up-to-date: /home/shorouk/ros2_ws/install/my_cpp_py_pkg/share/my_cpp_py_pkg/environment/ament_prefix_path.dsv
[1.847s] -- Up-to-date: /home/shorouk/ros2_ws/install/my_cpp_py_pkg/share/my_cpp_py_pkg/environment/path.sh
[1.848s] -- Up-to-date: /home/shorouk/ros2_ws/install/my_cpp_py_pkg/share/my_cpp_py_pkg/environment/path.dsv
[1.849s] -- Up-to-date: /home/shorouk/ros2_ws/install/my_cpp_py_pkg/share/my_cpp_py_pkg/local_setup.bash
[1.850s] -- Up-to-date: /home/shorouk/ros2_ws/install/my_cpp_py_pkg/share/my_cpp_py_pkg/local_setup.sh
[1.851s] -- Up-to-date: /home/shorouk/ros2_ws/install/my_cpp_py_pkg/share/my_cpp_py_pkg/local_setup.zsh
[1.852s] -- Up-to-date: /home/shorouk/ros2_ws/install/my_cpp_py_pkg/share/my_cpp_py_pkg/local_setup.dsv
[1.853s] -- Installing: /home/shorouk/ros2_ws/install/my_cpp_py_pkg/share/my_cpp_py_pkg/package.dsv
[1.854s] -- Up-to-date: /home/shorouk/ros2_ws/install/my_cpp_py_pkg/share/ament_index/resource_index/packages/my_cpp_py_pkg
[1.855s] -- Up-to-date: /home/shorouk/ros2_ws/install/my_cpp_py_pkg/share/my_cpp_py_pkg/cmake/my_cpp_py_pkgConfig.cmake
[1.856s] -- Up-to-date: /home/shorouk/ros2_ws/install/my_cpp_py_pkg/share/my_cpp_py_pkg/cmake/my_cpp_py_pkgConfig-version.cmake
[1.857s] -- Up-to-date: /home/shorouk/ros2_ws/install/my_cpp_py_pkg/share/my_cpp_py_pkg/package.xml
[1.874s] Invoked command in '/home/shorouk/ros2_ws/build/my_cpp_py_pkg' returned '0': CMAKE_PREFIX_PATH=${CMAKE_PREFIX_PATH}:/opt/ros/eloquent:/home/shorouk/ros2_ws/install/py_srvcli:/home/shorouk/ros2_ws/install/py_pubsub:/home/shorouk/ros2_ws/install/my_python_pkg /usr/bin/cmake --build /home/shorouk/ros2_ws/build/my_cpp_py_pkg --target install -- -j4 -l4
