[0.066s] Invoking command in '/home/shorouk/ros2_ws/build/my_cpp_py_pkg': CMAKE_PREFIX_PATH=${CMAKE_PREFIX_PATH}:/home/shorouk/ros2_ws/install/py_srvcli:/home/shorouk/ros2_ws/install/py_pubsub:/home/shorouk/ros2_ws/install/my_python_pkg:/opt/ros/eloquent /usr/bin/cmake --build /home/shorouk/ros2_ws/build/my_cpp_py_pkg -- -j4 -l4
[0.257s] [35m[1mScanning dependencies of target cpp_executable[0m
[0.358s] [ 50%] [32mBuilding CXX object CMakeFiles/cpp_executable.dir/src/cpp_node.cpp.o[0m
[15.113s] [100%] [32m[1mLinking CXX executable cpp_executable[0m
[15.956s] [100%] Built target cpp_executable
[16.002s] Invoked command in '/home/shorouk/ros2_ws/build/my_cpp_py_pkg' returned '0': CMAKE_PREFIX_PATH=${CMAKE_PREFIX_PATH}:/home/shorouk/ros2_ws/install/py_srvcli:/home/shorouk/ros2_ws/install/py_pubsub:/home/shorouk/ros2_ws/install/my_python_pkg:/opt/ros/eloquent /usr/bin/cmake --build /home/shorouk/ros2_ws/build/my_cpp_py_pkg -- -j4 -l4
[16.146s] Invoking command in '/home/shorouk/ros2_ws/build/my_cpp_py_pkg': CMAKE_PREFIX_PATH=${CMAKE_PREFIX_PATH}:/home/shorouk/ros2_ws/install/py_srvcli:/home/shorouk/ros2_ws/install/py_pubsub:/home/shorouk/ros2_ws/install/my_python_pkg:/opt/ros/eloquent /usr/bin/cmake --build /home/shorouk/ros2_ws/build/my_cpp_py_pkg --target install -- -j4 -l4
[16.379s] [100%] Built target cpp_executable
[16.457s] [36mInstall the project...[0m
[16.494s] -- Install configuration: ""
[16.496s] -- Installing: /home/shorouk/ros2_ws/install/my_cpp_py_pkg/lib/my_cpp_py_pkg/cpp_executable
[16.503s] -- Set runtime path of "/home/shorouk/ros2_ws/install/my_cpp_py_pkg/lib/my_cpp_py_pkg/cpp_executable" to ""
[16.504s] -- Up-to-date: /home/shorouk/ros2_ws/install/my_cpp_py_pkg/share/my_cpp_py_pkg/environment/pythonpath.sh
[16.504s] -- Up-to-date: /home/shorouk/ros2_ws/install/my_cpp_py_pkg/share/my_cpp_py_pkg/environment/pythonpath.dsv
[16.505s] -- Up-to-date: /home/shorouk/ros2_ws/install/my_cpp_py_pkg/lib/python3.6/site-packages/my_cpp_py_pkg
[16.506s] -- Up-to-date: /home/shorouk/ros2_ws/install/my_cpp_py_pkg/lib/python3.6/site-packages/my_cpp_py_pkg/module_to_import.py
[16.507s] -- Up-to-date: /home/shorouk/ros2_ws/install/my_cpp_py_pkg/lib/python3.6/site-packages/my_cpp_py_pkg/__init__.py
[16.655s] Listing '/home/shorouk/ros2_ws/install/my_cpp_py_pkg/lib/python3.6/site-packages/my_cpp_py_pkg'...
[16.670s] -- Up-to-date: /home/shorouk/ros2_ws/install/my_cpp_py_pkg/lib/my_cpp_py_pkg/py_node.py
[16.671s] -- Up-to-date: /home/shorouk/ros2_ws/install/my_cpp_py_pkg/share/ament_index/resource_index/package_run_dependencies/my_cpp_py_pkg
[16.673s] -- Up-to-date: /home/shorouk/ros2_ws/install/my_cpp_py_pkg/share/ament_index/resource_index/parent_prefix_path/my_cpp_py_pkg
[16.674s] -- Up-to-date: /home/shorouk/ros2_ws/install/my_cpp_py_pkg/share/my_cpp_py_pkg/environment/ament_prefix_path.sh
[16.675s] -- Up-to-date: /home/shorouk/ros2_ws/install/my_cpp_py_pkg/share/my_cpp_py_pkg/environment/ament_prefix_path.dsv
[16.676s] -- Up-to-date: /home/shorouk/ros2_ws/install/my_cpp_py_pkg/share/my_cpp_py_pkg/environment/path.sh
[16.677s] -- Up-to-date: /home/shorouk/ros2_ws/install/my_cpp_py_pkg/share/my_cpp_py_pkg/environment/path.dsv
[16.678s] -- Up-to-date: /home/shorouk/ros2_ws/install/my_cpp_py_pkg/share/my_cpp_py_pkg/local_setup.bash
[16.678s] -- Up-to-date: /home/shorouk/ros2_ws/install/my_cpp_py_pkg/share/my_cpp_py_pkg/local_setup.sh
[16.679s] -- Up-to-date: /home/shorouk/ros2_ws/install/my_cpp_py_pkg/share/my_cpp_py_pkg/local_setup.zsh
[16.680s] -- Up-to-date: /home/shorouk/ros2_ws/install/my_cpp_py_pkg/share/my_cpp_py_pkg/local_setup.dsv
[16.681s] -- Installing: /home/shorouk/ros2_ws/install/my_cpp_py_pkg/share/my_cpp_py_pkg/package.dsv
[16.681s] -- Up-to-date: /home/shorouk/ros2_ws/install/my_cpp_py_pkg/share/ament_index/resource_index/packages/my_cpp_py_pkg
[16.682s] -- Up-to-date: /home/shorouk/ros2_ws/install/my_cpp_py_pkg/share/my_cpp_py_pkg/cmake/my_cpp_py_pkgConfig.cmake
[16.682s] -- Up-to-date: /home/shorouk/ros2_ws/install/my_cpp_py_pkg/share/my_cpp_py_pkg/cmake/my_cpp_py_pkgConfig-version.cmake
[16.683s] -- Up-to-date: /home/shorouk/ros2_ws/install/my_cpp_py_pkg/share/my_cpp_py_pkg/package.xml
[16.692s] Invoked command in '/home/shorouk/ros2_ws/build/my_cpp_py_pkg' returned '0': CMAKE_PREFIX_PATH=${CMAKE_PREFIX_PATH}:/home/shorouk/ros2_ws/install/py_srvcli:/home/shorouk/ros2_ws/install/py_pubsub:/home/shorouk/ros2_ws/install/my_python_pkg:/opt/ros/eloquent /usr/bin/cmake --build /home/shorouk/ros2_ws/build/my_cpp_py_pkg --target install -- -j4 -l4
