[2.406s] Invoking command in '/home/shorouk/ros2_ws/src/py_srvcli': PYTHONPATH=/home/shorouk/ros2_ws/install/py_srvcli/lib/python3.6/site-packages:${PYTHONPATH} /usr/bin/python3 setup.py egg_info --egg-base ../../build/py_srvcli build --build-base /home/shorouk/ros2_ws/build/py_srvcli/build install --prefix /home/shorouk/ros2_ws/install/py_srvcli --record /home/shorouk/ros2_ws/build/py_srvcli/install.log --single-version-externally-managed
[4.230s] running egg_info
[4.235s] writing ../../build/py_srvcli/py_srvcli.egg-info/PKG-INFO
[4.238s] writing dependency_links to ../../build/py_srvcli/py_srvcli.egg-info/dependency_links.txt
[4.239s] writing entry points to ../../build/py_srvcli/py_srvcli.egg-info/entry_points.txt
[4.240s] writing requirements to ../../build/py_srvcli/py_srvcli.egg-info/requires.txt
[4.241s] writing top-level names to ../../build/py_srvcli/py_srvcli.egg-info/top_level.txt
[4.507s] reading manifest file '../../build/py_srvcli/py_srvcli.egg-info/SOURCES.txt'
[4.518s] writing manifest file '../../build/py_srvcli/py_srvcli.egg-info/SOURCES.txt'
[4.520s] running build
[4.521s] running build_py
[4.522s] copying py_srvcli/service.py -> /home/shorouk/ros2_ws/build/py_srvcli/build/lib/py_srvcli
[4.523s] copying py_srvcli/client_member_function.py -> /home/shorouk/ros2_ws/build/py_srvcli/build/lib/py_srvcli
[4.524s] running install
[4.525s] running install_lib
[4.529s] copying /home/shorouk/ros2_ws/build/py_srvcli/build/lib/py_srvcli/service.py -> /home/shorouk/ros2_ws/install/py_srvcli/lib/python3.6/site-packages/py_srvcli
[4.530s] copying /home/shorouk/ros2_ws/build/py_srvcli/build/lib/py_srvcli/client_member_function.py -> /home/shorouk/ros2_ws/install/py_srvcli/lib/python3.6/site-packages/py_srvcli
[4.533s] byte-compiling /home/shorouk/ros2_ws/install/py_srvcli/lib/python3.6/site-packages/py_srvcli/service.py to service.cpython-36.pyc
[4.535s] byte-compiling /home/shorouk/ros2_ws/install/py_srvcli/lib/python3.6/site-packages/py_srvcli/client_member_function.py to client_member_function.cpython-36.pyc
[4.538s] running install_data
[4.541s] running install_egg_info
[4.549s] removing '/home/shorouk/ros2_ws/install/py_srvcli/lib/python3.6/site-packages/py_srvcli-0.0.0-py3.6.egg-info' (and everything under it)
[4.551s] Copying ../../build/py_srvcli/py_srvcli.egg-info to /home/shorouk/ros2_ws/install/py_srvcli/lib/python3.6/site-packages/py_srvcli-0.0.0-py3.6.egg-info
[4.557s] running install_scripts
[4.674s] Installing client script to /home/shorouk/ros2_ws/install/py_srvcli/lib/py_srvcli
[4.675s] Installing service script to /home/shorouk/ros2_ws/install/py_srvcli/lib/py_srvcli
[4.677s] writing list of installed files to '/home/shorouk/ros2_ws/build/py_srvcli/install.log'
[4.801s] Invoked command in '/home/shorouk/ros2_ws/src/py_srvcli' returned '0': PYTHONPATH=/home/shorouk/ros2_ws/install/py_srvcli/lib/python3.6/site-packages:${PYTHONPATH} /usr/bin/python3 setup.py egg_info --egg-base ../../build/py_srvcli build --build-base /home/shorouk/ros2_ws/build/py_srvcli/build install --prefix /home/shorouk/ros2_ws/install/py_srvcli --record /home/shorouk/ros2_ws/build/py_srvcli/install.log --single-version-externally-managed
