[1.236s] Invoking command in '/home/shorouk/ros2_ws/src/py_pubsub': PYTHONPATH=/home/shorouk/ros2_ws/install/py_pubsub/lib/python3.6/site-packages:${PYTHONPATH} /usr/bin/python3 setup.py egg_info --egg-base ../../build/py_pubsub build --build-base /home/shorouk/ros2_ws/build/py_pubsub/build install --prefix /home/shorouk/ros2_ws/install/py_pubsub --record /home/shorouk/ros2_ws/build/py_pubsub/install.log --single-version-externally-managed
[2.332s] running egg_info
[2.334s] writing ../../build/py_pubsub/py_pubsub.egg-info/PKG-INFO
[2.336s] writing dependency_links to ../../build/py_pubsub/py_pubsub.egg-info/dependency_links.txt
[2.337s] writing entry points to ../../build/py_pubsub/py_pubsub.egg-info/entry_points.txt
[2.338s] writing requirements to ../../build/py_pubsub/py_pubsub.egg-info/requires.txt
[2.339s] writing top-level names to ../../build/py_pubsub/py_pubsub.egg-info/top_level.txt
[2.521s] reading manifest file '../../build/py_pubsub/py_pubsub.egg-info/SOURCES.txt'
[2.528s] writing manifest file '../../build/py_pubsub/py_pubsub.egg-info/SOURCES.txt'
[2.529s] running build
[2.530s] running build_py
[2.530s] copying py_pubsub/publisher_member_function.py -> /home/shorouk/ros2_ws/build/py_pubsub/build/lib/py_pubsub
[2.532s] running install
[2.534s] running install_lib
[2.537s] copying /home/shorouk/ros2_ws/build/py_pubsub/build/lib/py_pubsub/publisher_member_function.py -> /home/shorouk/ros2_ws/install/py_pubsub/lib/python3.6/site-packages/py_pubsub
[2.540s] byte-compiling /home/shorouk/ros2_ws/install/py_pubsub/lib/python3.6/site-packages/py_pubsub/publisher_member_function.py to publisher_member_function.cpython-36.pyc
[2.551s] running install_data
[2.553s] running install_egg_info
[2.560s] removing '/home/shorouk/ros2_ws/install/py_pubsub/lib/python3.6/site-packages/py_pubsub-0.0.0-py3.6.egg-info' (and everything under it)
[2.561s] Copying ../../build/py_pubsub/py_pubsub.egg-info to /home/shorouk/ros2_ws/install/py_pubsub/lib/python3.6/site-packages/py_pubsub-0.0.0-py3.6.egg-info
[2.566s] running install_scripts
[2.655s] Installing listener script to /home/shorouk/ros2_ws/install/py_pubsub/lib/py_pubsub
[2.656s] Installing talker script to /home/shorouk/ros2_ws/install/py_pubsub/lib/py_pubsub
[2.658s] writing list of installed files to '/home/shorouk/ros2_ws/build/py_pubsub/install.log'
[2.732s] Invoked command in '/home/shorouk/ros2_ws/src/py_pubsub' returned '0': PYTHONPATH=/home/shorouk/ros2_ws/install/py_pubsub/lib/python3.6/site-packages:${PYTHONPATH} /usr/bin/python3 setup.py egg_info --egg-base ../../build/py_pubsub build --build-base /home/shorouk/ros2_ws/build/py_pubsub/build install --prefix /home/shorouk/ros2_ws/install/py_pubsub --record /home/shorouk/ros2_ws/build/py_pubsub/install.log --single-version-externally-managed
