-- Found ament_cmake: 0.8.2 (/opt/ros/eloquent/share/ament_cmake/cmake)
-- Using PYTHON_EXECUTABLE: /usr/bin/python3
-- Found rclcpp: 0.8.4 (/opt/ros/eloquent/share/rclcpp/cmake)
-- Found rosidl_adapter: 0.8.2 (/opt/ros/eloquent/share/rosidl_adapter/cmake)
-- Found rmw_implementation_cmake: 0.8.1 (/opt/ros/eloquent/share/rmw_implementation_cmake/cmake)
-- Using RMW implementation 'rmw_fastrtps_cpp' as default
-- Found rclpy: 0.8.4 (/opt/ros/eloquent/share/rclpy/cmake)
-- Configuring done
-- Generating done
-- Build files have been written to: /home/shorouk/ros2_ws/build/my_cpp_py_pkg
[ 50%] [32m[1mLinking CXX executable cpp_executable[0m
CMakeFiles/cpp_executable.dir/src/cpp_node.cpp.o: In function `rclcpp::create_subscription_factory<std_msgs::msg::String_<std::allocator<void> >, std::_Bind<void (MyNode::*(MyNode*, std::_Placeholder<1>))(std::shared_ptr<std_msgs::msg::String_<std::allocator<void> > >) const>, std::allocator<void>, std_msgs::msg::String_<std::allocator<void> >, rclcpp::Subscription<std_msgs::msg::String_<std::allocator<void> >, std::allocator<void>, rclcpp::message_memory_strategy::MessageMemoryStrategy<std_msgs::msg::String_<std::allocator<void> >, std::allocator<void> > >, rclcpp::message_memory_strategy::MessageMemoryStrategy<std_msgs::msg::String_<std::allocator<void> >, std::allocator<void> > >(std::_Bind<void (MyNode::*(MyNode*, std::_Placeholder<1>))(std::shared_ptr<std_msgs::msg::String_<std::allocator<void> > >) const>&&, rclcpp::SubscriptionOptionsWithAllocator<std::allocator<void> > const&, rclcpp::message_memory_strategy::MessageMemoryStrategy<std_msgs::msg::String_<std::allocator<void> >, std::allocator<void> >::SharedPtr)::{lambda(rclcpp::node_interfaces::NodeBaseInterface*, std::__cxx11::basic_string<char, std::char_traits<char>, std::allocator<char> > const&, rclcpp::QoS const&)#1}::operator()(rclcpp::node_interfaces::NodeBaseInterface*, std::__cxx11::basic_string<char, std::char_traits<char>, std::allocator<char> > const&, rclcpp::QoS const&) const':
cpp_node.cpp:(.text._ZZN6rclcpp27create_subscription_factoryIN8std_msgs3msg7String_ISaIvEEESt5_BindIFM6MyNodeKFvSt10shared_ptrIS5_EEPS7_St12_PlaceholderILi1EEEES4_S5_NS_12SubscriptionIS5_S4_NS_23message_memory_strategy21MessageMemoryStrategyIS5_S4_EEEESK_EENS_19SubscriptionFactoryEOT0_RKNS_32SubscriptionOptionsWithAllocatorIT1_EENT4_9SharedPtrEENKUlPNS_15node_interfaces17NodeBaseInterfaceERKNSt7__cxx1112basic_stringIcSt11char_traitsIcESaIcEEERKNS_3QoSEE_clESY_S16_S19_[_ZZN6rclcpp27create_subscription_factoryIN8std_msgs3msg7String_ISaIvEEESt5_BindIFM6MyNodeKFvSt10shared_ptrIS5_EEPS7_St12_PlaceholderILi1EEEES4_S5_NS_12SubscriptionIS5_S4_NS_23message_memory_strategy21MessageMemoryStrategyIS5_S4_EEEESK_EENS_19SubscriptionFactoryEOT0_RKNS_32SubscriptionOptionsWithAllocatorIT1_EENT4_9SharedPtrEENKUlPNS_15node_interfaces17NodeBaseInterfaceERKNSt7__cxx1112basic_stringIcSt11char_traitsIcESaIcEEERKNS_3QoSEE_clESY_S16_S19_]+0x4b): undefined reference to `rosidl_message_type_support_t const* rosidl_typesupport_cpp::get_message_type_support_handle<std_msgs::msg::String_<std::allocator<void> > >()'
collect2: error: ld returned 1 exit status
make[2]: *** [cpp_executable] Error 1
CMakeFiles/cpp_executable.dir/build.make:129: recipe for target 'cpp_executable' failed
CMakeFiles/Makefile2:131: recipe for target 'CMakeFiles/cpp_executable.dir/all' failed
make[1]: *** [CMakeFiles/cpp_executable.dir/all] Error 2
Makefile:140: recipe for target 'all' failed
make: *** [all] Error 2
