[1.177s] Invoking command in '/home/shorouk/ros2_ws/src/py_srvcli': PYTHONPATH=/home/shorouk/ros2_ws/install/py_srvcli/lib/python3.6/site-packages:${PYTHONPATH} /usr/bin/python3 setup.py egg_info --egg-base ../../build/py_srvcli build --build-base /home/shorouk/ros2_ws/build/py_srvcli/build install --prefix /home/shorouk/ros2_ws/install/py_srvcli --record /home/shorouk/ros2_ws/build/py_srvcli/install.log --single-version-externally-managed
[2.517s] running egg_info
[2.520s] writing ../../build/py_srvcli/py_srvcli.egg-info/PKG-INFO
[2.521s] writing dependency_links to ../../build/py_srvcli/py_srvcli.egg-info/dependency_links.txt
[2.522s] writing entry points to ../../build/py_srvcli/py_srvcli.egg-info/entry_points.txt
[2.523s] writing requirements to ../../build/py_srvcli/py_srvcli.egg-info/requires.txt
[2.524s] writing top-level names to ../../build/py_srvcli/py_srvcli.egg-info/top_level.txt
[2.740s] reading manifest file '../../build/py_srvcli/py_srvcli.egg-info/SOURCES.txt'
[2.750s] writing manifest file '../../build/py_srvcli/py_srvcli.egg-info/SOURCES.txt'
[2.751s] running build
[2.752s] running build_py
[2.752s] copying py_srvcli/service.py -> /home/shorouk/ros2_ws/build/py_srvcli/build/lib/py_srvcli
[2.755s] running install
[2.757s] running install_lib
[2.761s] copying /home/shorouk/ros2_ws/build/py_srvcli/build/lib/py_srvcli/service.py -> /home/shorouk/ros2_ws/install/py_srvcli/lib/python3.6/site-packages/py_srvcli
[2.765s] byte-compiling /home/shorouk/ros2_ws/install/py_srvcli/lib/python3.6/site-packages/py_srvcli/service.py to service.cpython-36.pyc
[2.766s] Sorry: TabError: inconsistent use of tabs and spaces in indentation (service.py, line 15)
[2.766s] running install_data
[2.770s] running install_egg_info
[2.780s] removing '/home/shorouk/ros2_ws/install/py_srvcli/lib/python3.6/site-packages/py_srvcli-0.0.0-py3.6.egg-info' (and everything under it)
[2.782s] Copying ../../build/py_srvcli/py_srvcli.egg-info to /home/shorouk/ros2_ws/install/py_srvcli/lib/python3.6/site-packages/py_srvcli-0.0.0-py3.6.egg-info
[2.789s] running install_scripts
[2.907s] Installing client script to /home/shorouk/ros2_ws/install/py_srvcli/lib/py_srvcli
[2.908s] Installing service script to /home/shorouk/ros2_ws/install/py_srvcli/lib/py_srvcli
[2.909s] writing list of installed files to '/home/shorouk/ros2_ws/build/py_srvcli/install.log'
[2.985s] Invoked command in '/home/shorouk/ros2_ws/src/py_srvcli' returned '0': PYTHONPATH=/home/shorouk/ros2_ws/install/py_srvcli/lib/python3.6/site-packages:${PYTHONPATH} /usr/bin/python3 setup.py egg_info --egg-base ../../build/py_srvcli build --build-base /home/shorouk/ros2_ws/build/py_srvcli/build install --prefix /home/shorouk/ros2_ws/install/py_srvcli --record /home/shorouk/ros2_ws/build/py_srvcli/install.log --single-version-externally-managed
