[1.419s] Invoking command in '/home/shorouk/ros2_ws/src/py_pubsub': PYTHONPATH=/home/shorouk/ros2_ws/install/py_pubsub/lib/python3.6/site-packages:${PYTHONPATH} /usr/bin/python3 setup.py egg_info --egg-base ../../build/py_pubsub build --build-base /home/shorouk/ros2_ws/build/py_pubsub/build install --prefix /home/shorouk/ros2_ws/install/py_pubsub --record /home/shorouk/ros2_ws/build/py_pubsub/install.log --single-version-externally-managed
[2.629s] running egg_info
[2.632s] writing ../../build/py_pubsub/py_pubsub.egg-info/PKG-INFO
[2.633s] writing dependency_links to ../../build/py_pubsub/py_pubsub.egg-info/dependency_links.txt
[2.634s] writing entry points to ../../build/py_pubsub/py_pubsub.egg-info/entry_points.txt
[2.635s] writing requirements to ../../build/py_pubsub/py_pubsub.egg-info/requires.txt
[2.636s] writing top-level names to ../../build/py_pubsub/py_pubsub.egg-info/top_level.txt
[2.820s] reading manifest file '../../build/py_pubsub/py_pubsub.egg-info/SOURCES.txt'
[2.827s] writing manifest file '../../build/py_pubsub/py_pubsub.egg-info/SOURCES.txt'
[2.827s] running build
[2.828s] running build_py
[2.830s] running install
[2.831s] running install_lib
[2.837s] byte-compiling /home/shorouk/ros2_ws/install/py_pubsub/lib/python3.6/site-packages/py_pubsub/publisher_member_function.py to publisher_member_function.cpython-36.pyc
[2.838s] Sorry: TabError: inconsistent use of tabs and spaces in indentation (publisher_member_function.py, line 13)
[2.838s] running install_data
[2.840s] running install_egg_info
[2.847s] removing '/home/shorouk/ros2_ws/install/py_pubsub/lib/python3.6/site-packages/py_pubsub-0.0.0-py3.6.egg-info' (and everything under it)
[2.849s] Copying ../../build/py_pubsub/py_pubsub.egg-info to /home/shorouk/ros2_ws/install/py_pubsub/lib/python3.6/site-packages/py_pubsub-0.0.0-py3.6.egg-info
[2.853s] running install_scripts
[2.945s] Installing listener script to /home/shorouk/ros2_ws/install/py_pubsub/lib/py_pubsub
[2.946s] Installing talker script to /home/shorouk/ros2_ws/install/py_pubsub/lib/py_pubsub
[2.948s] writing list of installed files to '/home/shorouk/ros2_ws/build/py_pubsub/install.log'
[3.029s] Invoked command in '/home/shorouk/ros2_ws/src/py_pubsub' returned '0': PYTHONPATH=/home/shorouk/ros2_ws/install/py_pubsub/lib/python3.6/site-packages:${PYTHONPATH} /usr/bin/python3 setup.py egg_info --egg-base ../../build/py_pubsub build --build-base /home/shorouk/ros2_ws/build/py_pubsub/build install --prefix /home/shorouk/ros2_ws/install/py_pubsub --record /home/shorouk/ros2_ws/build/py_pubsub/install.log --single-version-externally-managed
