[35m[1mScanning dependencies of target cpp_executable[0m
[ 50%] [32mBuilding CXX object CMakeFiles/cpp_executable.dir/src/cpp_node.cpp.o[0m
[01m[K/home/shorouk/ros2_ws/src/my_cpp_py_pkg/src/cpp_node.cpp:[m[K In member function ‘[01m[Kvoid MyNode::timer_callback()[m[K’:
[01m[K/home/shorouk/ros2_ws/src/my_cpp_py_pkg/src/cpp_node.cpp:59:37:[m[K [01;31m[Kerror: [m[Kno matching function for call to ‘[01m[Krclcpp::Publisher<std_msgs::msg::String_<std::allocator<void> > >::publish(std::__cxx11::string&)[m[K’
     publisher_->publish(cmd_received[01;31m[K)[m[K;
                                     [01;31m[K^[m[K
In file included from [01m[K/opt/ros/eloquent/include/rclcpp/node_interfaces/node_topics_interface.hpp:26:0[m[K,
                 from [01m[K/opt/ros/eloquent/include/rclcpp/node.hpp:53[m[K,
                 from [01m[K/opt/ros/eloquent/include/rclcpp/executors/single_threaded_executor.hpp:28[m[K,
                 from [01m[K/opt/ros/eloquent/include/rclcpp/executors.hpp:22[m[K,
                 from [01m[K/opt/ros/eloquent/include/rclcpp/rclcpp.hpp:145[m[K,
                 from [01m[K/home/shorouk/ros2_ws/src/my_cpp_py_pkg/src/cpp_node.cpp:7[m[K:
[01m[K/opt/ros/eloquent/include/rclcpp/publisher.hpp:159:3:[m[K [01;36m[Knote: [m[Kcandidate: void rclcpp::Publisher<MessageT, AllocatorT>::publish(std::unique_ptr<MessageT, typename std::conditional<std::is_same<typename std::allocator_traits<typename std::allocator_traits<_Alloc>::rebind_traits<MessageT>::allocator_type>::rebind_alloc<MessageT>, typename std::allocator<void>::rebind<_Tp1>::other>::value, std::default_delete<_Tp>, rclcpp::allocator::AllocatorDeleter<typename std::allocator_traits<_Alloc>::rebind_traits<MessageT>::allocator_type> >::type>) [with MessageT = std_msgs::msg::String_<std::allocator<void> >; AllocatorT = std::allocator<void>; typename std::conditional<std::is_same<typename std::allocator_traits<typename std::allocator_traits<_Alloc>::rebind_traits<MessageT>::allocator_type>::rebind_alloc<MessageT>, typename std::allocator<void>::rebind<_Tp1>::other>::value, std::default_delete<_Tp>, rclcpp::allocator::AllocatorDeleter<typename std::allocator_traits<_Alloc>::rebind_traits<MessageT>::allocator_type> >::type = std::default_delete<std_msgs::msg::String_<std::allocator<void> > >]
   [01;36m[Kpublish[m[K(std::unique_ptr<MessageT, MessageDeleter> msg)
   [01;36m[K^~~~~~~[m[K
[01m[K/opt/ros/eloquent/include/rclcpp/publisher.hpp:159:3:[m[K [01;36m[Knote: [m[K  no known conversion for argument 1 from ‘[01m[Kstd::__cxx11::string {aka std::__cxx11::basic_string<char>}[m[K’ to ‘[01m[Kstd::unique_ptr<std_msgs::msg::String_<std::allocator<void> >, std::default_delete<std_msgs::msg::String_<std::allocator<void> > > >[m[K’
[01m[K/opt/ros/eloquent/include/rclcpp/publisher.hpp:183:3:[m[K [01;36m[Knote: [m[Kcandidate: void rclcpp::Publisher<MessageT, AllocatorT>::publish(const MessageT&) [with MessageT = std_msgs::msg::String_<std::allocator<void> >; AllocatorT = std::allocator<void>]
   [01;36m[Kpublish[m[K(const MessageT & msg)
   [01;36m[K^~~~~~~[m[K
[01m[K/opt/ros/eloquent/include/rclcpp/publisher.hpp:183:3:[m[K [01;36m[Knote: [m[K  no known conversion for argument 1 from ‘[01m[Kstd::__cxx11::string {aka std::__cxx11::basic_string<char>}[m[K’ to ‘[01m[Kconst std_msgs::msg::String_<std::allocator<void> >&[m[K’
[01m[K/opt/ros/eloquent/include/rclcpp/publisher.hpp:200:3:[m[K [01;36m[Knote: [m[Kcandidate: void rclcpp::Publisher<MessageT, AllocatorT>::publish(const rcl_serialized_message_t&) [with MessageT = std_msgs::msg::String_<std::allocator<void> >; AllocatorT = std::allocator<void>; rcl_serialized_message_t = rcutils_uint8_array_t]
   [01;36m[Kpublish[m[K(const rcl_serialized_message_t & serialized_msg)
   [01;36m[K^~~~~~~[m[K
[01m[K/opt/ros/eloquent/include/rclcpp/publisher.hpp:200:3:[m[K [01;36m[Knote: [m[K  no known conversion for argument 1 from ‘[01m[Kstd::__cxx11::string {aka std::__cxx11::basic_string<char>}[m[K’ to ‘[01m[Kconst rcl_serialized_message_t& {aka const rcutils_uint8_array_t&}[m[K’
[01m[K/opt/ros/eloquent/include/rclcpp/publisher.hpp:214:3:[m[K [01;36m[Knote: [m[Kcandidate: void rclcpp::Publisher<MessageT, AllocatorT>::publish(rclcpp::LoanedMessage<MessageT, AllocatorT>&&) [with MessageT = std_msgs::msg::String_<std::allocator<void> >; AllocatorT = std::allocator<void>]
   [01;36m[Kpublish[m[K(rclcpp::LoanedMessage<MessageT, AllocatorT> && loaned_msg)
   [01;36m[K^~~~~~~[m[K
[01m[K/opt/ros/eloquent/include/rclcpp/publisher.hpp:214:3:[m[K [01;36m[Knote: [m[K  no known conversion for argument 1 from ‘[01m[Kstd::__cxx11::string {aka std::__cxx11::basic_string<char>}[m[K’ to ‘[01m[Krclcpp::LoanedMessage<std_msgs::msg::String_<std::allocator<void> >, std::allocator<void> >&&[m[K’
CMakeFiles/cpp_executable.dir/build.make:62: recipe for target 'CMakeFiles/cpp_executable.dir/src/cpp_node.cpp.o' failed
make[2]: *** [CMakeFiles/cpp_executable.dir/src/cpp_node.cpp.o] Error 1
CMakeFiles/Makefile2:131: recipe for target 'CMakeFiles/cpp_executable.dir/all' failed
make[1]: *** [CMakeFiles/cpp_executable.dir/all] Error 2
make: *** [all] Error 2
Makefile:140: recipe for target 'all' failed
