[3.554s] DEBUG:colcon:Command line arguments: ['/home/shorouk/.local/bin/colcon', 'build', '--packages-select', 'py_srvcli']
[3.555s] DEBUG:colcon:Parsed command line arguments: Namespace(ament_cmake_args=None, base_paths=['.'], build_base='build', catkin_cmake_args=None, catkin_skip_building_tests=False, cmake_args=None, cmake_clean_cache=False, cmake_clean_first=False, cmake_force_configure=False, cmake_target=None, cmake_target_skip_unavailable=False, continue_on_error=False, event_handlers=None, executor='parallel', ignore_user_meta=False, install_base='install', log_base=None, log_level=None, main=<bound method BuildVerb.main of <colcon_core.verb.build.BuildVerb object at 0x7f2a26a02e10>>, merge_install=False, metas=['./colcon.meta'], packages_above=None, packages_above_and_dependencies=None, packages_above_depth=None, packages_end=None, packages_ignore=None, packages_ignore_regex=None, packages_select=['py_srvcli'], packages_select_build_failed=False, packages_select_by_dep=None, packages_select_regex=None, packages_select_test_failures=False, packages_skip=None, packages_skip_build_finished=False, packages_skip_by_dep=None, packages_skip_regex=None, packages_skip_test_passed=False, packages_skip_up_to=None, packages_start=None, packages_up_to=None, packages_up_to_regex=None, parallel_workers=4, paths=None, symlink_install=False, test_result_base=None, verb_extension=<colcon_core.verb.build.BuildVerb object at 0x7f2a26a02e10>, verb_name='build', verb_parser=<colcon_defaults.argument_parser.defaults.DefaultArgumentsDecorator object at 0x7f2a26a17198>)
[3.696s] Level 1:colcon.colcon_core.package_discovery:discover_packages(colcon_meta) check parameters
[3.697s] Level 1:colcon.colcon_core.package_discovery:discover_packages(recursive) check parameters
[3.697s] Level 1:colcon.colcon_core.package_discovery:discover_packages(ignore) check parameters
[3.697s] Level 1:colcon.colcon_core.package_discovery:discover_packages(path) check parameters
[3.698s] Level 1:colcon.colcon_core.package_discovery:discover_packages(colcon_meta) discover
[3.699s] Level 1:colcon.colcon_core.package_discovery:discover_packages(recursive) discover
[3.699s] INFO:colcon.colcon_core.package_discovery:Crawling recursively for packages in '/home/shorouk/ros2_ws'
[3.700s] Level 1:colcon.colcon_core.package_identification:_identify(.) by extensions ['ignore', 'ignore_ament_install']
[3.700s] Level 1:colcon.colcon_core.package_identification:_identify(.) by extension 'ignore'
[3.701s] Level 1:colcon.colcon_core.package_identification:_identify(.) by extension 'ignore_ament_install'
[3.701s] Level 1:colcon.colcon_core.package_identification:_identify(.) by extensions ['colcon_pkg']
[3.701s] Level 1:colcon.colcon_core.package_identification:_identify(.) by extension 'colcon_pkg'
[3.702s] Level 1:colcon.colcon_core.package_identification:_identify(.) by extensions ['colcon_meta']
[3.702s] Level 1:colcon.colcon_core.package_identification:_identify(.) by extension 'colcon_meta'
[3.702s] Level 1:colcon.colcon_core.package_identification:_identify(.) by extensions ['ros']
[3.702s] Level 1:colcon.colcon_core.package_identification:_identify(.) by extension 'ros'
[3.763s] Level 1:colcon.colcon_core.package_identification:_identify(.) by extensions ['cmake', 'python']
[3.763s] Level 1:colcon.colcon_core.package_identification:_identify(.) by extension 'cmake'
[3.764s] Level 1:colcon.colcon_core.package_identification:_identify(.) by extension 'python'
[3.764s] Level 1:colcon.colcon_core.package_identification:_identify(.) by extensions ['python_setup_py']
[3.764s] Level 1:colcon.colcon_core.package_identification:_identify(.) by extension 'python_setup_py'
[3.765s] Level 1:colcon.colcon_core.package_identification:_identify(build) by extensions ['ignore', 'ignore_ament_install']
[3.765s] Level 1:colcon.colcon_core.package_identification:_identify(build) by extension 'ignore'
[3.765s] Level 1:colcon.colcon_core.package_identification:_identify(build) ignored
[3.767s] Level 1:colcon.colcon_core.package_identification:_identify(install) by extensions ['ignore', 'ignore_ament_install']
[3.768s] Level 1:colcon.colcon_core.package_identification:_identify(install) by extension 'ignore'
[3.768s] Level 1:colcon.colcon_core.package_identification:_identify(install) ignored
[3.769s] Level 1:colcon.colcon_core.package_identification:_identify(log) by extensions ['ignore', 'ignore_ament_install']
[3.769s] Level 1:colcon.colcon_core.package_identification:_identify(log) by extension 'ignore'
[3.769s] Level 1:colcon.colcon_core.package_identification:_identify(log) ignored
[3.770s] Level 1:colcon.colcon_core.package_identification:_identify(src) by extensions ['ignore', 'ignore_ament_install']
[3.770s] Level 1:colcon.colcon_core.package_identification:_identify(src) by extension 'ignore'
[3.771s] Level 1:colcon.colcon_core.package_identification:_identify(src) by extension 'ignore_ament_install'
[3.771s] Level 1:colcon.colcon_core.package_identification:_identify(src) by extensions ['colcon_pkg']
[3.771s] Level 1:colcon.colcon_core.package_identification:_identify(src) by extension 'colcon_pkg'
[3.772s] Level 1:colcon.colcon_core.package_identification:_identify(src) by extensions ['colcon_meta']
[3.772s] Level 1:colcon.colcon_core.package_identification:_identify(src) by extension 'colcon_meta'
[3.772s] Level 1:colcon.colcon_core.package_identification:_identify(src) by extensions ['ros']
[3.772s] Level 1:colcon.colcon_core.package_identification:_identify(src) by extension 'ros'
[3.773s] Level 1:colcon.colcon_core.package_identification:_identify(src) by extensions ['cmake', 'python']
[3.773s] Level 1:colcon.colcon_core.package_identification:_identify(src) by extension 'cmake'
[3.773s] Level 1:colcon.colcon_core.package_identification:_identify(src) by extension 'python'
[3.773s] Level 1:colcon.colcon_core.package_identification:_identify(src) by extensions ['python_setup_py']
[3.774s] Level 1:colcon.colcon_core.package_identification:_identify(src) by extension 'python_setup_py'
[3.774s] Level 1:colcon.colcon_core.package_identification:_identify(src/build) by extensions ['ignore', 'ignore_ament_install']
[3.775s] Level 1:colcon.colcon_core.package_identification:_identify(src/build) by extension 'ignore'
[3.775s] Level 1:colcon.colcon_core.package_identification:_identify(src/build) ignored
[3.775s] Level 1:colcon.colcon_core.package_identification:_identify(src/install) by extensions ['ignore', 'ignore_ament_install']
[3.776s] Level 1:colcon.colcon_core.package_identification:_identify(src/install) by extension 'ignore'
[3.776s] Level 1:colcon.colcon_core.package_identification:_identify(src/install) ignored
[3.777s] Level 1:colcon.colcon_core.package_identification:_identify(src/log) by extensions ['ignore', 'ignore_ament_install']
[3.777s] Level 1:colcon.colcon_core.package_identification:_identify(src/log) by extension 'ignore'
[3.777s] Level 1:colcon.colcon_core.package_identification:_identify(src/log) ignored
[3.778s] Level 1:colcon.colcon_core.package_identification:_identify(src/my_python_pkg) by extensions ['ignore', 'ignore_ament_install']
[3.778s] Level 1:colcon.colcon_core.package_identification:_identify(src/my_python_pkg) by extension 'ignore'
[3.779s] Level 1:colcon.colcon_core.package_identification:_identify(src/my_python_pkg) by extension 'ignore_ament_install'
[3.779s] Level 1:colcon.colcon_core.package_identification:_identify(src/my_python_pkg) by extensions ['colcon_pkg']
[3.779s] Level 1:colcon.colcon_core.package_identification:_identify(src/my_python_pkg) by extension 'colcon_pkg'
[3.779s] Level 1:colcon.colcon_core.package_identification:_identify(src/my_python_pkg) by extensions ['colcon_meta']
[3.780s] Level 1:colcon.colcon_core.package_identification:_identify(src/my_python_pkg) by extension 'colcon_meta'
[3.780s] Level 1:colcon.colcon_core.package_identification:_identify(src/my_python_pkg) by extensions ['ros']
[3.780s] Level 1:colcon.colcon_core.package_identification:_identify(src/my_python_pkg) by extension 'ros'
[3.795s] DEBUG:colcon.colcon_core.package_identification:Package 'src/my_python_pkg' with type 'ros.ament_python' and name 'my_python_pkg'
[3.795s] Level 1:colcon.colcon_core.package_identification:_identify(src/py_srvcli) by extensions ['ignore', 'ignore_ament_install']
[3.796s] Level 1:colcon.colcon_core.package_identification:_identify(src/py_srvcli) by extension 'ignore'
[3.796s] Level 1:colcon.colcon_core.package_identification:_identify(src/py_srvcli) by extension 'ignore_ament_install'
[3.797s] Level 1:colcon.colcon_core.package_identification:_identify(src/py_srvcli) by extensions ['colcon_pkg']
[3.797s] Level 1:colcon.colcon_core.package_identification:_identify(src/py_srvcli) by extension 'colcon_pkg'
[3.797s] Level 1:colcon.colcon_core.package_identification:_identify(src/py_srvcli) by extensions ['colcon_meta']
[3.797s] Level 1:colcon.colcon_core.package_identification:_identify(src/py_srvcli) by extension 'colcon_meta'
[3.798s] Level 1:colcon.colcon_core.package_identification:_identify(src/py_srvcli) by extensions ['ros']
[3.798s] Level 1:colcon.colcon_core.package_identification:_identify(src/py_srvcli) by extension 'ros'
[3.802s] DEBUG:colcon.colcon_core.package_identification:Package 'src/py_srvcli' with type 'ros.ament_python' and name 'py_srvcli'
[3.802s] Level 1:colcon.colcon_core.package_discovery:discover_packages(recursive) using defaults
[3.803s] Level 1:colcon.colcon_core.package_discovery:discover_packages(ignore) discover
[3.803s] Level 1:colcon.colcon_core.package_discovery:discover_packages(ignore) using defaults
[3.803s] Level 1:colcon.colcon_core.package_discovery:discover_packages(path) discover
[3.804s] Level 1:colcon.colcon_core.package_discovery:discover_packages(path) using defaults
[4.043s] INFO:colcon.colcon_core.package_selection:Skipping not selected package 'my_python_pkg' in 'src/my_python_pkg'
[4.125s] Level 5:colcon.colcon_core.verb:set package 'py_srvcli' build argument 'cmake_args' from command line to 'None'
[4.125s] Level 5:colcon.colcon_core.verb:set package 'py_srvcli' build argument 'cmake_target' from command line to 'None'
[4.125s] Level 5:colcon.colcon_core.verb:set package 'py_srvcli' build argument 'cmake_target_skip_unavailable' from command line to 'False'
[4.125s] Level 5:colcon.colcon_core.verb:set package 'py_srvcli' build argument 'cmake_clean_cache' from command line to 'False'
[4.126s] Level 5:colcon.colcon_core.verb:set package 'py_srvcli' build argument 'cmake_clean_first' from command line to 'False'
[4.126s] Level 5:colcon.colcon_core.verb:set package 'py_srvcli' build argument 'cmake_force_configure' from command line to 'False'
[4.126s] Level 5:colcon.colcon_core.verb:set package 'py_srvcli' build argument 'ament_cmake_args' from command line to 'None'
[4.126s] Level 5:colcon.colcon_core.verb:set package 'py_srvcli' build argument 'catkin_cmake_args' from command line to 'None'
[4.126s] Level 5:colcon.colcon_core.verb:set package 'py_srvcli' build argument 'catkin_skip_building_tests' from command line to 'False'
[4.127s] DEBUG:colcon.colcon_core.verb:Building package 'py_srvcli' with the following arguments: {'ament_cmake_args': None, 'build_base': '/home/shorouk/ros2_ws/build/py_srvcli', 'catkin_cmake_args': None, 'catkin_skip_building_tests': False, 'cmake_args': None, 'cmake_clean_cache': False, 'cmake_clean_first': False, 'cmake_force_configure': False, 'cmake_target': None, 'cmake_target_skip_unavailable': False, 'install_base': '/home/shorouk/ros2_ws/install/py_srvcli', 'merge_install': False, 'path': '/home/shorouk/ros2_ws/src/py_srvcli', 'symlink_install': False, 'test_result_base': None}
[4.146s] INFO:colcon.colcon_core.executor:Executing jobs using 'parallel' executor
[4.279s] DEBUG:colcon.colcon_parallel_executor.executor.parallel:run_until_complete
[4.280s] INFO:colcon.colcon_ros.task.ament_python.build:Building ROS package in '/home/shorouk/ros2_ws/src/py_srvcli' with build type 'ament_python'
[4.280s] Level 1:colcon.colcon_core.shell:create_environment_hook('py_srvcli', 'ament_prefix_path')
[4.360s] INFO:colcon.colcon_core.plugin_system:Skipping extension 'colcon_core.shell.bat': Not used on non-Windows systems
[4.361s] INFO:colcon.colcon_core.shell:Creating environment hook '/home/shorouk/ros2_ws/install/py_srvcli/share/py_srvcli/hook/ament_prefix_path.ps1'
[4.364s] INFO:colcon.colcon_core.shell:Creating environment descriptor '/home/shorouk/ros2_ws/install/py_srvcli/share/py_srvcli/hook/ament_prefix_path.dsv'
[4.366s] INFO:colcon.colcon_core.shell:Creating environment hook '/home/shorouk/ros2_ws/install/py_srvcli/share/py_srvcli/hook/ament_prefix_path.sh'
[4.441s] INFO:colcon.colcon_core.shell:Skip shell extension 'powershell' for command environment: Not usable outside of PowerShell
[4.441s] DEBUG:colcon.colcon_core.shell:Skip shell extension 'dsv' for command environment
[4.489s] DEBUG:colcon.colcon_core.shell:Ignoring prefix path '/opt/ros/eloquent'
[5.775s] INFO:colcon.colcon_core.task.python.build:Building Python package in '/home/shorouk/ros2_ws/src/py_srvcli'
[5.836s] INFO:colcon.colcon_core.shell:Skip shell extension 'powershell' for command environment: Not usable outside of PowerShell
[5.837s] DEBUG:colcon.colcon_core.shell:Skip shell extension 'dsv' for command environment
[5.882s] DEBUG:colcon.colcon_core.shell:Ignoring prefix path '/opt/ros/eloquent'
[5.908s] DEBUG:colcon.colcon_core.event_handler.log_command:Invoking command in '/home/shorouk/ros2_ws/src/py_srvcli': PYTHONPATH=/home/shorouk/ros2_ws/install/py_srvcli/lib/python3.6/site-packages:${PYTHONPATH} /usr/bin/python3 setup.py egg_info --egg-base ../../build/py_srvcli build --build-base /home/shorouk/ros2_ws/build/py_srvcli/build install --prefix /home/shorouk/ros2_ws/install/py_srvcli --record /home/shorouk/ros2_ws/build/py_srvcli/install.log --single-version-externally-managed
[7.538s] DEBUG:colcon.colcon_core.event_handler.log_command:Invoked command in '/home/shorouk/ros2_ws/src/py_srvcli' returned '0': PYTHONPATH=/home/shorouk/ros2_ws/install/py_srvcli/lib/python3.6/site-packages:${PYTHONPATH} /usr/bin/python3 setup.py egg_info --egg-base ../../build/py_srvcli build --build-base /home/shorouk/ros2_ws/build/py_srvcli/build install --prefix /home/shorouk/ros2_ws/install/py_srvcli --record /home/shorouk/ros2_ws/build/py_srvcli/install.log --single-version-externally-managed
[7.600s] Level 1:colcon.colcon_core.environment:checking '/home/shorouk/ros2_ws/install/py_srvcli' for CMake module files
[7.603s] Level 1:colcon.colcon_core.environment:checking '/home/shorouk/ros2_ws/install/py_srvcli' for CMake config files
[7.608s] Level 1:colcon.colcon_core.environment:checking '/home/shorouk/ros2_ws/install/py_srvcli/lib'
[7.609s] Level 1:colcon.colcon_core.environment:checking '/home/shorouk/ros2_ws/install/py_srvcli/bin'
[7.609s] Level 1:colcon.colcon_core.environment:checking '/home/shorouk/ros2_ws/install/py_srvcli/lib/pkgconfig/py_srvcli.pc'
[7.609s] Level 1:colcon.colcon_core.environment:checking '/home/shorouk/ros2_ws/install/py_srvcli/lib/python3.6/site-packages'
[7.610s] Level 1:colcon.colcon_core.shell:create_environment_hook('py_srvcli', 'pythonpath')
[7.668s] INFO:colcon.colcon_core.shell:Creating environment hook '/home/shorouk/ros2_ws/install/py_srvcli/share/py_srvcli/hook/pythonpath.ps1'
[7.670s] INFO:colcon.colcon_core.shell:Creating environment descriptor '/home/shorouk/ros2_ws/install/py_srvcli/share/py_srvcli/hook/pythonpath.dsv'
[7.671s] INFO:colcon.colcon_core.shell:Creating environment hook '/home/shorouk/ros2_ws/install/py_srvcli/share/py_srvcli/hook/pythonpath.sh'
[7.673s] Level 1:colcon.colcon_core.environment:create_environment_scripts_only(py_srvcli)
[7.734s] INFO:colcon.colcon_core.shell:Creating package script '/home/shorouk/ros2_ws/install/py_srvcli/share/py_srvcli/package.ps1'
[7.738s] INFO:colcon.colcon_core.shell:Creating package descriptor '/home/shorouk/ros2_ws/install/py_srvcli/share/py_srvcli/package.dsv'
[7.742s] INFO:colcon.colcon_core.shell:Creating package script '/home/shorouk/ros2_ws/install/py_srvcli/share/py_srvcli/package.sh'
[7.746s] INFO:colcon.colcon_core.shell:Creating package script '/home/shorouk/ros2_ws/install/py_srvcli/share/py_srvcli/package.bash'
[7.750s] INFO:colcon.colcon_core.shell:Creating package script '/home/shorouk/ros2_ws/install/py_srvcli/share/py_srvcli/package.zsh'
[7.754s] Level 1:colcon.colcon_core.environment:create_file_with_runtime_dependencies(/home/shorouk/ros2_ws/install/py_srvcli/share/colcon-core/packages/py_srvcli)
[7.756s] DEBUG:colcon.colcon_parallel_executor.executor.parallel:closing loop
[7.757s] DEBUG:colcon.colcon_parallel_executor.executor.parallel:loop closed
[7.758s] DEBUG:colcon.colcon_parallel_executor.executor.parallel:run_until_complete finished with '0'
[7.758s] DEBUG:colcon.colcon_core.event_reactor:joining thread
[7.827s] INFO:colcon.colcon_core.plugin_system:Skipping extension 'colcon_notification.desktop_notification.terminal_notifier': Not used on non-Darwin systems
[7.828s] INFO:colcon.colcon_core.plugin_system:Skipping extension 'colcon_notification.desktop_notification.win32': Not used on non-Windows systems
[7.828s] INFO:colcon.colcon_notification.desktop_notification:Sending desktop notification using 'notify2'
[7.839s] DEBUG:colcon.colcon_core.event_reactor:joined thread
[7.931s] INFO:colcon.colcon_core.shell:Creating prefix script '/home/shorouk/ros2_ws/install/local_setup.ps1'
[7.936s] INFO:colcon.colcon_core.shell:Creating prefix util module '/home/shorouk/ros2_ws/install/_local_setup_util_ps1.py'
[7.944s] INFO:colcon.colcon_core.shell:Creating prefix chain script '/home/shorouk/ros2_ws/install/setup.ps1'
[7.991s] INFO:colcon.colcon_core.shell:Creating prefix script '/home/shorouk/ros2_ws/install/local_setup.sh'
[7.994s] INFO:colcon.colcon_core.shell:Creating prefix util module '/home/shorouk/ros2_ws/install/_local_setup_util_sh.py'
[7.996s] INFO:colcon.colcon_core.shell:Creating prefix chain script '/home/shorouk/ros2_ws/install/setup.sh'
[8.044s] INFO:colcon.colcon_core.shell:Creating prefix script '/home/shorouk/ros2_ws/install/local_setup.bash'
[8.047s] INFO:colcon.colcon_core.shell:Creating prefix chain script '/home/shorouk/ros2_ws/install/setup.bash'
[8.093s] INFO:colcon.colcon_core.shell:Creating prefix script '/home/shorouk/ros2_ws/install/local_setup.zsh'
[8.096s] INFO:colcon.colcon_core.shell:Creating prefix chain script '/home/shorouk/ros2_ws/install/setup.zsh'
