[0.910s] DEBUG:colcon:Command line arguments: ['/usr/bin/colcon', 'build', '--packages-select', 'my_python_pkg']
[0.911s] DEBUG:colcon:Parsed command line arguments: Namespace(ament_cmake_args=None, base_paths=['.'], build_base='build', catkin_cmake_args=None, catkin_skip_building_tests=False, cmake_args=None, cmake_clean_cache=False, cmake_clean_first=False, cmake_force_configure=False, cmake_target=None, cmake_target_skip_unavailable=False, continue_on_error=False, event_handlers=None, executor='parallel', ignore_user_meta=False, install_base='install', log_base=None, log_level=None, main=<bound method BuildVerb.main of <colcon_core.verb.build.BuildVerb object at 0x7fb3fbaed358>>, merge_install=False, metas=['./colcon.meta'], packages_above=None, packages_above_and_dependencies=None, packages_above_depth=None, packages_end=None, packages_ignore=None, packages_ignore_regex=None, packages_select=['my_python_pkg'], packages_select_build_failed=False, packages_select_by_dep=None, packages_select_regex=None, packages_select_test_failures=False, packages_skip=None, packages_skip_build_finished=False, packages_skip_by_dep=None, packages_skip_regex=None, packages_skip_test_passed=False, packages_skip_up_to=None, packages_start=None, packages_up_to=None, packages_up_to_regex=None, parallel_workers=4, paths=None, symlink_install=False, test_result_base=None, verb_extension=<colcon_core.verb.build.BuildVerb object at 0x7fb3fbaed358>, verb_name='build', verb_parser=<colcon_defaults.argument_parser.defaults.DefaultArgumentsDecorator object at 0x7fb3fbaed6a0>)
[0.942s] Level 1:colcon.colcon_core.package_discovery:discover_packages(colcon_meta) check parameters
[0.942s] Level 1:colcon.colcon_core.package_discovery:discover_packages(recursive) check parameters
[0.943s] Level 1:colcon.colcon_core.package_discovery:discover_packages(ignore) check parameters
[0.943s] Level 1:colcon.colcon_core.package_discovery:discover_packages(path) check parameters
[0.943s] Level 1:colcon.colcon_core.package_discovery:discover_packages(colcon_meta) discover
[0.945s] Level 1:colcon.colcon_core.package_discovery:discover_packages(recursive) discover
[0.945s] INFO:colcon.colcon_core.package_discovery:Crawling recursively for packages in '/home/shorouk/ros2_ws'
[0.945s] Level 1:colcon.colcon_core.package_identification:_identify(.) by extensions ['ignore', 'ignore_ament_install']
[0.946s] Level 1:colcon.colcon_core.package_identification:_identify(.) by extension 'ignore'
[0.946s] Level 1:colcon.colcon_core.package_identification:_identify(.) by extension 'ignore_ament_install'
[0.947s] Level 1:colcon.colcon_core.package_identification:_identify(.) by extensions ['colcon_pkg']
[0.947s] Level 1:colcon.colcon_core.package_identification:_identify(.) by extension 'colcon_pkg'
[0.947s] Level 1:colcon.colcon_core.package_identification:_identify(.) by extensions ['colcon_meta']
[0.947s] Level 1:colcon.colcon_core.package_identification:_identify(.) by extension 'colcon_meta'
[0.948s] Level 1:colcon.colcon_core.package_identification:_identify(.) by extensions ['ros']
[0.948s] Level 1:colcon.colcon_core.package_identification:_identify(.) by extension 'ros'
[1.003s] Level 1:colcon.colcon_core.package_identification:_identify(.) by extensions ['cmake', 'python']
[1.004s] Level 1:colcon.colcon_core.package_identification:_identify(.) by extension 'cmake'
[1.004s] Level 1:colcon.colcon_core.package_identification:_identify(.) by extension 'python'
[1.004s] Level 1:colcon.colcon_core.package_identification:_identify(.) by extensions ['python_setup_py']
[1.005s] Level 1:colcon.colcon_core.package_identification:_identify(.) by extension 'python_setup_py'
[1.005s] Level 1:colcon.colcon_core.package_identification:_identify(build) by extensions ['ignore', 'ignore_ament_install']
[1.006s] Level 1:colcon.colcon_core.package_identification:_identify(build) by extension 'ignore'
[1.006s] Level 1:colcon.colcon_core.package_identification:_identify(build) ignored
[1.008s] Level 1:colcon.colcon_core.package_identification:_identify(install) by extensions ['ignore', 'ignore_ament_install']
[1.008s] Level 1:colcon.colcon_core.package_identification:_identify(install) by extension 'ignore'
[1.009s] Level 1:colcon.colcon_core.package_identification:_identify(install) ignored
[1.009s] Level 1:colcon.colcon_core.package_identification:_identify(log) by extensions ['ignore', 'ignore_ament_install']
[1.010s] Level 1:colcon.colcon_core.package_identification:_identify(log) by extension 'ignore'
[1.010s] Level 1:colcon.colcon_core.package_identification:_identify(log) ignored
[1.011s] Level 1:colcon.colcon_core.package_identification:_identify(src) by extensions ['ignore', 'ignore_ament_install']
[1.011s] Level 1:colcon.colcon_core.package_identification:_identify(src) by extension 'ignore'
[1.011s] Level 1:colcon.colcon_core.package_identification:_identify(src) by extension 'ignore_ament_install'
[1.012s] Level 1:colcon.colcon_core.package_identification:_identify(src) by extensions ['colcon_pkg']
[1.012s] Level 1:colcon.colcon_core.package_identification:_identify(src) by extension 'colcon_pkg'
[1.012s] Level 1:colcon.colcon_core.package_identification:_identify(src) by extensions ['colcon_meta']
[1.012s] Level 1:colcon.colcon_core.package_identification:_identify(src) by extension 'colcon_meta'
[1.013s] Level 1:colcon.colcon_core.package_identification:_identify(src) by extensions ['ros']
[1.013s] Level 1:colcon.colcon_core.package_identification:_identify(src) by extension 'ros'
[1.013s] Level 1:colcon.colcon_core.package_identification:_identify(src) by extensions ['cmake', 'python']
[1.014s] Level 1:colcon.colcon_core.package_identification:_identify(src) by extension 'cmake'
[1.014s] Level 1:colcon.colcon_core.package_identification:_identify(src) by extension 'python'
[1.014s] Level 1:colcon.colcon_core.package_identification:_identify(src) by extensions ['python_setup_py']
[1.014s] Level 1:colcon.colcon_core.package_identification:_identify(src) by extension 'python_setup_py'
[1.015s] Level 1:colcon.colcon_core.package_identification:_identify(src/my_python_pkg) by extensions ['ignore', 'ignore_ament_install']
[1.016s] Level 1:colcon.colcon_core.package_identification:_identify(src/my_python_pkg) by extension 'ignore'
[1.016s] Level 1:colcon.colcon_core.package_identification:_identify(src/my_python_pkg) by extension 'ignore_ament_install'
[1.017s] Level 1:colcon.colcon_core.package_identification:_identify(src/my_python_pkg) by extensions ['colcon_pkg']
[1.017s] Level 1:colcon.colcon_core.package_identification:_identify(src/my_python_pkg) by extension 'colcon_pkg'
[1.018s] Level 1:colcon.colcon_core.package_identification:_identify(src/my_python_pkg) by extensions ['colcon_meta']
[1.018s] Level 1:colcon.colcon_core.package_identification:_identify(src/my_python_pkg) by extension 'colcon_meta'
[1.019s] Level 1:colcon.colcon_core.package_identification:_identify(src/my_python_pkg) by extensions ['ros']
[1.019s] Level 1:colcon.colcon_core.package_identification:_identify(src/my_python_pkg) by extension 'ros'
[1.031s] DEBUG:colcon.colcon_core.package_identification:Package 'src/my_python_pkg' with type 'ros.ament_python' and name 'my_python_pkg'
[1.031s] Level 1:colcon.colcon_core.package_discovery:discover_packages(recursive) using defaults
[1.032s] Level 1:colcon.colcon_core.package_discovery:discover_packages(ignore) discover
[1.032s] Level 1:colcon.colcon_core.package_discovery:discover_packages(ignore) using defaults
[1.032s] Level 1:colcon.colcon_core.package_discovery:discover_packages(path) discover
[1.033s] Level 1:colcon.colcon_core.package_discovery:discover_packages(path) using defaults
[1.140s] Level 5:colcon.colcon_core.verb:set package 'my_python_pkg' build argument 'cmake_args' from command line to 'None'
[1.141s] Level 5:colcon.colcon_core.verb:set package 'my_python_pkg' build argument 'cmake_target' from command line to 'None'
[1.141s] Level 5:colcon.colcon_core.verb:set package 'my_python_pkg' build argument 'cmake_target_skip_unavailable' from command line to 'False'
[1.141s] Level 5:colcon.colcon_core.verb:set package 'my_python_pkg' build argument 'cmake_clean_cache' from command line to 'False'
[1.142s] Level 5:colcon.colcon_core.verb:set package 'my_python_pkg' build argument 'cmake_clean_first' from command line to 'False'
[1.142s] Level 5:colcon.colcon_core.verb:set package 'my_python_pkg' build argument 'cmake_force_configure' from command line to 'False'
[1.142s] Level 5:colcon.colcon_core.verb:set package 'my_python_pkg' build argument 'ament_cmake_args' from command line to 'None'
[1.142s] Level 5:colcon.colcon_core.verb:set package 'my_python_pkg' build argument 'catkin_cmake_args' from command line to 'None'
[1.142s] Level 5:colcon.colcon_core.verb:set package 'my_python_pkg' build argument 'catkin_skip_building_tests' from command line to 'False'
[1.143s] DEBUG:colcon.colcon_core.verb:Building package 'my_python_pkg' with the following arguments: {'ament_cmake_args': None, 'build_base': '/home/shorouk/ros2_ws/build/my_python_pkg', 'catkin_cmake_args': None, 'catkin_skip_building_tests': False, 'cmake_args': None, 'cmake_clean_cache': False, 'cmake_clean_first': False, 'cmake_force_configure': False, 'cmake_target': None, 'cmake_target_skip_unavailable': False, 'install_base': '/home/shorouk/ros2_ws/install/my_python_pkg', 'merge_install': False, 'path': '/home/shorouk/ros2_ws/src/my_python_pkg', 'symlink_install': False, 'test_result_base': None}
[1.144s] INFO:colcon.colcon_core.executor:Executing jobs using 'parallel' executor
[1.154s] DEBUG:colcon.colcon_parallel_executor.executor.parallel:run_until_complete
[1.155s] INFO:colcon.colcon_ros.task.ament_python.build:Building ROS package in '/home/shorouk/ros2_ws/src/my_python_pkg' with build type 'ament_python'
[1.156s] Level 1:colcon.colcon_core.shell:create_environment_hook('my_python_pkg', 'ament_prefix_path')
[1.174s] INFO:colcon.colcon_core.plugin_system:Skipping extension 'colcon_core.shell.bat': Not used on non-Windows systems
[1.175s] INFO:colcon.colcon_core.shell:Creating environment hook '/home/shorouk/ros2_ws/install/my_python_pkg/share/my_python_pkg/hook/ament_prefix_path.ps1'
[1.179s] INFO:colcon.colcon_core.shell:Creating environment descriptor '/home/shorouk/ros2_ws/install/my_python_pkg/share/my_python_pkg/hook/ament_prefix_path.dsv'
[1.181s] INFO:colcon.colcon_core.shell:Creating environment hook '/home/shorouk/ros2_ws/install/my_python_pkg/share/my_python_pkg/hook/ament_prefix_path.sh'
[1.188s] INFO:colcon.colcon_core.shell:Skip shell extension 'powershell' for command environment: Not usable outside of PowerShell
[1.188s] DEBUG:colcon.colcon_core.shell:Skip shell extension 'dsv' for command environment
[1.201s] DEBUG:colcon.colcon_core.shell:Ignoring prefix path '/opt/ros/eloquent'
[2.267s] INFO:colcon.colcon_core.task.python.build:Building Python package in '/home/shorouk/ros2_ws/src/my_python_pkg'
[2.272s] INFO:colcon.colcon_core.shell:Skip shell extension 'powershell' for command environment: Not usable outside of PowerShell
[2.272s] DEBUG:colcon.colcon_core.shell:Skip shell extension 'dsv' for command environment
[2.281s] DEBUG:colcon.colcon_core.shell:Ignoring prefix path '/opt/ros/eloquent'
[2.307s] DEBUG:colcon.colcon_core.event_handler.log_command:Invoking command in '/home/shorouk/ros2_ws/src/my_python_pkg': PYTHONPATH=/home/shorouk/ros2_ws/install/my_python_pkg/lib/python3.6/site-packages:${PYTHONPATH} /usr/bin/python3 setup.py egg_info --egg-base ../../build/my_python_pkg build --build-base /home/shorouk/ros2_ws/build/my_python_pkg/build install --prefix /home/shorouk/ros2_ws/install/my_python_pkg --record /home/shorouk/ros2_ws/build/my_python_pkg/install.log --single-version-externally-managed
[3.677s] DEBUG:colcon.colcon_core.event_handler.log_command:Invoked command in '/home/shorouk/ros2_ws/src/my_python_pkg' returned '0': PYTHONPATH=/home/shorouk/ros2_ws/install/my_python_pkg/lib/python3.6/site-packages:${PYTHONPATH} /usr/bin/python3 setup.py egg_info --egg-base ../../build/my_python_pkg build --build-base /home/shorouk/ros2_ws/build/my_python_pkg/build install --prefix /home/shorouk/ros2_ws/install/my_python_pkg --record /home/shorouk/ros2_ws/build/my_python_pkg/install.log --single-version-externally-managed
[3.692s] Level 1:colcon.colcon_core.environment:checking '/home/shorouk/ros2_ws/install/my_python_pkg' for CMake module files
[3.696s] Level 1:colcon.colcon_core.environment:checking '/home/shorouk/ros2_ws/install/my_python_pkg' for CMake config files
[3.704s] Level 1:colcon.colcon_core.environment:checking '/home/shorouk/ros2_ws/install/my_python_pkg/lib'
[3.706s] Level 1:colcon.colcon_core.environment:checking '/home/shorouk/ros2_ws/install/my_python_pkg/bin'
[3.706s] Level 1:colcon.colcon_core.environment:checking '/home/shorouk/ros2_ws/install/my_python_pkg/lib/pkgconfig/my_python_pkg.pc'
[3.707s] Level 1:colcon.colcon_core.environment:checking '/home/shorouk/ros2_ws/install/my_python_pkg/lib/python3.6/site-packages'
[3.707s] Level 1:colcon.colcon_core.shell:create_environment_hook('my_python_pkg', 'pythonpath')
[3.711s] INFO:colcon.colcon_core.shell:Creating environment hook '/home/shorouk/ros2_ws/install/my_python_pkg/share/my_python_pkg/hook/pythonpath.ps1'
[3.713s] INFO:colcon.colcon_core.shell:Creating environment descriptor '/home/shorouk/ros2_ws/install/my_python_pkg/share/my_python_pkg/hook/pythonpath.dsv'
[3.715s] INFO:colcon.colcon_core.shell:Creating environment hook '/home/shorouk/ros2_ws/install/my_python_pkg/share/my_python_pkg/hook/pythonpath.sh'
[3.716s] Level 1:colcon.colcon_core.environment:create_environment_scripts_only(my_python_pkg)
[3.720s] INFO:colcon.colcon_core.shell:Creating package script '/home/shorouk/ros2_ws/install/my_python_pkg/share/my_python_pkg/package.ps1'
[3.725s] INFO:colcon.colcon_core.shell:Creating package descriptor '/home/shorouk/ros2_ws/install/my_python_pkg/share/my_python_pkg/package.dsv'
[3.728s] INFO:colcon.colcon_core.shell:Creating package script '/home/shorouk/ros2_ws/install/my_python_pkg/share/my_python_pkg/package.sh'
[3.732s] INFO:colcon.colcon_core.shell:Creating package script '/home/shorouk/ros2_ws/install/my_python_pkg/share/my_python_pkg/package.bash'
[3.737s] INFO:colcon.colcon_core.shell:Creating package script '/home/shorouk/ros2_ws/install/my_python_pkg/share/my_python_pkg/package.zsh'
[3.740s] Level 1:colcon.colcon_core.environment:create_file_with_runtime_dependencies(/home/shorouk/ros2_ws/install/my_python_pkg/share/colcon-core/packages/my_python_pkg)
[3.742s] DEBUG:colcon.colcon_parallel_executor.executor.parallel:closing loop
[3.744s] DEBUG:colcon.colcon_parallel_executor.executor.parallel:loop closed
[3.745s] DEBUG:colcon.colcon_parallel_executor.executor.parallel:run_until_complete finished with '0'
[3.745s] DEBUG:colcon.colcon_core.event_reactor:joining thread
[3.809s] INFO:colcon.colcon_core.plugin_system:Skipping extension 'colcon_notification.desktop_notification.terminal_notifier': Not used on non-Darwin systems
[3.810s] INFO:colcon.colcon_core.plugin_system:Skipping extension 'colcon_notification.desktop_notification.win32': Not used on non-Windows systems
[3.810s] INFO:colcon.colcon_notification.desktop_notification:Sending desktop notification using 'notify2'
[3.821s] DEBUG:colcon.colcon_core.event_reactor:joined thread
[3.827s] INFO:colcon.colcon_core.shell:Creating prefix script '/home/shorouk/ros2_ws/install/local_setup.ps1'
[3.836s] INFO:colcon.colcon_core.shell:Creating prefix util module '/home/shorouk/ros2_ws/install/_local_setup_util_ps1.py'
[3.849s] INFO:colcon.colcon_core.shell:Creating prefix chain script '/home/shorouk/ros2_ws/install/setup.ps1'
[3.871s] INFO:colcon.colcon_core.shell:Creating prefix script '/home/shorouk/ros2_ws/install/local_setup.sh'
[3.876s] INFO:colcon.colcon_core.shell:Creating prefix util module '/home/shorouk/ros2_ws/install/_local_setup_util_sh.py'
[3.879s] INFO:colcon.colcon_core.shell:Creating prefix chain script '/home/shorouk/ros2_ws/install/setup.sh'
[3.902s] INFO:colcon.colcon_core.shell:Creating prefix script '/home/shorouk/ros2_ws/install/local_setup.bash'
[3.907s] INFO:colcon.colcon_core.shell:Creating prefix chain script '/home/shorouk/ros2_ws/install/setup.bash'
[3.929s] INFO:colcon.colcon_core.shell:Creating prefix script '/home/shorouk/ros2_ws/install/local_setup.zsh'
[3.934s] INFO:colcon.colcon_core.shell:Creating prefix chain script '/home/shorouk/ros2_ws/install/setup.zsh'
