[1.800s] Invoking command in '/home/shorouk/ros2_ws/src/py_pubsub': PYTHONPATH=/home/shorouk/ros2_ws/install/py_pubsub/lib/python3.6/site-packages:${PYTHONPATH} /usr/bin/python3 setup.py egg_info --egg-base ../../build/py_pubsub build --build-base /home/shorouk/ros2_ws/build/py_pubsub/build install --prefix /home/shorouk/ros2_ws/install/py_pubsub --record /home/shorouk/ros2_ws/build/py_pubsub/install.log --single-version-externally-managed
[3.584s] running egg_info
[3.588s] writing ../../build/py_pubsub/py_pubsub.egg-info/PKG-INFO
[3.590s] writing dependency_links to ../../build/py_pubsub/py_pubsub.egg-info/dependency_links.txt
[3.592s] writing entry points to ../../build/py_pubsub/py_pubsub.egg-info/entry_points.txt
[3.594s] writing requirements to ../../build/py_pubsub/py_pubsub.egg-info/requires.txt
[3.594s] writing top-level names to ../../build/py_pubsub/py_pubsub.egg-info/top_level.txt
[3.989s] reading manifest file '../../build/py_pubsub/py_pubsub.egg-info/SOURCES.txt'
[4.009s] writing manifest file '../../build/py_pubsub/py_pubsub.egg-info/SOURCES.txt'
[4.011s] running build
[4.011s] running build_py
[4.023s] running install
[4.026s] running install_lib
[4.062s] running install_data
[4.073s] copying package.xml -> /home/shorouk/ros2_ws/install/py_pubsub/share/py_pubsub
[4.074s] running install_egg_info
[4.118s] removing '/home/shorouk/ros2_ws/install/py_pubsub/lib/python3.6/site-packages/py_pubsub-0.0.0-py3.6.egg-info' (and everything under it)
[4.119s] Copying ../../build/py_pubsub/py_pubsub.egg-info to /home/shorouk/ros2_ws/install/py_pubsub/lib/python3.6/site-packages/py_pubsub-0.0.0-py3.6.egg-info
[4.131s] running install_scripts
[4.335s] Installing listener script to /home/shorouk/ros2_ws/install/py_pubsub/lib/py_pubsub
[4.336s] Installing talker script to /home/shorouk/ros2_ws/install/py_pubsub/lib/py_pubsub
[4.340s] writing list of installed files to '/home/shorouk/ros2_ws/build/py_pubsub/install.log'
[4.448s] Invoked command in '/home/shorouk/ros2_ws/src/py_pubsub' returned '0': PYTHONPATH=/home/shorouk/ros2_ws/install/py_pubsub/lib/python3.6/site-packages:${PYTHONPATH} /usr/bin/python3 setup.py egg_info --egg-base ../../build/py_pubsub build --build-base /home/shorouk/ros2_ws/build/py_pubsub/build install --prefix /home/shorouk/ros2_ws/install/py_pubsub --record /home/shorouk/ros2_ws/build/py_pubsub/install.log --single-version-externally-managed
