[0.071s] Invoking command in '/home/shorouk/ros2_ws/build/my_cpp_py_pkg': CMAKE_PREFIX_PATH=${CMAKE_PREFIX_PATH}:/home/shorouk/ros2_ws/install/py_srvcli:/home/shorouk/ros2_ws/install/py_pubsub:/home/shorouk/ros2_ws/install/my_python_pkg:/opt/ros/eloquent /usr/bin/cmake --build /home/shorouk/ros2_ws/build/my_cpp_py_pkg -- -j4 -l4
[0.265s] [35m[1mScanning dependencies of target cpp_executable[0m
[0.366s] [ 50%] [32mBuilding CXX object CMakeFiles/cpp_executable.dir/src/cpp_node.cpp.o[0m
[5.102s] [01m[K/home/shorouk/ros2_ws/src/my_cpp_py_pkg/src/cpp_node.cpp:15:1:[m[K [01;31m[Kerror: [m[K‘[01m[Kstring[m[K’ does not name a type; did you mean ‘[01m[Kstdin[m[K’?
[5.102s]  [01;31m[Kstring[m[K Direction(string x)
[5.103s]  [01;31m[K^~~~~~[m[K
[5.103s]  [32m[Kstdin[m[K
[5.382s] [01m[K/home/shorouk/ros2_ws/src/my_cpp_py_pkg/src/cpp_node.cpp:[m[K In member function ‘[01m[Kvoid MyNode::topic_callback(std_msgs::msg::String_<std::allocator<void> >::SharedPtr) const[m[K’:
[5.382s] [01m[K/home/shorouk/ros2_ws/src/my_cpp_py_pkg/src/cpp_node.cpp:72:18:[m[K [01;31m[Kerror: [m[K‘[01m[KDirection[m[K’ was not declared in this scope
[5.383s]    message.data = [01;31m[KDirection[m[K(msg->data.c_str());
[5.383s]                   [01;31m[K^~~~~~~~~[m[K
[5.386s] [01m[K/home/shorouk/ros2_ws/src/my_cpp_py_pkg/src/cpp_node.cpp:72:18:[m[K [01;36m[Knote: [m[Ksuggested alternative: ‘[01m[Ksigaction[m[K’
[5.387s]    message.data = [01;36m[KDirection[m[K(msg->data.c_str());
[5.387s]                   [01;36m[K^~~~~~~~~[m[K
[5.388s]                   [32m[Ksigaction[m[K
[9.444s] CMakeFiles/cpp_executable.dir/build.make:62: recipe for target 'CMakeFiles/cpp_executable.dir/src/cpp_node.cpp.o' failed
[9.446s] make[2]: *** [CMakeFiles/cpp_executable.dir/src/cpp_node.cpp.o] Error 1
[9.446s] CMakeFiles/Makefile2:131: recipe for target 'CMakeFiles/cpp_executable.dir/all' failed
[9.447s] make[1]: *** [CMakeFiles/cpp_executable.dir/all] Error 2
[9.447s] make: *** [all] Error 2
[9.448s] Makefile:140: recipe for target 'all' failed
[9.452s] Invoked command in '/home/shorouk/ros2_ws/build/my_cpp_py_pkg' returned '2': CMAKE_PREFIX_PATH=${CMAKE_PREFIX_PATH}:/home/shorouk/ros2_ws/install/py_srvcli:/home/shorouk/ros2_ws/install/py_pubsub:/home/shorouk/ros2_ws/install/my_python_pkg:/opt/ros/eloquent /usr/bin/cmake --build /home/shorouk/ros2_ws/build/my_cpp_py_pkg -- -j4 -l4
