[1.251s] Invoking command in '/home/shorouk/ros2_ws/src/py_pubsub': PYTHONPATH=/home/shorouk/ros2_ws/install/py_pubsub/lib/python3.6/site-packages:${PYTHONPATH} /usr/bin/python3 setup.py egg_info --egg-base ../../build/py_pubsub build --build-base /home/shorouk/ros2_ws/build/py_pubsub/build install --prefix /home/shorouk/ros2_ws/install/py_pubsub --record /home/shorouk/ros2_ws/build/py_pubsub/install.log --single-version-externally-managed
[2.394s] running egg_info
[2.397s] writing ../../build/py_pubsub/py_pubsub.egg-info/PKG-INFO
[2.398s] writing dependency_links to ../../build/py_pubsub/py_pubsub.egg-info/dependency_links.txt
[2.399s] writing entry points to ../../build/py_pubsub/py_pubsub.egg-info/entry_points.txt
[2.400s] writing requirements to ../../build/py_pubsub/py_pubsub.egg-info/requires.txt
[2.401s] writing top-level names to ../../build/py_pubsub/py_pubsub.egg-info/top_level.txt
[2.580s] reading manifest file '../../build/py_pubsub/py_pubsub.egg-info/SOURCES.txt'
[2.587s] writing manifest file '../../build/py_pubsub/py_pubsub.egg-info/SOURCES.txt'
[2.588s] running build
[2.589s] running build_py
[2.590s] copying py_pubsub/publisher_member_function.py -> /home/shorouk/ros2_ws/build/py_pubsub/build/lib/py_pubsub
[2.591s] copying py_pubsub/test.py -> /home/shorouk/ros2_ws/build/py_pubsub/build/lib/py_pubsub
[2.592s] copying py_pubsub/imagenode1.py -> /home/shorouk/ros2_ws/build/py_pubsub/build/lib/py_pubsub
[2.593s] running install
[2.595s] running install_lib
[2.598s] copying /home/shorouk/ros2_ws/build/py_pubsub/build/lib/py_pubsub/publisher_member_function.py -> /home/shorouk/ros2_ws/install/py_pubsub/lib/python3.6/site-packages/py_pubsub
[2.600s] copying /home/shorouk/ros2_ws/build/py_pubsub/build/lib/py_pubsub/test.py -> /home/shorouk/ros2_ws/install/py_pubsub/lib/python3.6/site-packages/py_pubsub
[2.601s] copying /home/shorouk/ros2_ws/build/py_pubsub/build/lib/py_pubsub/imagenode1.py -> /home/shorouk/ros2_ws/install/py_pubsub/lib/python3.6/site-packages/py_pubsub
[2.603s] byte-compiling /home/shorouk/ros2_ws/install/py_pubsub/lib/python3.6/site-packages/py_pubsub/publisher_member_function.py to publisher_member_function.cpython-36.pyc
[2.608s] Sorry: IndentationError: unexpected indent (publisher_member_function.py, line 284)
[2.609s] byte-compiling /home/shorouk/ros2_ws/install/py_pubsub/lib/python3.6/site-packages/py_pubsub/test.py to test.cpython-36.pyc
[2.610s] byte-compiling /home/shorouk/ros2_ws/install/py_pubsub/lib/python3.6/site-packages/py_pubsub/imagenode1.py to imagenode1.cpython-36.pyc
[2.614s] Sorry: IndentationError: unexpected indent (imagenode1.py, line 244)
[2.615s] running install_data
[2.617s] running install_egg_info
[2.626s] removing '/home/shorouk/ros2_ws/install/py_pubsub/lib/python3.6/site-packages/py_pubsub-0.0.0-py3.6.egg-info' (and everything under it)
[2.627s] Copying ../../build/py_pubsub/py_pubsub.egg-info to /home/shorouk/ros2_ws/install/py_pubsub/lib/python3.6/site-packages/py_pubsub-0.0.0-py3.6.egg-info
[2.631s] running install_scripts
[2.720s] Installing listener script to /home/shorouk/ros2_ws/install/py_pubsub/lib/py_pubsub
[2.722s] Installing talker script to /home/shorouk/ros2_ws/install/py_pubsub/lib/py_pubsub
[2.723s] writing list of installed files to '/home/shorouk/ros2_ws/build/py_pubsub/install.log'
[2.801s] Invoked command in '/home/shorouk/ros2_ws/src/py_pubsub' returned '0': PYTHONPATH=/home/shorouk/ros2_ws/install/py_pubsub/lib/python3.6/site-packages:${PYTHONPATH} /usr/bin/python3 setup.py egg_info --egg-base ../../build/py_pubsub build --build-base /home/shorouk/ros2_ws/build/py_pubsub/build install --prefix /home/shorouk/ros2_ws/install/py_pubsub --record /home/shorouk/ros2_ws/build/py_pubsub/install.log --single-version-externally-managed
