[0.540s] Invoking command in '/home/ahmed/Desktop/ros2_ws/src/py_pubsub': PYTHONPATH=/home/ahmed/Desktop/ros2_ws/install/py_pubsub/lib/python3.6/site-packages:${PYTHONPATH} /usr/bin/python3 setup.py egg_info --egg-base ../../build/py_pubsub build --build-base /home/ahmed/Desktop/ros2_ws/build/py_pubsub/build install --prefix /home/ahmed/Desktop/ros2_ws/install/py_pubsub --record /home/ahmed/Desktop/ros2_ws/build/py_pubsub/install.log --single-version-externally-managed
[0.955s] running egg_info
[0.956s] writing ../../build/py_pubsub/py_pubsub.egg-info/PKG-INFO
[0.957s] writing dependency_links to ../../build/py_pubsub/py_pubsub.egg-info/dependency_links.txt
[0.958s] writing entry points to ../../build/py_pubsub/py_pubsub.egg-info/entry_points.txt
[0.958s] writing requirements to ../../build/py_pubsub/py_pubsub.egg-info/requires.txt
[0.958s] writing top-level names to ../../build/py_pubsub/py_pubsub.egg-info/top_level.txt
[1.037s] reading manifest file '../../build/py_pubsub/py_pubsub.egg-info/SOURCES.txt'
[1.042s] writing manifest file '../../build/py_pubsub/py_pubsub.egg-info/SOURCES.txt'
[1.042s] running build
[1.042s] running build_py
[1.043s] copying py_pubsub/publisher_member_function.py -> /home/ahmed/Desktop/ros2_ws/build/py_pubsub/build/lib/py_pubsub
[1.044s] running install
[1.045s] running install_lib
[1.047s] copying /home/ahmed/Desktop/ros2_ws/build/py_pubsub/build/lib/py_pubsub/publisher_member_function.py -> /home/ahmed/Desktop/ros2_ws/install/py_pubsub/lib/python3.6/site-packages/py_pubsub
[1.048s] byte-compiling /home/ahmed/Desktop/ros2_ws/install/py_pubsub/lib/python3.6/site-packages/py_pubsub/publisher_member_function.py to publisher_member_function.cpython-36.pyc
[1.052s] running install_data
[1.053s] running install_egg_info
[1.056s] removing '/home/ahmed/Desktop/ros2_ws/install/py_pubsub/lib/python3.6/site-packages/py_pubsub-0.0.0-py3.6.egg-info' (and everything under it)
[1.056s] Copying ../../build/py_pubsub/py_pubsub.egg-info to /home/ahmed/Desktop/ros2_ws/install/py_pubsub/lib/python3.6/site-packages/py_pubsub-0.0.0-py3.6.egg-info
[1.058s] running install_scripts
[1.108s] Installing listener script to /home/ahmed/Desktop/ros2_ws/install/py_pubsub/lib/py_pubsub
[1.109s] Installing talker script to /home/ahmed/Desktop/ros2_ws/install/py_pubsub/lib/py_pubsub
[1.110s] writing list of installed files to '/home/ahmed/Desktop/ros2_ws/build/py_pubsub/install.log'
[1.148s] Invoked command in '/home/ahmed/Desktop/ros2_ws/src/py_pubsub' returned '0': PYTHONPATH=/home/ahmed/Desktop/ros2_ws/install/py_pubsub/lib/python3.6/site-packages:${PYTHONPATH} /usr/bin/python3 setup.py egg_info --egg-base ../../build/py_pubsub build --build-base /home/ahmed/Desktop/ros2_ws/build/py_pubsub/build install --prefix /home/ahmed/Desktop/ros2_ws/install/py_pubsub --record /home/ahmed/Desktop/ros2_ws/build/py_pubsub/install.log --single-version-externally-managed
