[1.621s] Invoking command in '/home/shorouk/ros2_ws/src/py_srvcli': PYTHONPATH=/home/shorouk/ros2_ws/install/py_srvcli/lib/python3.6/site-packages:${PYTHONPATH} /usr/bin/python3 setup.py egg_info --egg-base ../../build/py_srvcli build --build-base /home/shorouk/ros2_ws/build/py_srvcli/build install --prefix /home/shorouk/ros2_ws/install/py_srvcli --record /home/shorouk/ros2_ws/build/py_srvcli/install.log --single-version-externally-managed
[2.851s] running egg_info
[2.854s] creating ../../build/py_srvcli/py_srvcli.egg-info
[2.855s] writing ../../build/py_srvcli/py_srvcli.egg-info/PKG-INFO
[2.856s] writing dependency_links to ../../build/py_srvcli/py_srvcli.egg-info/dependency_links.txt
[2.858s] writing entry points to ../../build/py_srvcli/py_srvcli.egg-info/entry_points.txt
[2.859s] writing requirements to ../../build/py_srvcli/py_srvcli.egg-info/requires.txt
[2.860s] writing top-level names to ../../build/py_srvcli/py_srvcli.egg-info/top_level.txt
[2.860s] writing manifest file '../../build/py_srvcli/py_srvcli.egg-info/SOURCES.txt'
[3.032s] reading manifest file '../../build/py_srvcli/py_srvcli.egg-info/SOURCES.txt'
[3.037s] writing manifest file '../../build/py_srvcli/py_srvcli.egg-info/SOURCES.txt'
[3.038s] running build
[3.039s] running build_py
[3.041s] creating /home/shorouk/ros2_ws/build/py_srvcli/build
[3.041s] creating /home/shorouk/ros2_ws/build/py_srvcli/build/lib
[3.043s] creating /home/shorouk/ros2_ws/build/py_srvcli/build/lib/py_srvcli
[3.044s] copying py_srvcli/service_member_function.py -> /home/shorouk/ros2_ws/build/py_srvcli/build/lib/py_srvcli
[3.045s] copying py_srvcli/client_member_function.py -> /home/shorouk/ros2_ws/build/py_srvcli/build/lib/py_srvcli
[3.046s] copying py_srvcli/__init__.py -> /home/shorouk/ros2_ws/build/py_srvcli/build/lib/py_srvcli
[3.047s] running install
[3.047s] running install_lib
[3.049s] creating /home/shorouk/ros2_ws/install/py_srvcli/lib/python3.6/site-packages/py_srvcli
[3.050s] copying /home/shorouk/ros2_ws/build/py_srvcli/build/lib/py_srvcli/service_member_function.py -> /home/shorouk/ros2_ws/install/py_srvcli/lib/python3.6/site-packages/py_srvcli
[3.051s] copying /home/shorouk/ros2_ws/build/py_srvcli/build/lib/py_srvcli/client_member_function.py -> /home/shorouk/ros2_ws/install/py_srvcli/lib/python3.6/site-packages/py_srvcli
[3.052s] copying /home/shorouk/ros2_ws/build/py_srvcli/build/lib/py_srvcli/__init__.py -> /home/shorouk/ros2_ws/install/py_srvcli/lib/python3.6/site-packages/py_srvcli
[3.053s] byte-compiling /home/shorouk/ros2_ws/install/py_srvcli/lib/python3.6/site-packages/py_srvcli/service_member_function.py to service_member_function.cpython-36.pyc
[3.055s] byte-compiling /home/shorouk/ros2_ws/install/py_srvcli/lib/python3.6/site-packages/py_srvcli/client_member_function.py to client_member_function.cpython-36.pyc
[3.057s] byte-compiling /home/shorouk/ros2_ws/install/py_srvcli/lib/python3.6/site-packages/py_srvcli/__init__.py to __init__.cpython-36.pyc
[3.057s] running install_data
[3.060s] creating /home/shorouk/ros2_ws/install/py_srvcli/share/ament_index
[3.060s] creating /home/shorouk/ros2_ws/install/py_srvcli/share/ament_index/resource_index
[3.061s] creating /home/shorouk/ros2_ws/install/py_srvcli/share/ament_index/resource_index/packages
[3.061s] copying resource/py_srvcli -> /home/shorouk/ros2_ws/install/py_srvcli/share/ament_index/resource_index/packages
[3.062s] copying package.xml -> /home/shorouk/ros2_ws/install/py_srvcli/share/py_srvcli
[3.062s] running install_egg_info
[3.068s] Copying ../../build/py_srvcli/py_srvcli.egg-info to /home/shorouk/ros2_ws/install/py_srvcli/lib/python3.6/site-packages/py_srvcli-0.0.0-py3.6.egg-info
[3.073s] running install_scripts
[3.156s] Installing service = py_srvcli.service_member_function:mainclient script to /home/shorouk/ros2_ws/install/py_srvcli/lib/py_srvcli
[3.157s] writing list of installed files to '/home/shorouk/ros2_ws/build/py_srvcli/install.log'
[3.239s] Invoked command in '/home/shorouk/ros2_ws/src/py_srvcli' returned '0': PYTHONPATH=/home/shorouk/ros2_ws/install/py_srvcli/lib/python3.6/site-packages:${PYTHONPATH} /usr/bin/python3 setup.py egg_info --egg-base ../../build/py_srvcli build --build-base /home/shorouk/ros2_ws/build/py_srvcli/build install --prefix /home/shorouk/ros2_ws/install/py_srvcli --record /home/shorouk/ros2_ws/build/py_srvcli/install.log --single-version-externally-managed
