[1.472s] Invoking command in '/home/shorouk/Documents/ros2_ws/src/py_pubsub': PYTHONPATH=/home/shorouk/Documents/ros2_ws/install/py_pubsub/lib/python3.6/site-packages:${PYTHONPATH} /usr/bin/python3 setup.py egg_info --egg-base ../../build/py_pubsub build --build-base /home/shorouk/Documents/ros2_ws/build/py_pubsub/build install --prefix /home/shorouk/Documents/ros2_ws/install/py_pubsub --record /home/shorouk/Documents/ros2_ws/build/py_pubsub/install.log --single-version-externally-managed
[2.853s] running egg_info
[2.857s] writing ../../build/py_pubsub/py_pubsub.egg-info/PKG-INFO
[2.858s] writing dependency_links to ../../build/py_pubsub/py_pubsub.egg-info/dependency_links.txt
[2.860s] writing entry points to ../../build/py_pubsub/py_pubsub.egg-info/entry_points.txt
[2.861s] writing requirements to ../../build/py_pubsub/py_pubsub.egg-info/requires.txt
[2.861s] writing top-level names to ../../build/py_pubsub/py_pubsub.egg-info/top_level.txt
[3.061s] reading manifest file '../../build/py_pubsub/py_pubsub.egg-info/SOURCES.txt'
[3.069s] writing manifest file '../../build/py_pubsub/py_pubsub.egg-info/SOURCES.txt'
[3.070s] running build
[3.071s] running build_py
[3.071s] copying py_pubsub/publisher_member_function.py -> /home/shorouk/Documents/ros2_ws/build/py_pubsub/build/lib/py_pubsub
[3.072s] running install
[3.074s] running install_lib
[3.077s] copying /home/shorouk/Documents/ros2_ws/build/py_pubsub/build/lib/py_pubsub/publisher_member_function.py -> /home/shorouk/Documents/ros2_ws/install/py_pubsub/lib/python3.6/site-packages/py_pubsub
[3.080s] byte-compiling /home/shorouk/Documents/ros2_ws/install/py_pubsub/lib/python3.6/site-packages/py_pubsub/publisher_member_function.py to publisher_member_function.cpython-36.pyc
[3.089s] running install_data
[3.091s] copying launch/demo.launch.py -> /home/shorouk/Documents/ros2_ws/install/py_pubsub/share/py_pubsub
[3.091s] running install_egg_info
[3.100s] removing '/home/shorouk/Documents/ros2_ws/install/py_pubsub/lib/python3.6/site-packages/py_pubsub-0.0.0-py3.6.egg-info' (and everything under it)
[3.102s] Copying ../../build/py_pubsub/py_pubsub.egg-info to /home/shorouk/Documents/ros2_ws/install/py_pubsub/lib/python3.6/site-packages/py_pubsub-0.0.0-py3.6.egg-info
[3.106s] running install_scripts
[3.203s] Installing listener script to /home/shorouk/Documents/ros2_ws/install/py_pubsub/lib/py_pubsub
[3.204s] Installing talker script to /home/shorouk/Documents/ros2_ws/install/py_pubsub/lib/py_pubsub
[3.206s] writing list of installed files to '/home/shorouk/Documents/ros2_ws/build/py_pubsub/install.log'
[3.289s] Invoked command in '/home/shorouk/Documents/ros2_ws/src/py_pubsub' returned '0': PYTHONPATH=/home/shorouk/Documents/ros2_ws/install/py_pubsub/lib/python3.6/site-packages:${PYTHONPATH} /usr/bin/python3 setup.py egg_info --egg-base ../../build/py_pubsub build --build-base /home/shorouk/Documents/ros2_ws/build/py_pubsub/build install --prefix /home/shorouk/Documents/ros2_ws/install/py_pubsub --record /home/shorouk/Documents/ros2_ws/build/py_pubsub/install.log --single-version-externally-managed
