[0.077s] Invoking command in '/home/shorouk/ros2_ws/build/my_cpp_py_pkg': CMAKE_PREFIX_PATH=${CMAKE_PREFIX_PATH}:/opt/ros/eloquent:/home/shorouk/ros2_ws/install/py_srvcli:/home/shorouk/ros2_ws/install/py_pubsub:/home/shorouk/ros2_ws/install/my_python_pkg /usr/bin/cmake --build /home/shorouk/ros2_ws/build/my_cpp_py_pkg -- -j4 -l4
[0.208s] -- Found ament_cmake: 0.8.2 (/opt/ros/eloquent/share/ament_cmake/cmake)
[0.345s] -- Using PYTHON_EXECUTABLE: /usr/bin/python3
[1.398s] -- Found rclcpp: 0.8.4 (/opt/ros/eloquent/share/rclcpp/cmake)
[1.473s] -- Found rosidl_adapter: 0.8.2 (/opt/ros/eloquent/share/rosidl_adapter/cmake)
[1.686s] -- Found rmw_implementation_cmake: 0.8.1 (/opt/ros/eloquent/share/rmw_implementation_cmake/cmake)
[1.694s] -- Using RMW implementation 'rmw_fastrtps_cpp' as default
[1.879s] -- Found rclpy: 0.8.4 (/opt/ros/eloquent/share/rclpy/cmake)
[1.971s] CMake Error at /opt/ros/eloquent/share/ament_cmake_target_dependencies/cmake/ament_target_dependencies.cmake:52 (message):
[1.972s]   ament_target_dependencies() the passed package name 'std_msgs' was not
[1.973s]   found before
[1.974s] Call Stack (most recent call first):
[1.974s]   CMakeLists.txt:20 (ament_target_dependencies)
[1.975s] 
[1.976s] 
[1.977s] -- Configuring incomplete, errors occurred!
[1.978s] See also "/home/shorouk/ros2_ws/build/my_cpp_py_pkg/CMakeFiles/CMakeOutput.log".
[1.979s] See also "/home/shorouk/ros2_ws/build/my_cpp_py_pkg/CMakeFiles/CMakeError.log".
[1.985s] make: *** [cmake_check_build_system] Error 1
[1.986s] Makefile:266: recipe for target 'cmake_check_build_system' failed
[1.992s] Invoked command in '/home/shorouk/ros2_ws/build/my_cpp_py_pkg' returned '2': CMAKE_PREFIX_PATH=${CMAKE_PREFIX_PATH}:/opt/ros/eloquent:/home/shorouk/ros2_ws/install/py_srvcli:/home/shorouk/ros2_ws/install/py_pubsub:/home/shorouk/ros2_ws/install/my_python_pkg /usr/bin/cmake --build /home/shorouk/ros2_ws/build/my_cpp_py_pkg -- -j4 -l4
