[0.951s] DEBUG:colcon:Command line arguments: ['/usr/bin/colcon', 'build', '--packages-select', 'my_python_pkg']
[0.952s] DEBUG:colcon:Parsed command line arguments: Namespace(ament_cmake_args=None, base_paths=['.'], build_base='build', catkin_cmake_args=None, catkin_skip_building_tests=False, cmake_args=None, cmake_clean_cache=False, cmake_clean_first=False, cmake_force_configure=False, cmake_target=None, cmake_target_skip_unavailable=False, continue_on_error=False, event_handlers=None, executor='parallel', ignore_user_meta=False, install_base='install', log_base=None, log_level=None, main=<bound method BuildVerb.main of <colcon_core.verb.build.BuildVerb object at 0x7fcdfaf59f98>>, merge_install=False, metas=['./colcon.meta'], packages_above=None, packages_above_and_dependencies=None, packages_above_depth=None, packages_end=None, packages_ignore=None, packages_ignore_regex=None, packages_select=['my_python_pkg'], packages_select_build_failed=False, packages_select_by_dep=None, packages_select_regex=None, packages_select_test_failures=False, packages_skip=None, packages_skip_build_finished=False, packages_skip_by_dep=None, packages_skip_regex=None, packages_skip_test_passed=False, packages_skip_up_to=None, packages_start=None, packages_up_to=None, packages_up_to_regex=None, parallel_workers=4, paths=None, symlink_install=False, test_result_base=None, verb_extension=<colcon_core.verb.build.BuildVerb object at 0x7fcdfaf59f98>, verb_name='build', verb_parser=<colcon_defaults.argument_parser.defaults.DefaultArgumentsDecorator object at 0x7fcdfaf67320>)
[0.979s] Level 1:colcon.colcon_core.package_discovery:discover_packages(colcon_meta) check parameters
[0.980s] Level 1:colcon.colcon_core.package_discovery:discover_packages(recursive) check parameters
[0.980s] Level 1:colcon.colcon_core.package_discovery:discover_packages(ignore) check parameters
[0.980s] Level 1:colcon.colcon_core.package_discovery:discover_packages(path) check parameters
[0.981s] Level 1:colcon.colcon_core.package_discovery:discover_packages(colcon_meta) discover
[0.982s] Level 1:colcon.colcon_core.package_discovery:discover_packages(recursive) discover
[0.982s] INFO:colcon.colcon_core.package_discovery:Crawling recursively for packages in '/home/shorouk/ros2_ws'
[0.983s] Level 1:colcon.colcon_core.package_identification:_identify(.) by extensions ['ignore', 'ignore_ament_install']
[0.983s] Level 1:colcon.colcon_core.package_identification:_identify(.) by extension 'ignore'
[0.984s] Level 1:colcon.colcon_core.package_identification:_identify(.) by extension 'ignore_ament_install'
[0.984s] Level 1:colcon.colcon_core.package_identification:_identify(.) by extensions ['colcon_pkg']
[0.984s] Level 1:colcon.colcon_core.package_identification:_identify(.) by extension 'colcon_pkg'
[0.984s] Level 1:colcon.colcon_core.package_identification:_identify(.) by extensions ['colcon_meta']
[0.985s] Level 1:colcon.colcon_core.package_identification:_identify(.) by extension 'colcon_meta'
[0.985s] Level 1:colcon.colcon_core.package_identification:_identify(.) by extensions ['ros']
[0.985s] Level 1:colcon.colcon_core.package_identification:_identify(.) by extension 'ros'
[1.043s] Level 1:colcon.colcon_core.package_identification:_identify(.) by extensions ['cmake', 'python']
[1.044s] Level 1:colcon.colcon_core.package_identification:_identify(.) by extension 'cmake'
[1.044s] Level 1:colcon.colcon_core.package_identification:_identify(.) by extension 'python'
[1.045s] Level 1:colcon.colcon_core.package_identification:_identify(.) by extensions ['python_setup_py']
[1.045s] Level 1:colcon.colcon_core.package_identification:_identify(.) by extension 'python_setup_py'
[1.045s] Level 1:colcon.colcon_core.package_identification:_identify(build) by extensions ['ignore', 'ignore_ament_install']
[1.046s] Level 1:colcon.colcon_core.package_identification:_identify(build) by extension 'ignore'
[1.046s] Level 1:colcon.colcon_core.package_identification:_identify(build) ignored
[1.048s] Level 1:colcon.colcon_core.package_identification:_identify(install) by extensions ['ignore', 'ignore_ament_install']
[1.049s] Level 1:colcon.colcon_core.package_identification:_identify(install) by extension 'ignore'
[1.049s] Level 1:colcon.colcon_core.package_identification:_identify(install) ignored
[1.050s] Level 1:colcon.colcon_core.package_identification:_identify(log) by extensions ['ignore', 'ignore_ament_install']
[1.050s] Level 1:colcon.colcon_core.package_identification:_identify(log) by extension 'ignore'
[1.050s] Level 1:colcon.colcon_core.package_identification:_identify(log) ignored
[1.051s] Level 1:colcon.colcon_core.package_identification:_identify(src) by extensions ['ignore', 'ignore_ament_install']
[1.051s] Level 1:colcon.colcon_core.package_identification:_identify(src) by extension 'ignore'
[1.052s] Level 1:colcon.colcon_core.package_identification:_identify(src) by extension 'ignore_ament_install'
[1.052s] Level 1:colcon.colcon_core.package_identification:_identify(src) by extensions ['colcon_pkg']
[1.052s] Level 1:colcon.colcon_core.package_identification:_identify(src) by extension 'colcon_pkg'
[1.053s] Level 1:colcon.colcon_core.package_identification:_identify(src) by extensions ['colcon_meta']
[1.053s] Level 1:colcon.colcon_core.package_identification:_identify(src) by extension 'colcon_meta'
[1.053s] Level 1:colcon.colcon_core.package_identification:_identify(src) by extensions ['ros']
[1.053s] Level 1:colcon.colcon_core.package_identification:_identify(src) by extension 'ros'
[1.054s] Level 1:colcon.colcon_core.package_identification:_identify(src) by extensions ['cmake', 'python']
[1.054s] Level 1:colcon.colcon_core.package_identification:_identify(src) by extension 'cmake'
[1.054s] Level 1:colcon.colcon_core.package_identification:_identify(src) by extension 'python'
[1.055s] Level 1:colcon.colcon_core.package_identification:_identify(src) by extensions ['python_setup_py']
[1.055s] Level 1:colcon.colcon_core.package_identification:_identify(src) by extension 'python_setup_py'
[1.055s] Level 1:colcon.colcon_core.package_identification:_identify(src/build) by extensions ['ignore', 'ignore_ament_install']
[1.056s] Level 1:colcon.colcon_core.package_identification:_identify(src/build) by extension 'ignore'
[1.056s] Level 1:colcon.colcon_core.package_identification:_identify(src/build) ignored
[1.057s] Level 1:colcon.colcon_core.package_identification:_identify(src/install) by extensions ['ignore', 'ignore_ament_install']
[1.057s] Level 1:colcon.colcon_core.package_identification:_identify(src/install) by extension 'ignore'
[1.058s] Level 1:colcon.colcon_core.package_identification:_identify(src/install) ignored
[1.058s] Level 1:colcon.colcon_core.package_identification:_identify(src/log) by extensions ['ignore', 'ignore_ament_install']
[1.059s] Level 1:colcon.colcon_core.package_identification:_identify(src/log) by extension 'ignore'
[1.059s] Level 1:colcon.colcon_core.package_identification:_identify(src/log) ignored
[1.059s] Level 1:colcon.colcon_core.package_identification:_identify(src/my_python_pkg) by extensions ['ignore', 'ignore_ament_install']
[1.060s] Level 1:colcon.colcon_core.package_identification:_identify(src/my_python_pkg) by extension 'ignore'
[1.060s] Level 1:colcon.colcon_core.package_identification:_identify(src/my_python_pkg) by extension 'ignore_ament_install'
[1.061s] Level 1:colcon.colcon_core.package_identification:_identify(src/my_python_pkg) by extensions ['colcon_pkg']
[1.061s] Level 1:colcon.colcon_core.package_identification:_identify(src/my_python_pkg) by extension 'colcon_pkg'
[1.061s] Level 1:colcon.colcon_core.package_identification:_identify(src/my_python_pkg) by extensions ['colcon_meta']
[1.061s] Level 1:colcon.colcon_core.package_identification:_identify(src/my_python_pkg) by extension 'colcon_meta'
[1.062s] Level 1:colcon.colcon_core.package_identification:_identify(src/my_python_pkg) by extensions ['ros']
[1.062s] Level 1:colcon.colcon_core.package_identification:_identify(src/my_python_pkg) by extension 'ros'
[1.071s] DEBUG:colcon.colcon_core.package_identification:Found ROS schema reference in package manifest in 'src/my_python_pkg'
[1.071s] WARNING:colcon.colcon_core.package_identification:Failed to parse ROS package manifest in 'src/my_python_pkg': Error(s) in package 'src/my_python_pkg/package.xml':
Error(s):
- The generic dependency on 'rclpy' is redundant with: exec_depend
[1.072s] Level 1:colcon.colcon_core.package_identification:_identify(src/my_python_pkg) by extensions ['cmake', 'python']
[1.072s] Level 1:colcon.colcon_core.package_identification:_identify(src/my_python_pkg) by extension 'cmake'
[1.073s] Level 1:colcon.colcon_core.package_identification:_identify(src/my_python_pkg) by extension 'python'
[1.073s] DEBUG:colcon.colcon_core.package_identification:Python package in 'src/my_python_pkg' passes arguments to the setup() function which requires a different identification extension than 'python'
[1.073s] Level 1:colcon.colcon_core.package_identification:_identify(src/my_python_pkg) by extensions ['python_setup_py']
[1.074s] Level 1:colcon.colcon_core.package_identification:_identify(src/my_python_pkg) by extension 'python_setup_py'
[2.190s] DEBUG:colcon.colcon_core.package_identification:Package 'src/my_python_pkg' with type 'python' and name 'my_python_pkg'
[2.192s] Level 1:colcon.colcon_core.package_identification:_identify(src/py_srvcli) by extensions ['ignore', 'ignore_ament_install']
[2.192s] Level 1:colcon.colcon_core.package_identification:_identify(src/py_srvcli) by extension 'ignore'
[2.193s] Level 1:colcon.colcon_core.package_identification:_identify(src/py_srvcli) by extension 'ignore_ament_install'
[2.193s] Level 1:colcon.colcon_core.package_identification:_identify(src/py_srvcli) by extensions ['colcon_pkg']
[2.194s] Level 1:colcon.colcon_core.package_identification:_identify(src/py_srvcli) by extension 'colcon_pkg'
[2.194s] Level 1:colcon.colcon_core.package_identification:_identify(src/py_srvcli) by extensions ['colcon_meta']
[2.194s] Level 1:colcon.colcon_core.package_identification:_identify(src/py_srvcli) by extension 'colcon_meta'
[2.194s] Level 1:colcon.colcon_core.package_identification:_identify(src/py_srvcli) by extensions ['ros']
[2.195s] Level 1:colcon.colcon_core.package_identification:_identify(src/py_srvcli) by extension 'ros'
[2.205s] DEBUG:colcon.colcon_core.package_identification:Package 'src/py_srvcli' with type 'ros.ament_python' and name 'py_srvcli'
[2.205s] Level 1:colcon.colcon_core.package_identification:_identify(src/tutorial_interfaces) by extensions ['ignore', 'ignore_ament_install']
[2.206s] Level 1:colcon.colcon_core.package_identification:_identify(src/tutorial_interfaces) by extension 'ignore'
[2.206s] Level 1:colcon.colcon_core.package_identification:_identify(src/tutorial_interfaces) by extension 'ignore_ament_install'
[2.206s] Level 1:colcon.colcon_core.package_identification:_identify(src/tutorial_interfaces) by extensions ['colcon_pkg']
[2.207s] Level 1:colcon.colcon_core.package_identification:_identify(src/tutorial_interfaces) by extension 'colcon_pkg'
[2.207s] Level 1:colcon.colcon_core.package_identification:_identify(src/tutorial_interfaces) by extensions ['colcon_meta']
[2.207s] Level 1:colcon.colcon_core.package_identification:_identify(src/tutorial_interfaces) by extension 'colcon_meta'
[2.208s] Level 1:colcon.colcon_core.package_identification:_identify(src/tutorial_interfaces) by extensions ['ros']
[2.208s] Level 1:colcon.colcon_core.package_identification:_identify(src/tutorial_interfaces) by extension 'ros'
[2.212s] DEBUG:colcon.colcon_core.package_identification:Package 'src/tutorial_interfaces' with type 'ros.ament_cmake' and name 'tutorial_interfaces'
[2.212s] Level 1:colcon.colcon_core.package_discovery:discover_packages(recursive) using defaults
[2.214s] Level 1:colcon.colcon_core.package_discovery:discover_packages(ignore) discover
[2.214s] Level 1:colcon.colcon_core.package_discovery:discover_packages(ignore) using defaults
[2.214s] Level 1:colcon.colcon_core.package_discovery:discover_packages(path) discover
[2.214s] Level 1:colcon.colcon_core.package_discovery:discover_packages(path) using defaults
[2.315s] INFO:colcon.colcon_core.package_selection:Skipping not selected package 'py_srvcli' in 'src/py_srvcli'
[2.315s] INFO:colcon.colcon_core.package_selection:Skipping not selected package 'tutorial_interfaces' in 'src/tutorial_interfaces'
[2.334s] Level 5:colcon.colcon_core.verb:set package 'my_python_pkg' build argument 'cmake_args' from command line to 'None'
[2.334s] Level 5:colcon.colcon_core.verb:set package 'my_python_pkg' build argument 'cmake_target' from command line to 'None'
[2.334s] Level 5:colcon.colcon_core.verb:set package 'my_python_pkg' build argument 'cmake_target_skip_unavailable' from command line to 'False'
[2.334s] Level 5:colcon.colcon_core.verb:set package 'my_python_pkg' build argument 'cmake_clean_cache' from command line to 'False'
[2.335s] Level 5:colcon.colcon_core.verb:set package 'my_python_pkg' build argument 'cmake_clean_first' from command line to 'False'
[2.335s] Level 5:colcon.colcon_core.verb:set package 'my_python_pkg' build argument 'cmake_force_configure' from command line to 'False'
[2.335s] Level 5:colcon.colcon_core.verb:set package 'my_python_pkg' build argument 'ament_cmake_args' from command line to 'None'
[2.335s] Level 5:colcon.colcon_core.verb:set package 'my_python_pkg' build argument 'catkin_cmake_args' from command line to 'None'
[2.336s] Level 5:colcon.colcon_core.verb:set package 'my_python_pkg' build argument 'catkin_skip_building_tests' from command line to 'False'
[2.336s] DEBUG:colcon.colcon_core.verb:Building package 'my_python_pkg' with the following arguments: {'ament_cmake_args': None, 'build_base': '/home/shorouk/ros2_ws/build/my_python_pkg', 'catkin_cmake_args': None, 'catkin_skip_building_tests': False, 'cmake_args': None, 'cmake_clean_cache': False, 'cmake_clean_first': False, 'cmake_force_configure': False, 'cmake_target': None, 'cmake_target_skip_unavailable': False, 'install_base': '/home/shorouk/ros2_ws/install/my_python_pkg', 'merge_install': False, 'path': '/home/shorouk/ros2_ws/src/my_python_pkg', 'symlink_install': False, 'test_result_base': None}
[2.338s] INFO:colcon.colcon_core.executor:Executing jobs using 'parallel' executor
[2.350s] DEBUG:colcon.colcon_parallel_executor.executor.parallel:run_until_complete
[2.351s] INFO:colcon.colcon_core.task.python.build:Building Python package in '/home/shorouk/ros2_ws/src/my_python_pkg'
[2.372s] INFO:colcon.colcon_core.plugin_system:Skipping extension 'colcon_core.shell.bat': Not used on non-Windows systems
[2.373s] INFO:colcon.colcon_core.shell:Skip shell extension 'powershell' for command environment: Not usable outside of PowerShell
[2.374s] DEBUG:colcon.colcon_core.shell:Skip shell extension 'dsv' for command environment
[2.391s] DEBUG:colcon.colcon_core.shell:Ignoring prefix path '/opt/ros/eloquent'
[3.564s] DEBUG:colcon.colcon_core.event_handler.log_command:Invoking command in '/home/shorouk/ros2_ws/src/my_python_pkg': PYTHONPATH=/home/shorouk/ros2_ws/install/my_python_pkg/lib/python3.6/site-packages:${PYTHONPATH} /usr/bin/python3 setup.py egg_info --egg-base ../../build/my_python_pkg build --build-base /home/shorouk/ros2_ws/build/my_python_pkg/build install --prefix /home/shorouk/ros2_ws/install/my_python_pkg --record /home/shorouk/ros2_ws/build/my_python_pkg/install.log --single-version-externally-managed
[5.069s] DEBUG:colcon.colcon_core.event_handler.log_command:Invoked command in '/home/shorouk/ros2_ws/src/my_python_pkg' returned '0': PYTHONPATH=/home/shorouk/ros2_ws/install/my_python_pkg/lib/python3.6/site-packages:${PYTHONPATH} /usr/bin/python3 setup.py egg_info --egg-base ../../build/my_python_pkg build --build-base /home/shorouk/ros2_ws/build/my_python_pkg/build install --prefix /home/shorouk/ros2_ws/install/my_python_pkg --record /home/shorouk/ros2_ws/build/my_python_pkg/install.log --single-version-externally-managed
[5.086s] Level 1:colcon.colcon_core.environment:checking '/home/shorouk/ros2_ws/install/my_python_pkg' for CMake module files
[5.090s] Level 1:colcon.colcon_core.environment:checking '/home/shorouk/ros2_ws/install/my_python_pkg' for CMake config files
[5.100s] Level 1:colcon.colcon_core.environment:checking '/home/shorouk/ros2_ws/install/my_python_pkg/lib'
[5.101s] Level 1:colcon.colcon_core.environment:checking '/home/shorouk/ros2_ws/install/my_python_pkg/bin'
[5.101s] Level 1:colcon.colcon_core.environment:checking '/home/shorouk/ros2_ws/install/my_python_pkg/lib/pkgconfig/my_python_pkg.pc'
[5.102s] Level 1:colcon.colcon_core.environment:checking '/home/shorouk/ros2_ws/install/my_python_pkg/lib/python3.6/site-packages'
[5.102s] Level 1:colcon.colcon_core.shell:create_environment_hook('my_python_pkg', 'pythonpath')
[5.106s] INFO:colcon.colcon_core.shell:Creating environment hook '/home/shorouk/ros2_ws/install/my_python_pkg/share/my_python_pkg/hook/pythonpath.ps1'
[5.110s] INFO:colcon.colcon_core.shell:Creating environment descriptor '/home/shorouk/ros2_ws/install/my_python_pkg/share/my_python_pkg/hook/pythonpath.dsv'
[5.112s] INFO:colcon.colcon_core.shell:Creating environment hook '/home/shorouk/ros2_ws/install/my_python_pkg/share/my_python_pkg/hook/pythonpath.sh'
[5.116s] Level 1:colcon.colcon_core.environment:create_environment_scripts_only(my_python_pkg)
[5.120s] INFO:colcon.colcon_core.shell:Creating package script '/home/shorouk/ros2_ws/install/my_python_pkg/share/my_python_pkg/package.ps1'
[5.125s] INFO:colcon.colcon_core.shell:Creating package descriptor '/home/shorouk/ros2_ws/install/my_python_pkg/share/my_python_pkg/package.dsv'
[5.129s] INFO:colcon.colcon_core.shell:Creating package script '/home/shorouk/ros2_ws/install/my_python_pkg/share/my_python_pkg/package.sh'
[5.133s] INFO:colcon.colcon_core.shell:Creating package script '/home/shorouk/ros2_ws/install/my_python_pkg/share/my_python_pkg/package.bash'
[5.138s] INFO:colcon.colcon_core.shell:Creating package script '/home/shorouk/ros2_ws/install/my_python_pkg/share/my_python_pkg/package.zsh'
[5.141s] Level 1:colcon.colcon_core.environment:create_file_with_runtime_dependencies(/home/shorouk/ros2_ws/install/my_python_pkg/share/colcon-core/packages/my_python_pkg)
[5.143s] DEBUG:colcon.colcon_parallel_executor.executor.parallel:closing loop
[5.145s] DEBUG:colcon.colcon_parallel_executor.executor.parallel:loop closed
[5.146s] DEBUG:colcon.colcon_parallel_executor.executor.parallel:run_until_complete finished with '0'
[5.146s] DEBUG:colcon.colcon_core.event_reactor:joining thread
[5.215s] INFO:colcon.colcon_core.plugin_system:Skipping extension 'colcon_notification.desktop_notification.terminal_notifier': Not used on non-Darwin systems
[5.216s] INFO:colcon.colcon_core.plugin_system:Skipping extension 'colcon_notification.desktop_notification.win32': Not used on non-Windows systems
[5.216s] INFO:colcon.colcon_notification.desktop_notification:Sending desktop notification using 'notify2'
[5.230s] DEBUG:colcon.colcon_core.event_reactor:joined thread
[5.236s] INFO:colcon.colcon_core.shell:Creating prefix script '/home/shorouk/ros2_ws/install/local_setup.ps1'
[5.244s] INFO:colcon.colcon_core.shell:Creating prefix util module '/home/shorouk/ros2_ws/install/_local_setup_util_ps1.py'
[5.258s] INFO:colcon.colcon_core.shell:Creating prefix chain script '/home/shorouk/ros2_ws/install/setup.ps1'
[5.281s] INFO:colcon.colcon_core.shell:Creating prefix script '/home/shorouk/ros2_ws/install/local_setup.sh'
[5.286s] INFO:colcon.colcon_core.shell:Creating prefix util module '/home/shorouk/ros2_ws/install/_local_setup_util_sh.py'
[5.290s] INFO:colcon.colcon_core.shell:Creating prefix chain script '/home/shorouk/ros2_ws/install/setup.sh'
[5.313s] INFO:colcon.colcon_core.shell:Creating prefix script '/home/shorouk/ros2_ws/install/local_setup.bash'
[5.317s] INFO:colcon.colcon_core.shell:Creating prefix chain script '/home/shorouk/ros2_ws/install/setup.bash'
[5.339s] INFO:colcon.colcon_core.shell:Creating prefix script '/home/shorouk/ros2_ws/install/local_setup.zsh'
[5.342s] INFO:colcon.colcon_core.shell:Creating prefix chain script '/home/shorouk/ros2_ws/install/setup.zsh'
