[1.244s] Invoking command in '/home/shorouk/ros2_ws/src/py_pubsub': PYTHONPATH=/home/shorouk/ros2_ws/install/py_pubsub/lib/python3.6/site-packages:${PYTHONPATH} /usr/bin/python3 setup.py egg_info --egg-base ../../build/py_pubsub build --build-base /home/shorouk/ros2_ws/build/py_pubsub/build install --prefix /home/shorouk/ros2_ws/install/py_pubsub --record /home/shorouk/ros2_ws/build/py_pubsub/install.log --single-version-externally-managed
[2.386s] running egg_info
[2.389s] writing ../../build/py_pubsub/py_pubsub.egg-info/PKG-INFO
[2.390s] writing dependency_links to ../../build/py_pubsub/py_pubsub.egg-info/dependency_links.txt
[2.391s] writing entry points to ../../build/py_pubsub/py_pubsub.egg-info/entry_points.txt
[2.392s] writing requirements to ../../build/py_pubsub/py_pubsub.egg-info/requires.txt
[2.392s] writing top-level names to ../../build/py_pubsub/py_pubsub.egg-info/top_level.txt
[2.569s] reading manifest file '../../build/py_pubsub/py_pubsub.egg-info/SOURCES.txt'
[2.577s] writing manifest file '../../build/py_pubsub/py_pubsub.egg-info/SOURCES.txt'
[2.578s] running build
[2.579s] running build_py
[2.579s] copying py_pubsub/publisher_member_function.py -> /home/shorouk/ros2_ws/build/py_pubsub/build/lib/py_pubsub
[2.580s] copying py_pubsub/imagenode1.py -> /home/shorouk/ros2_ws/build/py_pubsub/build/lib/py_pubsub
[2.581s] running install
[2.583s] running install_lib
[2.586s] copying /home/shorouk/ros2_ws/build/py_pubsub/build/lib/py_pubsub/publisher_member_function.py -> /home/shorouk/ros2_ws/install/py_pubsub/lib/python3.6/site-packages/py_pubsub
[2.587s] copying /home/shorouk/ros2_ws/build/py_pubsub/build/lib/py_pubsub/imagenode1.py -> /home/shorouk/ros2_ws/install/py_pubsub/lib/python3.6/site-packages/py_pubsub
[2.589s] byte-compiling /home/shorouk/ros2_ws/install/py_pubsub/lib/python3.6/site-packages/py_pubsub/publisher_member_function.py to publisher_member_function.cpython-36.pyc
[2.594s] Sorry: IndentationError: unexpected indent (publisher_member_function.py, line 284)
[2.595s] byte-compiling /home/shorouk/ros2_ws/install/py_pubsub/lib/python3.6/site-packages/py_pubsub/test.py to test.cpython-36.pyc
[2.596s]   File "/home/shorouk/ros2_ws/install/py_pubsub/lib/python3.6/site-packages/py_pubsub/test.py", line 3
[2.596s]     echo $z
[2.597s]          ^
[2.597s] SyntaxError: invalid syntax
[2.598s] 
[2.598s] byte-compiling /home/shorouk/ros2_ws/install/py_pubsub/lib/python3.6/site-packages/py_pubsub/imagenode1.py to imagenode1.cpython-36.pyc
[2.599s] Sorry: IndentationError: unexpected indent (imagenode1.py, line 244)
[2.600s] running install_data
[2.602s] running install_egg_info
[2.610s] removing '/home/shorouk/ros2_ws/install/py_pubsub/lib/python3.6/site-packages/py_pubsub-0.0.0-py3.6.egg-info' (and everything under it)
[2.611s] Copying ../../build/py_pubsub/py_pubsub.egg-info to /home/shorouk/ros2_ws/install/py_pubsub/lib/python3.6/site-packages/py_pubsub-0.0.0-py3.6.egg-info
[2.616s] running install_scripts
[2.719s] Installing listener script to /home/shorouk/ros2_ws/install/py_pubsub/lib/py_pubsub
[2.720s] Installing talker script to /home/shorouk/ros2_ws/install/py_pubsub/lib/py_pubsub
[2.721s] writing list of installed files to '/home/shorouk/ros2_ws/build/py_pubsub/install.log'
[2.800s] Invoked command in '/home/shorouk/ros2_ws/src/py_pubsub' returned '0': PYTHONPATH=/home/shorouk/ros2_ws/install/py_pubsub/lib/python3.6/site-packages:${PYTHONPATH} /usr/bin/python3 setup.py egg_info --egg-base ../../build/py_pubsub build --build-base /home/shorouk/ros2_ws/build/py_pubsub/build install --prefix /home/shorouk/ros2_ws/install/py_pubsub --record /home/shorouk/ros2_ws/build/py_pubsub/install.log --single-version-externally-managed
