[1.703s] Invoking command in '/home/shorouk/ros2_ws/src/py_srvcli': PYTHONPATH=/home/shorouk/ros2_ws/install/py_srvcli/lib/python3.6/site-packages:${PYTHONPATH} /usr/bin/python3 setup.py egg_info --egg-base ../../build/py_srvcli build --build-base /home/shorouk/ros2_ws/build/py_srvcli/build install --prefix /home/shorouk/ros2_ws/install/py_srvcli --record /home/shorouk/ros2_ws/build/py_srvcli/install.log --single-version-externally-managed
[2.977s] running egg_info
[2.979s] writing ../../build/py_srvcli/py_srvcli.egg-info/PKG-INFO
[2.980s] writing dependency_links to ../../build/py_srvcli/py_srvcli.egg-info/dependency_links.txt
[2.982s] writing entry points to ../../build/py_srvcli/py_srvcli.egg-info/entry_points.txt
[2.983s] writing requirements to ../../build/py_srvcli/py_srvcli.egg-info/requires.txt
[2.984s] writing top-level names to ../../build/py_srvcli/py_srvcli.egg-info/top_level.txt
[3.151s] reading manifest file '../../build/py_srvcli/py_srvcli.egg-info/SOURCES.txt'
[3.157s] writing manifest file '../../build/py_srvcli/py_srvcli.egg-info/SOURCES.txt'
[3.158s] running build
[3.159s] running build_py
[3.160s] copying py_srvcli/client_member_function.py -> /home/shorouk/ros2_ws/build/py_srvcli/build/lib/py_srvcli
[3.161s] running install
[3.163s] running install_lib
[3.166s] copying /home/shorouk/ros2_ws/build/py_srvcli/build/lib/py_srvcli/client_member_function.py -> /home/shorouk/ros2_ws/install/py_srvcli/lib/python3.6/site-packages/py_srvcli
[3.169s] byte-compiling /home/shorouk/ros2_ws/install/py_srvcli/lib/python3.6/site-packages/py_srvcli/client_member_function.py to client_member_function.cpython-36.pyc
[3.171s] running install_data
[3.173s] running install_egg_info
[3.180s] removing '/home/shorouk/ros2_ws/install/py_srvcli/lib/python3.6/site-packages/py_srvcli-0.0.0-py3.6.egg-info' (and everything under it)
[3.181s] Copying ../../build/py_srvcli/py_srvcli.egg-info to /home/shorouk/ros2_ws/install/py_srvcli/lib/python3.6/site-packages/py_srvcli-0.0.0-py3.6.egg-info
[3.186s] running install_scripts
[3.265s] Installing client script to /home/shorouk/ros2_ws/install/py_srvcli/lib/py_srvcli
[3.266s] Installing service script to /home/shorouk/ros2_ws/install/py_srvcli/lib/py_srvcli
[3.268s] writing list of installed files to '/home/shorouk/ros2_ws/build/py_srvcli/install.log'
[3.352s] Invoked command in '/home/shorouk/ros2_ws/src/py_srvcli' returned '0': PYTHONPATH=/home/shorouk/ros2_ws/install/py_srvcli/lib/python3.6/site-packages:${PYTHONPATH} /usr/bin/python3 setup.py egg_info --egg-base ../../build/py_srvcli build --build-base /home/shorouk/ros2_ws/build/py_srvcli/build install --prefix /home/shorouk/ros2_ws/install/py_srvcli --record /home/shorouk/ros2_ws/build/py_srvcli/install.log --single-version-externally-managed
