[1.695s] Invoking command in '/home/shorouk/ros2_ws/src/py_srvcli': PYTHONPATH=/home/shorouk/ros2_ws/install/py_srvcli/lib/python3.6/site-packages:${PYTHONPATH} /usr/bin/python3 setup.py egg_info --egg-base ../../build/py_srvcli build --build-base /home/shorouk/ros2_ws/build/py_srvcli/build install --prefix /home/shorouk/ros2_ws/install/py_srvcli --record /home/shorouk/ros2_ws/build/py_srvcli/install.log --single-version-externally-managed
[2.946s] running egg_info
[2.949s] writing ../../build/py_srvcli/py_srvcli.egg-info/PKG-INFO
[2.950s] writing dependency_links to ../../build/py_srvcli/py_srvcli.egg-info/dependency_links.txt
[2.950s] writing entry points to ../../build/py_srvcli/py_srvcli.egg-info/entry_points.txt
[2.951s] writing requirements to ../../build/py_srvcli/py_srvcli.egg-info/requires.txt
[2.952s] writing top-level names to ../../build/py_srvcli/py_srvcli.egg-info/top_level.txt
[3.121s] reading manifest file '../../build/py_srvcli/py_srvcli.egg-info/SOURCES.txt'
[3.126s] writing manifest file '../../build/py_srvcli/py_srvcli.egg-info/SOURCES.txt'
[3.128s] running build
[3.129s] running build_py
[3.130s] copying py_srvcli/client_member_function.py -> /home/shorouk/ros2_ws/build/py_srvcli/build/lib/py_srvcli
[3.131s] running install
[3.133s] running install_lib
[3.136s] copying /home/shorouk/ros2_ws/build/py_srvcli/build/lib/py_srvcli/client_member_function.py -> /home/shorouk/ros2_ws/install/py_srvcli/lib/python3.6/site-packages/py_srvcli
[3.138s] byte-compiling /home/shorouk/ros2_ws/install/py_srvcli/lib/python3.6/site-packages/py_srvcli/client_member_function.py to client_member_function.cpython-36.pyc
[3.139s] Sorry: TabError: inconsistent use of tabs and spaces in indentation (client_member_function.py, line 19)
[3.140s] running install_data
[3.142s] running install_egg_info
[3.149s] removing '/home/shorouk/ros2_ws/install/py_srvcli/lib/python3.6/site-packages/py_srvcli-0.0.0-py3.6.egg-info' (and everything under it)
[3.151s] Copying ../../build/py_srvcli/py_srvcli.egg-info to /home/shorouk/ros2_ws/install/py_srvcli/lib/python3.6/site-packages/py_srvcli-0.0.0-py3.6.egg-info
[3.155s] running install_scripts
[3.237s] Installing client script to /home/shorouk/ros2_ws/install/py_srvcli/lib/py_srvcli
[3.238s] Installing service script to /home/shorouk/ros2_ws/install/py_srvcli/lib/py_srvcli
[3.239s] writing list of installed files to '/home/shorouk/ros2_ws/build/py_srvcli/install.log'
[3.323s] Invoked command in '/home/shorouk/ros2_ws/src/py_srvcli' returned '0': PYTHONPATH=/home/shorouk/ros2_ws/install/py_srvcli/lib/python3.6/site-packages:${PYTHONPATH} /usr/bin/python3 setup.py egg_info --egg-base ../../build/py_srvcli build --build-base /home/shorouk/ros2_ws/build/py_srvcli/build install --prefix /home/shorouk/ros2_ws/install/py_srvcli --record /home/shorouk/ros2_ws/build/py_srvcli/install.log --single-version-externally-managed
