[1.187s] Invoking command in '/home/shorouk/ros2_ws/src/py_srvcli': PYTHONPATH=/home/shorouk/ros2_ws/install/py_srvcli/lib/python3.6/site-packages:${PYTHONPATH} /usr/bin/python3 setup.py egg_info --egg-base ../../build/py_srvcli build --build-base /home/shorouk/ros2_ws/build/py_srvcli/build install --prefix /home/shorouk/ros2_ws/install/py_srvcli --record /home/shorouk/ros2_ws/build/py_srvcli/install.log --single-version-externally-managed
[2.226s] running egg_info
[2.228s] writing ../../build/py_srvcli/py_srvcli.egg-info/PKG-INFO
[2.229s] writing dependency_links to ../../build/py_srvcli/py_srvcli.egg-info/dependency_links.txt
[2.230s] writing entry points to ../../build/py_srvcli/py_srvcli.egg-info/entry_points.txt
[2.231s] writing requirements to ../../build/py_srvcli/py_srvcli.egg-info/requires.txt
[2.232s] writing top-level names to ../../build/py_srvcli/py_srvcli.egg-info/top_level.txt
[2.404s] reading manifest file '../../build/py_srvcli/py_srvcli.egg-info/SOURCES.txt'
[2.410s] writing manifest file '../../build/py_srvcli/py_srvcli.egg-info/SOURCES.txt'
[2.411s] running build
[2.412s] running build_py
[2.413s] copying py_srvcli/service.py -> /home/shorouk/ros2_ws/build/py_srvcli/build/lib/py_srvcli
[2.413s] copying py_srvcli/client_member_function.py -> /home/shorouk/ros2_ws/build/py_srvcli/build/lib/py_srvcli
[2.414s] running install
[2.415s] running install_lib
[2.418s] copying /home/shorouk/ros2_ws/build/py_srvcli/build/lib/py_srvcli/service.py -> /home/shorouk/ros2_ws/install/py_srvcli/lib/python3.6/site-packages/py_srvcli
[2.419s] copying /home/shorouk/ros2_ws/build/py_srvcli/build/lib/py_srvcli/client_member_function.py -> /home/shorouk/ros2_ws/install/py_srvcli/lib/python3.6/site-packages/py_srvcli
[2.421s] byte-compiling /home/shorouk/ros2_ws/install/py_srvcli/lib/python3.6/site-packages/py_srvcli/service.py to service.cpython-36.pyc
[2.429s] byte-compiling /home/shorouk/ros2_ws/install/py_srvcli/lib/python3.6/site-packages/py_srvcli/client_member_function.py to client_member_function.cpython-36.pyc
[2.431s] running install_data
[2.433s] running install_egg_info
[2.441s] removing '/home/shorouk/ros2_ws/install/py_srvcli/lib/python3.6/site-packages/py_srvcli-0.0.0-py3.6.egg-info' (and everything under it)
[2.442s] Copying ../../build/py_srvcli/py_srvcli.egg-info to /home/shorouk/ros2_ws/install/py_srvcli/lib/python3.6/site-packages/py_srvcli-0.0.0-py3.6.egg-info
[2.447s] running install_scripts
[2.530s] Installing client script to /home/shorouk/ros2_ws/install/py_srvcli/lib/py_srvcli
[2.531s] Installing service script to /home/shorouk/ros2_ws/install/py_srvcli/lib/py_srvcli
[2.533s] writing list of installed files to '/home/shorouk/ros2_ws/build/py_srvcli/install.log'
[2.605s] Invoked command in '/home/shorouk/ros2_ws/src/py_srvcli' returned '0': PYTHONPATH=/home/shorouk/ros2_ws/install/py_srvcli/lib/python3.6/site-packages:${PYTHONPATH} /usr/bin/python3 setup.py egg_info --egg-base ../../build/py_srvcli build --build-base /home/shorouk/ros2_ws/build/py_srvcli/build install --prefix /home/shorouk/ros2_ws/install/py_srvcli --record /home/shorouk/ros2_ws/build/py_srvcli/install.log --single-version-externally-managed
